Command line
python /home/rxwangtw/miniconda3/envs/chemprop/bin/chemprop_train --data_path 2022_fold_0_train.csv --separate_test_path 2022_fold_0_test.csv --separate_val_path 2022_fold_0_valid.csv --save_dir model --save_preds --dataset_type regression --features_path train_catalandescriptor.csv --separate_val_features_path valid_catalandescriptor.csv --separate_test_features_path test_catalandescriptor.csv --epoch 200 --target_columns logsol --number_of_molecules 1 --smiles_columns smiles
Args
{'activation': 'ReLU',
 'adding_h': False,
 'aggregation': 'mean',
 'aggregation_norm': 100,
 'atom_descriptor_scaling': True,
 'atom_descriptors': None,
 'atom_descriptors_path': None,
 'atom_descriptors_size': 0,
 'atom_features_size': 0,
 'atom_messages': False,
 'batch_size': 50,
 'bias': False,
 'bias_solvent': False,
 'bond_feature_scaling': True,
 'bond_features_path': None,
 'bond_features_size': 0,
 'cache_cutoff': 10000,
 'checkpoint_dir': None,
 'checkpoint_frzn': None,
 'checkpoint_path': None,
 'checkpoint_paths': None,
 'class_balance': False,
 'config_path': None,
 'crossval_index_dir': None,
 'crossval_index_file': None,
 'crossval_index_sets': None,
 'cuda': True,
 'data_path': '2022_fold_0_train.csv',
 'data_weights_path': None,
 'dataset_type': 'regression',
 'depth': 3,
 'depth_solvent': 3,
 'device': device(type='cuda'),
 'dropout': 0.0,
 'empty_cache': False,
 'ensemble_size': 1,
 'epochs': 200,
 'evidential_regularization': 0,
 'explicit_h': False,
 'extra_metrics': [],
 'features_generator': None,
 'features_only': False,
 'features_path': ['train_catalandescriptor.csv'],
 'features_scaling': True,
 'features_size': None,
 'ffn_hidden_size': 300,
 'ffn_num_layers': 2,
 'final_lr': 0.0001,
 'folds_file': None,
 'freeze_first_only': False,
 'frzn_ffn_layers': 0,
 'gpu': None,
 'grad_clip': None,
 'hidden_size': 300,
 'hidden_size_solvent': 300,
 'ignore_columns': None,
 'init_lr': 0.0001,
 'log_frequency': 10,
 'loss_function': 'mse',
 'max_data_size': None,
 'max_lr': 0.001,
 'metric': 'rmse',
 'metrics': ['rmse'],
 'minimize_score': True,
 'mpn_shared': False,
 'multiclass_num_classes': 3,
 'no_atom_descriptor_scaling': False,
 'no_bond_features_scaling': False,
 'no_cache_mol': False,
 'no_cuda': False,
 'no_features_scaling': False,
 'num_folds': 1,
 'num_lrs': 1,
 'num_tasks': 1,
 'num_workers': 8,
 'number_of_molecules': 1,
 'overwrite_default_atom_features': False,
 'overwrite_default_bond_features': False,
 'phase_features_path': None,
 'pytorch_seed': 0,
 'quiet': False,
 'reaction': False,
 'reaction_mode': 'reac_diff',
 'reaction_solvent': False,
 'resume_experiment': False,
 'save_dir': 'model',
 'save_preds': True,
 'save_smiles_splits': False,
 'seed': 0,
 'separate_test_atom_descriptors_path': None,
 'separate_test_bond_features_path': None,
 'separate_test_features_path': ['test_catalandescriptor.csv'],
 'separate_test_path': '2022_fold_0_test.csv',
 'separate_test_phase_features_path': None,
 'separate_val_atom_descriptors_path': None,
 'separate_val_bond_features_path': None,
 'separate_val_features_path': ['valid_catalandescriptor.csv'],
 'separate_val_path': '2022_fold_0_valid.csv',
 'separate_val_phase_features_path': None,
 'show_individual_scores': False,
 'smiles_columns': ['smiles'],
 'spectra_activation': 'exp',
 'spectra_phase_mask_path': None,
 'spectra_target_floor': 1e-08,
 'split_key_molecule': 0,
 'split_sizes': [1.0, 0.0, 0.0],
 'split_type': 'random',
 'target_columns': ['logsol'],
 'target_weights': None,
 'task_names': ['logsol'],
 'test': False,
 'test_fold_index': None,
 'train_data_size': None,
 'undirected': False,
 'use_input_features': True,
 'val_fold_index': None,
 'warmup_epochs': 2.0}
Setting molecule featurization parameters to default.
Loading data
Command line
python /home/rxwangtw/miniconda3/envs/chemprop/bin/chemprop_train --data_path 2022_fold_0_train.csv --separate_test_path 2022_fold_0_test.csv --separate_val_path 2022_fold_0_valid.csv --save_dir model --save_preds --dataset_type regression --features_path train_reichardtdescriptor.csv --separate_val_features_path valid_reichardtdescriptor.csv --separate_test_features_path test_reichardtdescriptor.csv --epoch 200 --target_columns logsol --number_of_molecules 1 --smiles_columns smiles
Args
{'activation': 'ReLU',
 'adding_h': False,
 'aggregation': 'mean',
 'aggregation_norm': 100,
 'atom_descriptor_scaling': True,
 'atom_descriptors': None,
 'atom_descriptors_path': None,
 'atom_descriptors_size': 0,
 'atom_features_size': 0,
 'atom_messages': False,
 'batch_size': 50,
 'bias': False,
 'bias_solvent': False,
 'bond_feature_scaling': True,
 'bond_features_path': None,
 'bond_features_size': 0,
 'cache_cutoff': 10000,
 'checkpoint_dir': None,
 'checkpoint_frzn': None,
 'checkpoint_path': None,
 'checkpoint_paths': None,
 'class_balance': False,
 'config_path': None,
 'crossval_index_dir': None,
 'crossval_index_file': None,
 'crossval_index_sets': None,
 'cuda': True,
 'data_path': '2022_fold_0_train.csv',
 'data_weights_path': None,
 'dataset_type': 'regression',
 'depth': 3,
 'depth_solvent': 3,
 'device': device(type='cuda'),
 'dropout': 0.0,
 'empty_cache': False,
 'ensemble_size': 1,
 'epochs': 200,
 'evidential_regularization': 0,
 'explicit_h': False,
 'extra_metrics': [],
 'features_generator': None,
 'features_only': False,
 'features_path': ['train_reichardtdescriptor.csv'],
 'features_scaling': True,
 'features_size': None,
 'ffn_hidden_size': 300,
 'ffn_num_layers': 2,
 'final_lr': 0.0001,
 'folds_file': None,
 'freeze_first_only': False,
 'frzn_ffn_layers': 0,
 'gpu': None,
 'grad_clip': None,
 'hidden_size': 300,
 'hidden_size_solvent': 300,
 'ignore_columns': None,
 'init_lr': 0.0001,
 'log_frequency': 10,
 'loss_function': 'mse',
 'max_data_size': None,
 'max_lr': 0.001,
 'metric': 'rmse',
 'metrics': ['rmse'],
 'minimize_score': True,
 'mpn_shared': False,
 'multiclass_num_classes': 3,
 'no_atom_descriptor_scaling': False,
 'no_bond_features_scaling': False,
 'no_cache_mol': False,
 'no_cuda': False,
 'no_features_scaling': False,
 'num_folds': 1,
 'num_lrs': 1,
 'num_tasks': 1,
 'num_workers': 8,
 'number_of_molecules': 1,
 'overwrite_default_atom_features': False,
 'overwrite_default_bond_features': False,
 'phase_features_path': None,
 'pytorch_seed': 0,
 'quiet': False,
 'reaction': False,
 'reaction_mode': 'reac_diff',
 'reaction_solvent': False,
 'resume_experiment': False,
 'save_dir': 'model',
 'save_preds': True,
 'save_smiles_splits': False,
 'seed': 0,
 'separate_test_atom_descriptors_path': None,
 'separate_test_bond_features_path': None,
 'separate_test_features_path': ['test_reichardtdescriptor.csv'],
 'separate_test_path': '2022_fold_0_test.csv',
 'separate_test_phase_features_path': None,
 'separate_val_atom_descriptors_path': None,
 'separate_val_bond_features_path': None,
 'separate_val_features_path': ['valid_reichardtdescriptor.csv'],
 'separate_val_path': '2022_fold_0_valid.csv',
 'separate_val_phase_features_path': None,
 'show_individual_scores': False,
 'smiles_columns': ['smiles'],
 'spectra_activation': 'exp',
 'spectra_phase_mask_path': None,
 'spectra_target_floor': 1e-08,
 'split_key_molecule': 0,
 'split_sizes': [1.0, 0.0, 0.0],
 'split_type': 'random',
 'target_columns': ['logsol'],
 'target_weights': None,
 'task_names': ['logsol'],
 'test': False,
 'test_fold_index': None,
 'train_data_size': None,
 'undirected': False,
 'use_input_features': True,
 'val_fold_index': None,
 'warmup_epochs': 2.0}
Setting molecule featurization parameters to default.
Loading data
Number of tasks = 1
Fold 0
Splitting data with seed 0
Total size = 2,189 | train size = 2,189 | val size = 267 | test size = 273
Fitting scaler
Building model 0
MoleculeModel(
  (encoder): MPN(
    (encoder): ModuleList(
      (0): MPNEncoder(
        (dropout_layer): Dropout(p=0.0, inplace=False)
        (act_func): ReLU()
        (W_i): Linear(in_features=147, out_features=300, bias=False)
        (W_h): Linear(in_features=300, out_features=300, bias=False)
        (W_o): Linear(in_features=433, out_features=300, bias=True)
      )
    )
  )
  (ffn): Sequential(
    (0): Dropout(p=0.0, inplace=False)
    (1): Linear(in_features=303, out_features=300, bias=True)
    (2): ReLU()
    (3): Dropout(p=0.0, inplace=False)
    (4): Linear(in_features=300, out_features=1, bias=True)
  )
)
Number of parameters = 356,101
Moving model to cuda
Epoch 0
Loss = 9.0634e-01, PNorm = 33.9801, GNorm = 4.0688, lr_0 = 2.1512e-04
Loss = 9.6801e-01, PNorm = 33.9827, GNorm = 9.6104, lr_0 = 3.1977e-04
Loss = 8.9755e-01, PNorm = 33.9886, GNorm = 5.1312, lr_0 = 4.2442e-04
Loss = 9.9682e-01, PNorm = 34.0020, GNorm = 2.0360, lr_0 = 5.2907e-04
Validation rmse = 2.607943
Epoch 1
Loss = 8.0427e-01, PNorm = 34.0275, GNorm = 7.1549, lr_0 = 6.4419e-04
Loss = 8.1086e-01, PNorm = 34.0497, GNorm = 2.5095, lr_0 = 7.4884e-04
Loss = 8.1886e-01, PNorm = 34.0831, GNorm = 2.3047, lr_0 = 8.5349e-04
Loss = 8.6338e-01, PNorm = 34.1348, GNorm = 1.6500, lr_0 = 9.5814e-04
Validation rmse = 2.465321
Epoch 2
Loss = 8.6268e-01, PNorm = 34.2063, GNorm = 3.4014, lr_0 = 9.9838e-04
Loss = 6.9615e-01, PNorm = 34.2840, GNorm = 2.6751, lr_0 = 9.9568e-04
Loss = 7.1049e-01, PNorm = 34.3515, GNorm = 1.3832, lr_0 = 9.9299e-04
Loss = 7.0686e-01, PNorm = 34.4250, GNorm = 2.4651, lr_0 = 9.9031e-04
Loss = 8.3200e-01, PNorm = 34.5038, GNorm = 3.2710, lr_0 = 9.8764e-04
Validation rmse = 2.292606
Epoch 3
Loss = 6.2284e-01, PNorm = 34.5914, GNorm = 2.6046, lr_0 = 9.8497e-04
Loss = 6.5703e-01, PNorm = 34.6860, GNorm = 5.9838, lr_0 = 9.8231e-04
Loss = 6.6795e-01, PNorm = 34.7813, GNorm = 4.5727, lr_0 = 9.7966e-04
Loss = 7.4453e-01, PNorm = 34.8667, GNorm = 5.6379, lr_0 = 9.7701e-04
Validation rmse = 2.259118
Epoch 4
Loss = 6.5106e-01, PNorm = 34.9473, GNorm = 3.3645, lr_0 = 9.7437e-04
Loss = 5.3181e-01, PNorm = 35.0339, GNorm = 0.8610, lr_0 = 9.7174e-04
Loss = 6.0403e-01, PNorm = 35.1189, GNorm = 0.9483, lr_0 = 9.6912e-04
Loss = 5.8704e-01, PNorm = 35.1982, GNorm = 3.2059, lr_0 = 9.6650e-04
Validation rmse = 2.296479
Epoch 5
Loss = 5.3430e-01, PNorm = 35.3147, GNorm = 2.8106, lr_0 = 9.6363e-04
Loss = 4.7245e-01, PNorm = 35.4148, GNorm = 3.6577, lr_0 = 9.6102e-04
Loss = 4.7238e-01, PNorm = 35.4975, GNorm = 0.9945, lr_0 = 9.5843e-04
Loss = 5.4452e-01, PNorm = 35.5952, GNorm = 1.5106, lr_0 = 9.5584e-04
Loss = 6.6594e-01, PNorm = 35.6819, GNorm = 3.2038, lr_0 = 9.5326e-04
Validation rmse = 2.003689
Epoch 6
Loss = 5.0578e-01, PNorm = 35.7723, GNorm = 4.1435, lr_0 = 9.5068e-04
Loss = 5.1331e-01, PNorm = 35.8560, GNorm = 1.1510, lr_0 = 9.4812e-04
Loss = 5.0126e-01, PNorm = 35.9525, GNorm = 1.0956, lr_0 = 9.4556e-04
Loss = 4.7320e-01, PNorm = 36.0452, GNorm = 2.3034, lr_0 = 9.4300e-04
Validation rmse = 2.018942
Epoch 7
Loss = 4.8499e-01, PNorm = 36.1415, GNorm = 1.2568, lr_0 = 9.4046e-04
Loss = 5.1388e-01, PNorm = 36.2356, GNorm = 4.6652, lr_0 = 9.3792e-04
Loss = 4.2821e-01, PNorm = 36.3022, GNorm = 1.2651, lr_0 = 9.3538e-04
Loss = 4.1997e-01, PNorm = 36.4076, GNorm = 3.3553, lr_0 = 9.3286e-04
Loss = 5.2292e-01, PNorm = 36.4980, GNorm = 3.3906, lr_0 = 9.3034e-04
Validation rmse = 1.928045
Epoch 8
Loss = 5.1762e-01, PNorm = 36.6016, GNorm = 1.2028, lr_0 = 9.2782e-04
Loss = 4.6899e-01, PNorm = 36.6960, GNorm = 2.7900, lr_0 = 9.2532e-04
Loss = 4.1961e-01, PNorm = 36.7626, GNorm = 1.2360, lr_0 = 9.2282e-04
Loss = 4.2016e-01, PNorm = 36.8601, GNorm = 1.7108, lr_0 = 9.2033e-04
Validation rmse = 1.755581
Epoch 9
Loss = 3.0561e-01, PNorm = 36.9447, GNorm = 1.3317, lr_0 = 9.1784e-04
Loss = 3.1310e-01, PNorm = 37.0145, GNorm = 1.6771, lr_0 = 9.1536e-04
Loss = 3.2905e-01, PNorm = 37.0913, GNorm = 4.4895, lr_0 = 9.1289e-04
Loss = 4.6503e-01, PNorm = 37.1686, GNorm = 1.4718, lr_0 = 9.1042e-04
Validation rmse = 1.807840
Epoch 10
Loss = 4.3344e-01, PNorm = 37.2562, GNorm = 3.5175, lr_0 = 9.0772e-04
Loss = 3.3603e-01, PNorm = 37.3460, GNorm = 2.2747, lr_0 = 9.0527e-04
Loss = 3.7345e-01, PNorm = 37.4259, GNorm = 1.4885, lr_0 = 9.0282e-04
Loss = 3.2814e-01, PNorm = 37.4980, GNorm = 2.3115, lr_0 = 9.0038e-04
Loss = 3.6111e-01, PNorm = 37.5699, GNorm = 1.0573, lr_0 = 8.9795e-04
Validation rmse = 1.629991
Epoch 11
Loss = 2.9572e-01, PNorm = 37.6250, GNorm = 2.9837, lr_0 = 8.9553e-04
Loss = 2.9594e-01, PNorm = 37.6934, GNorm = 3.8471, lr_0 = 8.9311e-04
Loss = 3.8555e-01, PNorm = 37.7509, GNorm = 1.5999, lr_0 = 8.9070e-04
Loss = 2.9260e-01, PNorm = 37.8186, GNorm = 2.1084, lr_0 = 8.8829e-04
Validation rmse = 1.566038
Epoch 12
Loss = 2.6261e-01, PNorm = 37.8739, GNorm = 1.1396, lr_0 = 8.8589e-04
Loss = 2.4398e-01, PNorm = 37.9432, GNorm = 1.2856, lr_0 = 8.8350e-04
Loss = 3.3669e-01, PNorm = 38.0005, GNorm = 1.2673, lr_0 = 8.8111e-04
Loss = 3.1874e-01, PNorm = 38.0688, GNorm = 1.5190, lr_0 = 8.7873e-04
Validation rmse = 1.492473
Epoch 13
Loss = 2.7329e-01, PNorm = 38.1341, GNorm = 2.1995, lr_0 = 8.7636e-04
Loss = 2.6161e-01, PNorm = 38.2199, GNorm = 2.7443, lr_0 = 8.7399e-04
Loss = 2.8909e-01, PNorm = 38.2776, GNorm = 2.5170, lr_0 = 8.7163e-04
Loss = 3.2542e-01, PNorm = 38.3299, GNorm = 1.8650, lr_0 = 8.6928e-04
Loss = 3.0932e-01, PNorm = 38.3961, GNorm = 3.0111, lr_0 = 8.6693e-04
Validation rmse = 1.594483
Epoch 14
Loss = 2.7972e-01, PNorm = 38.4767, GNorm = 2.3813, lr_0 = 8.6436e-04
Loss = 2.8448e-01, PNorm = 38.5410, GNorm = 1.8970, lr_0 = 8.6202e-04
Loss = 3.0574e-01, PNorm = 38.5989, GNorm = 1.4087, lr_0 = 8.5969e-04
Loss = 2.9874e-01, PNorm = 38.6768, GNorm = 1.8480, lr_0 = 8.5737e-04
Validation rmse = 1.573403
Epoch 15
Loss = 1.8368e-01, PNorm = 38.7392, GNorm = 0.9738, lr_0 = 8.5506e-04
Loss = 2.4878e-01, PNorm = 38.7823, GNorm = 1.5175, lr_0 = 8.5275e-04
Loss = 2.1124e-01, PNorm = 38.8253, GNorm = 1.0697, lr_0 = 8.5044e-04
Loss = 2.4794e-01, PNorm = 38.8718, GNorm = 1.1816, lr_0 = 8.4815e-04
Loss = 2.8147e-01, PNorm = 38.9163, GNorm = 1.2010, lr_0 = 8.4586e-04
Validation rmse = 1.586853
Epoch 16
Loss = 2.4117e-01, PNorm = 38.9716, GNorm = 1.8729, lr_0 = 8.4357e-04
Loss = 2.7422e-01, PNorm = 39.0196, GNorm = 1.8518, lr_0 = 8.4129e-04
Loss = 2.5235e-01, PNorm = 39.0693, GNorm = 2.2357, lr_0 = 8.3902e-04
Loss = 2.1183e-01, PNorm = 39.1179, GNorm = 0.9560, lr_0 = 8.3675e-04
Validation rmse = 1.495896
Epoch 17
Loss = 2.4002e-01, PNorm = 39.1545, GNorm = 1.0575, lr_0 = 8.3449e-04
Loss = 1.9086e-01, PNorm = 39.1924, GNorm = 1.1945, lr_0 = 8.3224e-04
Loss = 1.8938e-01, PNorm = 39.2247, GNorm = 1.7243, lr_0 = 8.2999e-04
Loss = 2.4908e-01, PNorm = 39.2767, GNorm = 1.5797, lr_0 = 8.2775e-04
Validation rmse = 1.474096
Epoch 18
Loss = 1.9627e-01, PNorm = 39.3266, GNorm = 2.0751, lr_0 = 8.2552e-04
Loss = 2.9100e-01, PNorm = 39.3919, GNorm = 1.5545, lr_0 = 8.2329e-04
Loss = 1.8623e-01, PNorm = 39.4350, GNorm = 0.7812, lr_0 = 8.2106e-04
Loss = 1.9176e-01, PNorm = 39.4781, GNorm = 0.7458, lr_0 = 8.1885e-04
Loss = 2.2218e-01, PNorm = 39.5073, GNorm = 3.1579, lr_0 = 8.1663e-04
Validation rmse = 1.472610
Epoch 19
Loss = 1.9207e-01, PNorm = 39.5413, GNorm = 1.6790, lr_0 = 8.1421e-04
Loss = 2.0733e-01, PNorm = 39.5889, GNorm = 1.8561, lr_0 = 8.1201e-04
Loss = 1.9328e-01, PNorm = 39.6326, GNorm = 1.1574, lr_0 = 8.0982e-04
Loss = 2.0861e-01, PNorm = 39.6751, GNorm = 2.4662, lr_0 = 8.0763e-04
Validation rmse = 1.506622
Epoch 20
Loss = 2.1005e-01, PNorm = 39.7092, GNorm = 1.0162, lr_0 = 8.0545e-04
Loss = 1.7364e-01, PNorm = 39.7337, GNorm = 1.0552, lr_0 = 8.0327e-04
Loss = 2.2585e-01, PNorm = 39.7809, GNorm = 2.3353, lr_0 = 8.0110e-04
Loss = 1.7055e-01, PNorm = 39.8165, GNorm = 0.6966, lr_0 = 7.9894e-04
Validation rmse = 1.423206
Epoch 21
Loss = 1.7603e-01, PNorm = 39.8376, GNorm = 2.2702, lr_0 = 7.9678e-04
Loss = 1.4625e-01, PNorm = 39.8678, GNorm = 1.4085, lr_0 = 7.9463e-04
Loss = 1.8166e-01, PNorm = 39.9017, GNorm = 2.1920, lr_0 = 7.9248e-04
Loss = 2.2467e-01, PNorm = 39.9469, GNorm = 1.3829, lr_0 = 7.9034e-04
Loss = 2.0151e-01, PNorm = 39.9842, GNorm = 1.9693, lr_0 = 7.8821e-04
Validation rmse = 1.602750
Epoch 22
Loss = 1.8028e-01, PNorm = 40.0237, GNorm = 1.5173, lr_0 = 7.8608e-04
Loss = 1.4805e-01, PNorm = 40.0532, GNorm = 1.3561, lr_0 = 7.8396e-04
Loss = 1.9226e-01, PNorm = 40.0895, GNorm = 1.6652, lr_0 = 7.8184e-04
Loss = 1.7228e-01, PNorm = 40.1215, GNorm = 1.4034, lr_0 = 7.7973e-04
Validation rmse = 1.567252
Epoch 23
Loss = 1.8883e-01, PNorm = 40.1761, GNorm = 1.7520, lr_0 = 7.7741e-04
Loss = 1.6217e-01, PNorm = 40.2105, GNorm = 1.0195, lr_0 = 7.7531e-04
Loss = 1.8895e-01, PNorm = 40.2451, GNorm = 1.2703, lr_0 = 7.7322e-04
Loss = 1.6053e-01, PNorm = 40.2800, GNorm = 1.0625, lr_0 = 7.7113e-04
Loss = 1.5517e-01, PNorm = 40.2989, GNorm = 1.1219, lr_0 = 7.6905e-04
Validation rmse = 1.439454
Epoch 24
Loss = 1.6635e-01, PNorm = 40.3263, GNorm = 2.2040, lr_0 = 7.6697e-04
Loss = 1.6418e-01, PNorm = 40.3596, GNorm = 2.0758, lr_0 = 7.6490e-04
Loss = 1.5793e-01, PNorm = 40.3810, GNorm = 1.2533, lr_0 = 7.6283e-04
Loss = 1.6983e-01, PNorm = 40.4187, GNorm = 1.3142, lr_0 = 7.6077e-04
Validation rmse = 1.511489
Epoch 25
Loss = 1.9958e-01, PNorm = 40.4631, GNorm = 2.6097, lr_0 = 7.5872e-04
Loss = 1.5835e-01, PNorm = 40.4979, GNorm = 1.0448, lr_0 = 7.5667e-04
Loss = 1.4721e-01, PNorm = 40.5305, GNorm = 1.2433, lr_0 = 7.5462e-04
Loss = 2.0200e-01, PNorm = 40.5611, GNorm = 1.2850, lr_0 = 7.5259e-04
Validation rmse = 1.439237
Epoch 26
Loss = 1.6310e-01, PNorm = 40.5924, GNorm = 1.3072, lr_0 = 7.5055e-04
Loss = 1.4030e-01, PNorm = 40.6179, GNorm = 1.7038, lr_0 = 7.4853e-04
Loss = 1.3953e-01, PNorm = 40.6439, GNorm = 1.9241, lr_0 = 7.4650e-04
Loss = 1.4788e-01, PNorm = 40.6808, GNorm = 1.0777, lr_0 = 7.4449e-04
Loss = 1.7206e-01, PNorm = 40.7117, GNorm = 0.7578, lr_0 = 7.4248e-04
Validation rmse = 1.416100
Epoch 27
Loss = 1.5738e-01, PNorm = 40.7324, GNorm = 2.2622, lr_0 = 7.4047e-04
Loss = 1.4665e-01, PNorm = 40.7594, GNorm = 2.1403, lr_0 = 7.3847e-04
Loss = 1.2752e-01, PNorm = 40.7816, GNorm = 1.6692, lr_0 = 7.3648e-04
Loss = 1.4001e-01, PNorm = 40.8099, GNorm = 2.0736, lr_0 = 7.3449e-04
Validation rmse = 1.514281
Epoch 28
Loss = 1.3389e-01, PNorm = 40.8499, GNorm = 0.9956, lr_0 = 7.3231e-04
Loss = 1.7453e-01, PNorm = 40.8784, GNorm = 3.5169, lr_0 = 7.3033e-04
Loss = 1.4710e-01, PNorm = 40.9059, GNorm = 1.7316, lr_0 = 7.2836e-04
Loss = 1.2768e-01, PNorm = 40.9315, GNorm = 0.9341, lr_0 = 7.2639e-04
Validation rmse = 1.483784
Epoch 29
Loss = 1.2826e-01, PNorm = 40.9473, GNorm = 1.0575, lr_0 = 7.2443e-04
Loss = 1.2631e-01, PNorm = 40.9629, GNorm = 1.4209, lr_0 = 7.2247e-04
Loss = 1.5718e-01, PNorm = 40.9925, GNorm = 0.6661, lr_0 = 7.2052e-04
Loss = 1.3775e-01, PNorm = 41.0200, GNorm = 1.9156, lr_0 = 7.1857e-04
Loss = 1.3697e-01, PNorm = 41.0512, GNorm = 1.1102, lr_0 = 7.1663e-04
Validation rmse = 1.484121
Epoch 30
Loss = 9.3214e-02, PNorm = 41.0718, GNorm = 0.9388, lr_0 = 7.1470e-04
Loss = 1.1484e-01, PNorm = 41.0938, GNorm = 1.1264, lr_0 = 7.1277e-04
Loss = 1.5208e-01, PNorm = 41.1210, GNorm = 0.7848, lr_0 = 7.1084e-04
Loss = 1.4996e-01, PNorm = 41.1385, GNorm = 1.2987, lr_0 = 7.0892e-04
Validation rmse = 1.377005
Epoch 31
Loss = 1.5196e-01, PNorm = 41.1613, GNorm = 2.8348, lr_0 = 7.0701e-04
Loss = 1.4540e-01, PNorm = 41.2030, GNorm = 1.4013, lr_0 = 7.0510e-04
Loss = 1.1912e-01, PNorm = 41.2285, GNorm = 1.3913, lr_0 = 7.0319e-04
Loss = 1.1178e-01, PNorm = 41.2471, GNorm = 1.1441, lr_0 = 7.0130e-04
Loss = 1.4613e-01, PNorm = 41.2586, GNorm = 1.2414, lr_0 = 6.9940e-04
Loss = 8.3316e-02, PNorm = 41.2602, GNorm = 0.9455, lr_0 = 6.9921e-04
Validation rmse = 1.447955
Epoch 32
Loss = 1.1100e-01, PNorm = 41.2821, GNorm = 0.9807, lr_0 = 6.9732e-04
Loss = 1.1959e-01, PNorm = 41.2998, GNorm = 1.1448, lr_0 = 6.9544e-04
Loss = 1.0790e-01, PNorm = 41.3180, GNorm = 0.9520, lr_0 = 6.9356e-04
Loss = 1.5676e-01, PNorm = 41.3328, GNorm = 1.2989, lr_0 = 6.9169e-04
Validation rmse = 1.417126
Epoch 33
Loss = 9.9359e-02, PNorm = 41.3538, GNorm = 1.5946, lr_0 = 6.8982e-04
Loss = 1.4891e-01, PNorm = 41.3836, GNorm = 2.0462, lr_0 = 6.8796e-04
Loss = 1.0775e-01, PNorm = 41.4216, GNorm = 1.1933, lr_0 = 6.8610e-04
Loss = 1.1502e-01, PNorm = 41.4453, GNorm = 0.8437, lr_0 = 6.8425e-04
Validation rmse = 1.436636
Epoch 34
Loss = 1.1769e-01, PNorm = 41.4603, GNorm = 0.9889, lr_0 = 6.8240e-04
Loss = 1.5432e-01, PNorm = 41.4734, GNorm = 0.7206, lr_0 = 6.8056e-04
Loss = 1.1300e-01, PNorm = 41.4942, GNorm = 0.8164, lr_0 = 6.7872e-04
Loss = 1.1561e-01, PNorm = 41.5184, GNorm = 1.1192, lr_0 = 6.7688e-04
Loss = 9.2372e-02, PNorm = 41.5452, GNorm = 1.6199, lr_0 = 6.7506e-04
Validation rmse = 1.363117
Epoch 35
Loss = 9.7073e-02, PNorm = 41.5631, GNorm = 1.3404, lr_0 = 6.7323e-04
Loss = 1.0889e-01, PNorm = 41.5784, GNorm = 1.1918, lr_0 = 6.7141e-04
Loss = 1.4301e-01, PNorm = 41.5990, GNorm = 0.7878, lr_0 = 6.6960e-04
Loss = 1.2592e-01, PNorm = 41.6212, GNorm = 1.4754, lr_0 = 6.6779e-04
Validation rmse = 1.473222
Epoch 36
Loss = 1.3821e-01, PNorm = 41.6455, GNorm = 0.8312, lr_0 = 6.6599e-04
Loss = 1.1426e-01, PNorm = 41.6745, GNorm = 1.4489, lr_0 = 6.6419e-04
Loss = 9.6540e-02, PNorm = 41.6943, GNorm = 1.4031, lr_0 = 6.6240e-04
Loss = 1.3152e-01, PNorm = 41.7068, GNorm = 1.0451, lr_0 = 6.6061e-04
Validation rmse = 1.418337
Epoch 37
Loss = 7.7744e-02, PNorm = 41.7323, GNorm = 0.6998, lr_0 = 6.5865e-04
Loss = 1.0717e-01, PNorm = 41.7483, GNorm = 0.9745, lr_0 = 6.5687e-04
Loss = 9.5100e-02, PNorm = 41.7661, GNorm = 0.7822, lr_0 = 6.5509e-04
Loss = 1.3468e-01, PNorm = 41.7825, GNorm = 1.3031, lr_0 = 6.5332e-04
Loss = 9.9067e-02, PNorm = 41.7982, GNorm = 1.2965, lr_0 = 6.5156e-04
Validation rmse = 1.412624
Epoch 38
Loss = 6.7287e-02, PNorm = 41.8257, GNorm = 0.9329, lr_0 = 6.4980e-04
Loss = 1.1146e-01, PNorm = 41.8359, GNorm = 1.0355, lr_0 = 6.4804e-04
Loss = 1.1825e-01, PNorm = 41.8502, GNorm = 0.9730, lr_0 = 6.4629e-04
Loss = 1.2558e-01, PNorm = 41.8721, GNorm = 2.4062, lr_0 = 6.4455e-04
Validation rmse = 1.359544
Epoch 39
Loss = 8.3592e-02, PNorm = 41.8878, GNorm = 0.7429, lr_0 = 6.4281e-04
Loss = 1.0164e-01, PNorm = 41.9111, GNorm = 0.9930, lr_0 = 6.4107e-04
Loss = 8.4327e-02, PNorm = 41.9229, GNorm = 0.7331, lr_0 = 6.3934e-04
Loss = 1.2719e-01, PNorm = 41.9370, GNorm = 1.6453, lr_0 = 6.3761e-04
Loss = 1.0337e-01, PNorm = 41.9526, GNorm = 0.9829, lr_0 = 6.3589e-04
Validation rmse = 1.333104
Epoch 40
Loss = 7.9597e-02, PNorm = 41.9647, GNorm = 0.7549, lr_0 = 6.3417e-04
Loss = 1.0604e-01, PNorm = 41.9768, GNorm = 1.1525, lr_0 = 6.3246e-04
Loss = 8.8668e-02, PNorm = 41.9974, GNorm = 1.0755, lr_0 = 6.3075e-04
Loss = 1.1309e-01, PNorm = 42.0198, GNorm = 0.9397, lr_0 = 6.2905e-04
Validation rmse = 1.507015
Epoch 41
Loss = 1.0722e-01, PNorm = 42.0364, GNorm = 1.1573, lr_0 = 6.2718e-04
Loss = 1.1578e-01, PNorm = 42.0499, GNorm = 1.6506, lr_0 = 6.2549e-04
Loss = 1.1405e-01, PNorm = 42.0736, GNorm = 1.4190, lr_0 = 6.2380e-04
Loss = 7.7336e-02, PNorm = 42.0934, GNorm = 0.9412, lr_0 = 6.2211e-04
Validation rmse = 1.341301
Epoch 42
Loss = 1.0499e-01, PNorm = 42.1066, GNorm = 0.9811, lr_0 = 6.2043e-04
Loss = 7.2921e-02, PNorm = 42.1234, GNorm = 0.8184, lr_0 = 6.1876e-04
Loss = 1.1712e-01, PNorm = 42.1396, GNorm = 1.9465, lr_0 = 6.1709e-04
Loss = 8.7432e-02, PNorm = 42.1566, GNorm = 0.7133, lr_0 = 6.1542e-04
Loss = 9.9122e-02, PNorm = 42.1668, GNorm = 1.2242, lr_0 = 6.1376e-04
Validation rmse = 1.333398
Epoch 43
Loss = 8.4062e-02, PNorm = 42.1761, GNorm = 0.7376, lr_0 = 6.1210e-04
Loss = 8.9193e-02, PNorm = 42.1890, GNorm = 0.9112, lr_0 = 6.1045e-04
Loss = 1.1616e-01, PNorm = 42.2040, GNorm = 1.1894, lr_0 = 6.0880e-04
Loss = 9.8928e-02, PNorm = 42.2164, GNorm = 0.8089, lr_0 = 6.0715e-04
Validation rmse = 1.385309
Epoch 44
Loss = 1.1108e-01, PNorm = 42.2414, GNorm = 1.6696, lr_0 = 6.0551e-04
Loss = 8.6169e-02, PNorm = 42.2722, GNorm = 0.6105, lr_0 = 6.0388e-04
Loss = 8.8453e-02, PNorm = 42.2939, GNorm = 0.6915, lr_0 = 6.0225e-04
Loss = 9.4305e-02, PNorm = 42.3087, GNorm = 1.6302, lr_0 = 6.0062e-04
Loss = 1.1814e-01, PNorm = 42.3193, GNorm = 1.5537, lr_0 = 5.9900e-04
Validation rmse = 1.404439
Epoch 45
Loss = 9.6676e-02, PNorm = 42.3240, GNorm = 1.0588, lr_0 = 5.9738e-04
Loss = 9.6215e-02, PNorm = 42.3480, GNorm = 2.6722, lr_0 = 5.9577e-04
Loss = 1.0252e-01, PNorm = 42.3635, GNorm = 0.8876, lr_0 = 5.9416e-04
Loss = 9.6716e-02, PNorm = 42.3806, GNorm = 0.7950, lr_0 = 5.9255e-04
Validation rmse = 1.361313
Epoch 46
Loss = 8.1728e-02, PNorm = 42.3912, GNorm = 0.6094, lr_0 = 5.9079e-04
Loss = 8.2514e-02, PNorm = 42.4048, GNorm = 1.7353, lr_0 = 5.8920e-04
Loss = 7.2219e-02, PNorm = 42.4255, GNorm = 0.5014, lr_0 = 5.8761e-04
Loss = 1.2334e-01, PNorm = 42.4385, GNorm = 0.9942, lr_0 = 5.8602e-04
Validation rmse = 1.353887
Epoch 47
Loss = 6.3131e-02, PNorm = 42.4523, GNorm = 0.6697, lr_0 = 5.8444e-04
Loss = 9.4867e-02, PNorm = 42.4628, GNorm = 1.0421, lr_0 = 5.8286e-04
Loss = 1.1001e-01, PNorm = 42.4839, GNorm = 1.7969, lr_0 = 5.8128e-04
Loss = 8.9271e-02, PNorm = 42.4964, GNorm = 0.7912, lr_0 = 5.7971e-04
Loss = 9.3740e-02, PNorm = 42.5109, GNorm = 0.6708, lr_0 = 5.7815e-04
Validation rmse = 1.410820
Epoch 48
Loss = 8.0644e-02, PNorm = 42.5215, GNorm = 1.0710, lr_0 = 5.7659e-04
Loss = 8.7150e-02, PNorm = 42.5303, GNorm = 0.5677, lr_0 = 5.7503e-04
Loss = 9.4819e-02, PNorm = 42.5433, GNorm = 0.8294, lr_0 = 5.7348e-04
Loss = 1.0178e-01, PNorm = 42.5587, GNorm = 0.6721, lr_0 = 5.7193e-04
Validation rmse = 1.464696
Epoch 49
Loss = 9.4273e-02, PNorm = 42.5703, GNorm = 1.5621, lr_0 = 5.7038e-04
Loss = 8.2905e-02, PNorm = 42.5889, GNorm = 0.6940, lr_0 = 5.6884e-04
Loss = 8.4988e-02, PNorm = 42.5969, GNorm = 1.6152, lr_0 = 5.6731e-04
Loss = 8.4905e-02, PNorm = 42.6087, GNorm = 0.8261, lr_0 = 5.6577e-04
Validation rmse = 1.435708
Epoch 50
Loss = 1.0657e-01, PNorm = 42.6260, GNorm = 0.8714, lr_0 = 5.6425e-04
Loss = 8.5042e-02, PNorm = 42.6386, GNorm = 0.6602, lr_0 = 5.6272e-04
Loss = 6.7734e-02, PNorm = 42.6503, GNorm = 0.8110, lr_0 = 5.6120e-04
Loss = 8.1675e-02, PNorm = 42.6591, GNorm = 1.2888, lr_0 = 5.5969e-04
Loss = 9.1602e-02, PNorm = 42.6722, GNorm = 0.5829, lr_0 = 5.5817e-04
Validation rmse = 1.354364
Epoch 51
Loss = 7.1420e-02, PNorm = 42.6848, GNorm = 1.2149, lr_0 = 5.5652e-04
Loss = 8.0747e-02, PNorm = 42.6995, GNorm = 0.5329, lr_0 = 5.5501e-04
Loss = 9.3625e-02, PNorm = 42.7111, GNorm = 0.7993, lr_0 = 5.5351e-04
Loss = 8.8900e-02, PNorm = 42.7246, GNorm = 0.6877, lr_0 = 5.5202e-04
Validation rmse = 1.427629
Epoch 52
Loss = 8.4541e-02, PNorm = 42.7426, GNorm = 1.1205, lr_0 = 5.5053e-04
Loss = 7.0259e-02, PNorm = 42.7499, GNorm = 1.3047, lr_0 = 5.4904e-04
Loss = 9.5416e-02, PNorm = 42.7602, GNorm = 1.0472, lr_0 = 5.4756e-04
Loss = 9.3562e-02, PNorm = 42.7699, GNorm = 1.2081, lr_0 = 5.4608e-04
Loss = 7.4633e-02, PNorm = 42.7869, GNorm = 0.8470, lr_0 = 5.4461e-04
Validation rmse = 1.362803
Epoch 53
Loss = 7.2540e-02, PNorm = 42.8052, GNorm = 0.4991, lr_0 = 5.4313e-04
Loss = 7.7307e-02, PNorm = 42.8083, GNorm = 1.3697, lr_0 = 5.4167e-04
Loss = 7.3203e-02, PNorm = 42.8195, GNorm = 0.9971, lr_0 = 5.4020e-04
Loss = 9.4690e-02, PNorm = 42.8255, GNorm = 0.5042, lr_0 = 5.3875e-04
Validation rmse = 1.400293
Epoch 54
Loss = 7.7432e-02, PNorm = 42.8381, GNorm = 0.6366, lr_0 = 5.3729e-04
Loss = 7.6351e-02, PNorm = 42.8469, GNorm = 0.6489, lr_0 = 5.3584e-04
Loss = 5.9429e-02, PNorm = 42.8581, GNorm = 0.3889, lr_0 = 5.3439e-04
Loss = 9.3106e-02, PNorm = 42.8672, GNorm = 1.2909, lr_0 = 5.3295e-04
Validation rmse = 1.359166
Epoch 55
Loss = 7.6827e-02, PNorm = 42.8817, GNorm = 0.6828, lr_0 = 5.3137e-04
Loss = 6.8928e-02, PNorm = 42.8952, GNorm = 1.1996, lr_0 = 5.2993e-04
Loss = 8.0172e-02, PNorm = 42.8985, GNorm = 0.5942, lr_0 = 5.2850e-04
Loss = 8.2724e-02, PNorm = 42.9120, GNorm = 1.0439, lr_0 = 5.2707e-04
Loss = 8.7681e-02, PNorm = 42.9281, GNorm = 0.9680, lr_0 = 5.2565e-04
Validation rmse = 1.412693
Epoch 56
Loss = 5.6618e-02, PNorm = 42.9387, GNorm = 0.7893, lr_0 = 5.2423e-04
Loss = 7.7276e-02, PNorm = 42.9481, GNorm = 0.7650, lr_0 = 5.2281e-04
Loss = 1.0535e-01, PNorm = 42.9585, GNorm = 1.8406, lr_0 = 5.2140e-04
Loss = 8.4488e-02, PNorm = 42.9664, GNorm = 1.1096, lr_0 = 5.1999e-04
Validation rmse = 1.415162
Epoch 57
Loss = 5.6374e-02, PNorm = 42.9846, GNorm = 0.7391, lr_0 = 5.1859e-04
Loss = 9.4139e-02, PNorm = 42.9933, GNorm = 0.9084, lr_0 = 5.1719e-04
Loss = 7.3486e-02, PNorm = 42.9994, GNorm = 1.0498, lr_0 = 5.1579e-04
Loss = 6.1954e-02, PNorm = 43.0137, GNorm = 1.0022, lr_0 = 5.1440e-04
Validation rmse = 1.378039
Epoch 58
Loss = 1.2032e-01, PNorm = 43.0260, GNorm = 0.9509, lr_0 = 5.1301e-04
Loss = 7.6574e-02, PNorm = 43.0315, GNorm = 0.8317, lr_0 = 5.1162e-04
Loss = 7.1922e-02, PNorm = 43.0452, GNorm = 0.6854, lr_0 = 5.1024e-04
Loss = 8.3399e-02, PNorm = 43.0560, GNorm = 0.6683, lr_0 = 5.0886e-04
Loss = 6.7974e-02, PNorm = 43.0637, GNorm = 1.4948, lr_0 = 5.0749e-04
Validation rmse = 1.339869
Epoch 59
Loss = 8.0019e-02, PNorm = 43.0775, GNorm = 0.8519, lr_0 = 5.0612e-04
Loss = 7.6906e-02, PNorm = 43.0942, GNorm = 0.7438, lr_0 = 5.0475e-04
Loss = 6.9786e-02, PNorm = 43.1037, GNorm = 0.6441, lr_0 = 5.0339e-04
Loss = 8.1898e-02, PNorm = 43.1096, GNorm = 0.4934, lr_0 = 5.0203e-04
Validation rmse = 1.355008
Epoch 60
Loss = 4.5237e-02, PNorm = 43.1196, GNorm = 1.1307, lr_0 = 5.0054e-04
Loss = 6.3682e-02, PNorm = 43.1223, GNorm = 0.6948, lr_0 = 4.9919e-04
Loss = 6.8871e-02, PNorm = 43.1322, GNorm = 1.0834, lr_0 = 4.9784e-04
Loss = 8.0496e-02, PNorm = 43.1373, GNorm = 0.8245, lr_0 = 4.9649e-04
Loss = 8.5557e-02, PNorm = 43.1470, GNorm = 0.8232, lr_0 = 4.9515e-04
Validation rmse = 1.353215
Epoch 61
Loss = 5.8316e-02, PNorm = 43.1608, GNorm = 1.2956, lr_0 = 4.9381e-04
Loss = 5.6718e-02, PNorm = 43.1650, GNorm = 0.8716, lr_0 = 4.9248e-04
Loss = 9.2540e-02, PNorm = 43.1813, GNorm = 1.5894, lr_0 = 4.9115e-04
Loss = 8.5416e-02, PNorm = 43.1850, GNorm = 1.5242, lr_0 = 4.8982e-04
Validation rmse = 1.390751
Epoch 62
Loss = 6.8956e-02, PNorm = 43.1931, GNorm = 0.6960, lr_0 = 4.8850e-04
Loss = 6.7355e-02, PNorm = 43.2067, GNorm = 0.6542, lr_0 = 4.8718e-04
Loss = 7.4180e-02, PNorm = 43.2147, GNorm = 0.6470, lr_0 = 4.8587e-04
Loss = 8.1381e-02, PNorm = 43.2190, GNorm = 0.9314, lr_0 = 4.8455e-04
Validation rmse = 1.387484
Epoch 63
Loss = 5.1733e-02, PNorm = 43.2318, GNorm = 0.7069, lr_0 = 4.8324e-04
Loss = 7.1834e-02, PNorm = 43.2408, GNorm = 1.1276, lr_0 = 4.8194e-04
Loss = 5.6693e-02, PNorm = 43.2478, GNorm = 0.6400, lr_0 = 4.8064e-04
Loss = 8.6762e-02, PNorm = 43.2579, GNorm = 1.7157, lr_0 = 4.7934e-04
Loss = 6.4999e-02, PNorm = 43.2661, GNorm = 0.5425, lr_0 = 4.7805e-04
Validation rmse = 1.347137
Epoch 64
Loss = 8.1262e-02, PNorm = 43.2788, GNorm = 0.5722, lr_0 = 4.7663e-04
Loss = 5.9814e-02, PNorm = 43.2897, GNorm = 0.9372, lr_0 = 4.7534e-04
Loss = 5.7592e-02, PNorm = 43.2942, GNorm = 0.5387, lr_0 = 4.7405e-04
Loss = 7.5546e-02, PNorm = 43.3043, GNorm = 0.6296, lr_0 = 4.7277e-04
Validation rmse = 1.380906
Epoch 65
Loss = 8.5614e-02, PNorm = 43.3107, GNorm = 1.0150, lr_0 = 4.7150e-04
Loss = 6.8296e-02, PNorm = 43.3194, GNorm = 2.0135, lr_0 = 4.7022e-04
Loss = 7.7200e-02, PNorm = 43.3252, GNorm = 1.4501, lr_0 = 4.6895e-04
Loss = 7.5915e-02, PNorm = 43.3388, GNorm = 1.7739, lr_0 = 4.6769e-04
Validation rmse = 1.314310
Epoch 66
Loss = 1.3092e-01, PNorm = 43.3541, GNorm = 1.6376, lr_0 = 4.6642e-04
Loss = 7.6368e-02, PNorm = 43.3639, GNorm = 0.9521, lr_0 = 4.6516e-04
Loss = 6.6773e-02, PNorm = 43.3767, GNorm = 0.9269, lr_0 = 4.6391e-04
Loss = 6.9222e-02, PNorm = 43.3821, GNorm = 0.9462, lr_0 = 4.6265e-04
Loss = 6.7560e-02, PNorm = 43.3885, GNorm = 0.8221, lr_0 = 4.6141e-04
Validation rmse = 1.325672
Epoch 67
Loss = 7.1930e-02, PNorm = 43.3930, GNorm = 0.5060, lr_0 = 4.6016e-04
Loss = 6.0970e-02, PNorm = 43.4062, GNorm = 0.7984, lr_0 = 4.5892e-04
Loss = 5.2937e-02, PNorm = 43.4120, GNorm = 0.7626, lr_0 = 4.5768e-04
Loss = 6.9029e-02, PNorm = 43.4162, GNorm = 0.6600, lr_0 = 4.5644e-04
Validation rmse = 1.381205
Epoch 68
Loss = 5.1178e-02, PNorm = 43.4259, GNorm = 0.6186, lr_0 = 4.5521e-04
Loss = 6.1926e-02, PNorm = 43.4362, GNorm = 0.6020, lr_0 = 4.5398e-04
Loss = 6.6191e-02, PNorm = 43.4443, GNorm = 1.0688, lr_0 = 4.5275e-04
Loss = 7.3625e-02, PNorm = 43.4537, GNorm = 1.0284, lr_0 = 4.5153e-04
Loss = 6.3458e-02, PNorm = 43.4644, GNorm = 0.6031, lr_0 = 4.5031e-04
Loss = 6.0543e-02, PNorm = 43.4652, GNorm = 1.0343, lr_0 = 4.5019e-04
Validation rmse = 1.365907
Epoch 69
Loss = 6.1428e-02, PNorm = 43.4708, GNorm = 0.8802, lr_0 = 4.4897e-04
Loss = 6.4010e-02, PNorm = 43.4781, GNorm = 0.7131, lr_0 = 4.4776e-04
Loss = 6.5252e-02, PNorm = 43.4818, GNorm = 0.6641, lr_0 = 4.4655e-04
Loss = 6.3322e-02, PNorm = 43.4880, GNorm = 0.7686, lr_0 = 4.4534e-04
Validation rmse = 1.363217
Epoch 70
Loss = 4.6566e-02, PNorm = 43.4926, GNorm = 0.5022, lr_0 = 4.4414e-04
Loss = 5.5069e-02, PNorm = 43.4970, GNorm = 0.9263, lr_0 = 4.4294e-04
Loss = 6.2149e-02, PNorm = 43.5067, GNorm = 0.8282, lr_0 = 4.4175e-04
Loss = 8.5283e-02, PNorm = 43.5171, GNorm = 1.1430, lr_0 = 4.4055e-04
Validation rmse = 1.350066
Epoch 71
Loss = 4.5005e-02, PNorm = 43.5252, GNorm = 0.6126, lr_0 = 4.3936e-04
Loss = 5.9305e-02, PNorm = 43.5305, GNorm = 0.6191, lr_0 = 4.3818e-04
Loss = 5.7379e-02, PNorm = 43.5452, GNorm = 1.1428, lr_0 = 4.3699e-04
Loss = 6.1534e-02, PNorm = 43.5498, GNorm = 1.2954, lr_0 = 4.3581e-04
Loss = 7.4175e-02, PNorm = 43.5512, GNorm = 1.1284, lr_0 = 4.3464e-04
Validation rmse = 1.331396
Epoch 72
Loss = 7.8837e-02, PNorm = 43.5576, GNorm = 1.3526, lr_0 = 4.3346e-04
Loss = 5.8524e-02, PNorm = 43.5639, GNorm = 1.0463, lr_0 = 4.3229e-04
Loss = 5.4981e-02, PNorm = 43.5730, GNorm = 0.7263, lr_0 = 4.3112e-04
Loss = 6.2216e-02, PNorm = 43.5820, GNorm = 0.7983, lr_0 = 4.2996e-04
Validation rmse = 1.398368
Epoch 73
Loss = 7.1164e-02, PNorm = 43.5946, GNorm = 0.7643, lr_0 = 4.2868e-04
Loss = 6.3919e-02, PNorm = 43.6021, GNorm = 0.7361, lr_0 = 4.2752e-04
Loss = 4.7631e-02, PNorm = 43.6095, GNorm = 0.7194, lr_0 = 4.2637e-04
Loss = 5.9300e-02, PNorm = 43.6153, GNorm = 0.7295, lr_0 = 4.2522e-04
Validation rmse = 1.379681
Epoch 74
Loss = 4.7673e-02, PNorm = 43.6204, GNorm = 0.8991, lr_0 = 4.2407e-04
Loss = 4.7966e-02, PNorm = 43.6262, GNorm = 1.3451, lr_0 = 4.2292e-04
Loss = 6.7162e-02, PNorm = 43.6336, GNorm = 0.5527, lr_0 = 4.2178e-04
Loss = 6.3767e-02, PNorm = 43.6388, GNorm = 0.6662, lr_0 = 4.2064e-04
Loss = 6.2640e-02, PNorm = 43.6474, GNorm = 0.6228, lr_0 = 4.1951e-04
Validation rmse = 1.320890
Epoch 75
Loss = 6.0156e-02, PNorm = 43.6592, GNorm = 0.6681, lr_0 = 4.1837e-04
Loss = 5.3275e-02, PNorm = 43.6660, GNorm = 0.4444, lr_0 = 4.1724e-04
Loss = 7.3790e-02, PNorm = 43.6752, GNorm = 0.5076, lr_0 = 4.1612e-04
Loss = 5.5062e-02, PNorm = 43.6801, GNorm = 0.7461, lr_0 = 4.1499e-04
Validation rmse = 1.368901
Epoch 76
Loss = 4.5537e-02, PNorm = 43.6859, GNorm = 0.7318, lr_0 = 4.1387e-04
Loss = 4.9046e-02, PNorm = 43.6894, GNorm = 0.6625, lr_0 = 4.1275e-04
Loss = 6.0818e-02, PNorm = 43.6919, GNorm = 1.1147, lr_0 = 4.1164e-04
Loss = 7.4194e-02, PNorm = 43.7003, GNorm = 0.6787, lr_0 = 4.1053e-04
Loss = 5.6559e-02, PNorm = 43.7083, GNorm = 0.8969, lr_0 = 4.0942e-04
Validation rmse = 1.377592
Epoch 77
Loss = 4.4920e-02, PNorm = 43.7168, GNorm = 0.6250, lr_0 = 4.0831e-04
Loss = 6.1137e-02, PNorm = 43.7236, GNorm = 1.1770, lr_0 = 4.0721e-04
Loss = 7.7317e-02, PNorm = 43.7279, GNorm = 0.8618, lr_0 = 4.0611e-04
Loss = 5.3591e-02, PNorm = 43.7281, GNorm = 0.9092, lr_0 = 4.0501e-04
Validation rmse = 1.369237
Epoch 78
Loss = 5.9982e-02, PNorm = 43.7360, GNorm = 0.7738, lr_0 = 4.0381e-04
Loss = 6.0200e-02, PNorm = 43.7441, GNorm = 0.8411, lr_0 = 4.0272e-04
Loss = 5.3774e-02, PNorm = 43.7499, GNorm = 0.4466, lr_0 = 4.0163e-04
Loss = 6.0116e-02, PNorm = 43.7589, GNorm = 0.8708, lr_0 = 4.0055e-04
Validation rmse = 1.338855
Epoch 79
Loss = 6.1007e-02, PNorm = 43.7650, GNorm = 0.9454, lr_0 = 3.9947e-04
Loss = 4.7696e-02, PNorm = 43.7718, GNorm = 0.7560, lr_0 = 3.9839e-04
Loss = 5.5446e-02, PNorm = 43.7779, GNorm = 1.0832, lr_0 = 3.9731e-04
Loss = 6.1362e-02, PNorm = 43.7840, GNorm = 1.1923, lr_0 = 3.9624e-04
Loss = 8.1022e-02, PNorm = 43.7911, GNorm = 1.8715, lr_0 = 3.9517e-04
Validation rmse = 1.410472
Epoch 80
Loss = 5.0919e-02, PNorm = 43.8021, GNorm = 1.1873, lr_0 = 3.9410e-04
Loss = 6.6133e-02, PNorm = 43.8116, GNorm = 0.8498, lr_0 = 3.9304e-04
Loss = 7.0364e-02, PNorm = 43.8250, GNorm = 0.4794, lr_0 = 3.9197e-04
Loss = 6.1436e-02, PNorm = 43.8295, GNorm = 0.6024, lr_0 = 3.9092e-04
Validation rmse = 1.348721
Epoch 81
Loss = 4.6275e-02, PNorm = 43.8324, GNorm = 0.4502, lr_0 = 3.8986e-04
Loss = 5.5264e-02, PNorm = 43.8363, GNorm = 0.5198, lr_0 = 3.8881e-04
Loss = 4.8028e-02, PNorm = 43.8406, GNorm = 0.5257, lr_0 = 3.8776e-04
Loss = 6.3195e-02, PNorm = 43.8412, GNorm = 0.6245, lr_0 = 3.8671e-04
Validation rmse = 1.421023
Epoch 82
Loss = 3.1434e-02, PNorm = 43.8495, GNorm = 0.9645, lr_0 = 3.8556e-04
Loss = 4.9575e-02, PNorm = 43.8563, GNorm = 0.5674, lr_0 = 3.8452e-04
Loss = 4.8630e-02, PNorm = 43.8619, GNorm = 0.5801, lr_0 = 3.8348e-04
Loss = 6.1147e-02, PNorm = 43.8664, GNorm = 0.5047, lr_0 = 3.8245e-04
Loss = 7.4165e-02, PNorm = 43.8712, GNorm = 0.5559, lr_0 = 3.8141e-04
Validation rmse = 1.336216
Epoch 83
Loss = 5.0172e-02, PNorm = 43.8792, GNorm = 0.6104, lr_0 = 3.8038e-04
Loss = 5.4333e-02, PNorm = 43.8874, GNorm = 0.5939, lr_0 = 3.7936e-04
Loss = 5.5238e-02, PNorm = 43.8930, GNorm = 0.6098, lr_0 = 3.7833e-04
Loss = 4.9821e-02, PNorm = 43.9006, GNorm = 0.7078, lr_0 = 3.7731e-04
Validation rmse = 1.350798
Epoch 84
Loss = 6.1583e-02, PNorm = 43.9043, GNorm = 1.1128, lr_0 = 3.7629e-04
Loss = 4.2808e-02, PNorm = 43.9097, GNorm = 0.6820, lr_0 = 3.7527e-04
Loss = 5.2105e-02, PNorm = 43.9121, GNorm = 0.7406, lr_0 = 3.7426e-04
Loss = 8.2237e-02, PNorm = 43.9174, GNorm = 1.3402, lr_0 = 3.7325e-04
Loss = 4.7991e-02, PNorm = 43.9247, GNorm = 0.6856, lr_0 = 3.7224e-04
Validation rmse = 1.349266
Epoch 85
Loss = 3.7963e-02, PNorm = 43.9321, GNorm = 0.3379, lr_0 = 3.7124e-04
Loss = 5.5719e-02, PNorm = 43.9376, GNorm = 0.4734, lr_0 = 3.7023e-04
Loss = 5.9350e-02, PNorm = 43.9456, GNorm = 0.4428, lr_0 = 3.6923e-04
Loss = 6.0648e-02, PNorm = 43.9473, GNorm = 0.9301, lr_0 = 3.6824e-04
Validation rmse = 1.396522
Epoch 86
Loss = 6.3691e-02, PNorm = 43.9496, GNorm = 0.5780, lr_0 = 3.6724e-04
Loss = 4.9825e-02, PNorm = 43.9568, GNorm = 0.8880, lr_0 = 3.6625e-04
Loss = 4.7681e-02, PNorm = 43.9588, GNorm = 0.6476, lr_0 = 3.6526e-04
Loss = 6.1661e-02, PNorm = 43.9653, GNorm = 1.0623, lr_0 = 3.6427e-04
Validation rmse = 1.329547
Epoch 87
Loss = 3.2352e-02, PNorm = 43.9695, GNorm = 0.7538, lr_0 = 3.6319e-04
Loss = 3.8798e-02, PNorm = 43.9767, GNorm = 0.6306, lr_0 = 3.6221e-04
Loss = 7.6245e-02, PNorm = 43.9844, GNorm = 0.7591, lr_0 = 3.6123e-04
Loss = 4.6091e-02, PNorm = 43.9876, GNorm = 0.5164, lr_0 = 3.6026e-04
Loss = 5.6554e-02, PNorm = 43.9920, GNorm = 1.1919, lr_0 = 3.5928e-04
Validation rmse = 1.370057
Epoch 88
Loss = 4.2268e-02, PNorm = 43.9958, GNorm = 0.6054, lr_0 = 3.5831e-04
Loss = 4.4806e-02, PNorm = 44.0005, GNorm = 0.4764, lr_0 = 3.5735e-04
Loss = 5.8354e-02, PNorm = 44.0011, GNorm = 1.4893, lr_0 = 3.5638e-04
Loss = 6.0017e-02, PNorm = 44.0072, GNorm = 0.5340, lr_0 = 3.5542e-04
Validation rmse = 1.400710
Epoch 89
Loss = 4.5847e-02, PNorm = 44.0159, GNorm = 1.0111, lr_0 = 3.5446e-04
Loss = 4.8683e-02, PNorm = 44.0232, GNorm = 0.8180, lr_0 = 3.5350e-04
Loss = 5.5262e-02, PNorm = 44.0271, GNorm = 0.7635, lr_0 = 3.5255e-04
Loss = 4.7786e-02, PNorm = 44.0331, GNorm = 0.6848, lr_0 = 3.5159e-04
Loss = 7.0995e-02, PNorm = 44.0376, GNorm = 0.7319, lr_0 = 3.5064e-04
Validation rmse = 1.360801
Epoch 90
Loss = 4.7979e-02, PNorm = 44.0468, GNorm = 0.4104, lr_0 = 3.4970e-04
Loss = 5.3157e-02, PNorm = 44.0538, GNorm = 0.6530, lr_0 = 3.4875e-04
Loss = 3.9994e-02, PNorm = 44.0579, GNorm = 0.5546, lr_0 = 3.4781e-04
Loss = 6.5658e-02, PNorm = 44.0587, GNorm = 0.6857, lr_0 = 3.4687e-04
Validation rmse = 1.431918
Epoch 91
Loss = 5.0648e-02, PNorm = 44.0667, GNorm = 1.5672, lr_0 = 3.4584e-04
Loss = 4.1917e-02, PNorm = 44.0746, GNorm = 0.4616, lr_0 = 3.4491e-04
Loss = 5.5208e-02, PNorm = 44.0780, GNorm = 0.6486, lr_0 = 3.4398e-04
Loss = 5.5264e-02, PNorm = 44.0834, GNorm = 0.4068, lr_0 = 3.4305e-04
Validation rmse = 1.371135
Epoch 92
Loss = 4.8261e-02, PNorm = 44.0862, GNorm = 0.4472, lr_0 = 3.4212e-04
Loss = 6.5808e-02, PNorm = 44.0923, GNorm = 0.8335, lr_0 = 3.4120e-04
Loss = 4.8717e-02, PNorm = 44.0982, GNorm = 1.1155, lr_0 = 3.4027e-04
Loss = 4.7946e-02, PNorm = 44.1059, GNorm = 0.4017, lr_0 = 3.3936e-04
Loss = 5.0656e-02, PNorm = 44.1114, GNorm = 0.6604, lr_0 = 3.3844e-04
Validation rmse = 1.351505
Epoch 93
Loss = 4.9585e-02, PNorm = 44.1172, GNorm = 1.4559, lr_0 = 3.3753e-04
Loss = 4.6489e-02, PNorm = 44.1199, GNorm = 0.3987, lr_0 = 3.3661e-04
Loss = 4.7180e-02, PNorm = 44.1241, GNorm = 0.5416, lr_0 = 3.3570e-04
Loss = 5.4194e-02, PNorm = 44.1286, GNorm = 0.7156, lr_0 = 3.3480e-04
Validation rmse = 1.335788
Epoch 94
Loss = 5.3920e-02, PNorm = 44.1350, GNorm = 0.4184, lr_0 = 3.3389e-04
Loss = 4.2139e-02, PNorm = 44.1362, GNorm = 0.4070, lr_0 = 3.3299e-04
Loss = 4.1822e-02, PNorm = 44.1415, GNorm = 0.4870, lr_0 = 3.3209e-04
Loss = 4.8862e-02, PNorm = 44.1440, GNorm = 0.5948, lr_0 = 3.3120e-04
Validation rmse = 1.388591
Epoch 95
Loss = 4.7999e-02, PNorm = 44.1471, GNorm = 0.7568, lr_0 = 3.3030e-04
Loss = 6.1389e-02, PNorm = 44.1536, GNorm = 0.4338, lr_0 = 3.2941e-04
Loss = 3.9376e-02, PNorm = 44.1615, GNorm = 0.5059, lr_0 = 3.2852e-04
Loss = 4.6734e-02, PNorm = 44.1638, GNorm = 0.5603, lr_0 = 3.2763e-04
Loss = 5.1681e-02, PNorm = 44.1675, GNorm = 0.5239, lr_0 = 3.2675e-04
Validation rmse = 1.330593
Epoch 96
Loss = 4.8183e-02, PNorm = 44.1724, GNorm = 0.8374, lr_0 = 3.2578e-04
Loss = 5.3051e-02, PNorm = 44.1813, GNorm = 0.7394, lr_0 = 3.2490e-04
Loss = 5.0506e-02, PNorm = 44.1815, GNorm = 0.6238, lr_0 = 3.2402e-04
Loss = 4.5825e-02, PNorm = 44.1848, GNorm = 0.7036, lr_0 = 3.2314e-04
Validation rmse = 1.340060
Epoch 97
Loss = 5.8590e-02, PNorm = 44.1925, GNorm = 0.8769, lr_0 = 3.2227e-04
Loss = 3.7807e-02, PNorm = 44.1970, GNorm = 0.7004, lr_0 = 3.2140e-04
Loss = 4.6382e-02, PNorm = 44.1990, GNorm = 0.5810, lr_0 = 3.2053e-04
Loss = 4.3334e-02, PNorm = 44.2029, GNorm = 0.6998, lr_0 = 3.1967e-04
Loss = 6.2292e-02, PNorm = 44.2072, GNorm = 0.8239, lr_0 = 3.1880e-04
Validation rmse = 1.397138
Epoch 98
Loss = 4.1174e-02, PNorm = 44.2138, GNorm = 0.6760, lr_0 = 3.1794e-04
Loss = 5.2314e-02, PNorm = 44.2195, GNorm = 0.5865, lr_0 = 3.1708e-04
Loss = 4.6327e-02, PNorm = 44.2256, GNorm = 0.6927, lr_0 = 3.1623e-04
Loss = 4.8350e-02, PNorm = 44.2251, GNorm = 0.9707, lr_0 = 3.1537e-04
Validation rmse = 1.380473
Epoch 99
Loss = 3.5287e-02, PNorm = 44.2280, GNorm = 1.3384, lr_0 = 3.1452e-04
Loss = 4.6119e-02, PNorm = 44.2343, GNorm = 1.0567, lr_0 = 3.1367e-04
Loss = 5.0183e-02, PNorm = 44.2390, GNorm = 0.4968, lr_0 = 3.1283e-04
Loss = 5.2844e-02, PNorm = 44.2455, GNorm = 0.7461, lr_0 = 3.1198e-04
Validation rmse = 1.365981
Epoch 100
Loss = 3.3244e-02, PNorm = 44.2517, GNorm = 0.4479, lr_0 = 3.1114e-04
Loss = 5.2885e-02, PNorm = 44.2558, GNorm = 0.5606, lr_0 = 3.1030e-04
Loss = 4.7254e-02, PNorm = 44.2601, GNorm = 0.9061, lr_0 = 3.0946e-04
Loss = 4.5290e-02, PNorm = 44.2643, GNorm = 0.4739, lr_0 = 3.0862e-04
Loss = 4.5893e-02, PNorm = 44.2680, GNorm = 0.5001, lr_0 = 3.0779e-04
Validation rmse = 1.409071
Epoch 101
Loss = 4.9438e-02, PNorm = 44.2791, GNorm = 0.5117, lr_0 = 3.0688e-04
Loss = 4.3435e-02, PNorm = 44.2828, GNorm = 0.7541, lr_0 = 3.0605e-04
Loss = 4.7344e-02, PNorm = 44.2861, GNorm = 0.7559, lr_0 = 3.0522e-04
Loss = 5.0335e-02, PNorm = 44.2869, GNorm = 0.7419, lr_0 = 3.0440e-04
Validation rmse = 1.353613
Epoch 102
Loss = 4.9921e-02, PNorm = 44.2893, GNorm = 0.7749, lr_0 = 3.0357e-04
Loss = 4.5276e-02, PNorm = 44.2928, GNorm = 0.7690, lr_0 = 3.0275e-04
Loss = 4.7618e-02, PNorm = 44.2969, GNorm = 0.8905, lr_0 = 3.0194e-04
Loss = 3.8565e-02, PNorm = 44.3032, GNorm = 0.5820, lr_0 = 3.0112e-04
Validation rmse = 1.383063
Epoch 103
Loss = 2.3514e-02, PNorm = 44.3062, GNorm = 0.4234, lr_0 = 3.0031e-04
Loss = 4.3342e-02, PNorm = 44.3108, GNorm = 0.4866, lr_0 = 2.9950e-04
Loss = 4.7541e-02, PNorm = 44.3140, GNorm = 0.5362, lr_0 = 2.9869e-04
Loss = 4.8855e-02, PNorm = 44.3179, GNorm = 1.1923, lr_0 = 2.9788e-04
Loss = 5.0153e-02, PNorm = 44.3202, GNorm = 0.4722, lr_0 = 2.9708e-04
Validation rmse = 1.330278
Epoch 104
Loss = 4.5273e-02, PNorm = 44.3255, GNorm = 0.4641, lr_0 = 2.9627e-04
Loss = 4.2494e-02, PNorm = 44.3284, GNorm = 0.8944, lr_0 = 2.9547e-04
Loss = 5.1278e-02, PNorm = 44.3338, GNorm = 0.8965, lr_0 = 2.9468e-04
Loss = 3.8578e-02, PNorm = 44.3372, GNorm = 0.5236, lr_0 = 2.9388e-04
Validation rmse = 1.336722
Epoch 105
Loss = 5.7966e-02, PNorm = 44.3395, GNorm = 0.4274, lr_0 = 2.9301e-04
Loss = 3.8775e-02, PNorm = 44.3441, GNorm = 0.5156, lr_0 = 2.9222e-04
Loss = 4.6922e-02, PNorm = 44.3482, GNorm = 0.6013, lr_0 = 2.9143e-04
Loss = 3.6015e-02, PNorm = 44.3483, GNorm = 0.5140, lr_0 = 2.9064e-04
Loss = 4.8553e-02, PNorm = 44.3510, GNorm = 0.7793, lr_0 = 2.8985e-04
Validation rmse = 1.359182
Epoch 106
Loss = 4.3124e-02, PNorm = 44.3584, GNorm = 0.9344, lr_0 = 2.8907e-04
Loss = 5.2732e-02, PNorm = 44.3625, GNorm = 0.5161, lr_0 = 2.8829e-04
Loss = 4.0036e-02, PNorm = 44.3662, GNorm = 0.4638, lr_0 = 2.8751e-04
Loss = 4.4533e-02, PNorm = 44.3694, GNorm = 0.6441, lr_0 = 2.8674e-04
Validation rmse = 1.371691
Epoch 107
Loss = 3.6213e-02, PNorm = 44.3745, GNorm = 0.7560, lr_0 = 2.8596e-04
Loss = 3.7682e-02, PNorm = 44.3762, GNorm = 0.5551, lr_0 = 2.8519e-04
Loss = 3.7193e-02, PNorm = 44.3790, GNorm = 0.7404, lr_0 = 2.8442e-04
Loss = 6.0436e-02, PNorm = 44.3821, GNorm = 0.8231, lr_0 = 2.8365e-04
Validation rmse = 1.333050
Epoch 108
Loss = 4.5094e-02, PNorm = 44.3844, GNorm = 0.5008, lr_0 = 2.8288e-04
Loss = 4.3659e-02, PNorm = 44.3869, GNorm = 0.6087, lr_0 = 2.8212e-04
Loss = 4.4950e-02, PNorm = 44.3933, GNorm = 0.4388, lr_0 = 2.8136e-04
Loss = 4.1789e-02, PNorm = 44.3969, GNorm = 0.7701, lr_0 = 2.8060e-04
Loss = 4.7581e-02, PNorm = 44.4017, GNorm = 0.8538, lr_0 = 2.7984e-04
Validation rmse = 1.390677
Epoch 109
Loss = 3.9808e-02, PNorm = 44.4050, GNorm = 0.5786, lr_0 = 2.7908e-04
Loss = 5.4160e-02, PNorm = 44.4089, GNorm = 0.4163, lr_0 = 2.7833e-04
Loss = 3.2159e-02, PNorm = 44.4128, GNorm = 0.6683, lr_0 = 2.7758e-04
Loss = 4.4103e-02, PNorm = 44.4159, GNorm = 0.5759, lr_0 = 2.7683e-04
Validation rmse = 1.329122
Epoch 110
Loss = 4.1183e-02, PNorm = 44.4204, GNorm = 0.3448, lr_0 = 2.7601e-04
Loss = 4.0102e-02, PNorm = 44.4229, GNorm = 0.7059, lr_0 = 2.7526e-04
Loss = 2.8587e-02, PNorm = 44.4262, GNorm = 0.5045, lr_0 = 2.7452e-04
Loss = 6.0784e-02, PNorm = 44.4292, GNorm = 0.6912, lr_0 = 2.7378e-04
Validation rmse = 1.351013
Epoch 111
Loss = 1.2488e-01, PNorm = 44.4342, GNorm = 1.0004, lr_0 = 2.7304e-04
Loss = 3.2221e-02, PNorm = 44.4367, GNorm = 0.4945, lr_0 = 2.7230e-04
Loss = 4.0092e-02, PNorm = 44.4407, GNorm = 0.5964, lr_0 = 2.7156e-04
Loss = 3.9185e-02, PNorm = 44.4432, GNorm = 1.0159, lr_0 = 2.7083e-04
Loss = 5.0461e-02, PNorm = 44.4476, GNorm = 0.4554, lr_0 = 2.7010e-04
Validation rmse = 1.361357
Epoch 112
Loss = 4.1609e-02, PNorm = 44.4498, GNorm = 0.4737, lr_0 = 2.6937e-04
Loss = 4.6263e-02, PNorm = 44.4533, GNorm = 0.4781, lr_0 = 2.6864e-04
Loss = 4.3102e-02, PNorm = 44.4551, GNorm = 1.2402, lr_0 = 2.6792e-04
Loss = 3.3911e-02, PNorm = 44.4574, GNorm = 0.4507, lr_0 = 2.6719e-04
Validation rmse = 1.335593
Epoch 113
Loss = 4.4694e-02, PNorm = 44.4610, GNorm = 1.0453, lr_0 = 2.6647e-04
Loss = 3.0071e-02, PNorm = 44.4655, GNorm = 0.4305, lr_0 = 2.6575e-04
Loss = 4.3199e-02, PNorm = 44.4692, GNorm = 0.6470, lr_0 = 2.6503e-04
Loss = 4.1513e-02, PNorm = 44.4711, GNorm = 0.7367, lr_0 = 2.6432e-04
Loss = 5.4573e-02, PNorm = 44.4738, GNorm = 0.5441, lr_0 = 2.6361e-04
Loss = 2.6216e-02, PNorm = 44.4740, GNorm = 0.6270, lr_0 = 2.6353e-04
Validation rmse = 1.370296
Epoch 114
Loss = 3.1923e-02, PNorm = 44.4788, GNorm = 0.3760, lr_0 = 2.6282e-04
Loss = 4.6435e-02, PNorm = 44.4813, GNorm = 0.5918, lr_0 = 2.6211e-04
Loss = 4.9593e-02, PNorm = 44.4830, GNorm = 0.6641, lr_0 = 2.6140e-04
Loss = 3.6954e-02, PNorm = 44.4845, GNorm = 0.5646, lr_0 = 2.6070e-04
Validation rmse = 1.313675
Epoch 115
Loss = 3.7470e-02, PNorm = 44.4895, GNorm = 0.6785, lr_0 = 2.5999e-04
Loss = 4.4875e-02, PNorm = 44.4957, GNorm = 0.5541, lr_0 = 2.5929e-04
Loss = 3.8258e-02, PNorm = 44.4951, GNorm = 0.5030, lr_0 = 2.5859e-04
Loss = 4.4487e-02, PNorm = 44.5007, GNorm = 0.6593, lr_0 = 2.5789e-04
Validation rmse = 1.374226
Epoch 116
Loss = 3.0580e-02, PNorm = 44.5033, GNorm = 0.7894, lr_0 = 2.5720e-04
Loss = 3.2715e-02, PNorm = 44.5031, GNorm = 0.4054, lr_0 = 2.5650e-04
Loss = 5.9725e-02, PNorm = 44.5063, GNorm = 1.0536, lr_0 = 2.5581e-04
Loss = 3.4801e-02, PNorm = 44.5122, GNorm = 0.6363, lr_0 = 2.5512e-04
Loss = 4.3307e-02, PNorm = 44.5195, GNorm = 0.8236, lr_0 = 2.5443e-04
Validation rmse = 1.344529
Epoch 117
Loss = 3.9488e-02, PNorm = 44.5219, GNorm = 0.5083, lr_0 = 2.5374e-04
Loss = 4.5627e-02, PNorm = 44.5245, GNorm = 0.3912, lr_0 = 2.5306e-04
Loss = 4.1888e-02, PNorm = 44.5267, GNorm = 0.4161, lr_0 = 2.5237e-04
Loss = 3.3521e-02, PNorm = 44.5306, GNorm = 0.5431, lr_0 = 2.5169e-04
Validation rmse = 1.345459
Epoch 118
Loss = 6.1197e-02, PNorm = 44.5324, GNorm = 1.1955, lr_0 = 2.5101e-04
Loss = 4.0825e-02, PNorm = 44.5326, GNorm = 0.5116, lr_0 = 2.5033e-04
Loss = 3.8391e-02, PNorm = 44.5360, GNorm = 0.4480, lr_0 = 2.4966e-04
Loss = 2.8864e-02, PNorm = 44.5401, GNorm = 1.1604, lr_0 = 2.4898e-04
Validation rmse = 1.327652
Epoch 119
Loss = 6.6819e-02, PNorm = 44.5455, GNorm = 0.7985, lr_0 = 2.4824e-04
Loss = 4.3717e-02, PNorm = 44.5510, GNorm = 0.5557, lr_0 = 2.4757e-04
Loss = 4.1238e-02, PNorm = 44.5543, GNorm = 0.6934, lr_0 = 2.4691e-04
Loss = 3.7927e-02, PNorm = 44.5579, GNorm = 0.5075, lr_0 = 2.4624e-04
Loss = 3.5408e-02, PNorm = 44.5601, GNorm = 0.5191, lr_0 = 2.4557e-04
Validation rmse = 1.348711
Epoch 120
Loss = 5.3507e-02, PNorm = 44.5650, GNorm = 0.8944, lr_0 = 2.4491e-04
Loss = 3.9138e-02, PNorm = 44.5667, GNorm = 0.3916, lr_0 = 2.4425e-04
Loss = 4.3299e-02, PNorm = 44.5704, GNorm = 0.9281, lr_0 = 2.4359e-04
Loss = 3.7771e-02, PNorm = 44.5743, GNorm = 0.5320, lr_0 = 2.4293e-04
Validation rmse = 1.344848
Epoch 121
Loss = 3.1188e-02, PNorm = 44.5774, GNorm = 0.6839, lr_0 = 2.4227e-04
Loss = 5.0376e-02, PNorm = 44.5816, GNorm = 0.5751, lr_0 = 2.4162e-04
Loss = 3.0030e-02, PNorm = 44.5836, GNorm = 0.7733, lr_0 = 2.4097e-04
Loss = 3.9260e-02, PNorm = 44.5863, GNorm = 0.7336, lr_0 = 2.4032e-04
Loss = 3.6308e-02, PNorm = 44.5902, GNorm = 0.4182, lr_0 = 2.3967e-04
Validation rmse = 1.326636
Epoch 122
Loss = 4.2403e-02, PNorm = 44.5926, GNorm = 0.5258, lr_0 = 2.3902e-04
Loss = 3.3400e-02, PNorm = 44.5927, GNorm = 0.3818, lr_0 = 2.3838e-04
Loss = 4.7316e-02, PNorm = 44.5967, GNorm = 0.4694, lr_0 = 2.3773e-04
Loss = 4.0760e-02, PNorm = 44.5979, GNorm = 0.4284, lr_0 = 2.3709e-04
Validation rmse = 1.370562
Epoch 123
Loss = 2.9591e-02, PNorm = 44.6027, GNorm = 0.3598, lr_0 = 2.3639e-04
Loss = 4.7643e-02, PNorm = 44.6066, GNorm = 0.6619, lr_0 = 2.3575e-04
Loss = 4.0411e-02, PNorm = 44.6087, GNorm = 0.7896, lr_0 = 2.3511e-04
Loss = 3.5231e-02, PNorm = 44.6106, GNorm = 0.5851, lr_0 = 2.3447e-04
Validation rmse = 1.332109
Epoch 124
Loss = 4.0104e-02, PNorm = 44.6125, GNorm = 1.0336, lr_0 = 2.3384e-04
Loss = 4.8953e-02, PNorm = 44.6179, GNorm = 0.8527, lr_0 = 2.3321e-04
Loss = 3.9392e-02, PNorm = 44.6220, GNorm = 0.4749, lr_0 = 2.3258e-04
Loss = 3.1897e-02, PNorm = 44.6211, GNorm = 0.7160, lr_0 = 2.3195e-04
Loss = 3.8240e-02, PNorm = 44.6246, GNorm = 0.6426, lr_0 = 2.3133e-04
Validation rmse = 1.344650
Epoch 125
Loss = 4.0647e-02, PNorm = 44.6284, GNorm = 0.6862, lr_0 = 2.3070e-04
Loss = 4.0328e-02, PNorm = 44.6313, GNorm = 0.6687, lr_0 = 2.3008e-04
Loss = 4.3644e-02, PNorm = 44.6327, GNorm = 0.5592, lr_0 = 2.2946e-04
Loss = 3.5213e-02, PNorm = 44.6353, GNorm = 0.5023, lr_0 = 2.2884e-04
Validation rmse = 1.345009
Epoch 126
Loss = 2.8408e-02, PNorm = 44.6380, GNorm = 0.3291, lr_0 = 2.2822e-04
Loss = 3.5997e-02, PNorm = 44.6399, GNorm = 0.7240, lr_0 = 2.2760e-04
Loss = 4.1218e-02, PNorm = 44.6457, GNorm = 0.3432, lr_0 = 2.2699e-04
Loss = 3.8497e-02, PNorm = 44.6480, GNorm = 0.5777, lr_0 = 2.2637e-04
Loss = 4.6884e-02, PNorm = 44.6517, GNorm = 0.7079, lr_0 = 2.2576e-04
Validation rmse = 1.328547
Epoch 127
Loss = 4.3079e-02, PNorm = 44.6523, GNorm = 0.6103, lr_0 = 2.2515e-04
Loss = 3.4003e-02, PNorm = 44.6552, GNorm = 0.6505, lr_0 = 2.2455e-04
Loss = 3.9549e-02, PNorm = 44.6584, GNorm = 0.3437, lr_0 = 2.2394e-04
Loss = 3.4044e-02, PNorm = 44.6595, GNorm = 0.6475, lr_0 = 2.2333e-04
Validation rmse = 1.351623
Epoch 128
Loss = 2.6606e-02, PNorm = 44.6604, GNorm = 0.5209, lr_0 = 2.2267e-04
Loss = 3.3421e-02, PNorm = 44.6635, GNorm = 0.3017, lr_0 = 2.2207e-04
Loss = 4.0782e-02, PNorm = 44.6665, GNorm = 0.3558, lr_0 = 2.2147e-04
Loss = 5.1745e-02, PNorm = 44.6677, GNorm = 0.6196, lr_0 = 2.2087e-04
Validation rmse = 1.339308
Epoch 129
Loss = 2.5302e-02, PNorm = 44.6689, GNorm = 0.5072, lr_0 = 2.2027e-04
Loss = 3.5727e-02, PNorm = 44.6731, GNorm = 0.5355, lr_0 = 2.1968e-04
Loss = 3.1991e-02, PNorm = 44.6750, GNorm = 0.5375, lr_0 = 2.1909e-04
Loss = 4.7972e-02, PNorm = 44.6780, GNorm = 0.6329, lr_0 = 2.1849e-04
Loss = 3.6693e-02, PNorm = 44.6818, GNorm = 0.7511, lr_0 = 2.1790e-04
Validation rmse = 1.304732
Epoch 130
Loss = 2.9868e-02, PNorm = 44.6841, GNorm = 0.6829, lr_0 = 2.1732e-04
Loss = 4.2102e-02, PNorm = 44.6862, GNorm = 0.5079, lr_0 = 2.1673e-04
Loss = 4.1427e-02, PNorm = 44.6855, GNorm = 0.4374, lr_0 = 2.1614e-04
Loss = 3.4766e-02, PNorm = 44.6886, GNorm = 0.4361, lr_0 = 2.1556e-04
Validation rmse = 1.338262
Epoch 131
Loss = 5.2011e-02, PNorm = 44.6947, GNorm = 0.4962, lr_0 = 2.1498e-04
Loss = 3.0020e-02, PNorm = 44.6949, GNorm = 0.7533, lr_0 = 2.1440e-04
Loss = 3.7225e-02, PNorm = 44.6987, GNorm = 0.6801, lr_0 = 2.1382e-04
Loss = 4.0027e-02, PNorm = 44.7039, GNorm = 0.6987, lr_0 = 2.1324e-04
Validation rmse = 1.361356
Epoch 132
Loss = 4.0043e-02, PNorm = 44.7043, GNorm = 0.5324, lr_0 = 2.1261e-04
Loss = 2.8398e-02, PNorm = 44.7067, GNorm = 0.2962, lr_0 = 2.1203e-04
Loss = 3.7020e-02, PNorm = 44.7091, GNorm = 0.8355, lr_0 = 2.1146e-04
Loss = 2.7829e-02, PNorm = 44.7108, GNorm = 0.4127, lr_0 = 2.1089e-04
Loss = 5.0349e-02, PNorm = 44.7125, GNorm = 0.7721, lr_0 = 2.1032e-04
Validation rmse = 1.365124
Epoch 133
Loss = 2.9236e-02, PNorm = 44.7145, GNorm = 0.4842, lr_0 = 2.0975e-04
Loss = 4.0135e-02, PNorm = 44.7180, GNorm = 0.4647, lr_0 = 2.0919e-04
Loss = 3.6047e-02, PNorm = 44.7192, GNorm = 0.4098, lr_0 = 2.0862e-04
Loss = 4.4751e-02, PNorm = 44.7215, GNorm = 0.8785, lr_0 = 2.0806e-04
Validation rmse = 1.314957
Epoch 134
Loss = 5.4334e-02, PNorm = 44.7264, GNorm = 0.4940, lr_0 = 2.0749e-04
Loss = 4.0908e-02, PNorm = 44.7306, GNorm = 0.5814, lr_0 = 2.0693e-04
Loss = 2.8201e-02, PNorm = 44.7332, GNorm = 1.0173, lr_0 = 2.0638e-04
Loss = 3.4402e-02, PNorm = 44.7349, GNorm = 1.1262, lr_0 = 2.0582e-04
Loss = 3.9651e-02, PNorm = 44.7380, GNorm = 0.4005, lr_0 = 2.0526e-04
Validation rmse = 1.338626
Epoch 135
Loss = 3.0673e-02, PNorm = 44.7376, GNorm = 0.3368, lr_0 = 2.0471e-04
Loss = 3.7561e-02, PNorm = 44.7395, GNorm = 0.5233, lr_0 = 2.0416e-04
Loss = 3.1687e-02, PNorm = 44.7419, GNorm = 0.6209, lr_0 = 2.0360e-04
Loss = 4.7862e-02, PNorm = 44.7458, GNorm = 0.6056, lr_0 = 2.0305e-04
Validation rmse = 1.375779
Epoch 136
Loss = 4.1925e-02, PNorm = 44.7494, GNorm = 0.6607, lr_0 = 2.0251e-04
Loss = 3.0267e-02, PNorm = 44.7535, GNorm = 0.4492, lr_0 = 2.0196e-04
Loss = 4.1973e-02, PNorm = 44.7564, GNorm = 0.4986, lr_0 = 2.0141e-04
Loss = 3.0794e-02, PNorm = 44.7570, GNorm = 0.7041, lr_0 = 2.0087e-04
Validation rmse = 1.347771
Epoch 137
Loss = 1.6875e-02, PNorm = 44.7579, GNorm = 0.3846, lr_0 = 2.0027e-04
Loss = 3.2605e-02, PNorm = 44.7622, GNorm = 0.9747, lr_0 = 1.9973e-04
Loss = 3.6559e-02, PNorm = 44.7631, GNorm = 0.5154, lr_0 = 1.9919e-04
Loss = 3.3584e-02, PNorm = 44.7641, GNorm = 0.4698, lr_0 = 1.9865e-04
Loss = 3.3637e-02, PNorm = 44.7653, GNorm = 0.4455, lr_0 = 1.9812e-04
Validation rmse = 1.348229
Epoch 138
Loss = 4.7746e-02, PNorm = 44.7692, GNorm = 0.6378, lr_0 = 1.9758e-04
Loss = 3.1410e-02, PNorm = 44.7725, GNorm = 0.2839, lr_0 = 1.9705e-04
Loss = 2.9168e-02, PNorm = 44.7757, GNorm = 0.4142, lr_0 = 1.9652e-04
Loss = 3.8284e-02, PNorm = 44.7787, GNorm = 0.4862, lr_0 = 1.9599e-04
Validation rmse = 1.344861
Epoch 139
Loss = 3.7387e-02, PNorm = 44.7786, GNorm = 0.4065, lr_0 = 1.9546e-04
Loss = 2.4479e-02, PNorm = 44.7801, GNorm = 0.5098, lr_0 = 1.9493e-04
Loss = 3.2686e-02, PNorm = 44.7856, GNorm = 0.7494, lr_0 = 1.9440e-04
Loss = 4.2871e-02, PNorm = 44.7862, GNorm = 0.4362, lr_0 = 1.9388e-04
Validation rmse = 1.330560
Epoch 140
Loss = 2.4119e-02, PNorm = 44.7883, GNorm = 0.4210, lr_0 = 1.9335e-04
Loss = 4.1151e-02, PNorm = 44.7905, GNorm = 0.5995, lr_0 = 1.9283e-04
Loss = 3.8430e-02, PNorm = 44.7923, GNorm = 0.4571, lr_0 = 1.9231e-04
Loss = 2.9508e-02, PNorm = 44.7933, GNorm = 0.4092, lr_0 = 1.9179e-04
Loss = 2.8595e-02, PNorm = 44.7952, GNorm = 0.5732, lr_0 = 1.9127e-04
Validation rmse = 1.329937
Epoch 141
Loss = 5.0893e-02, PNorm = 44.7979, GNorm = 0.3780, lr_0 = 1.9070e-04
Loss = 2.9569e-02, PNorm = 44.8014, GNorm = 0.6334, lr_0 = 1.9019e-04
Loss = 2.7378e-02, PNorm = 44.8017, GNorm = 0.6496, lr_0 = 1.8968e-04
Loss = 3.5095e-02, PNorm = 44.8022, GNorm = 0.4659, lr_0 = 1.8916e-04
Validation rmse = 1.334227
Epoch 142
Loss = 5.4406e-02, PNorm = 44.8055, GNorm = 0.5502, lr_0 = 1.8865e-04
Loss = 2.5910e-02, PNorm = 44.8096, GNorm = 0.7224, lr_0 = 1.8814e-04
Loss = 2.9573e-02, PNorm = 44.8102, GNorm = 0.5017, lr_0 = 1.8764e-04
Loss = 4.3546e-02, PNorm = 44.8102, GNorm = 0.4049, lr_0 = 1.8713e-04
Loss = 3.0145e-02, PNorm = 44.8135, GNorm = 0.7729, lr_0 = 1.8662e-04
Validation rmse = 1.341392
Epoch 143
Loss = 3.7804e-02, PNorm = 44.8178, GNorm = 0.5831, lr_0 = 1.8612e-04
Loss = 3.6716e-02, PNorm = 44.8197, GNorm = 0.4208, lr_0 = 1.8562e-04
Loss = 3.1923e-02, PNorm = 44.8219, GNorm = 0.6555, lr_0 = 1.8512e-04
Loss = 3.3733e-02, PNorm = 44.8233, GNorm = 0.7387, lr_0 = 1.8462e-04
Validation rmse = 1.349273
Epoch 144
Loss = 3.8082e-02, PNorm = 44.8252, GNorm = 1.0040, lr_0 = 1.8412e-04
Loss = 4.1514e-02, PNorm = 44.8280, GNorm = 0.8608, lr_0 = 1.8362e-04
Loss = 2.7611e-02, PNorm = 44.8297, GNorm = 0.7842, lr_0 = 1.8312e-04
Loss = 4.1931e-02, PNorm = 44.8329, GNorm = 0.5134, lr_0 = 1.8263e-04
Validation rmse = 1.364801
Epoch 145
Loss = 4.2743e-02, PNorm = 44.8351, GNorm = 1.1017, lr_0 = 1.8214e-04
Loss = 3.3318e-02, PNorm = 44.8373, GNorm = 0.5737, lr_0 = 1.8164e-04
Loss = 4.0694e-02, PNorm = 44.8413, GNorm = 0.5166, lr_0 = 1.8115e-04
Loss = 2.3768e-02, PNorm = 44.8432, GNorm = 0.3808, lr_0 = 1.8066e-04
Loss = 4.4016e-02, PNorm = 44.8447, GNorm = 0.3132, lr_0 = 1.8018e-04
Validation rmse = 1.315459
Epoch 146
Loss = 3.0039e-02, PNorm = 44.8471, GNorm = 0.6007, lr_0 = 1.7964e-04
Loss = 3.4093e-02, PNorm = 44.8498, GNorm = 0.6512, lr_0 = 1.7916e-04
Loss = 3.4537e-02, PNorm = 44.8506, GNorm = 0.6665, lr_0 = 1.7867e-04
Loss = 3.4655e-02, PNorm = 44.8534, GNorm = 0.7703, lr_0 = 1.7819e-04
Validation rmse = 1.306321
Epoch 147
Loss = 4.0368e-02, PNorm = 44.8558, GNorm = 0.5104, lr_0 = 1.7771e-04
Loss = 2.4673e-02, PNorm = 44.8573, GNorm = 0.4072, lr_0 = 1.7723e-04
Loss = 3.3683e-02, PNorm = 44.8585, GNorm = 0.8150, lr_0 = 1.7675e-04
Loss = 4.1409e-02, PNorm = 44.8609, GNorm = 0.4282, lr_0 = 1.7627e-04
Validation rmse = 1.354958
Epoch 148
Loss = 3.1823e-02, PNorm = 44.8630, GNorm = 0.8435, lr_0 = 1.7580e-04
Loss = 2.9527e-02, PNorm = 44.8652, GNorm = 0.6492, lr_0 = 1.7532e-04
Loss = 3.2387e-02, PNorm = 44.8660, GNorm = 0.4649, lr_0 = 1.7485e-04
Loss = 3.0283e-02, PNorm = 44.8659, GNorm = 0.3908, lr_0 = 1.7438e-04
Loss = 4.1173e-02, PNorm = 44.8672, GNorm = 0.7427, lr_0 = 1.7390e-04
Validation rmse = 1.337824
Epoch 149
Loss = 3.9655e-02, PNorm = 44.8709, GNorm = 0.6582, lr_0 = 1.7343e-04
Loss = 3.2522e-02, PNorm = 44.8737, GNorm = 0.4616, lr_0 = 1.7297e-04
Loss = 2.6738e-02, PNorm = 44.8766, GNorm = 0.3596, lr_0 = 1.7250e-04
Loss = 4.2980e-02, PNorm = 44.8779, GNorm = 0.7719, lr_0 = 1.7203e-04
Validation rmse = 1.355688
Epoch 150
Loss = 2.3491e-02, PNorm = 44.8801, GNorm = 0.8690, lr_0 = 1.7157e-04
Loss = 3.5905e-02, PNorm = 44.8828, GNorm = 0.9538, lr_0 = 1.7111e-04
Loss = 3.6637e-02, PNorm = 44.8847, GNorm = 0.4893, lr_0 = 1.7064e-04
Loss = 3.1997e-02, PNorm = 44.8850, GNorm = 0.4818, lr_0 = 1.7018e-04
Loss = 3.8878e-02, PNorm = 44.8867, GNorm = 0.3125, lr_0 = 1.6972e-04
Loss = 1.8326e-02, PNorm = 44.8869, GNorm = 0.4200, lr_0 = 1.6968e-04
Validation rmse = 1.348174
Epoch 151
Loss = 2.7940e-02, PNorm = 44.8899, GNorm = 0.4375, lr_0 = 1.6922e-04
Loss = 3.1510e-02, PNorm = 44.8911, GNorm = 0.3263, lr_0 = 1.6876e-04
Loss = 3.6569e-02, PNorm = 44.8934, GNorm = 0.7353, lr_0 = 1.6831e-04
Loss = 4.1511e-02, PNorm = 44.8946, GNorm = 0.5727, lr_0 = 1.6785e-04
Validation rmse = 1.328394
Epoch 152
Loss = 2.8868e-02, PNorm = 44.8983, GNorm = 0.8263, lr_0 = 1.6740e-04
Loss = 3.3992e-02, PNorm = 44.9019, GNorm = 0.7629, lr_0 = 1.6695e-04
Loss = 2.6527e-02, PNorm = 44.9013, GNorm = 0.3156, lr_0 = 1.6649e-04
Loss = 5.1170e-02, PNorm = 44.9025, GNorm = 0.3387, lr_0 = 1.6604e-04
Validation rmse = 1.350043
Epoch 153
Loss = 2.0513e-02, PNorm = 44.9056, GNorm = 0.5213, lr_0 = 1.6560e-04
Loss = 2.9377e-02, PNorm = 44.9091, GNorm = 0.5506, lr_0 = 1.6515e-04
Loss = 3.4795e-02, PNorm = 44.9106, GNorm = 0.3122, lr_0 = 1.6470e-04
Loss = 3.9214e-02, PNorm = 44.9149, GNorm = 0.4376, lr_0 = 1.6426e-04
Loss = 2.8728e-02, PNorm = 44.9149, GNorm = 0.7184, lr_0 = 1.6381e-04
Validation rmse = 1.369653
Epoch 154
Loss = 3.0982e-02, PNorm = 44.9143, GNorm = 0.3825, lr_0 = 1.6337e-04
Loss = 2.7788e-02, PNorm = 44.9164, GNorm = 0.3996, lr_0 = 1.6293e-04
Loss = 3.7989e-02, PNorm = 44.9186, GNorm = 0.3508, lr_0 = 1.6249e-04
Loss = 2.8788e-02, PNorm = 44.9206, GNorm = 0.6866, lr_0 = 1.6205e-04
Validation rmse = 1.351542
Epoch 155
Loss = 2.8301e-02, PNorm = 44.9220, GNorm = 0.4308, lr_0 = 1.6157e-04
Loss = 3.4130e-02, PNorm = 44.9244, GNorm = 0.3466, lr_0 = 1.6113e-04
Loss = 2.8606e-02, PNorm = 44.9249, GNorm = 0.6670, lr_0 = 1.6070e-04
Loss = 3.1021e-02, PNorm = 44.9261, GNorm = 0.5740, lr_0 = 1.6027e-04
Validation rmse = 1.351660
Epoch 156
Loss = 4.5178e-02, PNorm = 44.9281, GNorm = 0.5211, lr_0 = 1.5983e-04
Loss = 3.0449e-02, PNorm = 44.9296, GNorm = 0.4511, lr_0 = 1.5940e-04
Loss = 3.2463e-02, PNorm = 44.9324, GNorm = 0.6172, lr_0 = 1.5897e-04
Loss = 3.5368e-02, PNorm = 44.9364, GNorm = 0.4501, lr_0 = 1.5854e-04
Loss = 2.4291e-02, PNorm = 44.9368, GNorm = 0.3383, lr_0 = 1.5811e-04
Validation rmse = 1.334553
Epoch 157
Loss = 2.9307e-02, PNorm = 44.9374, GNorm = 0.3932, lr_0 = 1.5769e-04
Loss = 2.9374e-02, PNorm = 44.9388, GNorm = 0.3640, lr_0 = 1.5726e-04
Loss = 3.1414e-02, PNorm = 44.9404, GNorm = 0.3661, lr_0 = 1.5683e-04
Loss = 3.3587e-02, PNorm = 44.9415, GNorm = 0.5646, lr_0 = 1.5641e-04
Validation rmse = 1.333348
Epoch 158
Loss = 2.5871e-02, PNorm = 44.9429, GNorm = 0.3685, lr_0 = 1.5599e-04
Loss = 2.8816e-02, PNorm = 44.9446, GNorm = 0.2861, lr_0 = 1.5557e-04
Loss = 2.3745e-02, PNorm = 44.9453, GNorm = 0.4771, lr_0 = 1.5515e-04
Loss = 3.6929e-02, PNorm = 44.9468, GNorm = 0.5641, lr_0 = 1.5473e-04
Loss = 3.7217e-02, PNorm = 44.9486, GNorm = 0.4518, lr_0 = 1.5431e-04
Validation rmse = 1.360897
Epoch 159
Loss = 2.7400e-02, PNorm = 44.9494, GNorm = 0.8008, lr_0 = 1.5389e-04
Loss = 3.6706e-02, PNorm = 44.9525, GNorm = 0.2144, lr_0 = 1.5348e-04
Loss = 3.8958e-02, PNorm = 44.9548, GNorm = 0.6802, lr_0 = 1.5306e-04
Loss = 2.2011e-02, PNorm = 44.9569, GNorm = 0.2954, lr_0 = 1.5265e-04
Validation rmse = 1.355394
Epoch 160
Loss = 3.0007e-02, PNorm = 44.9579, GNorm = 0.6669, lr_0 = 1.5220e-04
Loss = 2.9682e-02, PNorm = 44.9607, GNorm = 0.4918, lr_0 = 1.5179e-04
Loss = 3.8941e-02, PNorm = 44.9625, GNorm = 0.7051, lr_0 = 1.5138e-04
Loss = 2.8753e-02, PNorm = 44.9639, GNorm = 0.3666, lr_0 = 1.5097e-04
Validation rmse = 1.344821
Epoch 161
Loss = 1.5442e-02, PNorm = 44.9663, GNorm = 0.2161, lr_0 = 1.5056e-04
Loss = 3.3928e-02, PNorm = 44.9683, GNorm = 0.4652, lr_0 = 1.5015e-04
Loss = 3.1426e-02, PNorm = 44.9693, GNorm = 0.3177, lr_0 = 1.4975e-04
Loss = 3.5246e-02, PNorm = 44.9693, GNorm = 0.4826, lr_0 = 1.4934e-04
Loss = 2.4950e-02, PNorm = 44.9698, GNorm = 0.3790, lr_0 = 1.4894e-04
Validation rmse = 1.327738
Epoch 162
Loss = 3.1167e-02, PNorm = 44.9721, GNorm = 0.5432, lr_0 = 1.4854e-04
Loss = 3.2352e-02, PNorm = 44.9731, GNorm = 0.8709, lr_0 = 1.4814e-04
Loss = 2.4402e-02, PNorm = 44.9748, GNorm = 0.4163, lr_0 = 1.4774e-04
Loss = 3.4056e-02, PNorm = 44.9761, GNorm = 0.3029, lr_0 = 1.4734e-04
Validation rmse = 1.324151
Epoch 163
Loss = 2.4930e-02, PNorm = 44.9768, GNorm = 0.3434, lr_0 = 1.4694e-04
Loss = 3.8244e-02, PNorm = 44.9785, GNorm = 0.4178, lr_0 = 1.4654e-04
Loss = 3.3892e-02, PNorm = 44.9798, GNorm = 0.5756, lr_0 = 1.4615e-04
Loss = 2.7655e-02, PNorm = 44.9815, GNorm = 0.4473, lr_0 = 1.4575e-04
Validation rmse = 1.342268
Epoch 164
Loss = 2.5974e-02, PNorm = 44.9813, GNorm = 0.7102, lr_0 = 1.4532e-04
Loss = 2.7168e-02, PNorm = 44.9829, GNorm = 0.5137, lr_0 = 1.4493e-04
Loss = 4.3470e-02, PNorm = 44.9860, GNorm = 0.4358, lr_0 = 1.4453e-04
Loss = 2.7242e-02, PNorm = 44.9854, GNorm = 0.5114, lr_0 = 1.4414e-04
Loss = 2.5765e-02, PNorm = 44.9854, GNorm = 0.3404, lr_0 = 1.4375e-04
Validation rmse = 1.319528
Epoch 165
Loss = 3.2143e-02, PNorm = 44.9873, GNorm = 0.5170, lr_0 = 1.4337e-04
Loss = 2.2918e-02, PNorm = 44.9893, GNorm = 0.5735, lr_0 = 1.4298e-04
Loss = 4.2668e-02, PNorm = 44.9892, GNorm = 0.4399, lr_0 = 1.4259e-04
Loss = 2.3436e-02, PNorm = 44.9900, GNorm = 0.4476, lr_0 = 1.4221e-04
Validation rmse = 1.352390
Epoch 166
Loss = 1.8499e-02, PNorm = 44.9923, GNorm = 0.3744, lr_0 = 1.4182e-04
Loss = 4.1434e-02, PNorm = 44.9933, GNorm = 1.0351, lr_0 = 1.4144e-04
Loss = 2.7668e-02, PNorm = 44.9960, GNorm = 0.6747, lr_0 = 1.4106e-04
Loss = 3.1172e-02, PNorm = 44.9987, GNorm = 0.5331, lr_0 = 1.4068e-04
Loss = 2.8671e-02, PNorm = 45.0008, GNorm = 0.5231, lr_0 = 1.4030e-04
Validation rmse = 1.334236
Epoch 167
Loss = 2.5278e-02, PNorm = 45.0003, GNorm = 0.3719, lr_0 = 1.3992e-04
Loss = 2.4477e-02, PNorm = 45.0000, GNorm = 0.3640, lr_0 = 1.3954e-04
Loss = 4.1285e-02, PNorm = 45.0010, GNorm = 0.6176, lr_0 = 1.3916e-04
Loss = 3.3737e-02, PNorm = 45.0017, GNorm = 0.7309, lr_0 = 1.3879e-04
Validation rmse = 1.353916
Epoch 168
Loss = 2.5995e-02, PNorm = 45.0026, GNorm = 0.3680, lr_0 = 1.3841e-04
Loss = 2.7471e-02, PNorm = 45.0047, GNorm = 0.6040, lr_0 = 1.3804e-04
Loss = 4.1566e-02, PNorm = 45.0079, GNorm = 0.4979, lr_0 = 1.3767e-04
Loss = 2.8468e-02, PNorm = 45.0100, GNorm = 0.5542, lr_0 = 1.3730e-04
Validation rmse = 1.339008
Epoch 169
Loss = 2.7355e-02, PNorm = 45.0118, GNorm = 0.3719, lr_0 = 1.3689e-04
Loss = 2.5340e-02, PNorm = 45.0134, GNorm = 0.3604, lr_0 = 1.3652e-04
Loss = 2.2650e-02, PNorm = 45.0144, GNorm = 0.4083, lr_0 = 1.3615e-04
Loss = 3.9024e-02, PNorm = 45.0154, GNorm = 0.6812, lr_0 = 1.3578e-04
Loss = 3.2289e-02, PNorm = 45.0170, GNorm = 0.5071, lr_0 = 1.3541e-04
Validation rmse = 1.329540
Epoch 170
Loss = 2.2402e-02, PNorm = 45.0184, GNorm = 0.5610, lr_0 = 1.3505e-04
Loss = 2.2763e-02, PNorm = 45.0198, GNorm = 0.4449, lr_0 = 1.3468e-04
Loss = 4.2488e-02, PNorm = 45.0216, GNorm = 0.4092, lr_0 = 1.3432e-04
Loss = 2.9690e-02, PNorm = 45.0226, GNorm = 0.5857, lr_0 = 1.3396e-04
Validation rmse = 1.337394
Epoch 171
Loss = 4.9547e-02, PNorm = 45.0220, GNorm = 0.8708, lr_0 = 1.3360e-04
Loss = 2.7004e-02, PNorm = 45.0241, GNorm = 0.5002, lr_0 = 1.3323e-04
Loss = 3.3931e-02, PNorm = 45.0253, GNorm = 0.3513, lr_0 = 1.3288e-04
Loss = 2.7177e-02, PNorm = 45.0276, GNorm = 0.8671, lr_0 = 1.3252e-04
Loss = 2.4416e-02, PNorm = 45.0280, GNorm = 0.4392, lr_0 = 1.3216e-04
Validation rmse = 1.344587
Epoch 172
Loss = 2.3486e-02, PNorm = 45.0300, GNorm = 0.7629, lr_0 = 1.3180e-04
Loss = 2.5835e-02, PNorm = 45.0327, GNorm = 0.4909, lr_0 = 1.3145e-04
Loss = 2.7729e-02, PNorm = 45.0332, GNorm = 0.5088, lr_0 = 1.3109e-04
Loss = 3.5420e-02, PNorm = 45.0336, GNorm = 0.3852, lr_0 = 1.3074e-04
Validation rmse = 1.345889
Epoch 173
Loss = 2.1957e-02, PNorm = 45.0352, GNorm = 0.5304, lr_0 = 1.3035e-04
Loss = 2.7274e-02, PNorm = 45.0353, GNorm = 0.5032, lr_0 = 1.3000e-04
Loss = 3.6649e-02, PNorm = 45.0380, GNorm = 0.5492, lr_0 = 1.2964e-04
Loss = 3.1698e-02, PNorm = 45.0388, GNorm = 0.5047, lr_0 = 1.2929e-04
Validation rmse = 1.329423
Epoch 174
Loss = 3.0029e-02, PNorm = 45.0411, GNorm = 0.3199, lr_0 = 1.2895e-04
Loss = 2.3884e-02, PNorm = 45.0423, GNorm = 0.5413, lr_0 = 1.2860e-04
Loss = 2.4354e-02, PNorm = 45.0416, GNorm = 0.5826, lr_0 = 1.2825e-04
Loss = 3.4290e-02, PNorm = 45.0419, GNorm = 0.5998, lr_0 = 1.2790e-04
Loss = 3.2592e-02, PNorm = 45.0433, GNorm = 0.8556, lr_0 = 1.2756e-04
Validation rmse = 1.339699
Epoch 175
Loss = 1.7705e-02, PNorm = 45.0445, GNorm = 0.4486, lr_0 = 1.2721e-04
Loss = 2.0757e-02, PNorm = 45.0445, GNorm = 0.3888, lr_0 = 1.2687e-04
Loss = 3.6853e-02, PNorm = 45.0468, GNorm = 0.4780, lr_0 = 1.2653e-04
Loss = 3.0590e-02, PNorm = 45.0490, GNorm = 0.5822, lr_0 = 1.2619e-04
Validation rmse = 1.352158
Epoch 176
Loss = 2.2112e-02, PNorm = 45.0499, GNorm = 0.4564, lr_0 = 1.2584e-04
Loss = 3.8522e-02, PNorm = 45.0519, GNorm = 0.2819, lr_0 = 1.2551e-04
Loss = 2.9627e-02, PNorm = 45.0531, GNorm = 0.4289, lr_0 = 1.2517e-04
Loss = 2.2660e-02, PNorm = 45.0541, GNorm = 0.4258, lr_0 = 1.2483e-04
Validation rmse = 1.341143
Epoch 177
Loss = 1.5897e-02, PNorm = 45.0558, GNorm = 0.3374, lr_0 = 1.2449e-04
Loss = 2.0420e-02, PNorm = 45.0571, GNorm = 0.3747, lr_0 = 1.2415e-04
Loss = 4.0771e-02, PNorm = 45.0574, GNorm = 0.9827, lr_0 = 1.2382e-04
Loss = 3.6265e-02, PNorm = 45.0592, GNorm = 0.4017, lr_0 = 1.2348e-04
Loss = 2.4858e-02, PNorm = 45.0603, GNorm = 0.6360, lr_0 = 1.2315e-04
Validation rmse = 1.363213
Epoch 178
Loss = 2.2706e-02, PNorm = 45.0623, GNorm = 0.4062, lr_0 = 1.2279e-04
Loss = 2.2864e-02, PNorm = 45.0638, GNorm = 0.8736, lr_0 = 1.2245e-04
Loss = 3.2343e-02, PNorm = 45.0635, GNorm = 0.3937, lr_0 = 1.2212e-04
Loss = 3.7878e-02, PNorm = 45.0643, GNorm = 0.5200, lr_0 = 1.2179e-04
Validation rmse = 1.342857
Epoch 179
Loss = 1.6717e-02, PNorm = 45.0667, GNorm = 0.3498, lr_0 = 1.2146e-04
Loss = 2.3700e-02, PNorm = 45.0672, GNorm = 0.5357, lr_0 = 1.2114e-04
Loss = 2.7738e-02, PNorm = 45.0675, GNorm = 0.5247, lr_0 = 1.2081e-04
Loss = 2.3678e-02, PNorm = 45.0683, GNorm = 0.5586, lr_0 = 1.2048e-04
Loss = 4.5116e-02, PNorm = 45.0708, GNorm = 0.7560, lr_0 = 1.2016e-04
Validation rmse = 1.353865
Epoch 180
Loss = 2.8566e-02, PNorm = 45.0722, GNorm = 0.3289, lr_0 = 1.1983e-04
Loss = 2.3582e-02, PNorm = 45.0727, GNorm = 0.3428, lr_0 = 1.1951e-04
Loss = 3.7213e-02, PNorm = 45.0746, GNorm = 0.3350, lr_0 = 1.1919e-04
Loss = 2.5298e-02, PNorm = 45.0758, GNorm = 0.2844, lr_0 = 1.1886e-04
Validation rmse = 1.332972
Epoch 181
Loss = 2.6883e-02, PNorm = 45.0776, GNorm = 0.4445, lr_0 = 1.1854e-04
Loss = 2.3246e-02, PNorm = 45.0787, GNorm = 0.4301, lr_0 = 1.1822e-04
Loss = 3.3917e-02, PNorm = 45.0805, GNorm = 0.5885, lr_0 = 1.1790e-04
Loss = 2.7353e-02, PNorm = 45.0821, GNorm = 0.2751, lr_0 = 1.1759e-04
Validation rmse = 1.349311
Epoch 182
Loss = 2.2815e-02, PNorm = 45.0827, GNorm = 0.4002, lr_0 = 1.1724e-04
Loss = 3.2554e-02, PNorm = 45.0832, GNorm = 0.8989, lr_0 = 1.1692e-04
Loss = 2.5123e-02, PNorm = 45.0839, GNorm = 0.2430, lr_0 = 1.1660e-04
Loss = 3.4269e-02, PNorm = 45.0854, GNorm = 0.6555, lr_0 = 1.1629e-04
Loss = 2.6132e-02, PNorm = 45.0859, GNorm = 0.3068, lr_0 = 1.1598e-04
Validation rmse = 1.361986
Epoch 183
Loss = 3.0289e-02, PNorm = 45.0875, GNorm = 0.7639, lr_0 = 1.1566e-04
Loss = 3.1862e-02, PNorm = 45.0898, GNorm = 0.5616, lr_0 = 1.1535e-04
Loss = 2.6892e-02, PNorm = 45.0915, GNorm = 0.4379, lr_0 = 1.1504e-04
Loss = 3.1646e-02, PNorm = 45.0929, GNorm = 0.4956, lr_0 = 1.1473e-04
Validation rmse = 1.339800
Epoch 184
Loss = 2.5992e-02, PNorm = 45.0927, GNorm = 0.6084, lr_0 = 1.1442e-04
Loss = 2.6221e-02, PNorm = 45.0933, GNorm = 0.3853, lr_0 = 1.1411e-04
Loss = 3.7315e-02, PNorm = 45.0940, GNorm = 0.5797, lr_0 = 1.1380e-04
Loss = 2.8601e-02, PNorm = 45.0952, GNorm = 0.6417, lr_0 = 1.1349e-04
Validation rmse = 1.341697
Epoch 185
Loss = 1.8364e-02, PNorm = 45.0968, GNorm = 0.7497, lr_0 = 1.1319e-04
Loss = 2.9065e-02, PNorm = 45.0981, GNorm = 0.3485, lr_0 = 1.1288e-04
Loss = 2.3742e-02, PNorm = 45.0982, GNorm = 0.5470, lr_0 = 1.1258e-04
Loss = 2.6028e-02, PNorm = 45.0982, GNorm = 0.3592, lr_0 = 1.1227e-04
Loss = 3.4943e-02, PNorm = 45.1006, GNorm = 0.9416, lr_0 = 1.1197e-04
Validation rmse = 1.337723
Epoch 186
Loss = 3.3849e-02, PNorm = 45.1020, GNorm = 0.5346, lr_0 = 1.1167e-04
Loss = 2.3014e-02, PNorm = 45.1035, GNorm = 0.4992, lr_0 = 1.1136e-04
Loss = 2.5414e-02, PNorm = 45.1033, GNorm = 0.4305, lr_0 = 1.1106e-04
Loss = 2.6479e-02, PNorm = 45.1034, GNorm = 0.6838, lr_0 = 1.1076e-04
Validation rmse = 1.351003
Epoch 187
Loss = 2.0810e-02, PNorm = 45.1055, GNorm = 0.3684, lr_0 = 1.1043e-04
Loss = 2.5953e-02, PNorm = 45.1063, GNorm = 0.4302, lr_0 = 1.1014e-04
Loss = 3.6034e-02, PNorm = 45.1078, GNorm = 0.3491, lr_0 = 1.0984e-04
Loss = 2.7518e-02, PNorm = 45.1082, GNorm = 0.3264, lr_0 = 1.0954e-04
Loss = 2.3999e-02, PNorm = 45.1095, GNorm = 0.4813, lr_0 = 1.0925e-04
Validation rmse = 1.346327
Epoch 188
Loss = 2.6206e-02, PNorm = 45.1111, GNorm = 0.5473, lr_0 = 1.0895e-04
Loss = 2.7376e-02, PNorm = 45.1117, GNorm = 0.4857, lr_0 = 1.0866e-04
Loss = 1.7723e-02, PNorm = 45.1129, GNorm = 0.5034, lr_0 = 1.0836e-04
Loss = 3.5917e-02, PNorm = 45.1143, GNorm = 0.6444, lr_0 = 1.0807e-04
Validation rmse = 1.335752
Epoch 189
Loss = 1.9951e-02, PNorm = 45.1153, GNorm = 0.4159, lr_0 = 1.0778e-04
Loss = 3.2939e-02, PNorm = 45.1156, GNorm = 1.4950, lr_0 = 1.0749e-04
Loss = 3.0816e-02, PNorm = 45.1162, GNorm = 0.4196, lr_0 = 1.0720e-04
Loss = 2.9746e-02, PNorm = 45.1172, GNorm = 0.3914, lr_0 = 1.0691e-04
Validation rmse = 1.360329
Epoch 190
Loss = 1.6781e-02, PNorm = 45.1188, GNorm = 0.3627, lr_0 = 1.0662e-04
Loss = 3.3209e-02, PNorm = 45.1197, GNorm = 0.6384, lr_0 = 1.0633e-04
Loss = 2.2149e-02, PNorm = 45.1214, GNorm = 0.4115, lr_0 = 1.0604e-04
Loss = 3.1563e-02, PNorm = 45.1212, GNorm = 0.4547, lr_0 = 1.0576e-04
Loss = 2.3132e-02, PNorm = 45.1214, GNorm = 0.9513, lr_0 = 1.0547e-04
Validation rmse = 1.339955
Epoch 191
Loss = 2.7607e-02, PNorm = 45.1230, GNorm = 0.7961, lr_0 = 1.0516e-04
Loss = 3.6745e-02, PNorm = 45.1238, GNorm = 0.5558, lr_0 = 1.0487e-04
Loss = 2.1061e-02, PNorm = 45.1243, GNorm = 0.5375, lr_0 = 1.0459e-04
Loss = 2.3950e-02, PNorm = 45.1251, GNorm = 0.3903, lr_0 = 1.0431e-04
Validation rmse = 1.350171
Epoch 192
Loss = 3.0804e-02, PNorm = 45.1266, GNorm = 0.4171, lr_0 = 1.0403e-04
Loss = 2.2920e-02, PNorm = 45.1277, GNorm = 0.6979, lr_0 = 1.0375e-04
Loss = 3.9182e-02, PNorm = 45.1287, GNorm = 0.6561, lr_0 = 1.0347e-04
Loss = 2.3656e-02, PNorm = 45.1299, GNorm = 0.3967, lr_0 = 1.0319e-04
Validation rmse = 1.331571
Epoch 193
Loss = 1.2644e-02, PNorm = 45.1308, GNorm = 0.2866, lr_0 = 1.0291e-04
Loss = 2.0942e-02, PNorm = 45.1315, GNorm = 0.3994, lr_0 = 1.0263e-04
Loss = 2.3035e-02, PNorm = 45.1324, GNorm = 0.3414, lr_0 = 1.0235e-04
Loss = 3.6212e-02, PNorm = 45.1342, GNorm = 0.4064, lr_0 = 1.0208e-04
Loss = 2.8942e-02, PNorm = 45.1349, GNorm = 0.5198, lr_0 = 1.0180e-04
Validation rmse = 1.337476
Epoch 194
Loss = 2.1353e-02, PNorm = 45.1353, GNorm = 0.5241, lr_0 = 1.0153e-04
Loss = 3.0829e-02, PNorm = 45.1364, GNorm = 0.7339, lr_0 = 1.0125e-04
Loss = 2.8857e-02, PNorm = 45.1377, GNorm = 0.3639, lr_0 = 1.0098e-04
Loss = 2.6512e-02, PNorm = 45.1390, GNorm = 0.3729, lr_0 = 1.0071e-04
Validation rmse = 1.350239
Epoch 195
Loss = 5.2256e-02, PNorm = 45.1398, GNorm = 0.6074, lr_0 = 1.0043e-04
Loss = 1.9286e-02, PNorm = 45.1394, GNorm = 0.4032, lr_0 = 1.0016e-04
Loss = 2.6430e-02, PNorm = 45.1405, GNorm = 0.4231, lr_0 = 1.0000e-04
Loss = 2.1351e-02, PNorm = 45.1417, GNorm = 0.5765, lr_0 = 1.0000e-04
Loss = 2.9715e-02, PNorm = 45.1425, GNorm = 0.3267, lr_0 = 1.0000e-04
Loss = 6.2955e-02, PNorm = 45.1426, GNorm = 0.7610, lr_0 = 1.0000e-04
Validation rmse = 1.344359
Epoch 196
Loss = 2.4518e-02, PNorm = 45.1428, GNorm = 0.5030, lr_0 = 1.0000e-04
Loss = 2.0703e-02, PNorm = 45.1426, GNorm = 0.2696, lr_0 = 1.0000e-04
Loss = 3.2480e-02, PNorm = 45.1442, GNorm = 0.6231, lr_0 = 1.0000e-04
Loss = 3.2911e-02, PNorm = 45.1461, GNorm = 0.4490, lr_0 = 1.0000e-04
Validation rmse = 1.327441
Epoch 197
Loss = 3.4320e-02, PNorm = 45.1466, GNorm = 0.6829, lr_0 = 1.0000e-04
Loss = 2.8492e-02, PNorm = 45.1483, GNorm = 0.4745, lr_0 = 1.0000e-04
Loss = 1.8918e-02, PNorm = 45.1500, GNorm = 0.5400, lr_0 = 1.0000e-04
Loss = 2.5544e-02, PNorm = 45.1496, GNorm = 0.2877, lr_0 = 1.0000e-04
Validation rmse = 1.343316
Epoch 198
Loss = 2.6733e-02, PNorm = 45.1500, GNorm = 0.4793, lr_0 = 1.0000e-04
Loss = 1.9006e-02, PNorm = 45.1511, GNorm = 0.3994, lr_0 = 1.0000e-04
Loss = 2.2416e-02, PNorm = 45.1513, GNorm = 0.3100, lr_0 = 1.0000e-04
Loss = 2.7894e-02, PNorm = 45.1528, GNorm = 0.3273, lr_0 = 1.0000e-04
Loss = 3.5512e-02, PNorm = 45.1536, GNorm = 0.5597, lr_0 = 1.0000e-04
Validation rmse = 1.349504
Epoch 199
Loss = 3.2362e-02, PNorm = 45.1546, GNorm = 0.4166, lr_0 = 1.0000e-04
Loss = 2.2650e-02, PNorm = 45.1547, GNorm = 0.3076, lr_0 = 1.0000e-04
Loss = 1.9551e-02, PNorm = 45.1548, GNorm = 0.2131, lr_0 = 1.0000e-04
Loss = 2.6151e-02, PNorm = 45.1566, GNorm = 0.2892, lr_0 = 1.0000e-04
Validation rmse = 1.351071
Model 0 best validation rmse = 1.304732 on epoch 129
Loading pretrained parameter "encoder.encoder.0.cached_zero_vector".
Loading pretrained parameter "encoder.encoder.0.W_i.weight".
Loading pretrained parameter "encoder.encoder.0.W_h.weight".
Loading pretrained parameter "encoder.encoder.0.W_o.weight".
Loading pretrained parameter "encoder.encoder.0.W_o.bias".
Loading pretrained parameter "ffn.1.weight".
Loading pretrained parameter "ffn.1.bias".
Loading pretrained parameter "ffn.4.weight".
Loading pretrained parameter "ffn.4.bias".
Moving model to cuda
Model 0 test rmse = 1.307238
Ensemble test rmse = 1.307238
1-fold cross validation
	Seed 0 ==> test rmse = 1.307238
Overall test rmse = 1.307238 +/- 0.000000
Elapsed time = 0:03:34
