Command line
python /home/rxwangtw/miniconda3/envs/chemprop/bin/chemprop_train --data_path 2022_fold_0_train.csv --separate_test_path 2022_fold_0_test.csv --separate_val_path 2022_fold_0_valid.csv --save_dir model --save_preds --dataset_type regression --epoch 200 --target_columns logsol --number_of_molecules 2 --smiles_columns smiles solvent
Args
{'activation': 'ReLU',
 'adding_h': False,
 'aggregation': 'mean',
 'aggregation_norm': 100,
 'atom_descriptor_scaling': True,
 'atom_descriptors': None,
 'atom_descriptors_path': None,
 'atom_descriptors_size': 0,
 'atom_features_size': 0,
 'atom_messages': False,
 'batch_size': 50,
 'bias': False,
 'bias_solvent': False,
 'bond_feature_scaling': True,
 'bond_features_path': None,
 'bond_features_size': 0,
 'cache_cutoff': 10000,
 'checkpoint_dir': None,
 'checkpoint_frzn': None,
 'checkpoint_path': None,
 'checkpoint_paths': None,
 'class_balance': False,
 'config_path': None,
 'crossval_index_dir': None,
 'crossval_index_file': None,
 'crossval_index_sets': None,
 'cuda': True,
 'data_path': '2022_fold_0_train.csv',
 'data_weights_path': None,
 'dataset_type': 'regression',
 'depth': 3,
 'depth_solvent': 3,
 'device': device(type='cuda'),
 'dropout': 0.0,
 'empty_cache': False,
 'ensemble_size': 1,
 'epochs': 200,
 'evidential_regularization': 0,
 'explicit_h': False,
 'extra_metrics': [],
 'features_generator': None,
 'features_only': False,
 'features_path': None,
 'features_scaling': True,
 'features_size': None,
 'ffn_hidden_size': 300,
 'ffn_num_layers': 2,
 'final_lr': 0.0001,
 'folds_file': None,
 'freeze_first_only': False,
 'frzn_ffn_layers': 0,
 'gpu': None,
 'grad_clip': None,
 'hidden_size': 300,
 'hidden_size_solvent': 300,
 'ignore_columns': None,
 'init_lr': 0.0001,
 'log_frequency': 10,
 'loss_function': 'mse',
 'max_data_size': None,
 'max_lr': 0.001,
 'metric': 'rmse',
 'metrics': ['rmse'],
 'minimize_score': True,
 'mpn_shared': False,
 'multiclass_num_classes': 3,
 'no_atom_descriptor_scaling': False,
 'no_bond_features_scaling': False,
 'no_cache_mol': False,
 'no_cuda': False,
 'no_features_scaling': False,
 'num_folds': 1,
 'num_lrs': 1,
 'num_tasks': 1,
 'num_workers': 8,
 'number_of_molecules': 2,
 'overwrite_default_atom_features': False,
 'overwrite_default_bond_features': False,
 'phase_features_path': None,
 'pytorch_seed': 0,
 'quiet': False,
 'reaction': False,
 'reaction_mode': 'reac_diff',
 'reaction_solvent': False,
 'resume_experiment': False,
 'save_dir': 'model',
 'save_preds': True,
 'save_smiles_splits': False,
 'seed': 0,
 'separate_test_atom_descriptors_path': None,
 'separate_test_bond_features_path': None,
 'separate_test_features_path': None,
 'separate_test_path': '2022_fold_0_test.csv',
 'separate_test_phase_features_path': None,
 'separate_val_atom_descriptors_path': None,
 'separate_val_bond_features_path': None,
 'separate_val_features_path': None,
 'separate_val_path': '2022_fold_0_valid.csv',
 'separate_val_phase_features_path': None,
 'show_individual_scores': False,
 'smiles_columns': ['smiles', 'solvent'],
 'spectra_activation': 'exp',
 'spectra_phase_mask_path': None,
 'spectra_target_floor': 1e-08,
 'split_key_molecule': 0,
 'split_sizes': [1.0, 0.0, 0.0],
 'split_type': 'random',
 'target_columns': ['logsol'],
 'target_weights': None,
 'task_names': ['logsol'],
 'test': False,
 'test_fold_index': None,
 'train_data_size': None,
 'undirected': False,
 'use_input_features': False,
 'val_fold_index': None,
 'warmup_epochs': 2.0}
Setting molecule featurization parameters to default.
Loading data
Number of tasks = 1
Fold 0
Splitting data with seed 0
Total size = 2,189 | train size = 2,189 | val size = 267 | test size = 273
Fitting scaler
Building model 0
MoleculeModel(
  (encoder): MPN(
    (encoder): ModuleList(
      (0): MPNEncoder(
        (dropout_layer): Dropout(p=0.0, inplace=False)
        (act_func): ReLU()
        (W_i): Linear(in_features=147, out_features=300, bias=False)
        (W_h): Linear(in_features=300, out_features=300, bias=False)
        (W_o): Linear(in_features=433, out_features=300, bias=True)
      )
      (1): MPNEncoder(
        (dropout_layer): Dropout(p=0.0, inplace=False)
        (act_func): ReLU()
        (W_i): Linear(in_features=147, out_features=300, bias=False)
        (W_h): Linear(in_features=300, out_features=300, bias=False)
        (W_o): Linear(in_features=433, out_features=300, bias=True)
      )
    )
  )
  (ffn): Sequential(
    (0): Dropout(p=0.0, inplace=False)
    (1): Linear(in_features=600, out_features=300, bias=True)
    (2): ReLU()
    (3): Dropout(p=0.0, inplace=False)
    (4): Linear(in_features=300, out_features=1, bias=True)
  )
)
Number of parameters = 709,801
Moving model to cuda
Epoch 0
Loss = 9.4711e-01, PNorm = 45.8397, GNorm = 4.7588, lr_0 = 2.1512e-04
Loss = 9.4631e-01, PNorm = 45.8449, GNorm = 9.8105, lr_0 = 3.1977e-04
Loss = 9.0612e-01, PNorm = 45.8541, GNorm = 5.5486, lr_0 = 4.2442e-04
Loss = 1.0025e+00, PNorm = 45.8694, GNorm = 1.8239, lr_0 = 5.2907e-04
Validation rmse = 2.584608
Epoch 1
Loss = 8.0820e-01, PNorm = 45.8971, GNorm = 6.2192, lr_0 = 6.4419e-04
Loss = 8.5023e-01, PNorm = 45.9199, GNorm = 3.2858, lr_0 = 7.4884e-04
Loss = 7.9627e-01, PNorm = 45.9542, GNorm = 2.1820, lr_0 = 8.5349e-04
Loss = 8.5258e-01, PNorm = 46.0080, GNorm = 1.2199, lr_0 = 9.5814e-04
Validation rmse = 2.404419
Epoch 2
Loss = 9.1849e-01, PNorm = 46.0800, GNorm = 4.9292, lr_0 = 9.9838e-04
Loss = 7.2839e-01, PNorm = 46.1498, GNorm = 4.0994, lr_0 = 9.9568e-04
Loss = 7.2684e-01, PNorm = 46.2204, GNorm = 2.8468, lr_0 = 9.9299e-04
Loss = 6.7214e-01, PNorm = 46.2921, GNorm = 1.8598, lr_0 = 9.9031e-04
Loss = 7.6270e-01, PNorm = 46.3749, GNorm = 1.9532, lr_0 = 9.8764e-04
Validation rmse = 2.330398
Epoch 3
Loss = 5.9083e-01, PNorm = 46.4569, GNorm = 1.5295, lr_0 = 9.8497e-04
Loss = 6.3489e-01, PNorm = 46.5360, GNorm = 6.3441, lr_0 = 9.8231e-04
Loss = 6.4862e-01, PNorm = 46.6195, GNorm = 2.2229, lr_0 = 9.7966e-04
Loss = 7.2749e-01, PNorm = 46.7001, GNorm = 8.3278, lr_0 = 9.7701e-04
Validation rmse = 2.183145
Epoch 4
Loss = 5.5348e-01, PNorm = 46.7696, GNorm = 1.4697, lr_0 = 9.7437e-04
Loss = 5.2860e-01, PNorm = 46.8543, GNorm = 2.5539, lr_0 = 9.7174e-04
Loss = 5.8412e-01, PNorm = 46.9341, GNorm = 1.2121, lr_0 = 9.6912e-04
Loss = 5.5144e-01, PNorm = 47.0044, GNorm = 1.3554, lr_0 = 9.6650e-04
Validation rmse = 2.066544
Epoch 5
Loss = 4.3579e-01, PNorm = 47.0919, GNorm = 0.9639, lr_0 = 9.6363e-04
Loss = 4.6178e-01, PNorm = 47.1666, GNorm = 5.1657, lr_0 = 9.6102e-04
Loss = 5.1196e-01, PNorm = 47.2370, GNorm = 3.4558, lr_0 = 9.5843e-04
Loss = 5.1334e-01, PNorm = 47.3197, GNorm = 1.8590, lr_0 = 9.5584e-04
Loss = 6.2363e-01, PNorm = 47.4006, GNorm = 2.5785, lr_0 = 9.5326e-04
Validation rmse = 1.990619
Epoch 6
Loss = 4.6696e-01, PNorm = 47.4715, GNorm = 4.3163, lr_0 = 9.5068e-04
Loss = 4.5243e-01, PNorm = 47.5389, GNorm = 4.5333, lr_0 = 9.4812e-04
Loss = 4.6658e-01, PNorm = 47.6158, GNorm = 2.2322, lr_0 = 9.4556e-04
Loss = 4.9540e-01, PNorm = 47.6825, GNorm = 3.9574, lr_0 = 9.4300e-04
Validation rmse = 2.081193
Epoch 7
Loss = 4.9528e-01, PNorm = 47.7665, GNorm = 3.3133, lr_0 = 9.4046e-04
Loss = 4.8455e-01, PNorm = 47.8324, GNorm = 2.7247, lr_0 = 9.3792e-04
Loss = 3.9441e-01, PNorm = 47.8873, GNorm = 1.6462, lr_0 = 9.3538e-04
Loss = 3.6327e-01, PNorm = 47.9695, GNorm = 1.9678, lr_0 = 9.3286e-04
Loss = 4.4413e-01, PNorm = 48.0351, GNorm = 2.5169, lr_0 = 9.3034e-04
Validation rmse = 2.309355
Epoch 8
Loss = 4.7182e-01, PNorm = 48.1017, GNorm = 1.2143, lr_0 = 9.2782e-04
Loss = 4.3473e-01, PNorm = 48.1644, GNorm = 4.7745, lr_0 = 9.2532e-04
Loss = 4.1943e-01, PNorm = 48.2309, GNorm = 0.7826, lr_0 = 9.2282e-04
Loss = 4.3710e-01, PNorm = 48.3114, GNorm = 1.4704, lr_0 = 9.2033e-04
Validation rmse = 1.743551
Epoch 9
Loss = 3.0652e-01, PNorm = 48.3657, GNorm = 1.9633, lr_0 = 9.1784e-04
Loss = 3.0326e-01, PNorm = 48.4231, GNorm = 2.2416, lr_0 = 9.1536e-04
Loss = 3.2114e-01, PNorm = 48.4750, GNorm = 6.3583, lr_0 = 9.1289e-04
Loss = 4.6148e-01, PNorm = 48.5424, GNorm = 0.9897, lr_0 = 9.1042e-04
Validation rmse = 1.827247
Epoch 10
Loss = 4.4177e-01, PNorm = 48.6240, GNorm = 2.9989, lr_0 = 9.0772e-04
Loss = 3.1992e-01, PNorm = 48.6952, GNorm = 0.9603, lr_0 = 9.0527e-04
Loss = 3.6156e-01, PNorm = 48.7533, GNorm = 1.0640, lr_0 = 9.0282e-04
Loss = 3.1833e-01, PNorm = 48.8130, GNorm = 2.5236, lr_0 = 9.0038e-04
Loss = 3.7487e-01, PNorm = 48.8727, GNorm = 1.9911, lr_0 = 8.9795e-04
Validation rmse = 1.645217
Epoch 11
Loss = 2.5086e-01, PNorm = 48.9220, GNorm = 1.2426, lr_0 = 8.9553e-04
Loss = 2.8148e-01, PNorm = 48.9767, GNorm = 3.2423, lr_0 = 8.9311e-04
Loss = 3.7846e-01, PNorm = 49.0344, GNorm = 1.7688, lr_0 = 8.9070e-04
Loss = 2.8462e-01, PNorm = 49.1020, GNorm = 2.5234, lr_0 = 8.8829e-04
Validation rmse = 1.575478
Epoch 12
Loss = 2.0784e-01, PNorm = 49.1569, GNorm = 0.6628, lr_0 = 8.8589e-04
Loss = 2.3208e-01, PNorm = 49.2077, GNorm = 1.2392, lr_0 = 8.8350e-04
Loss = 2.8318e-01, PNorm = 49.2520, GNorm = 2.1471, lr_0 = 8.8111e-04
Loss = 3.0138e-01, PNorm = 49.3051, GNorm = 1.1698, lr_0 = 8.7873e-04
Validation rmse = 1.481837
Epoch 13
Loss = 2.0901e-01, PNorm = 49.3696, GNorm = 1.5646, lr_0 = 8.7636e-04
Loss = 2.3627e-01, PNorm = 49.4309, GNorm = 2.0366, lr_0 = 8.7399e-04
Loss = 2.5514e-01, PNorm = 49.4763, GNorm = 1.3177, lr_0 = 8.7163e-04
Loss = 2.7809e-01, PNorm = 49.5242, GNorm = 1.1899, lr_0 = 8.6928e-04
Loss = 2.4787e-01, PNorm = 49.5766, GNorm = 1.5990, lr_0 = 8.6693e-04
Validation rmse = 1.637007
Epoch 14
Loss = 2.1386e-01, PNorm = 49.6253, GNorm = 2.3896, lr_0 = 8.6436e-04
Loss = 2.3150e-01, PNorm = 49.6749, GNorm = 3.2800, lr_0 = 8.6202e-04
Loss = 2.8550e-01, PNorm = 49.7122, GNorm = 2.1466, lr_0 = 8.5969e-04
Loss = 2.7896e-01, PNorm = 49.7621, GNorm = 1.7316, lr_0 = 8.5737e-04
Validation rmse = 1.660207
Epoch 15
Loss = 2.0608e-01, PNorm = 49.8028, GNorm = 1.5927, lr_0 = 8.5506e-04
Loss = 2.2871e-01, PNorm = 49.8585, GNorm = 3.9208, lr_0 = 8.5275e-04
Loss = 1.9062e-01, PNorm = 49.9025, GNorm = 1.3856, lr_0 = 8.5044e-04
Loss = 2.5763e-01, PNorm = 49.9475, GNorm = 1.2329, lr_0 = 8.4815e-04
Loss = 3.0935e-01, PNorm = 49.9949, GNorm = 1.5543, lr_0 = 8.4586e-04
Validation rmse = 1.616601
Epoch 16
Loss = 2.4294e-01, PNorm = 50.0437, GNorm = 3.1336, lr_0 = 8.4357e-04
Loss = 2.5214e-01, PNorm = 50.1010, GNorm = 1.4312, lr_0 = 8.4129e-04
Loss = 2.3157e-01, PNorm = 50.1486, GNorm = 3.7270, lr_0 = 8.3902e-04
Loss = 2.1874e-01, PNorm = 50.1944, GNorm = 2.7044, lr_0 = 8.3675e-04
Validation rmse = 1.543937
Epoch 17
Loss = 2.3814e-01, PNorm = 50.2316, GNorm = 2.4447, lr_0 = 8.3449e-04
Loss = 1.9241e-01, PNorm = 50.2625, GNorm = 1.2917, lr_0 = 8.3224e-04
Loss = 1.8231e-01, PNorm = 50.2966, GNorm = 0.9476, lr_0 = 8.2999e-04
Loss = 2.2661e-01, PNorm = 50.3439, GNorm = 2.1077, lr_0 = 8.2775e-04
Validation rmse = 1.599778
Epoch 18
Loss = 2.1974e-01, PNorm = 50.4024, GNorm = 3.5144, lr_0 = 8.2552e-04
Loss = 3.2303e-01, PNorm = 50.4528, GNorm = 1.1196, lr_0 = 8.2329e-04
Loss = 2.3151e-01, PNorm = 50.4973, GNorm = 1.4112, lr_0 = 8.2106e-04
Loss = 1.7495e-01, PNorm = 50.5491, GNorm = 2.0331, lr_0 = 8.1885e-04
Loss = 2.1913e-01, PNorm = 50.5887, GNorm = 1.8771, lr_0 = 8.1663e-04
Validation rmse = 1.458580
Epoch 19
Loss = 1.7558e-01, PNorm = 50.6286, GNorm = 1.2319, lr_0 = 8.1421e-04
Loss = 2.0570e-01, PNorm = 50.6746, GNorm = 1.2924, lr_0 = 8.1201e-04
Loss = 1.8611e-01, PNorm = 50.7127, GNorm = 1.5635, lr_0 = 8.0982e-04
Loss = 1.8314e-01, PNorm = 50.7449, GNorm = 1.5828, lr_0 = 8.0763e-04
Validation rmse = 1.507917
Epoch 20
Loss = 1.8303e-01, PNorm = 50.7798, GNorm = 1.3922, lr_0 = 8.0545e-04
Loss = 1.6586e-01, PNorm = 50.8212, GNorm = 1.3083, lr_0 = 8.0327e-04
Loss = 1.9994e-01, PNorm = 50.8686, GNorm = 2.4223, lr_0 = 8.0110e-04
Loss = 1.7224e-01, PNorm = 50.9077, GNorm = 0.9302, lr_0 = 7.9894e-04
Validation rmse = 1.417441
Epoch 21
Loss = 1.4468e-01, PNorm = 50.9284, GNorm = 2.0296, lr_0 = 7.9678e-04
Loss = 1.5658e-01, PNorm = 50.9570, GNorm = 2.5445, lr_0 = 7.9463e-04
Loss = 1.4834e-01, PNorm = 50.9932, GNorm = 2.2762, lr_0 = 7.9248e-04
Loss = 2.1358e-01, PNorm = 51.0349, GNorm = 2.4642, lr_0 = 7.9034e-04
Loss = 2.0150e-01, PNorm = 51.0731, GNorm = 1.6780, lr_0 = 7.8821e-04
Validation rmse = 1.610050
Epoch 22
Loss = 1.6797e-01, PNorm = 51.1107, GNorm = 1.1538, lr_0 = 7.8608e-04
Loss = 1.5576e-01, PNorm = 51.1498, GNorm = 1.0666, lr_0 = 7.8396e-04
Loss = 1.8212e-01, PNorm = 51.1815, GNorm = 1.3107, lr_0 = 7.8184e-04
Loss = 1.6645e-01, PNorm = 51.2221, GNorm = 1.7520, lr_0 = 7.7973e-04
Validation rmse = 1.622958
Epoch 23
Loss = 1.7885e-01, PNorm = 51.2686, GNorm = 1.9484, lr_0 = 7.7741e-04
Loss = 1.7209e-01, PNorm = 51.3100, GNorm = 1.5695, lr_0 = 7.7531e-04
Loss = 1.8535e-01, PNorm = 51.3494, GNorm = 0.9010, lr_0 = 7.7322e-04
Loss = 1.5740e-01, PNorm = 51.3817, GNorm = 0.8387, lr_0 = 7.7113e-04
Loss = 1.3868e-01, PNorm = 51.4118, GNorm = 1.7128, lr_0 = 7.6905e-04
Validation rmse = 1.462220
Epoch 24
Loss = 1.5090e-01, PNorm = 51.4364, GNorm = 2.7979, lr_0 = 7.6697e-04
Loss = 1.5516e-01, PNorm = 51.4778, GNorm = 2.0451, lr_0 = 7.6490e-04
Loss = 1.5908e-01, PNorm = 51.5152, GNorm = 2.6001, lr_0 = 7.6283e-04
Loss = 1.7367e-01, PNorm = 51.5513, GNorm = 1.1860, lr_0 = 7.6077e-04
Validation rmse = 1.517894
Epoch 25
Loss = 1.7446e-01, PNorm = 51.5980, GNorm = 2.8713, lr_0 = 7.5872e-04
Loss = 1.5264e-01, PNorm = 51.6362, GNorm = 0.7433, lr_0 = 7.5667e-04
Loss = 1.1642e-01, PNorm = 51.6730, GNorm = 0.8035, lr_0 = 7.5462e-04
Loss = 1.9000e-01, PNorm = 51.6955, GNorm = 1.1556, lr_0 = 7.5259e-04
Validation rmse = 1.398474
Epoch 26
Loss = 1.7121e-01, PNorm = 51.7260, GNorm = 2.1519, lr_0 = 7.5055e-04
Loss = 1.3448e-01, PNorm = 51.7670, GNorm = 0.9132, lr_0 = 7.4853e-04
Loss = 1.3766e-01, PNorm = 51.8046, GNorm = 1.3840, lr_0 = 7.4650e-04
Loss = 1.1929e-01, PNorm = 51.8424, GNorm = 1.3032, lr_0 = 7.4449e-04
Loss = 1.5134e-01, PNorm = 51.8676, GNorm = 1.7207, lr_0 = 7.4248e-04
Validation rmse = 1.477006
Epoch 27
Loss = 1.3849e-01, PNorm = 51.8924, GNorm = 2.1841, lr_0 = 7.4047e-04
Loss = 1.2408e-01, PNorm = 51.9210, GNorm = 1.3115, lr_0 = 7.3847e-04
Loss = 1.4093e-01, PNorm = 51.9463, GNorm = 2.0184, lr_0 = 7.3648e-04
Loss = 1.4006e-01, PNorm = 51.9758, GNorm = 1.5173, lr_0 = 7.3449e-04
Validation rmse = 1.540240
Epoch 28
Loss = 1.2625e-01, PNorm = 52.0163, GNorm = 1.0439, lr_0 = 7.3231e-04
Loss = 1.6440e-01, PNorm = 52.0482, GNorm = 3.7605, lr_0 = 7.3033e-04
Loss = 1.0946e-01, PNorm = 52.0777, GNorm = 0.9501, lr_0 = 7.2836e-04
Loss = 1.1007e-01, PNorm = 52.1070, GNorm = 0.7784, lr_0 = 7.2639e-04
Validation rmse = 1.432640
Epoch 29
Loss = 1.2213e-01, PNorm = 52.1266, GNorm = 1.4671, lr_0 = 7.2443e-04
Loss = 1.1811e-01, PNorm = 52.1493, GNorm = 1.0219, lr_0 = 7.2247e-04
Loss = 1.4126e-01, PNorm = 52.1798, GNorm = 1.0599, lr_0 = 7.2052e-04
Loss = 1.3039e-01, PNorm = 52.2074, GNorm = 2.7532, lr_0 = 7.1857e-04
Loss = 1.3014e-01, PNorm = 52.2405, GNorm = 1.3759, lr_0 = 7.1663e-04
Validation rmse = 1.477904
Epoch 30
Loss = 8.7229e-02, PNorm = 52.2684, GNorm = 0.7946, lr_0 = 7.1470e-04
Loss = 9.2626e-02, PNorm = 52.2938, GNorm = 0.8263, lr_0 = 7.1277e-04
Loss = 1.5506e-01, PNorm = 52.3196, GNorm = 0.5759, lr_0 = 7.1084e-04
Loss = 1.2058e-01, PNorm = 52.3372, GNorm = 1.8078, lr_0 = 7.0892e-04
Validation rmse = 1.458606
Epoch 31
Loss = 1.4269e-01, PNorm = 52.3661, GNorm = 2.8035, lr_0 = 7.0701e-04
Loss = 1.4874e-01, PNorm = 52.4038, GNorm = 0.8173, lr_0 = 7.0510e-04
Loss = 1.0536e-01, PNorm = 52.4330, GNorm = 0.8344, lr_0 = 7.0319e-04
Loss = 1.0374e-01, PNorm = 52.4637, GNorm = 1.0506, lr_0 = 7.0130e-04
Loss = 1.3882e-01, PNorm = 52.4883, GNorm = 1.5861, lr_0 = 6.9940e-04
Loss = 4.8754e-02, PNorm = 52.4909, GNorm = 0.7168, lr_0 = 6.9921e-04
Validation rmse = 1.479273
Epoch 32
Loss = 1.0073e-01, PNorm = 52.5163, GNorm = 1.2977, lr_0 = 6.9732e-04
Loss = 1.0534e-01, PNorm = 52.5385, GNorm = 0.8640, lr_0 = 6.9544e-04
Loss = 9.4824e-02, PNorm = 52.5569, GNorm = 1.1082, lr_0 = 6.9356e-04
Loss = 1.3619e-01, PNorm = 52.5824, GNorm = 1.1925, lr_0 = 6.9169e-04
Validation rmse = 1.405051
Epoch 33
Loss = 8.2440e-02, PNorm = 52.6140, GNorm = 1.2743, lr_0 = 6.8982e-04
Loss = 1.3788e-01, PNorm = 52.6431, GNorm = 1.0379, lr_0 = 6.8796e-04
Loss = 1.0127e-01, PNorm = 52.6772, GNorm = 2.1996, lr_0 = 6.8610e-04
Loss = 1.1167e-01, PNorm = 52.7082, GNorm = 1.5373, lr_0 = 6.8425e-04
Validation rmse = 1.405643
Epoch 34
Loss = 9.7579e-02, PNorm = 52.7292, GNorm = 1.0827, lr_0 = 6.8240e-04
Loss = 1.4827e-01, PNorm = 52.7533, GNorm = 0.9353, lr_0 = 6.8056e-04
Loss = 9.0558e-02, PNorm = 52.7816, GNorm = 0.6293, lr_0 = 6.7872e-04
Loss = 1.0111e-01, PNorm = 52.8131, GNorm = 1.1832, lr_0 = 6.7688e-04
Loss = 8.1617e-02, PNorm = 52.8373, GNorm = 1.1247, lr_0 = 6.7506e-04
Validation rmse = 1.398753
Epoch 35
Loss = 6.6772e-02, PNorm = 52.8553, GNorm = 0.9021, lr_0 = 6.7323e-04
Loss = 8.9068e-02, PNorm = 52.8797, GNorm = 1.5947, lr_0 = 6.7141e-04
Loss = 1.2593e-01, PNorm = 52.9076, GNorm = 0.8815, lr_0 = 6.6960e-04
Loss = 1.1412e-01, PNorm = 52.9314, GNorm = 1.6022, lr_0 = 6.6779e-04
Validation rmse = 1.562350
Epoch 36
Loss = 1.5218e-01, PNorm = 52.9607, GNorm = 2.7189, lr_0 = 6.6599e-04
Loss = 9.9681e-02, PNorm = 52.9928, GNorm = 1.8738, lr_0 = 6.6419e-04
Loss = 7.5769e-02, PNorm = 53.0111, GNorm = 0.8771, lr_0 = 6.6240e-04
Loss = 1.1612e-01, PNorm = 53.0342, GNorm = 1.3448, lr_0 = 6.6061e-04
Validation rmse = 1.456889
Epoch 37
Loss = 6.2785e-02, PNorm = 53.0678, GNorm = 0.7279, lr_0 = 6.5865e-04
Loss = 7.9238e-02, PNorm = 53.0930, GNorm = 0.6904, lr_0 = 6.5687e-04
Loss = 7.4929e-02, PNorm = 53.1133, GNorm = 1.2824, lr_0 = 6.5509e-04
Loss = 1.2009e-01, PNorm = 53.1295, GNorm = 1.5901, lr_0 = 6.5332e-04
Loss = 8.9432e-02, PNorm = 53.1490, GNorm = 1.2639, lr_0 = 6.5156e-04
Validation rmse = 1.447859
Epoch 38
Loss = 6.9881e-02, PNorm = 53.1798, GNorm = 0.8932, lr_0 = 6.4980e-04
Loss = 8.8791e-02, PNorm = 53.2067, GNorm = 0.6286, lr_0 = 6.4804e-04
Loss = 1.0754e-01, PNorm = 53.2261, GNorm = 1.0180, lr_0 = 6.4629e-04
Loss = 1.0780e-01, PNorm = 53.2531, GNorm = 1.8799, lr_0 = 6.4455e-04
Validation rmse = 1.407666
Epoch 39
Loss = 6.4685e-02, PNorm = 53.2746, GNorm = 0.6105, lr_0 = 6.4281e-04
Loss = 9.1594e-02, PNorm = 53.3016, GNorm = 0.9456, lr_0 = 6.4107e-04
Loss = 7.5130e-02, PNorm = 53.3244, GNorm = 0.4717, lr_0 = 6.3934e-04
Loss = 1.1274e-01, PNorm = 53.3439, GNorm = 2.5990, lr_0 = 6.3761e-04
Loss = 8.1314e-02, PNorm = 53.3713, GNorm = 0.8394, lr_0 = 6.3589e-04
Validation rmse = 1.419279
Epoch 40
Loss = 6.8021e-02, PNorm = 53.3896, GNorm = 0.8228, lr_0 = 6.3417e-04
Loss = 8.1132e-02, PNorm = 53.4033, GNorm = 0.7654, lr_0 = 6.3246e-04
Loss = 6.5013e-02, PNorm = 53.4285, GNorm = 0.9080, lr_0 = 6.3075e-04
Loss = 1.0552e-01, PNorm = 53.4521, GNorm = 0.5089, lr_0 = 6.2905e-04
Validation rmse = 1.557433
Epoch 41
Loss = 9.9987e-02, PNorm = 53.4817, GNorm = 1.5372, lr_0 = 6.2718e-04
Loss = 1.1196e-01, PNorm = 53.5093, GNorm = 1.4777, lr_0 = 6.2549e-04
Loss = 1.0643e-01, PNorm = 53.5353, GNorm = 2.1409, lr_0 = 6.2380e-04
Loss = 7.6168e-02, PNorm = 53.5602, GNorm = 1.0900, lr_0 = 6.2211e-04
Validation rmse = 1.383276
Epoch 42
Loss = 7.9846e-02, PNorm = 53.5834, GNorm = 0.6878, lr_0 = 6.2043e-04
Loss = 6.6574e-02, PNorm = 53.6094, GNorm = 1.0270, lr_0 = 6.1876e-04
Loss = 9.2339e-02, PNorm = 53.6338, GNorm = 1.5231, lr_0 = 6.1709e-04
Loss = 7.3043e-02, PNorm = 53.6520, GNorm = 1.0417, lr_0 = 6.1542e-04
Loss = 7.3374e-02, PNorm = 53.6704, GNorm = 0.9077, lr_0 = 6.1376e-04
Validation rmse = 1.402611
Epoch 43
Loss = 5.8522e-02, PNorm = 53.6853, GNorm = 1.1851, lr_0 = 6.1210e-04
Loss = 6.6319e-02, PNorm = 53.7025, GNorm = 0.7596, lr_0 = 6.1045e-04
Loss = 8.9995e-02, PNorm = 53.7203, GNorm = 0.8071, lr_0 = 6.0880e-04
Loss = 7.9015e-02, PNorm = 53.7406, GNorm = 1.3793, lr_0 = 6.0715e-04
Validation rmse = 1.531270
Epoch 44
Loss = 9.4081e-02, PNorm = 53.7662, GNorm = 0.5899, lr_0 = 6.0551e-04
Loss = 8.1811e-02, PNorm = 53.7893, GNorm = 1.8445, lr_0 = 6.0388e-04
Loss = 7.3645e-02, PNorm = 53.8183, GNorm = 0.8071, lr_0 = 6.0225e-04
Loss = 6.1963e-02, PNorm = 53.8431, GNorm = 0.5829, lr_0 = 6.0062e-04
Loss = 9.5886e-02, PNorm = 53.8582, GNorm = 1.1003, lr_0 = 5.9900e-04
Validation rmse = 1.419958
Epoch 45
Loss = 7.1106e-02, PNorm = 53.8726, GNorm = 0.9100, lr_0 = 5.9738e-04
Loss = 8.6445e-02, PNorm = 53.8891, GNorm = 2.0219, lr_0 = 5.9577e-04
Loss = 7.3915e-02, PNorm = 53.9113, GNorm = 1.1018, lr_0 = 5.9416e-04
Loss = 6.8233e-02, PNorm = 53.9337, GNorm = 0.8863, lr_0 = 5.9255e-04
Validation rmse = 1.422717
Epoch 46
Loss = 6.3510e-02, PNorm = 53.9503, GNorm = 1.3487, lr_0 = 5.9079e-04
Loss = 6.7859e-02, PNorm = 53.9632, GNorm = 0.6178, lr_0 = 5.8920e-04
Loss = 6.0363e-02, PNorm = 53.9830, GNorm = 0.9598, lr_0 = 5.8761e-04
Loss = 1.1722e-01, PNorm = 54.0084, GNorm = 0.9386, lr_0 = 5.8602e-04
Validation rmse = 1.427855
Epoch 47
Loss = 5.3712e-02, PNorm = 54.0252, GNorm = 0.6960, lr_0 = 5.8444e-04
Loss = 7.0209e-02, PNorm = 54.0485, GNorm = 0.4126, lr_0 = 5.8286e-04
Loss = 8.3984e-02, PNorm = 54.0763, GNorm = 2.1604, lr_0 = 5.8128e-04
Loss = 7.0987e-02, PNorm = 54.0962, GNorm = 0.7954, lr_0 = 5.7971e-04
Loss = 5.9550e-02, PNorm = 54.1145, GNorm = 0.6817, lr_0 = 5.7815e-04
Validation rmse = 1.472955
Epoch 48
Loss = 6.8504e-02, PNorm = 54.1301, GNorm = 1.6819, lr_0 = 5.7659e-04
Loss = 6.6325e-02, PNorm = 54.1489, GNorm = 0.4372, lr_0 = 5.7503e-04
Loss = 6.3234e-02, PNorm = 54.1659, GNorm = 0.5387, lr_0 = 5.7348e-04
Loss = 6.4651e-02, PNorm = 54.1783, GNorm = 0.8888, lr_0 = 5.7193e-04
Validation rmse = 1.448396
Epoch 49
Loss = 6.0139e-02, PNorm = 54.1972, GNorm = 1.0533, lr_0 = 5.7038e-04
Loss = 5.9474e-02, PNorm = 54.2194, GNorm = 0.4526, lr_0 = 5.6884e-04
Loss = 5.9475e-02, PNorm = 54.2344, GNorm = 0.5892, lr_0 = 5.6731e-04
Loss = 6.4061e-02, PNorm = 54.2500, GNorm = 1.1476, lr_0 = 5.6577e-04
Validation rmse = 1.412700
Epoch 50
Loss = 6.8628e-02, PNorm = 54.2669, GNorm = 0.8272, lr_0 = 5.6425e-04
Loss = 5.6428e-02, PNorm = 54.2841, GNorm = 0.5812, lr_0 = 5.6272e-04
Loss = 4.8367e-02, PNorm = 54.2998, GNorm = 0.6530, lr_0 = 5.6120e-04
Loss = 5.9253e-02, PNorm = 54.3095, GNorm = 0.3998, lr_0 = 5.5969e-04
Loss = 6.6681e-02, PNorm = 54.3280, GNorm = 1.5015, lr_0 = 5.5817e-04
Validation rmse = 1.431665
Epoch 51
Loss = 4.2879e-02, PNorm = 54.3509, GNorm = 1.4093, lr_0 = 5.5652e-04
Loss = 5.9527e-02, PNorm = 54.3636, GNorm = 0.8229, lr_0 = 5.5501e-04
Loss = 6.2475e-02, PNorm = 54.3761, GNorm = 1.6933, lr_0 = 5.5351e-04
Loss = 6.3916e-02, PNorm = 54.3911, GNorm = 0.4578, lr_0 = 5.5202e-04
Validation rmse = 1.453465
Epoch 52
Loss = 5.5777e-02, PNorm = 54.4098, GNorm = 0.5803, lr_0 = 5.5053e-04
Loss = 4.3640e-02, PNorm = 54.4287, GNorm = 0.5591, lr_0 = 5.4904e-04
Loss = 6.0570e-02, PNorm = 54.4417, GNorm = 0.7345, lr_0 = 5.4756e-04
Loss = 6.3139e-02, PNorm = 54.4541, GNorm = 1.3889, lr_0 = 5.4608e-04
Loss = 4.3859e-02, PNorm = 54.4722, GNorm = 0.7053, lr_0 = 5.4461e-04
Validation rmse = 1.469348
Epoch 53
Loss = 4.0168e-02, PNorm = 54.4851, GNorm = 0.6591, lr_0 = 5.4313e-04
Loss = 4.7399e-02, PNorm = 54.4940, GNorm = 0.6036, lr_0 = 5.4167e-04
Loss = 4.3348e-02, PNorm = 54.5068, GNorm = 0.9492, lr_0 = 5.4020e-04
Loss = 6.6164e-02, PNorm = 54.5226, GNorm = 1.9826, lr_0 = 5.3875e-04
Validation rmse = 1.492911
Epoch 54
Loss = 8.1069e-02, PNorm = 54.5404, GNorm = 0.4631, lr_0 = 5.3729e-04
Loss = 5.2301e-02, PNorm = 54.5564, GNorm = 1.1131, lr_0 = 5.3584e-04
Loss = 4.2775e-02, PNorm = 54.5741, GNorm = 0.4147, lr_0 = 5.3439e-04
Loss = 5.0054e-02, PNorm = 54.5903, GNorm = 0.7684, lr_0 = 5.3295e-04
Validation rmse = 1.416550
Epoch 55
Loss = 3.6944e-02, PNorm = 54.6057, GNorm = 0.5511, lr_0 = 5.3137e-04
Loss = 4.2037e-02, PNorm = 54.6209, GNorm = 0.5173, lr_0 = 5.2993e-04
Loss = 4.8996e-02, PNorm = 54.6345, GNorm = 0.6971, lr_0 = 5.2850e-04
Loss = 4.8784e-02, PNorm = 54.6485, GNorm = 0.6829, lr_0 = 5.2707e-04
Loss = 5.0758e-02, PNorm = 54.6629, GNorm = 1.3635, lr_0 = 5.2565e-04
Validation rmse = 1.460804
Epoch 56
Loss = 3.3212e-02, PNorm = 54.6738, GNorm = 0.4506, lr_0 = 5.2423e-04
Loss = 3.7436e-02, PNorm = 54.6850, GNorm = 0.5883, lr_0 = 5.2281e-04
Loss = 6.1907e-02, PNorm = 54.7080, GNorm = 0.8033, lr_0 = 5.2140e-04
Loss = 4.5996e-02, PNorm = 54.7209, GNorm = 0.9649, lr_0 = 5.1999e-04
Validation rmse = 1.446155
Epoch 57
Loss = 2.6903e-02, PNorm = 54.7316, GNorm = 0.5817, lr_0 = 5.1859e-04
Loss = 5.3215e-02, PNorm = 54.7436, GNorm = 0.4550, lr_0 = 5.1719e-04
Loss = 3.8617e-02, PNorm = 54.7582, GNorm = 0.5652, lr_0 = 5.1579e-04
Loss = 4.0441e-02, PNorm = 54.7738, GNorm = 1.3416, lr_0 = 5.1440e-04
Validation rmse = 1.432263
Epoch 58
Loss = 7.2277e-02, PNorm = 54.7863, GNorm = 0.9257, lr_0 = 5.1301e-04
Loss = 4.4464e-02, PNorm = 54.7972, GNorm = 1.5953, lr_0 = 5.1162e-04
Loss = 4.5711e-02, PNorm = 54.8115, GNorm = 1.1064, lr_0 = 5.1024e-04
Loss = 4.6173e-02, PNorm = 54.8217, GNorm = 0.5122, lr_0 = 5.0886e-04
Loss = 3.3487e-02, PNorm = 54.8318, GNorm = 0.6617, lr_0 = 5.0749e-04
Validation rmse = 1.404045
Epoch 59
Loss = 4.3518e-02, PNorm = 54.8471, GNorm = 0.6194, lr_0 = 5.0612e-04
Loss = 4.6905e-02, PNorm = 54.8631, GNorm = 1.3895, lr_0 = 5.0475e-04
Loss = 4.1786e-02, PNorm = 54.8789, GNorm = 0.5771, lr_0 = 5.0339e-04
Loss = 5.0813e-02, PNorm = 54.8968, GNorm = 0.5401, lr_0 = 5.0203e-04
Validation rmse = 1.410151
Epoch 60
Loss = 2.6315e-02, PNorm = 54.9122, GNorm = 0.6842, lr_0 = 5.0054e-04
Loss = 3.8360e-02, PNorm = 54.9195, GNorm = 0.6362, lr_0 = 4.9919e-04
Loss = 3.9488e-02, PNorm = 54.9247, GNorm = 1.0552, lr_0 = 4.9784e-04
Loss = 4.6105e-02, PNorm = 54.9381, GNorm = 0.6587, lr_0 = 4.9649e-04
Loss = 5.7310e-02, PNorm = 54.9564, GNorm = 0.8164, lr_0 = 4.9515e-04
Validation rmse = 1.408587
Epoch 61
Loss = 3.4379e-02, PNorm = 54.9716, GNorm = 0.4995, lr_0 = 4.9381e-04
Loss = 3.4278e-02, PNorm = 54.9819, GNorm = 0.5300, lr_0 = 4.9248e-04
Loss = 4.7233e-02, PNorm = 54.9935, GNorm = 0.8813, lr_0 = 4.9115e-04
Loss = 4.8362e-02, PNorm = 55.0082, GNorm = 0.7326, lr_0 = 4.8982e-04
Validation rmse = 1.427715
Epoch 62
Loss = 3.2131e-02, PNorm = 55.0211, GNorm = 1.2857, lr_0 = 4.8850e-04
Loss = 3.7428e-02, PNorm = 55.0320, GNorm = 0.8353, lr_0 = 4.8718e-04
Loss = 3.6309e-02, PNorm = 55.0440, GNorm = 0.4487, lr_0 = 4.8587e-04
Loss = 4.3596e-02, PNorm = 55.0546, GNorm = 0.5772, lr_0 = 4.8455e-04
Validation rmse = 1.431903
Epoch 63
Loss = 3.2565e-02, PNorm = 55.0718, GNorm = 0.5731, lr_0 = 4.8324e-04
Loss = 4.0838e-02, PNorm = 55.0868, GNorm = 0.7184, lr_0 = 4.8194e-04
Loss = 2.9202e-02, PNorm = 55.0966, GNorm = 0.5007, lr_0 = 4.8064e-04
Loss = 4.3385e-02, PNorm = 55.1073, GNorm = 0.9435, lr_0 = 4.7934e-04
Loss = 3.8410e-02, PNorm = 55.1232, GNorm = 0.6369, lr_0 = 4.7805e-04
Validation rmse = 1.431492
Epoch 64
Loss = 5.4776e-02, PNorm = 55.1379, GNorm = 0.9766, lr_0 = 4.7663e-04
Loss = 3.1772e-02, PNorm = 55.1521, GNorm = 1.0632, lr_0 = 4.7534e-04
Loss = 2.9879e-02, PNorm = 55.1652, GNorm = 0.4828, lr_0 = 4.7405e-04
Loss = 3.7067e-02, PNorm = 55.1761, GNorm = 0.4043, lr_0 = 4.7277e-04
Validation rmse = 1.443217
Epoch 65
Loss = 4.2274e-02, PNorm = 55.1911, GNorm = 0.8175, lr_0 = 4.7150e-04
Loss = 3.9944e-02, PNorm = 55.2034, GNorm = 0.8145, lr_0 = 4.7022e-04
Loss = 3.1044e-02, PNorm = 55.2106, GNorm = 0.6692, lr_0 = 4.6895e-04
Loss = 3.3953e-02, PNorm = 55.2185, GNorm = 0.4758, lr_0 = 4.6769e-04
Validation rmse = 1.422324
Epoch 66
Loss = 6.4101e-02, PNorm = 55.2261, GNorm = 1.2274, lr_0 = 4.6642e-04
Loss = 3.9249e-02, PNorm = 55.2368, GNorm = 0.5698, lr_0 = 4.6516e-04
Loss = 3.1908e-02, PNorm = 55.2489, GNorm = 0.5828, lr_0 = 4.6391e-04
Loss = 3.5629e-02, PNorm = 55.2632, GNorm = 0.5018, lr_0 = 4.6265e-04
Loss = 3.1163e-02, PNorm = 55.2724, GNorm = 0.6608, lr_0 = 4.6141e-04
Validation rmse = 1.362290
Epoch 67
Loss = 3.2192e-02, PNorm = 55.2816, GNorm = 0.6789, lr_0 = 4.6016e-04
Loss = 2.9566e-02, PNorm = 55.2923, GNorm = 0.9174, lr_0 = 4.5892e-04
Loss = 2.9175e-02, PNorm = 55.3012, GNorm = 1.0024, lr_0 = 4.5768e-04
Loss = 3.6009e-02, PNorm = 55.3095, GNorm = 0.7383, lr_0 = 4.5644e-04
Validation rmse = 1.431289
Epoch 68
Loss = 2.8553e-02, PNorm = 55.3242, GNorm = 0.5332, lr_0 = 4.5521e-04
Loss = 2.7153e-02, PNorm = 55.3345, GNorm = 0.3571, lr_0 = 4.5398e-04
Loss = 3.6981e-02, PNorm = 55.3440, GNorm = 0.8982, lr_0 = 4.5275e-04
Loss = 3.2459e-02, PNorm = 55.3552, GNorm = 0.7755, lr_0 = 4.5153e-04
Loss = 3.1464e-02, PNorm = 55.3688, GNorm = 0.4095, lr_0 = 4.5031e-04
Loss = 4.4577e-02, PNorm = 55.3700, GNorm = 0.8470, lr_0 = 4.5019e-04
Validation rmse = 1.455073
Epoch 69
Loss = 2.7950e-02, PNorm = 55.3823, GNorm = 0.4782, lr_0 = 4.4897e-04
Loss = 3.5957e-02, PNorm = 55.3941, GNorm = 0.6623, lr_0 = 4.4776e-04
Loss = 2.8138e-02, PNorm = 55.4011, GNorm = 0.4647, lr_0 = 4.4655e-04
Loss = 3.3325e-02, PNorm = 55.4089, GNorm = 0.3490, lr_0 = 4.4534e-04
Validation rmse = 1.410258
Epoch 70
Loss = 2.5970e-02, PNorm = 55.4165, GNorm = 0.4040, lr_0 = 4.4414e-04
Loss = 3.3141e-02, PNorm = 55.4242, GNorm = 0.7023, lr_0 = 4.4294e-04
Loss = 3.1132e-02, PNorm = 55.4342, GNorm = 1.1166, lr_0 = 4.4175e-04
Loss = 3.6633e-02, PNorm = 55.4471, GNorm = 0.4712, lr_0 = 4.4055e-04
Validation rmse = 1.428663
Epoch 71
Loss = 2.7821e-02, PNorm = 55.4575, GNorm = 0.4969, lr_0 = 4.3936e-04
Loss = 2.7228e-02, PNorm = 55.4691, GNorm = 0.7243, lr_0 = 4.3818e-04
Loss = 2.3979e-02, PNorm = 55.4825, GNorm = 0.3858, lr_0 = 4.3699e-04
Loss = 3.4989e-02, PNorm = 55.4949, GNorm = 0.5258, lr_0 = 4.3581e-04
Loss = 3.2177e-02, PNorm = 55.5025, GNorm = 0.9815, lr_0 = 4.3464e-04
Validation rmse = 1.377510
Epoch 72
Loss = 3.4823e-02, PNorm = 55.5112, GNorm = 0.5003, lr_0 = 4.3346e-04
Loss = 3.0140e-02, PNorm = 55.5179, GNorm = 0.3539, lr_0 = 4.3229e-04
Loss = 2.1738e-02, PNorm = 55.5299, GNorm = 0.3508, lr_0 = 4.3112e-04
Loss = 3.7435e-02, PNorm = 55.5406, GNorm = 1.8802, lr_0 = 4.2996e-04
Validation rmse = 1.472768
Epoch 73
Loss = 3.0963e-02, PNorm = 55.5545, GNorm = 1.0279, lr_0 = 4.2868e-04
Loss = 3.3923e-02, PNorm = 55.5642, GNorm = 0.4368, lr_0 = 4.2752e-04
Loss = 3.5046e-02, PNorm = 55.5773, GNorm = 1.3517, lr_0 = 4.2637e-04
Loss = 3.0033e-02, PNorm = 55.5901, GNorm = 0.9552, lr_0 = 4.2522e-04
Validation rmse = 1.370325
Epoch 74
Loss = 3.1904e-02, PNorm = 55.5987, GNorm = 0.4928, lr_0 = 4.2407e-04
Loss = 2.6077e-02, PNorm = 55.6086, GNorm = 1.2167, lr_0 = 4.2292e-04
Loss = 3.0322e-02, PNorm = 55.6180, GNorm = 0.7924, lr_0 = 4.2178e-04
Loss = 3.5650e-02, PNorm = 55.6272, GNorm = 0.8934, lr_0 = 4.2064e-04
Loss = 2.9533e-02, PNorm = 55.6368, GNorm = 0.5785, lr_0 = 4.1951e-04
Validation rmse = 1.408443
Epoch 75
Loss = 3.1763e-02, PNorm = 55.6494, GNorm = 1.0837, lr_0 = 4.1837e-04
Loss = 2.7573e-02, PNorm = 55.6571, GNorm = 0.5525, lr_0 = 4.1724e-04
Loss = 3.9771e-02, PNorm = 55.6688, GNorm = 0.7352, lr_0 = 4.1612e-04
Loss = 2.7285e-02, PNorm = 55.6768, GNorm = 0.3868, lr_0 = 4.1499e-04
Validation rmse = 1.428832
Epoch 76
Loss = 2.7854e-02, PNorm = 55.6849, GNorm = 0.4009, lr_0 = 4.1387e-04
Loss = 2.2462e-02, PNorm = 55.6899, GNorm = 0.7826, lr_0 = 4.1275e-04
Loss = 2.9411e-02, PNorm = 55.7019, GNorm = 1.1016, lr_0 = 4.1164e-04
Loss = 3.1560e-02, PNorm = 55.7119, GNorm = 0.3741, lr_0 = 4.1053e-04
Loss = 2.3998e-02, PNorm = 55.7215, GNorm = 1.0854, lr_0 = 4.0942e-04
Validation rmse = 1.407551
Epoch 77
Loss = 1.9539e-02, PNorm = 55.7254, GNorm = 0.5652, lr_0 = 4.0831e-04
Loss = 2.8797e-02, PNorm = 55.7322, GNorm = 0.3622, lr_0 = 4.0721e-04
Loss = 4.0783e-02, PNorm = 55.7437, GNorm = 0.3830, lr_0 = 4.0611e-04
Loss = 3.0413e-02, PNorm = 55.7572, GNorm = 1.1371, lr_0 = 4.0501e-04
Validation rmse = 1.432173
Epoch 78
Loss = 2.7925e-02, PNorm = 55.7705, GNorm = 0.8376, lr_0 = 4.0381e-04
Loss = 2.8529e-02, PNorm = 55.7807, GNorm = 0.4580, lr_0 = 4.0272e-04
Loss = 2.5760e-02, PNorm = 55.7878, GNorm = 0.8955, lr_0 = 4.0163e-04
Loss = 3.2726e-02, PNorm = 55.7954, GNorm = 1.2491, lr_0 = 4.0055e-04
Validation rmse = 1.409268
Epoch 79
Loss = 2.7197e-02, PNorm = 55.8042, GNorm = 0.5520, lr_0 = 3.9947e-04
Loss = 2.3647e-02, PNorm = 55.8142, GNorm = 0.6137, lr_0 = 3.9839e-04
Loss = 2.7107e-02, PNorm = 55.8221, GNorm = 0.6122, lr_0 = 3.9731e-04
Loss = 2.1452e-02, PNorm = 55.8336, GNorm = 0.5080, lr_0 = 3.9624e-04
Loss = 3.0055e-02, PNorm = 55.8441, GNorm = 0.9938, lr_0 = 3.9517e-04
Validation rmse = 1.457014
Epoch 80
Loss = 2.6504e-02, PNorm = 55.8518, GNorm = 0.4777, lr_0 = 3.9410e-04
Loss = 1.9623e-02, PNorm = 55.8574, GNorm = 0.4157, lr_0 = 3.9304e-04
Loss = 3.1846e-02, PNorm = 55.8647, GNorm = 0.9057, lr_0 = 3.9197e-04
Loss = 3.2782e-02, PNorm = 55.8716, GNorm = 0.9032, lr_0 = 3.9092e-04
Validation rmse = 1.408411
Epoch 81
Loss = 2.2310e-02, PNorm = 55.8808, GNorm = 0.3928, lr_0 = 3.8986e-04
Loss = 2.5587e-02, PNorm = 55.8912, GNorm = 0.4466, lr_0 = 3.8881e-04
Loss = 2.0467e-02, PNorm = 55.8984, GNorm = 0.4121, lr_0 = 3.8776e-04
Loss = 2.3655e-02, PNorm = 55.9035, GNorm = 0.4463, lr_0 = 3.8671e-04
Validation rmse = 1.449372
Epoch 82
Loss = 2.8766e-02, PNorm = 55.9136, GNorm = 0.7851, lr_0 = 3.8556e-04
Loss = 1.9969e-02, PNorm = 55.9218, GNorm = 0.7238, lr_0 = 3.8452e-04
Loss = 2.1061e-02, PNorm = 55.9293, GNorm = 0.4641, lr_0 = 3.8348e-04
Loss = 2.4479e-02, PNorm = 55.9383, GNorm = 0.5177, lr_0 = 3.8245e-04
Loss = 2.7488e-02, PNorm = 55.9486, GNorm = 0.3614, lr_0 = 3.8141e-04
Validation rmse = 1.408039
Epoch 83
Loss = 2.1423e-02, PNorm = 55.9566, GNorm = 0.4823, lr_0 = 3.8038e-04
Loss = 1.2701e-02, PNorm = 55.9630, GNorm = 0.3686, lr_0 = 3.7936e-04
Loss = 1.8400e-02, PNorm = 55.9671, GNorm = 0.7238, lr_0 = 3.7833e-04
Loss = 2.0057e-02, PNorm = 55.9749, GNorm = 0.6175, lr_0 = 3.7731e-04
Validation rmse = 1.409589
Epoch 84
Loss = 2.2368e-02, PNorm = 55.9835, GNorm = 0.8416, lr_0 = 3.7629e-04
Loss = 1.3820e-02, PNorm = 55.9915, GNorm = 0.4702, lr_0 = 3.7527e-04
Loss = 1.9616e-02, PNorm = 55.9970, GNorm = 0.4386, lr_0 = 3.7426e-04
Loss = 3.1918e-02, PNorm = 56.0044, GNorm = 0.8074, lr_0 = 3.7325e-04
Loss = 1.9636e-02, PNorm = 56.0091, GNorm = 0.3588, lr_0 = 3.7224e-04
Validation rmse = 1.424894
Epoch 85
Loss = 1.5834e-02, PNorm = 56.0157, GNorm = 0.4973, lr_0 = 3.7124e-04
Loss = 2.1680e-02, PNorm = 56.0255, GNorm = 0.3669, lr_0 = 3.7023e-04
Loss = 1.8757e-02, PNorm = 56.0377, GNorm = 0.4734, lr_0 = 3.6923e-04
Loss = 3.0139e-02, PNorm = 56.0421, GNorm = 0.7669, lr_0 = 3.6824e-04
Validation rmse = 1.424739
Epoch 86
Loss = 2.8185e-02, PNorm = 56.0483, GNorm = 0.4723, lr_0 = 3.6724e-04
Loss = 2.0122e-02, PNorm = 56.0589, GNorm = 0.7792, lr_0 = 3.6625e-04
Loss = 1.8176e-02, PNorm = 56.0682, GNorm = 0.8113, lr_0 = 3.6526e-04
Loss = 1.9753e-02, PNorm = 56.0756, GNorm = 0.5554, lr_0 = 3.6427e-04
Validation rmse = 1.416575
Epoch 87
Loss = 1.3288e-02, PNorm = 56.0829, GNorm = 0.3096, lr_0 = 3.6319e-04
Loss = 1.2331e-02, PNorm = 56.0884, GNorm = 0.4602, lr_0 = 3.6221e-04
Loss = 2.5183e-02, PNorm = 56.0976, GNorm = 0.7458, lr_0 = 3.6123e-04
Loss = 1.8257e-02, PNorm = 56.1031, GNorm = 0.5245, lr_0 = 3.6026e-04
Loss = 1.9851e-02, PNorm = 56.1076, GNorm = 0.5413, lr_0 = 3.5928e-04
Validation rmse = 1.415301
Epoch 88
Loss = 1.7240e-02, PNorm = 56.1130, GNorm = 0.2600, lr_0 = 3.5831e-04
Loss = 1.5488e-02, PNorm = 56.1194, GNorm = 0.2669, lr_0 = 3.5735e-04
Loss = 1.9499e-02, PNorm = 56.1233, GNorm = 0.9451, lr_0 = 3.5638e-04
Loss = 2.1714e-02, PNorm = 56.1279, GNorm = 0.3373, lr_0 = 3.5542e-04
Validation rmse = 1.424016
Epoch 89
Loss = 1.5730e-02, PNorm = 56.1377, GNorm = 0.5382, lr_0 = 3.5446e-04
Loss = 1.7834e-02, PNorm = 56.1450, GNorm = 0.5594, lr_0 = 3.5350e-04
Loss = 1.6941e-02, PNorm = 56.1486, GNorm = 0.4733, lr_0 = 3.5255e-04
Loss = 1.6798e-02, PNorm = 56.1579, GNorm = 0.4619, lr_0 = 3.5159e-04
Loss = 2.5985e-02, PNorm = 56.1701, GNorm = 0.9795, lr_0 = 3.5064e-04
Validation rmse = 1.410349
Epoch 90
Loss = 1.6190e-02, PNorm = 56.1772, GNorm = 0.5826, lr_0 = 3.4970e-04
Loss = 1.8780e-02, PNorm = 56.1818, GNorm = 0.4967, lr_0 = 3.4875e-04
Loss = 2.4106e-02, PNorm = 56.1897, GNorm = 1.4377, lr_0 = 3.4781e-04
Loss = 2.8365e-02, PNorm = 56.1994, GNorm = 1.0141, lr_0 = 3.4687e-04
Validation rmse = 1.411777
Epoch 91
Loss = 2.2719e-02, PNorm = 56.2060, GNorm = 0.5321, lr_0 = 3.4584e-04
Loss = 1.7465e-02, PNorm = 56.2158, GNorm = 0.3155, lr_0 = 3.4491e-04
Loss = 1.9379e-02, PNorm = 56.2207, GNorm = 0.7048, lr_0 = 3.4398e-04
Loss = 1.9838e-02, PNorm = 56.2249, GNorm = 0.3884, lr_0 = 3.4305e-04
Validation rmse = 1.395876
Epoch 92
Loss = 1.7956e-02, PNorm = 56.2322, GNorm = 0.4610, lr_0 = 3.4212e-04
Loss = 1.8282e-02, PNorm = 56.2396, GNorm = 0.6434, lr_0 = 3.4120e-04
Loss = 1.7307e-02, PNorm = 56.2456, GNorm = 0.6481, lr_0 = 3.4027e-04
Loss = 1.8588e-02, PNorm = 56.2492, GNorm = 0.3757, lr_0 = 3.3936e-04
Loss = 1.4803e-02, PNorm = 56.2556, GNorm = 0.5985, lr_0 = 3.3844e-04
Validation rmse = 1.419523
Epoch 93
Loss = 2.1225e-02, PNorm = 56.2595, GNorm = 0.9703, lr_0 = 3.3753e-04
Loss = 1.6673e-02, PNorm = 56.2660, GNorm = 0.4865, lr_0 = 3.3661e-04
Loss = 1.6495e-02, PNorm = 56.2722, GNorm = 0.4577, lr_0 = 3.3570e-04
Loss = 1.3209e-02, PNorm = 56.2762, GNorm = 0.5741, lr_0 = 3.3480e-04
Validation rmse = 1.412356
Epoch 94
Loss = 1.2063e-02, PNorm = 56.2797, GNorm = 0.3435, lr_0 = 3.3389e-04
Loss = 1.3226e-02, PNorm = 56.2837, GNorm = 0.2842, lr_0 = 3.3299e-04
Loss = 1.5546e-02, PNorm = 56.2905, GNorm = 0.4064, lr_0 = 3.3209e-04
Loss = 1.6673e-02, PNorm = 56.2974, GNorm = 0.5175, lr_0 = 3.3120e-04
Validation rmse = 1.428441
Epoch 95
Loss = 2.2416e-02, PNorm = 56.3040, GNorm = 0.5156, lr_0 = 3.3030e-04
Loss = 2.0472e-02, PNorm = 56.3098, GNorm = 0.8348, lr_0 = 3.2941e-04
Loss = 1.6694e-02, PNorm = 56.3183, GNorm = 0.7654, lr_0 = 3.2852e-04
Loss = 1.5779e-02, PNorm = 56.3249, GNorm = 0.3422, lr_0 = 3.2763e-04
Loss = 1.2881e-02, PNorm = 56.3299, GNorm = 0.3486, lr_0 = 3.2675e-04
Validation rmse = 1.406568
Epoch 96
Loss = 1.2648e-02, PNorm = 56.3346, GNorm = 0.3664, lr_0 = 3.2578e-04
Loss = 1.6113e-02, PNorm = 56.3413, GNorm = 0.3241, lr_0 = 3.2490e-04
Loss = 1.8400e-02, PNorm = 56.3476, GNorm = 0.3522, lr_0 = 3.2402e-04
Loss = 1.6093e-02, PNorm = 56.3529, GNorm = 0.4253, lr_0 = 3.2314e-04
Validation rmse = 1.417872
Epoch 97
Loss = 2.0185e-02, PNorm = 56.3598, GNorm = 0.4616, lr_0 = 3.2227e-04
Loss = 1.2354e-02, PNorm = 56.3690, GNorm = 0.5863, lr_0 = 3.2140e-04
Loss = 1.6963e-02, PNorm = 56.3739, GNorm = 0.3475, lr_0 = 3.2053e-04
Loss = 1.4522e-02, PNorm = 56.3778, GNorm = 0.4239, lr_0 = 3.1967e-04
Loss = 1.4261e-02, PNorm = 56.3844, GNorm = 0.3639, lr_0 = 3.1880e-04
Validation rmse = 1.386132
Epoch 98
Loss = 1.4624e-02, PNorm = 56.3888, GNorm = 0.3867, lr_0 = 3.1794e-04
Loss = 1.7650e-02, PNorm = 56.3961, GNorm = 0.5798, lr_0 = 3.1708e-04
Loss = 1.2770e-02, PNorm = 56.4022, GNorm = 0.3761, lr_0 = 3.1623e-04
Loss = 1.2416e-02, PNorm = 56.4069, GNorm = 0.4010, lr_0 = 3.1537e-04
Validation rmse = 1.408958
Epoch 99
Loss = 8.5147e-03, PNorm = 56.4100, GNorm = 0.3211, lr_0 = 3.1452e-04
Loss = 1.1697e-02, PNorm = 56.4152, GNorm = 0.1734, lr_0 = 3.1367e-04
Loss = 1.3859e-02, PNorm = 56.4201, GNorm = 0.5176, lr_0 = 3.1283e-04
Loss = 1.2795e-02, PNorm = 56.4245, GNorm = 0.3632, lr_0 = 3.1198e-04
Validation rmse = 1.438277
Epoch 100
Loss = 6.5142e-03, PNorm = 56.4308, GNorm = 0.2657, lr_0 = 3.1114e-04
Loss = 1.5020e-02, PNorm = 56.4358, GNorm = 0.6491, lr_0 = 3.1030e-04
Loss = 1.4396e-02, PNorm = 56.4408, GNorm = 0.4826, lr_0 = 3.0946e-04
Loss = 1.4356e-02, PNorm = 56.4454, GNorm = 0.3372, lr_0 = 3.0862e-04
Loss = 1.4748e-02, PNorm = 56.4513, GNorm = 0.4875, lr_0 = 3.0779e-04
Validation rmse = 1.440673
Epoch 101
Loss = 1.7915e-02, PNorm = 56.4607, GNorm = 0.2254, lr_0 = 3.0688e-04
Loss = 1.5637e-02, PNorm = 56.4681, GNorm = 1.0549, lr_0 = 3.0605e-04
Loss = 1.4467e-02, PNorm = 56.4727, GNorm = 0.1795, lr_0 = 3.0522e-04
Loss = 1.5340e-02, PNorm = 56.4799, GNorm = 0.3991, lr_0 = 3.0440e-04
Validation rmse = 1.407173
Epoch 102
Loss = 9.7543e-03, PNorm = 56.4843, GNorm = 0.3838, lr_0 = 3.0357e-04
Loss = 9.0969e-03, PNorm = 56.4879, GNorm = 0.5912, lr_0 = 3.0275e-04
Loss = 1.4180e-02, PNorm = 56.4903, GNorm = 0.5574, lr_0 = 3.0194e-04
Loss = 1.2827e-02, PNorm = 56.4930, GNorm = 0.5638, lr_0 = 3.0112e-04
Validation rmse = 1.416641
Epoch 103
Loss = 9.4261e-03, PNorm = 56.5010, GNorm = 0.4555, lr_0 = 3.0031e-04
Loss = 1.0633e-02, PNorm = 56.5073, GNorm = 0.2955, lr_0 = 2.9950e-04
Loss = 1.3180e-02, PNorm = 56.5129, GNorm = 0.6567, lr_0 = 2.9869e-04
Loss = 1.4490e-02, PNorm = 56.5177, GNorm = 0.4277, lr_0 = 2.9788e-04
Loss = 1.3237e-02, PNorm = 56.5216, GNorm = 0.3834, lr_0 = 2.9708e-04
Validation rmse = 1.397905
Epoch 104
Loss = 1.1072e-02, PNorm = 56.5260, GNorm = 0.2673, lr_0 = 2.9627e-04
Loss = 1.3912e-02, PNorm = 56.5301, GNorm = 0.3204, lr_0 = 2.9547e-04
Loss = 1.2777e-02, PNorm = 56.5344, GNorm = 0.3911, lr_0 = 2.9468e-04
Loss = 1.1616e-02, PNorm = 56.5390, GNorm = 0.8041, lr_0 = 2.9388e-04
Validation rmse = 1.425680
Epoch 105
Loss = 1.1614e-02, PNorm = 56.5441, GNorm = 0.2928, lr_0 = 2.9301e-04
Loss = 1.2826e-02, PNorm = 56.5482, GNorm = 0.6697, lr_0 = 2.9222e-04
Loss = 1.1733e-02, PNorm = 56.5507, GNorm = 0.7560, lr_0 = 2.9143e-04
Loss = 1.2818e-02, PNorm = 56.5559, GNorm = 0.2817, lr_0 = 2.9064e-04
Loss = 1.7171e-02, PNorm = 56.5597, GNorm = 0.2942, lr_0 = 2.8985e-04
Validation rmse = 1.409239
Epoch 106
Loss = 1.2213e-02, PNorm = 56.5646, GNorm = 0.2778, lr_0 = 2.8907e-04
Loss = 1.5245e-02, PNorm = 56.5690, GNorm = 0.5239, lr_0 = 2.8829e-04
Loss = 1.3155e-02, PNorm = 56.5728, GNorm = 0.5012, lr_0 = 2.8751e-04
Loss = 1.2645e-02, PNorm = 56.5791, GNorm = 0.5259, lr_0 = 2.8674e-04
Validation rmse = 1.407400
Epoch 107
Loss = 1.0123e-02, PNorm = 56.5845, GNorm = 0.3026, lr_0 = 2.8596e-04
Loss = 9.6486e-03, PNorm = 56.5890, GNorm = 0.3036, lr_0 = 2.8519e-04
Loss = 1.0538e-02, PNorm = 56.5932, GNorm = 0.4850, lr_0 = 2.8442e-04
Loss = 1.5306e-02, PNorm = 56.5979, GNorm = 0.4094, lr_0 = 2.8365e-04
Validation rmse = 1.406845
Epoch 108
Loss = 8.1826e-03, PNorm = 56.6035, GNorm = 0.3763, lr_0 = 2.8288e-04
Loss = 7.3609e-03, PNorm = 56.6073, GNorm = 0.3761, lr_0 = 2.8212e-04
Loss = 1.1955e-02, PNorm = 56.6113, GNorm = 0.6313, lr_0 = 2.8136e-04
Loss = 1.4777e-02, PNorm = 56.6153, GNorm = 0.4200, lr_0 = 2.8060e-04
Loss = 1.6026e-02, PNorm = 56.6206, GNorm = 0.8850, lr_0 = 2.7984e-04
Validation rmse = 1.413181
Epoch 109
Loss = 1.2258e-02, PNorm = 56.6254, GNorm = 0.4062, lr_0 = 2.7908e-04
Loss = 1.1572e-02, PNorm = 56.6319, GNorm = 0.3243, lr_0 = 2.7833e-04
Loss = 1.0575e-02, PNorm = 56.6351, GNorm = 0.4862, lr_0 = 2.7758e-04
Loss = 1.2250e-02, PNorm = 56.6379, GNorm = 0.3307, lr_0 = 2.7683e-04
Validation rmse = 1.391718
Epoch 110
Loss = 1.3104e-02, PNorm = 56.6434, GNorm = 0.5929, lr_0 = 2.7601e-04
Loss = 1.2309e-02, PNorm = 56.6477, GNorm = 0.6611, lr_0 = 2.7526e-04
Loss = 9.9736e-03, PNorm = 56.6515, GNorm = 0.4233, lr_0 = 2.7452e-04
Loss = 1.4126e-02, PNorm = 56.6582, GNorm = 0.4040, lr_0 = 2.7378e-04
Validation rmse = 1.389585
Epoch 111
Loss = 1.2878e-02, PNorm = 56.6646, GNorm = 0.5489, lr_0 = 2.7304e-04
Loss = 9.5505e-03, PNorm = 56.6692, GNorm = 0.3698, lr_0 = 2.7230e-04
Loss = 8.5889e-03, PNorm = 56.6719, GNorm = 0.3122, lr_0 = 2.7156e-04
Loss = 1.0593e-02, PNorm = 56.6751, GNorm = 0.3927, lr_0 = 2.7083e-04
Loss = 1.5939e-02, PNorm = 56.6803, GNorm = 0.2714, lr_0 = 2.7010e-04
Validation rmse = 1.405537
Epoch 112
Loss = 9.6606e-03, PNorm = 56.6846, GNorm = 0.2526, lr_0 = 2.6937e-04
Loss = 1.1339e-02, PNorm = 56.6881, GNorm = 0.5336, lr_0 = 2.6864e-04
Loss = 1.1232e-02, PNorm = 56.6916, GNorm = 0.3652, lr_0 = 2.6792e-04
Loss = 9.3412e-03, PNorm = 56.6962, GNorm = 0.3048, lr_0 = 2.6719e-04
Validation rmse = 1.399306
Epoch 113
Loss = 6.7527e-03, PNorm = 56.6989, GNorm = 0.2657, lr_0 = 2.6647e-04
Loss = 7.9947e-03, PNorm = 56.7019, GNorm = 0.2717, lr_0 = 2.6575e-04
Loss = 1.0964e-02, PNorm = 56.7070, GNorm = 0.3760, lr_0 = 2.6503e-04
Loss = 9.4924e-03, PNorm = 56.7104, GNorm = 0.2734, lr_0 = 2.6432e-04
Loss = 1.0528e-02, PNorm = 56.7131, GNorm = 0.4148, lr_0 = 2.6361e-04
Loss = 7.6073e-03, PNorm = 56.7135, GNorm = 0.3472, lr_0 = 2.6353e-04
Validation rmse = 1.411387
Epoch 114
Loss = 7.9009e-03, PNorm = 56.7168, GNorm = 0.3479, lr_0 = 2.6282e-04
Loss = 1.1783e-02, PNorm = 56.7207, GNorm = 0.4908, lr_0 = 2.6211e-04
Loss = 1.3506e-02, PNorm = 56.7253, GNorm = 0.5141, lr_0 = 2.6140e-04
Loss = 1.0242e-02, PNorm = 56.7302, GNorm = 0.3579, lr_0 = 2.6070e-04
Validation rmse = 1.402672
Epoch 115
Loss = 9.3350e-03, PNorm = 56.7343, GNorm = 0.4265, lr_0 = 2.5999e-04
Loss = 1.2091e-02, PNorm = 56.7415, GNorm = 0.3042, lr_0 = 2.5929e-04
Loss = 1.0155e-02, PNorm = 56.7451, GNorm = 0.5489, lr_0 = 2.5859e-04
Loss = 9.8533e-03, PNorm = 56.7484, GNorm = 0.4480, lr_0 = 2.5789e-04
Validation rmse = 1.414787
Epoch 116
Loss = 9.3532e-03, PNorm = 56.7517, GNorm = 0.3731, lr_0 = 2.5720e-04
Loss = 9.0578e-03, PNorm = 56.7567, GNorm = 0.6228, lr_0 = 2.5650e-04
Loss = 1.6183e-02, PNorm = 56.7622, GNorm = 0.5079, lr_0 = 2.5581e-04
Loss = 8.3958e-03, PNorm = 56.7667, GNorm = 0.2659, lr_0 = 2.5512e-04
Loss = 1.0279e-02, PNorm = 56.7723, GNorm = 0.3055, lr_0 = 2.5443e-04
Validation rmse = 1.421326
Epoch 117
Loss = 6.9270e-03, PNorm = 56.7759, GNorm = 0.2958, lr_0 = 2.5374e-04
Loss = 1.0680e-02, PNorm = 56.7797, GNorm = 0.2641, lr_0 = 2.5306e-04
Loss = 1.0865e-02, PNorm = 56.7834, GNorm = 0.2639, lr_0 = 2.5237e-04
Loss = 8.2523e-03, PNorm = 56.7870, GNorm = 0.3168, lr_0 = 2.5169e-04
Validation rmse = 1.407717
Epoch 118
Loss = 1.2487e-02, PNorm = 56.7901, GNorm = 0.6463, lr_0 = 2.5101e-04
Loss = 8.7338e-03, PNorm = 56.7955, GNorm = 0.2499, lr_0 = 2.5033e-04
Loss = 8.4575e-03, PNorm = 56.8003, GNorm = 0.5147, lr_0 = 2.4966e-04
Loss = 7.7339e-03, PNorm = 56.8029, GNorm = 0.4525, lr_0 = 2.4898e-04
Validation rmse = 1.438769
Epoch 119
Loss = 1.2954e-02, PNorm = 56.8063, GNorm = 0.3876, lr_0 = 2.4824e-04
Loss = 1.0897e-02, PNorm = 56.8099, GNorm = 0.3673, lr_0 = 2.4757e-04
Loss = 8.2047e-03, PNorm = 56.8157, GNorm = 0.3449, lr_0 = 2.4691e-04
Loss = 9.4380e-03, PNorm = 56.8176, GNorm = 0.5031, lr_0 = 2.4624e-04
Loss = 9.3949e-03, PNorm = 56.8208, GNorm = 0.2329, lr_0 = 2.4557e-04
Validation rmse = 1.400421
Epoch 120
Loss = 7.2476e-03, PNorm = 56.8251, GNorm = 0.6928, lr_0 = 2.4491e-04
Loss = 1.0835e-02, PNorm = 56.8290, GNorm = 0.3054, lr_0 = 2.4425e-04
Loss = 1.1597e-02, PNorm = 56.8330, GNorm = 0.4535, lr_0 = 2.4359e-04
Loss = 9.4611e-03, PNorm = 56.8360, GNorm = 0.5241, lr_0 = 2.4293e-04
Validation rmse = 1.416562
Epoch 121
Loss = 7.8666e-03, PNorm = 56.8384, GNorm = 0.2356, lr_0 = 2.4227e-04
Loss = 1.1906e-02, PNorm = 56.8428, GNorm = 0.8826, lr_0 = 2.4162e-04
Loss = 7.5761e-03, PNorm = 56.8460, GNorm = 0.3299, lr_0 = 2.4097e-04
Loss = 8.2209e-03, PNorm = 56.8498, GNorm = 0.3804, lr_0 = 2.4032e-04
Loss = 9.3501e-03, PNorm = 56.8536, GNorm = 0.2254, lr_0 = 2.3967e-04
Validation rmse = 1.402698
Epoch 122
Loss = 6.5142e-03, PNorm = 56.8570, GNorm = 0.2751, lr_0 = 2.3902e-04
Loss = 7.4636e-03, PNorm = 56.8604, GNorm = 0.2237, lr_0 = 2.3838e-04
Loss = 1.0389e-02, PNorm = 56.8642, GNorm = 0.4660, lr_0 = 2.3773e-04
Loss = 1.1774e-02, PNorm = 56.8671, GNorm = 0.2984, lr_0 = 2.3709e-04
Validation rmse = 1.413499
Epoch 123
Loss = 1.0140e-02, PNorm = 56.8713, GNorm = 0.3634, lr_0 = 2.3639e-04
Loss = 1.0617e-02, PNorm = 56.8757, GNorm = 0.4169, lr_0 = 2.3575e-04
Loss = 8.3225e-03, PNorm = 56.8804, GNorm = 0.7503, lr_0 = 2.3511e-04
Loss = 8.8179e-03, PNorm = 56.8852, GNorm = 0.2928, lr_0 = 2.3447e-04
Validation rmse = 1.403220
Epoch 124
Loss = 6.9229e-03, PNorm = 56.8886, GNorm = 0.2120, lr_0 = 2.3384e-04
Loss = 5.8079e-03, PNorm = 56.8906, GNorm = 0.2467, lr_0 = 2.3321e-04
Loss = 8.9401e-03, PNorm = 56.8945, GNorm = 0.2984, lr_0 = 2.3258e-04
Loss = 7.4073e-03, PNorm = 56.8968, GNorm = 0.2096, lr_0 = 2.3195e-04
Loss = 7.7393e-03, PNorm = 56.8974, GNorm = 0.4428, lr_0 = 2.3133e-04
Validation rmse = 1.415391
Epoch 125
Loss = 9.1022e-03, PNorm = 56.9002, GNorm = 0.3266, lr_0 = 2.3070e-04
Loss = 5.9344e-03, PNorm = 56.9035, GNorm = 0.3576, lr_0 = 2.3008e-04
Loss = 9.8581e-03, PNorm = 56.9061, GNorm = 0.3660, lr_0 = 2.2946e-04
Loss = 9.8297e-03, PNorm = 56.9100, GNorm = 0.6165, lr_0 = 2.2884e-04
Validation rmse = 1.400186
Epoch 126
Loss = 5.9623e-03, PNorm = 56.9134, GNorm = 0.5781, lr_0 = 2.2822e-04
Loss = 7.3117e-03, PNorm = 56.9148, GNorm = 0.3301, lr_0 = 2.2760e-04
Loss = 1.0881e-02, PNorm = 56.9184, GNorm = 0.3259, lr_0 = 2.2699e-04
Loss = 9.5744e-03, PNorm = 56.9225, GNorm = 0.5167, lr_0 = 2.2637e-04
Loss = 8.7196e-03, PNorm = 56.9258, GNorm = 0.4934, lr_0 = 2.2576e-04
Validation rmse = 1.435022
Epoch 127
Loss = 9.9378e-03, PNorm = 56.9306, GNorm = 0.3051, lr_0 = 2.2515e-04
Loss = 8.3918e-03, PNorm = 56.9315, GNorm = 0.3468, lr_0 = 2.2455e-04
Loss = 6.5284e-03, PNorm = 56.9334, GNorm = 0.2389, lr_0 = 2.2394e-04
Loss = 7.6787e-03, PNorm = 56.9363, GNorm = 0.3342, lr_0 = 2.2333e-04
Validation rmse = 1.417000
Epoch 128
Loss = 6.3429e-03, PNorm = 56.9404, GNorm = 0.2356, lr_0 = 2.2267e-04
Loss = 7.5890e-03, PNorm = 56.9430, GNorm = 0.2066, lr_0 = 2.2207e-04
Loss = 9.3623e-03, PNorm = 56.9464, GNorm = 0.2757, lr_0 = 2.2147e-04
Loss = 8.4839e-03, PNorm = 56.9506, GNorm = 0.2477, lr_0 = 2.2087e-04
Validation rmse = 1.414259
Epoch 129
Loss = 3.8149e-03, PNorm = 56.9522, GNorm = 0.1797, lr_0 = 2.2027e-04
Loss = 5.9152e-03, PNorm = 56.9544, GNorm = 0.1954, lr_0 = 2.1968e-04
Loss = 6.4865e-03, PNorm = 56.9562, GNorm = 0.3205, lr_0 = 2.1909e-04
Loss = 8.3375e-03, PNorm = 56.9612, GNorm = 0.3899, lr_0 = 2.1849e-04
Loss = 7.7607e-03, PNorm = 56.9641, GNorm = 0.1697, lr_0 = 2.1790e-04
Validation rmse = 1.400354
Epoch 130
Loss = 4.8969e-03, PNorm = 56.9676, GNorm = 0.3513, lr_0 = 2.1732e-04
Loss = 6.3963e-03, PNorm = 56.9703, GNorm = 0.2800, lr_0 = 2.1673e-04
Loss = 8.0627e-03, PNorm = 56.9737, GNorm = 0.3086, lr_0 = 2.1614e-04
Loss = 7.1307e-03, PNorm = 56.9771, GNorm = 0.2826, lr_0 = 2.1556e-04
Validation rmse = 1.415110
Epoch 131
Loss = 6.3654e-03, PNorm = 56.9801, GNorm = 0.2160, lr_0 = 2.1498e-04
Loss = 5.0842e-03, PNorm = 56.9815, GNorm = 0.3186, lr_0 = 2.1440e-04
Loss = 8.1352e-03, PNorm = 56.9838, GNorm = 0.3320, lr_0 = 2.1382e-04
Loss = 7.3272e-03, PNorm = 56.9881, GNorm = 0.2012, lr_0 = 2.1324e-04
Validation rmse = 1.420428
Epoch 132
Loss = 5.5844e-03, PNorm = 56.9915, GNorm = 0.6572, lr_0 = 2.1261e-04
Loss = 5.8161e-03, PNorm = 56.9947, GNorm = 0.1459, lr_0 = 2.1203e-04
Loss = 7.5099e-03, PNorm = 56.9977, GNorm = 0.3514, lr_0 = 2.1146e-04
Loss = 7.3422e-03, PNorm = 56.9997, GNorm = 0.2282, lr_0 = 2.1089e-04
Loss = 8.8294e-03, PNorm = 57.0027, GNorm = 0.3442, lr_0 = 2.1032e-04
Validation rmse = 1.439449
Epoch 133
Loss = 6.4426e-03, PNorm = 57.0063, GNorm = 0.2683, lr_0 = 2.0975e-04
Loss = 6.2435e-03, PNorm = 57.0072, GNorm = 0.4088, lr_0 = 2.0919e-04
Loss = 7.8736e-03, PNorm = 57.0093, GNorm = 0.4181, lr_0 = 2.0862e-04
Loss = 8.7264e-03, PNorm = 57.0107, GNorm = 0.5598, lr_0 = 2.0806e-04
Validation rmse = 1.418149
Epoch 134
Loss = 7.3008e-03, PNorm = 57.0129, GNorm = 0.2082, lr_0 = 2.0749e-04
Loss = 8.8825e-03, PNorm = 57.0168, GNorm = 0.5902, lr_0 = 2.0693e-04
Loss = 6.7378e-03, PNorm = 57.0192, GNorm = 0.1866, lr_0 = 2.0638e-04
Loss = 4.9547e-03, PNorm = 57.0225, GNorm = 0.2068, lr_0 = 2.0582e-04
Loss = 7.2715e-03, PNorm = 57.0250, GNorm = 0.2176, lr_0 = 2.0526e-04
Validation rmse = 1.429596
Epoch 135
Loss = 7.6268e-03, PNorm = 57.0265, GNorm = 0.3064, lr_0 = 2.0471e-04
Loss = 6.3989e-03, PNorm = 57.0287, GNorm = 0.4833, lr_0 = 2.0416e-04
Loss = 9.0100e-03, PNorm = 57.0317, GNorm = 0.3237, lr_0 = 2.0360e-04
Loss = 8.6417e-03, PNorm = 57.0362, GNorm = 0.2701, lr_0 = 2.0305e-04
Validation rmse = 1.433002
Epoch 136
Loss = 6.9595e-03, PNorm = 57.0396, GNorm = 0.3276, lr_0 = 2.0251e-04
Loss = 5.3066e-03, PNorm = 57.0435, GNorm = 0.1711, lr_0 = 2.0196e-04
Loss = 7.3391e-03, PNorm = 57.0458, GNorm = 0.2075, lr_0 = 2.0141e-04
Loss = 7.7038e-03, PNorm = 57.0480, GNorm = 0.3987, lr_0 = 2.0087e-04
Validation rmse = 1.413673
Epoch 137
Loss = 4.7972e-03, PNorm = 57.0489, GNorm = 0.3311, lr_0 = 2.0027e-04
Loss = 5.8976e-03, PNorm = 57.0506, GNorm = 0.2863, lr_0 = 1.9973e-04
Loss = 6.1553e-03, PNorm = 57.0524, GNorm = 0.2325, lr_0 = 1.9919e-04
Loss = 7.6401e-03, PNorm = 57.0551, GNorm = 0.2389, lr_0 = 1.9865e-04
Loss = 6.1695e-03, PNorm = 57.0580, GNorm = 0.2597, lr_0 = 1.9812e-04
Validation rmse = 1.429916
Epoch 138
Loss = 6.6382e-03, PNorm = 57.0647, GNorm = 0.4989, lr_0 = 1.9758e-04
Loss = 8.4062e-03, PNorm = 57.0690, GNorm = 0.3739, lr_0 = 1.9705e-04
Loss = 5.0339e-03, PNorm = 57.0721, GNorm = 0.2653, lr_0 = 1.9652e-04
Loss = 7.5041e-03, PNorm = 57.0750, GNorm = 0.3020, lr_0 = 1.9599e-04
Validation rmse = 1.437509
Epoch 139
Loss = 6.1654e-03, PNorm = 57.0772, GNorm = 0.3067, lr_0 = 1.9546e-04
Loss = 6.8019e-03, PNorm = 57.0784, GNorm = 0.2443, lr_0 = 1.9493e-04
Loss = 8.4157e-03, PNorm = 57.0824, GNorm = 0.2832, lr_0 = 1.9440e-04
Loss = 6.5308e-03, PNorm = 57.0850, GNorm = 0.5942, lr_0 = 1.9388e-04
Validation rmse = 1.411050
Epoch 140
Loss = 8.1882e-03, PNorm = 57.0854, GNorm = 0.2842, lr_0 = 1.9335e-04
Loss = 5.6536e-03, PNorm = 57.0870, GNorm = 0.3175, lr_0 = 1.9283e-04
Loss = 5.7698e-03, PNorm = 57.0891, GNorm = 0.2287, lr_0 = 1.9231e-04
Loss = 5.8446e-03, PNorm = 57.0913, GNorm = 0.2067, lr_0 = 1.9179e-04
Loss = 5.3908e-03, PNorm = 57.0937, GNorm = 0.1762, lr_0 = 1.9127e-04
Validation rmse = 1.415284
Epoch 141
Loss = 5.8202e-03, PNorm = 57.0961, GNorm = 0.2832, lr_0 = 1.9070e-04
Loss = 4.5072e-03, PNorm = 57.0984, GNorm = 0.2491, lr_0 = 1.9019e-04
Loss = 4.9873e-03, PNorm = 57.1009, GNorm = 0.4055, lr_0 = 1.8968e-04
Loss = 6.4661e-03, PNorm = 57.1025, GNorm = 0.2466, lr_0 = 1.8916e-04
Validation rmse = 1.413537
Epoch 142
Loss = 3.8296e-03, PNorm = 57.1054, GNorm = 0.2692, lr_0 = 1.8865e-04
Loss = 7.0737e-03, PNorm = 57.1057, GNorm = 0.4121, lr_0 = 1.8814e-04
Loss = 5.2767e-03, PNorm = 57.1076, GNorm = 0.2607, lr_0 = 1.8764e-04
Loss = 7.6550e-03, PNorm = 57.1104, GNorm = 0.5559, lr_0 = 1.8713e-04
Loss = 3.9459e-03, PNorm = 57.1130, GNorm = 0.2348, lr_0 = 1.8662e-04
Validation rmse = 1.412135
Epoch 143
Loss = 6.6897e-03, PNorm = 57.1148, GNorm = 0.3306, lr_0 = 1.8612e-04
Loss = 6.8332e-03, PNorm = 57.1186, GNorm = 0.6668, lr_0 = 1.8562e-04
Loss = 7.1997e-03, PNorm = 57.1219, GNorm = 0.2825, lr_0 = 1.8512e-04
Loss = 5.6925e-03, PNorm = 57.1240, GNorm = 0.3412, lr_0 = 1.8462e-04
Validation rmse = 1.400623
Epoch 144
Loss = 4.8059e-03, PNorm = 57.1262, GNorm = 0.5940, lr_0 = 1.8412e-04
Loss = 8.0748e-03, PNorm = 57.1295, GNorm = 0.6097, lr_0 = 1.8362e-04
Loss = 7.8254e-03, PNorm = 57.1318, GNorm = 0.3695, lr_0 = 1.8312e-04
Loss = 6.2881e-03, PNorm = 57.1346, GNorm = 0.2897, lr_0 = 1.8263e-04
Validation rmse = 1.416174
Epoch 145
Loss = 4.4424e-03, PNorm = 57.1363, GNorm = 0.3637, lr_0 = 1.8214e-04
Loss = 5.3548e-03, PNorm = 57.1393, GNorm = 0.3618, lr_0 = 1.8164e-04
Loss = 8.1637e-03, PNorm = 57.1440, GNorm = 0.2885, lr_0 = 1.8115e-04
Loss = 4.1907e-03, PNorm = 57.1457, GNorm = 0.1818, lr_0 = 1.8066e-04
Loss = 6.5106e-03, PNorm = 57.1462, GNorm = 0.2739, lr_0 = 1.8018e-04
Validation rmse = 1.412137
Epoch 146
Loss = 4.9643e-03, PNorm = 57.1494, GNorm = 0.3105, lr_0 = 1.7964e-04
Loss = 4.9894e-03, PNorm = 57.1516, GNorm = 0.3543, lr_0 = 1.7916e-04
Loss = 5.7758e-03, PNorm = 57.1532, GNorm = 0.2389, lr_0 = 1.7867e-04
Loss = 7.0879e-03, PNorm = 57.1552, GNorm = 0.2407, lr_0 = 1.7819e-04
Validation rmse = 1.417572
Epoch 147
Loss = 4.2443e-03, PNorm = 57.1577, GNorm = 0.1437, lr_0 = 1.7771e-04
Loss = 4.4403e-03, PNorm = 57.1592, GNorm = 0.3553, lr_0 = 1.7723e-04
Loss = 5.8856e-03, PNorm = 57.1617, GNorm = 0.3998, lr_0 = 1.7675e-04
Loss = 6.3417e-03, PNorm = 57.1642, GNorm = 0.1803, lr_0 = 1.7627e-04
Validation rmse = 1.418178
Epoch 148
Loss = 5.0095e-03, PNorm = 57.1655, GNorm = 0.2491, lr_0 = 1.7580e-04
Loss = 6.0975e-03, PNorm = 57.1684, GNorm = 0.6255, lr_0 = 1.7532e-04
Loss = 5.5211e-03, PNorm = 57.1715, GNorm = 0.1719, lr_0 = 1.7485e-04
Loss = 3.6908e-03, PNorm = 57.1726, GNorm = 0.2272, lr_0 = 1.7438e-04
Loss = 5.2081e-03, PNorm = 57.1750, GNorm = 0.1882, lr_0 = 1.7390e-04
Validation rmse = 1.407916
Epoch 149
Loss = 4.7246e-03, PNorm = 57.1773, GNorm = 0.3363, lr_0 = 1.7343e-04
Loss = 5.7686e-03, PNorm = 57.1785, GNorm = 0.2700, lr_0 = 1.7297e-04
Loss = 3.5085e-03, PNorm = 57.1801, GNorm = 0.1783, lr_0 = 1.7250e-04
Loss = 6.2363e-03, PNorm = 57.1817, GNorm = 0.3074, lr_0 = 1.7203e-04
Validation rmse = 1.424261
Epoch 150
Loss = 9.0446e-03, PNorm = 57.1825, GNorm = 0.2833, lr_0 = 1.7157e-04
Loss = 4.7190e-03, PNorm = 57.1855, GNorm = 0.2031, lr_0 = 1.7111e-04
Loss = 4.5800e-03, PNorm = 57.1881, GNorm = 0.1292, lr_0 = 1.7064e-04
Loss = 3.7124e-03, PNorm = 57.1889, GNorm = 0.1313, lr_0 = 1.7018e-04
Loss = 5.5628e-03, PNorm = 57.1907, GNorm = 0.2876, lr_0 = 1.6972e-04
Loss = 3.4678e-03, PNorm = 57.1909, GNorm = 0.2084, lr_0 = 1.6968e-04
Validation rmse = 1.414411
Epoch 151
Loss = 4.1770e-03, PNorm = 57.1932, GNorm = 0.2125, lr_0 = 1.6922e-04
Loss = 5.5989e-03, PNorm = 57.1944, GNorm = 0.4915, lr_0 = 1.6876e-04
Loss = 6.1535e-03, PNorm = 57.1969, GNorm = 0.5951, lr_0 = 1.6831e-04
Loss = 5.8916e-03, PNorm = 57.1981, GNorm = 0.2455, lr_0 = 1.6785e-04
Validation rmse = 1.417510
Epoch 152
Loss = 4.0034e-03, PNorm = 57.1990, GNorm = 0.3891, lr_0 = 1.6740e-04
Loss = 6.5981e-03, PNorm = 57.2018, GNorm = 0.2857, lr_0 = 1.6695e-04
Loss = 5.2151e-03, PNorm = 57.2045, GNorm = 0.1466, lr_0 = 1.6649e-04
Loss = 5.8713e-03, PNorm = 57.2073, GNorm = 0.3999, lr_0 = 1.6604e-04
Validation rmse = 1.427039
Epoch 153
Loss = 3.6609e-03, PNorm = 57.2099, GNorm = 0.3371, lr_0 = 1.6560e-04
Loss = 3.9811e-03, PNorm = 57.2111, GNorm = 0.2719, lr_0 = 1.6515e-04
Loss = 4.9892e-03, PNorm = 57.2126, GNorm = 0.2725, lr_0 = 1.6470e-04
Loss = 5.1592e-03, PNorm = 57.2155, GNorm = 0.3604, lr_0 = 1.6426e-04
Loss = 6.0356e-03, PNorm = 57.2174, GNorm = 0.2540, lr_0 = 1.6381e-04
Validation rmse = 1.425489
Epoch 154
Loss = 3.8122e-03, PNorm = 57.2188, GNorm = 0.2351, lr_0 = 1.6337e-04
Loss = 5.6686e-03, PNorm = 57.2207, GNorm = 0.1519, lr_0 = 1.6293e-04
Loss = 5.0153e-03, PNorm = 57.2234, GNorm = 0.2794, lr_0 = 1.6249e-04
Loss = 5.0700e-03, PNorm = 57.2236, GNorm = 0.3444, lr_0 = 1.6205e-04
Validation rmse = 1.419695
Epoch 155
Loss = 3.6931e-03, PNorm = 57.2251, GNorm = 0.1986, lr_0 = 1.6157e-04
Loss = 3.2657e-03, PNorm = 57.2269, GNorm = 0.2028, lr_0 = 1.6113e-04
Loss = 4.7905e-03, PNorm = 57.2296, GNorm = 0.3156, lr_0 = 1.6070e-04
Loss = 5.9835e-03, PNorm = 57.2313, GNorm = 0.2214, lr_0 = 1.6027e-04
Validation rmse = 1.418799
Epoch 156
Loss = 2.8735e-03, PNorm = 57.2334, GNorm = 0.3559, lr_0 = 1.5983e-04
Loss = 3.6721e-03, PNorm = 57.2357, GNorm = 0.3783, lr_0 = 1.5940e-04
Loss = 4.8858e-03, PNorm = 57.2372, GNorm = 0.2511, lr_0 = 1.5897e-04
Loss = 5.1888e-03, PNorm = 57.2383, GNorm = 0.2352, lr_0 = 1.5854e-04
Loss = 4.5981e-03, PNorm = 57.2395, GNorm = 0.1779, lr_0 = 1.5811e-04
Validation rmse = 1.429079
Epoch 157
Loss = 3.9361e-03, PNorm = 57.2425, GNorm = 0.3607, lr_0 = 1.5769e-04
Loss = 3.8551e-03, PNorm = 57.2453, GNorm = 0.1793, lr_0 = 1.5726e-04
Loss = 6.4416e-03, PNorm = 57.2470, GNorm = 0.2887, lr_0 = 1.5683e-04
Loss = 3.6671e-03, PNorm = 57.2479, GNorm = 0.2532, lr_0 = 1.5641e-04
Validation rmse = 1.413394
Epoch 158
Loss = 6.3045e-03, PNorm = 57.2488, GNorm = 0.2815, lr_0 = 1.5599e-04
Loss = 3.9237e-03, PNorm = 57.2509, GNorm = 0.2269, lr_0 = 1.5557e-04
Loss = 3.0939e-03, PNorm = 57.2527, GNorm = 0.2327, lr_0 = 1.5515e-04
Loss = 4.9026e-03, PNorm = 57.2531, GNorm = 0.1662, lr_0 = 1.5473e-04
Loss = 5.4118e-03, PNorm = 57.2554, GNorm = 0.2613, lr_0 = 1.5431e-04
Validation rmse = 1.422537
Epoch 159
Loss = 4.3968e-03, PNorm = 57.2571, GNorm = 0.5162, lr_0 = 1.5389e-04
Loss = 4.1105e-03, PNorm = 57.2591, GNorm = 0.3493, lr_0 = 1.5348e-04
Loss = 7.2842e-03, PNorm = 57.2598, GNorm = 0.2896, lr_0 = 1.5306e-04
Loss = 4.4273e-03, PNorm = 57.2618, GNorm = 0.3906, lr_0 = 1.5265e-04
Validation rmse = 1.425286
Epoch 160
Loss = 3.3955e-03, PNorm = 57.2626, GNorm = 0.2334, lr_0 = 1.5220e-04
Loss = 4.1782e-03, PNorm = 57.2646, GNorm = 0.2544, lr_0 = 1.5179e-04
Loss = 3.4550e-03, PNorm = 57.2674, GNorm = 0.3312, lr_0 = 1.5138e-04
Loss = 5.6966e-03, PNorm = 57.2689, GNorm = 0.4136, lr_0 = 1.5097e-04
Validation rmse = 1.418692
Epoch 161
Loss = 3.4013e-03, PNorm = 57.2713, GNorm = 0.6467, lr_0 = 1.5056e-04
Loss = 6.8277e-03, PNorm = 57.2728, GNorm = 0.5043, lr_0 = 1.5015e-04
Loss = 4.3811e-03, PNorm = 57.2744, GNorm = 0.6435, lr_0 = 1.4975e-04
Loss = 4.3176e-03, PNorm = 57.2778, GNorm = 0.3804, lr_0 = 1.4934e-04
Loss = 5.3927e-03, PNorm = 57.2794, GNorm = 0.4386, lr_0 = 1.4894e-04
Validation rmse = 1.413350
Epoch 162
Loss = 3.9899e-03, PNorm = 57.2812, GNorm = 0.3086, lr_0 = 1.4854e-04
Loss = 3.1017e-03, PNorm = 57.2837, GNorm = 0.2519, lr_0 = 1.4814e-04
Loss = 4.3031e-03, PNorm = 57.2856, GNorm = 0.1644, lr_0 = 1.4774e-04
Loss = 5.8259e-03, PNorm = 57.2868, GNorm = 0.1935, lr_0 = 1.4734e-04
Validation rmse = 1.430714
Epoch 163
Loss = 6.3588e-03, PNorm = 57.2875, GNorm = 0.4284, lr_0 = 1.4694e-04
Loss = 5.8549e-03, PNorm = 57.2890, GNorm = 0.1915, lr_0 = 1.4654e-04
Loss = 3.9801e-03, PNorm = 57.2894, GNorm = 0.3319, lr_0 = 1.4615e-04
Loss = 4.0273e-03, PNorm = 57.2922, GNorm = 0.1893, lr_0 = 1.4575e-04
Validation rmse = 1.415488
Epoch 164
Loss = 2.6323e-03, PNorm = 57.2950, GNorm = 0.1573, lr_0 = 1.4532e-04
Loss = 4.5195e-03, PNorm = 57.2968, GNorm = 0.2078, lr_0 = 1.4493e-04
Loss = 4.8547e-03, PNorm = 57.2978, GNorm = 0.2448, lr_0 = 1.4453e-04
Loss = 2.7614e-03, PNorm = 57.2975, GNorm = 0.2016, lr_0 = 1.4414e-04
Loss = 4.4281e-03, PNorm = 57.2980, GNorm = 0.4348, lr_0 = 1.4375e-04
Validation rmse = 1.434540
Epoch 165
Loss = 3.5971e-03, PNorm = 57.2987, GNorm = 0.2991, lr_0 = 1.4337e-04
Loss = 4.2358e-03, PNorm = 57.3005, GNorm = 0.2078, lr_0 = 1.4298e-04
Loss = 4.5653e-03, PNorm = 57.3036, GNorm = 0.3062, lr_0 = 1.4259e-04
Loss = 4.4475e-03, PNorm = 57.3052, GNorm = 0.2480, lr_0 = 1.4221e-04
Validation rmse = 1.420414
Epoch 166
Loss = 2.5368e-03, PNorm = 57.3069, GNorm = 0.1790, lr_0 = 1.4182e-04
Loss = 4.3665e-03, PNorm = 57.3085, GNorm = 0.2261, lr_0 = 1.4144e-04
Loss = 3.9683e-03, PNorm = 57.3098, GNorm = 0.1394, lr_0 = 1.4106e-04
Loss = 3.9809e-03, PNorm = 57.3107, GNorm = 0.3313, lr_0 = 1.4068e-04
Loss = 3.3705e-03, PNorm = 57.3110, GNorm = 0.2752, lr_0 = 1.4030e-04
Validation rmse = 1.417046
Epoch 167
Loss = 3.9015e-03, PNorm = 57.3123, GNorm = 0.2154, lr_0 = 1.3992e-04
Loss = 5.4889e-03, PNorm = 57.3136, GNorm = 0.1590, lr_0 = 1.3954e-04
Loss = 3.8130e-03, PNorm = 57.3155, GNorm = 0.3336, lr_0 = 1.3916e-04
Loss = 3.4493e-03, PNorm = 57.3179, GNorm = 0.2708, lr_0 = 1.3879e-04
Validation rmse = 1.425898
Epoch 168
Loss = 2.8966e-03, PNorm = 57.3181, GNorm = 0.3259, lr_0 = 1.3841e-04
Loss = 4.0794e-03, PNorm = 57.3196, GNorm = 0.1181, lr_0 = 1.3804e-04
Loss = 2.8200e-03, PNorm = 57.3210, GNorm = 0.2491, lr_0 = 1.3767e-04
Loss = 4.2871e-03, PNorm = 57.3222, GNorm = 0.1661, lr_0 = 1.3730e-04
Validation rmse = 1.422805
Epoch 169
Loss = 2.8845e-03, PNorm = 57.3233, GNorm = 0.2336, lr_0 = 1.3689e-04
Loss = 2.6415e-03, PNorm = 57.3250, GNorm = 0.2048, lr_0 = 1.3652e-04
Loss = 4.2383e-03, PNorm = 57.3263, GNorm = 0.2911, lr_0 = 1.3615e-04
Loss = 3.2602e-03, PNorm = 57.3265, GNorm = 0.2405, lr_0 = 1.3578e-04
Loss = 4.2370e-03, PNorm = 57.3284, GNorm = 0.1858, lr_0 = 1.3541e-04
Validation rmse = 1.415146
Epoch 170
Loss = 2.8729e-03, PNorm = 57.3289, GNorm = 0.2600, lr_0 = 1.3505e-04
Loss = 3.5197e-03, PNorm = 57.3304, GNorm = 0.2301, lr_0 = 1.3468e-04
Loss = 3.5810e-03, PNorm = 57.3321, GNorm = 0.3082, lr_0 = 1.3432e-04
Loss = 5.4611e-03, PNorm = 57.3334, GNorm = 0.2515, lr_0 = 1.3396e-04
Validation rmse = 1.419453
Epoch 171
Loss = 4.1771e-03, PNorm = 57.3345, GNorm = 0.2361, lr_0 = 1.3360e-04
Loss = 5.0626e-03, PNorm = 57.3363, GNorm = 0.3158, lr_0 = 1.3323e-04
Loss = 3.4578e-03, PNorm = 57.3381, GNorm = 0.1941, lr_0 = 1.3288e-04
Loss = 5.4234e-03, PNorm = 57.3393, GNorm = 0.5173, lr_0 = 1.3252e-04
Loss = 5.0327e-03, PNorm = 57.3410, GNorm = 0.6106, lr_0 = 1.3216e-04
Validation rmse = 1.438606
Epoch 172
Loss = 3.7998e-03, PNorm = 57.3428, GNorm = 0.2099, lr_0 = 1.3180e-04
Loss = 5.0921e-03, PNorm = 57.3440, GNorm = 0.2569, lr_0 = 1.3145e-04
Loss = 4.5677e-03, PNorm = 57.3457, GNorm = 0.1888, lr_0 = 1.3109e-04
Loss = 3.2110e-03, PNorm = 57.3474, GNorm = 0.2247, lr_0 = 1.3074e-04
Validation rmse = 1.422873
Epoch 173
Loss = 3.2952e-03, PNorm = 57.3500, GNorm = 0.1593, lr_0 = 1.3035e-04
Loss = 3.3904e-03, PNorm = 57.3513, GNorm = 0.3691, lr_0 = 1.3000e-04
Loss = 4.3884e-03, PNorm = 57.3527, GNorm = 0.2625, lr_0 = 1.2964e-04
Loss = 4.6052e-03, PNorm = 57.3545, GNorm = 0.3132, lr_0 = 1.2929e-04
Validation rmse = 1.434982
Epoch 174
Loss = 1.8890e-03, PNorm = 57.3561, GNorm = 0.1871, lr_0 = 1.2895e-04
Loss = 2.6125e-03, PNorm = 57.3573, GNorm = 0.1455, lr_0 = 1.2860e-04
Loss = 2.5166e-03, PNorm = 57.3577, GNorm = 0.2115, lr_0 = 1.2825e-04
Loss = 2.6972e-03, PNorm = 57.3586, GNorm = 0.1912, lr_0 = 1.2790e-04
Loss = 6.8405e-03, PNorm = 57.3598, GNorm = 0.6359, lr_0 = 1.2756e-04
Validation rmse = 1.420511
Epoch 175
Loss = 2.8478e-03, PNorm = 57.3615, GNorm = 0.2903, lr_0 = 1.2721e-04
Loss = 3.0943e-03, PNorm = 57.3616, GNorm = 0.2696, lr_0 = 1.2687e-04
Loss = 5.6930e-03, PNorm = 57.3631, GNorm = 0.3907, lr_0 = 1.2653e-04
Loss = 4.4364e-03, PNorm = 57.3658, GNorm = 0.1164, lr_0 = 1.2619e-04
Validation rmse = 1.441941
Epoch 176
Loss = 3.6878e-03, PNorm = 57.3672, GNorm = 0.5635, lr_0 = 1.2584e-04
Loss = 3.5446e-03, PNorm = 57.3686, GNorm = 0.1400, lr_0 = 1.2551e-04
Loss = 4.0444e-03, PNorm = 57.3697, GNorm = 0.1353, lr_0 = 1.2517e-04
Loss = 2.1814e-03, PNorm = 57.3709, GNorm = 0.2362, lr_0 = 1.2483e-04
Validation rmse = 1.413040
Epoch 177
Loss = 1.7335e-03, PNorm = 57.3725, GNorm = 0.1512, lr_0 = 1.2449e-04
Loss = 1.9877e-03, PNorm = 57.3731, GNorm = 0.1987, lr_0 = 1.2415e-04
Loss = 2.9680e-03, PNorm = 57.3738, GNorm = 0.2646, lr_0 = 1.2382e-04
Loss = 3.8827e-03, PNorm = 57.3758, GNorm = 0.3106, lr_0 = 1.2348e-04
Loss = 4.3044e-03, PNorm = 57.3768, GNorm = 0.2745, lr_0 = 1.2315e-04
Validation rmse = 1.426417
Epoch 178
Loss = 3.4795e-03, PNorm = 57.3768, GNorm = 0.3801, lr_0 = 1.2279e-04
Loss = 3.1297e-03, PNorm = 57.3778, GNorm = 0.3291, lr_0 = 1.2245e-04
Loss = 3.0658e-03, PNorm = 57.3799, GNorm = 0.2168, lr_0 = 1.2212e-04
Loss = 4.7428e-03, PNorm = 57.3817, GNorm = 0.2467, lr_0 = 1.2179e-04
Validation rmse = 1.429385
Epoch 179
Loss = 2.7337e-03, PNorm = 57.3829, GNorm = 0.2732, lr_0 = 1.2146e-04
Loss = 3.1601e-03, PNorm = 57.3838, GNorm = 0.2540, lr_0 = 1.2114e-04
Loss = 5.1510e-03, PNorm = 57.3847, GNorm = 0.4099, lr_0 = 1.2081e-04
Loss = 4.1140e-03, PNorm = 57.3861, GNorm = 0.2160, lr_0 = 1.2048e-04
Loss = 3.7508e-03, PNorm = 57.3873, GNorm = 0.1573, lr_0 = 1.2016e-04
Validation rmse = 1.423435
Epoch 180
Loss = 3.8292e-03, PNorm = 57.3890, GNorm = 0.1859, lr_0 = 1.1983e-04
Loss = 2.6352e-03, PNorm = 57.3898, GNorm = 0.2387, lr_0 = 1.1951e-04
Loss = 3.3763e-03, PNorm = 57.3906, GNorm = 0.1573, lr_0 = 1.1919e-04
Loss = 3.5541e-03, PNorm = 57.3911, GNorm = 0.1701, lr_0 = 1.1886e-04
Validation rmse = 1.418656
Epoch 181
Loss = 1.6323e-03, PNorm = 57.3925, GNorm = 0.3062, lr_0 = 1.1854e-04
Loss = 2.8413e-03, PNorm = 57.3936, GNorm = 0.2097, lr_0 = 1.1822e-04
Loss = 3.9636e-03, PNorm = 57.3948, GNorm = 0.1747, lr_0 = 1.1790e-04
Loss = 3.8320e-03, PNorm = 57.3955, GNorm = 0.3482, lr_0 = 1.1759e-04
Validation rmse = 1.420845
Epoch 182
Loss = 2.8924e-03, PNorm = 57.3977, GNorm = 0.4201, lr_0 = 1.1724e-04
Loss = 3.7989e-03, PNorm = 57.3995, GNorm = 0.3023, lr_0 = 1.1692e-04
Loss = 2.5244e-03, PNorm = 57.4018, GNorm = 0.1918, lr_0 = 1.1660e-04
Loss = 2.8858e-03, PNorm = 57.4034, GNorm = 0.1814, lr_0 = 1.1629e-04
Loss = 3.9650e-03, PNorm = 57.4039, GNorm = 0.2445, lr_0 = 1.1598e-04
Validation rmse = 1.414796
Epoch 183
Loss = 3.8158e-03, PNorm = 57.4048, GNorm = 0.3287, lr_0 = 1.1566e-04
Loss = 3.2236e-03, PNorm = 57.4060, GNorm = 0.1944, lr_0 = 1.1535e-04
Loss = 4.0227e-03, PNorm = 57.4076, GNorm = 0.2643, lr_0 = 1.1504e-04
Loss = 3.8922e-03, PNorm = 57.4089, GNorm = 0.2184, lr_0 = 1.1473e-04
Validation rmse = 1.425997
Epoch 184
Loss = 2.2524e-03, PNorm = 57.4099, GNorm = 0.1495, lr_0 = 1.1442e-04
Loss = 3.1146e-03, PNorm = 57.4103, GNorm = 0.1684, lr_0 = 1.1411e-04
Loss = 2.2972e-03, PNorm = 57.4107, GNorm = 0.1552, lr_0 = 1.1380e-04
Loss = 4.6117e-03, PNorm = 57.4102, GNorm = 0.2505, lr_0 = 1.1349e-04
Validation rmse = 1.416664
Epoch 185
Loss = 1.2830e-03, PNorm = 57.4107, GNorm = 0.2345, lr_0 = 1.1319e-04
Loss = 2.2792e-03, PNorm = 57.4120, GNorm = 0.2946, lr_0 = 1.1288e-04
Loss = 2.4662e-03, PNorm = 57.4132, GNorm = 0.1876, lr_0 = 1.1258e-04
Loss = 2.9685e-03, PNorm = 57.4140, GNorm = 0.2484, lr_0 = 1.1227e-04
Loss = 4.6333e-03, PNorm = 57.4152, GNorm = 0.1872, lr_0 = 1.1197e-04
Validation rmse = 1.419390
Epoch 186
Loss = 1.9255e-03, PNorm = 57.4163, GNorm = 0.1529, lr_0 = 1.1167e-04
Loss = 3.6836e-03, PNorm = 57.4174, GNorm = 0.2401, lr_0 = 1.1136e-04
Loss = 3.4185e-03, PNorm = 57.4190, GNorm = 0.1291, lr_0 = 1.1106e-04
Loss = 1.7077e-03, PNorm = 57.4201, GNorm = 0.2959, lr_0 = 1.1076e-04
Validation rmse = 1.429051
Epoch 187
Loss = 1.2431e-03, PNorm = 57.4213, GNorm = 0.3373, lr_0 = 1.1043e-04
Loss = 2.8444e-03, PNorm = 57.4227, GNorm = 0.1908, lr_0 = 1.1014e-04
Loss = 4.0922e-03, PNorm = 57.4231, GNorm = 0.1409, lr_0 = 1.0984e-04
Loss = 3.4902e-03, PNorm = 57.4236, GNorm = 0.1686, lr_0 = 1.0954e-04
Loss = 3.0628e-03, PNorm = 57.4245, GNorm = 0.1964, lr_0 = 1.0925e-04
Validation rmse = 1.435564
Epoch 188
Loss = 2.8266e-03, PNorm = 57.4262, GNorm = 0.1761, lr_0 = 1.0895e-04
Loss = 2.5577e-03, PNorm = 57.4272, GNorm = 0.2156, lr_0 = 1.0866e-04
Loss = 2.1494e-03, PNorm = 57.4281, GNorm = 0.2226, lr_0 = 1.0836e-04
Loss = 3.7020e-03, PNorm = 57.4288, GNorm = 0.3524, lr_0 = 1.0807e-04
Validation rmse = 1.424414
Epoch 189
Loss = 1.8890e-03, PNorm = 57.4302, GNorm = 0.2359, lr_0 = 1.0778e-04
Loss = 4.3478e-03, PNorm = 57.4308, GNorm = 0.3944, lr_0 = 1.0749e-04
Loss = 3.3706e-03, PNorm = 57.4324, GNorm = 0.1827, lr_0 = 1.0720e-04
Loss = 3.6924e-03, PNorm = 57.4335, GNorm = 0.3104, lr_0 = 1.0691e-04
Validation rmse = 1.435585
Epoch 190
Loss = 2.1542e-03, PNorm = 57.4339, GNorm = 0.2811, lr_0 = 1.0662e-04
Loss = 2.2118e-03, PNorm = 57.4353, GNorm = 0.2409, lr_0 = 1.0633e-04
Loss = 2.9197e-03, PNorm = 57.4363, GNorm = 0.2765, lr_0 = 1.0604e-04
Loss = 2.7788e-03, PNorm = 57.4369, GNorm = 0.1567, lr_0 = 1.0576e-04
Loss = 3.9881e-03, PNorm = 57.4374, GNorm = 0.2231, lr_0 = 1.0547e-04
Validation rmse = 1.426483
Epoch 191
Loss = 1.4205e-03, PNorm = 57.4385, GNorm = 0.1513, lr_0 = 1.0516e-04
Loss = 2.3615e-03, PNorm = 57.4394, GNorm = 0.1282, lr_0 = 1.0487e-04
Loss = 3.9407e-03, PNorm = 57.4406, GNorm = 0.4703, lr_0 = 1.0459e-04
Loss = 3.4895e-03, PNorm = 57.4412, GNorm = 0.1443, lr_0 = 1.0431e-04
Validation rmse = 1.423271
Epoch 192
Loss = 3.3968e-03, PNorm = 57.4422, GNorm = 0.2443, lr_0 = 1.0403e-04
Loss = 1.8679e-03, PNorm = 57.4429, GNorm = 0.1199, lr_0 = 1.0375e-04
Loss = 2.6413e-03, PNorm = 57.4439, GNorm = 0.2271, lr_0 = 1.0347e-04
Loss = 2.8049e-03, PNorm = 57.4448, GNorm = 0.1476, lr_0 = 1.0319e-04
Validation rmse = 1.423892
Epoch 193
Loss = 1.0796e-03, PNorm = 57.4454, GNorm = 0.1654, lr_0 = 1.0291e-04
Loss = 2.1402e-03, PNorm = 57.4461, GNorm = 0.1242, lr_0 = 1.0263e-04
Loss = 2.2760e-03, PNorm = 57.4465, GNorm = 0.3776, lr_0 = 1.0235e-04
Loss = 2.2486e-03, PNorm = 57.4466, GNorm = 0.1071, lr_0 = 1.0208e-04
Loss = 4.7040e-03, PNorm = 57.4474, GNorm = 0.4945, lr_0 = 1.0180e-04
Validation rmse = 1.422847
Epoch 194
Loss = 1.2429e-03, PNorm = 57.4495, GNorm = 0.1185, lr_0 = 1.0153e-04
Loss = 3.9181e-03, PNorm = 57.4504, GNorm = 0.1986, lr_0 = 1.0125e-04
Loss = 3.0368e-03, PNorm = 57.4519, GNorm = 0.1641, lr_0 = 1.0098e-04
Loss = 3.4725e-03, PNorm = 57.4527, GNorm = 0.1685, lr_0 = 1.0071e-04
Validation rmse = 1.414304
Epoch 195
Loss = 2.4544e-03, PNorm = 57.4530, GNorm = 0.1302, lr_0 = 1.0043e-04
Loss = 3.1110e-03, PNorm = 57.4547, GNorm = 0.1854, lr_0 = 1.0016e-04
Loss = 3.6858e-03, PNorm = 57.4554, GNorm = 0.3997, lr_0 = 1.0000e-04
Loss = 2.9658e-03, PNorm = 57.4559, GNorm = 0.2128, lr_0 = 1.0000e-04
Loss = 2.3802e-03, PNorm = 57.4564, GNorm = 0.3863, lr_0 = 1.0000e-04
Loss = 1.9167e-03, PNorm = 57.4565, GNorm = 0.1708, lr_0 = 1.0000e-04
Validation rmse = 1.422625
Epoch 196
Loss = 2.7785e-03, PNorm = 57.4574, GNorm = 0.3306, lr_0 = 1.0000e-04
Loss = 2.6054e-03, PNorm = 57.4583, GNorm = 0.2477, lr_0 = 1.0000e-04
Loss = 3.2458e-03, PNorm = 57.4599, GNorm = 0.1599, lr_0 = 1.0000e-04
Loss = 3.5321e-03, PNorm = 57.4603, GNorm = 0.1602, lr_0 = 1.0000e-04
Validation rmse = 1.426225
Epoch 197
Loss = 1.7758e-03, PNorm = 57.4612, GNorm = 0.0791, lr_0 = 1.0000e-04
Loss = 2.0654e-03, PNorm = 57.4626, GNorm = 0.2110, lr_0 = 1.0000e-04
Loss = 3.1235e-03, PNorm = 57.4630, GNorm = 0.3712, lr_0 = 1.0000e-04
Loss = 2.2142e-03, PNorm = 57.4635, GNorm = 0.1330, lr_0 = 1.0000e-04
Validation rmse = 1.429541
Epoch 198
Loss = 3.5829e-03, PNorm = 57.4647, GNorm = 0.2737, lr_0 = 1.0000e-04
Loss = 1.8755e-03, PNorm = 57.4650, GNorm = 0.1939, lr_0 = 1.0000e-04
Loss = 2.1681e-03, PNorm = 57.4657, GNorm = 0.1040, lr_0 = 1.0000e-04
Loss = 2.0156e-03, PNorm = 57.4664, GNorm = 0.1347, lr_0 = 1.0000e-04
Loss = 4.4037e-03, PNorm = 57.4669, GNorm = 0.2809, lr_0 = 1.0000e-04
Validation rmse = 1.430082
Epoch 199
Loss = 1.7835e-03, PNorm = 57.4678, GNorm = 0.1436, lr_0 = 1.0000e-04
Loss = 3.7354e-03, PNorm = 57.4689, GNorm = 0.1359, lr_0 = 1.0000e-04
Loss = 2.1643e-03, PNorm = 57.4702, GNorm = 0.1611, lr_0 = 1.0000e-04
Loss = 3.1357e-03, PNorm = 57.4721, GNorm = 0.1430, lr_0 = 1.0000e-04
Validation rmse = 1.428998
Model 0 best validation rmse = 1.362290 on epoch 66
Loading pretrained parameter "encoder.encoder.0.cached_zero_vector".
Loading pretrained parameter "encoder.encoder.0.W_i.weight".
Loading pretrained parameter "encoder.encoder.0.W_h.weight".
Loading pretrained parameter "encoder.encoder.0.W_o.weight".
Loading pretrained parameter "encoder.encoder.0.W_o.bias".
Loading pretrained parameter "encoder.encoder.1.cached_zero_vector".
Loading pretrained parameter "encoder.encoder.1.W_i.weight".
Loading pretrained parameter "encoder.encoder.1.W_h.weight".
Loading pretrained parameter "encoder.encoder.1.W_o.weight".
Loading pretrained parameter "encoder.encoder.1.W_o.bias".
Loading pretrained parameter "ffn.1.weight".
Loading pretrained parameter "ffn.1.bias".
Loading pretrained parameter "ffn.4.weight".
Loading pretrained parameter "ffn.4.bias".
Moving model to cuda
Model 0 test rmse = 1.176089
Ensemble test rmse = 1.176089
1-fold cross validation
	Seed 0 ==> test rmse = 1.176089
Overall test rmse = 1.176089 +/- 0.000000
Elapsed time = 0:04:30
