Command line
python /home/rxwangtw/miniconda3/envs/chemprop/bin/chemprop_train --data_path 2022_fold_0_train.csv --separate_test_path 2022_fold_0_test.csv --separate_val_path 2022_fold_0_valid.csv --save_dir model --save_preds --dataset_type regression --features_path train_mndescriptor.csv --separate_val_features_path valid_mn_descriptor.csv --separate_test_features_path test_mndescriptor.csv --epoch 200 --target_columns logsol --number_of_molecules 1 --smiles_columns smiles
Args
{'activation': 'ReLU',
 'adding_h': False,
 'aggregation': 'mean',
 'aggregation_norm': 100,
 'atom_descriptor_scaling': True,
 'atom_descriptors': None,
 'atom_descriptors_path': None,
 'atom_descriptors_size': 0,
 'atom_features_size': 0,
 'atom_messages': False,
 'batch_size': 50,
 'bias': False,
 'bias_solvent': False,
 'bond_feature_scaling': True,
 'bond_features_path': None,
 'bond_features_size': 0,
 'cache_cutoff': 10000,
 'checkpoint_dir': None,
 'checkpoint_frzn': None,
 'checkpoint_path': None,
 'checkpoint_paths': None,
 'class_balance': False,
 'config_path': None,
 'crossval_index_dir': None,
 'crossval_index_file': None,
 'crossval_index_sets': None,
 'cuda': True,
 'data_path': '2022_fold_0_train.csv',
 'data_weights_path': None,
 'dataset_type': 'regression',
 'depth': 3,
 'depth_solvent': 3,
 'device': device(type='cuda'),
 'dropout': 0.0,
 'empty_cache': False,
 'ensemble_size': 1,
 'epochs': 200,
 'evidential_regularization': 0,
 'explicit_h': False,
 'extra_metrics': [],
 'features_generator': None,
 'features_only': False,
 'features_path': ['train_mndescriptor.csv'],
 'features_scaling': True,
 'features_size': None,
 'ffn_hidden_size': 300,
 'ffn_num_layers': 2,
 'final_lr': 0.0001,
 'folds_file': None,
 'freeze_first_only': False,
 'frzn_ffn_layers': 0,
 'gpu': None,
 'grad_clip': None,
 'hidden_size': 300,
 'hidden_size_solvent': 300,
 'ignore_columns': None,
 'init_lr': 0.0001,
 'log_frequency': 10,
 'loss_function': 'mse',
 'max_data_size': None,
 'max_lr': 0.001,
 'metric': 'rmse',
 'metrics': ['rmse'],
 'minimize_score': True,
 'mpn_shared': False,
 'multiclass_num_classes': 3,
 'no_atom_descriptor_scaling': False,
 'no_bond_features_scaling': False,
 'no_cache_mol': False,
 'no_cuda': False,
 'no_features_scaling': False,
 'num_folds': 1,
 'num_lrs': 1,
 'num_tasks': 1,
 'num_workers': 8,
 'number_of_molecules': 1,
 'overwrite_default_atom_features': False,
 'overwrite_default_bond_features': False,
 'phase_features_path': None,
 'pytorch_seed': 0,
 'quiet': False,
 'reaction': False,
 'reaction_mode': 'reac_diff',
 'reaction_solvent': False,
 'resume_experiment': False,
 'save_dir': 'model',
 'save_preds': True,
 'save_smiles_splits': False,
 'seed': 0,
 'separate_test_atom_descriptors_path': None,
 'separate_test_bond_features_path': None,
 'separate_test_features_path': ['test_mndescriptor.csv'],
 'separate_test_path': '2022_fold_0_test.csv',
 'separate_test_phase_features_path': None,
 'separate_val_atom_descriptors_path': None,
 'separate_val_bond_features_path': None,
 'separate_val_features_path': ['valid_mn_descriptor.csv'],
 'separate_val_path': '2022_fold_0_valid.csv',
 'separate_val_phase_features_path': None,
 'show_individual_scores': False,
 'smiles_columns': ['smiles'],
 'spectra_activation': 'exp',
 'spectra_phase_mask_path': None,
 'spectra_target_floor': 1e-08,
 'split_key_molecule': 0,
 'split_sizes': [1.0, 0.0, 0.0],
 'split_type': 'random',
 'target_columns': ['logsol'],
 'target_weights': None,
 'task_names': ['logsol'],
 'test': False,
 'test_fold_index': None,
 'train_data_size': None,
 'undirected': False,
 'use_input_features': True,
 'val_fold_index': None,
 'warmup_epochs': 2.0}
Setting molecule featurization parameters to default.
Loading data
Number of tasks = 1
Fold 0
Splitting data with seed 0
Command line
python /home/rxwangtw/miniconda3/envs/chemprop/bin/chemprop_train --data_path 2022_fold_0_train.csv --separate_test_path 2022_fold_0_test.csv --separate_val_path 2022_fold_0_valid.csv --save_dir model --save_preds --dataset_type regression --features_path train_mndescriptor.csv --separate_val_features_path valid_mndescriptor.csv --separate_test_features_path test_mndescriptor.csv --epoch 200 --target_columns logsol --number_of_molecules 1 --smiles_columns smiles
Args
{'activation': 'ReLU',
 'adding_h': False,
 'aggregation': 'mean',
 'aggregation_norm': 100,
 'atom_descriptor_scaling': True,
 'atom_descriptors': None,
 'atom_descriptors_path': None,
 'atom_descriptors_size': 0,
 'atom_features_size': 0,
 'atom_messages': False,
 'batch_size': 50,
 'bias': False,
 'bias_solvent': False,
 'bond_feature_scaling': True,
 'bond_features_path': None,
 'bond_features_size': 0,
 'cache_cutoff': 10000,
 'checkpoint_dir': None,
 'checkpoint_frzn': None,
 'checkpoint_path': None,
 'checkpoint_paths': None,
 'class_balance': False,
 'config_path': None,
 'crossval_index_dir': None,
 'crossval_index_file': None,
 'crossval_index_sets': None,
 'cuda': True,
 'data_path': '2022_fold_0_train.csv',
 'data_weights_path': None,
 'dataset_type': 'regression',
 'depth': 3,
 'depth_solvent': 3,
 'device': device(type='cuda'),
 'dropout': 0.0,
 'empty_cache': False,
 'ensemble_size': 1,
 'epochs': 200,
 'evidential_regularization': 0,
 'explicit_h': False,
 'extra_metrics': [],
 'features_generator': None,
 'features_only': False,
 'features_path': ['train_mndescriptor.csv'],
 'features_scaling': True,
 'features_size': None,
 'ffn_hidden_size': 300,
 'ffn_num_layers': 2,
 'final_lr': 0.0001,
 'folds_file': None,
 'freeze_first_only': False,
 'frzn_ffn_layers': 0,
 'gpu': None,
 'grad_clip': None,
 'hidden_size': 300,
 'hidden_size_solvent': 300,
 'ignore_columns': None,
 'init_lr': 0.0001,
 'log_frequency': 10,
 'loss_function': 'mse',
 'max_data_size': None,
 'max_lr': 0.001,
 'metric': 'rmse',
 'metrics': ['rmse'],
 'minimize_score': True,
 'mpn_shared': False,
 'multiclass_num_classes': 3,
 'no_atom_descriptor_scaling': False,
 'no_bond_features_scaling': False,
 'no_cache_mol': False,
 'no_cuda': False,
 'no_features_scaling': False,
 'num_folds': 1,
 'num_lrs': 1,
 'num_tasks': 1,
 'num_workers': 8,
 'number_of_molecules': 1,
 'overwrite_default_atom_features': False,
 'overwrite_default_bond_features': False,
 'phase_features_path': None,
 'pytorch_seed': 0,
 'quiet': False,
 'reaction': False,
 'reaction_mode': 'reac_diff',
 'reaction_solvent': False,
 'resume_experiment': False,
 'save_dir': 'model',
 'save_preds': True,
 'save_smiles_splits': False,
 'seed': 0,
 'separate_test_atom_descriptors_path': None,
 'separate_test_bond_features_path': None,
 'separate_test_features_path': ['test_mndescriptor.csv'],
 'separate_test_path': '2022_fold_0_test.csv',
 'separate_test_phase_features_path': None,
 'separate_val_atom_descriptors_path': None,
 'separate_val_bond_features_path': None,
 'separate_val_features_path': ['valid_mndescriptor.csv'],
 'separate_val_path': '2022_fold_0_valid.csv',
 'separate_val_phase_features_path': None,
 'show_individual_scores': False,
 'smiles_columns': ['smiles'],
 'spectra_activation': 'exp',
 'spectra_phase_mask_path': None,
 'spectra_target_floor': 1e-08,
 'split_key_molecule': 0,
 'split_sizes': [1.0, 0.0, 0.0],
 'split_type': 'random',
 'target_columns': ['logsol'],
 'target_weights': None,
 'task_names': ['logsol'],
 'test': False,
 'test_fold_index': None,
 'train_data_size': None,
 'undirected': False,
 'use_input_features': True,
 'val_fold_index': None,
 'warmup_epochs': 2.0}
Setting molecule featurization parameters to default.
Loading data
Number of tasks = 1
Fold 0
Splitting data with seed 0
Total size = 2,189 | train size = 2,189 | val size = 267 | test size = 273
Fitting scaler
Building model 0
MoleculeModel(
  (encoder): MPN(
    (encoder): ModuleList(
      (0): MPNEncoder(
        (dropout_layer): Dropout(p=0.0, inplace=False)
        (act_func): ReLU()
        (W_i): Linear(in_features=147, out_features=300, bias=False)
        (W_h): Linear(in_features=300, out_features=300, bias=False)
        (W_o): Linear(in_features=433, out_features=300, bias=True)
      )
    )
  )
  (ffn): Sequential(
    (0): Dropout(p=0.0, inplace=False)
    (1): Linear(in_features=308, out_features=300, bias=True)
    (2): ReLU()
    (3): Dropout(p=0.0, inplace=False)
    (4): Linear(in_features=300, out_features=1, bias=True)
  )
)
Number of parameters = 357,601
Moving model to cuda
Epoch 0
Loss = 1.0668e+00, PNorm = 34.0806, GNorm = 5.5963, lr_0 = 2.1512e-04
Loss = 9.4075e-01, PNorm = 34.0838, GNorm = 6.7282, lr_0 = 3.1977e-04
Loss = 8.9053e-01, PNorm = 34.0902, GNorm = 1.6161, lr_0 = 4.2442e-04
Loss = 9.8388e-01, PNorm = 34.1010, GNorm = 4.1507, lr_0 = 5.2907e-04
Validation rmse = 2.610031
Epoch 1
Loss = 8.1200e-01, PNorm = 34.1229, GNorm = 1.7967, lr_0 = 6.4419e-04
Loss = 7.5637e-01, PNorm = 34.1494, GNorm = 2.3562, lr_0 = 7.4884e-04
Loss = 7.8463e-01, PNorm = 34.1861, GNorm = 10.3414, lr_0 = 8.5349e-04
Loss = 8.5285e-01, PNorm = 34.2365, GNorm = 2.8577, lr_0 = 9.5814e-04
Validation rmse = 2.503866
Epoch 2
Loss = 9.2461e-01, PNorm = 34.3004, GNorm = 3.8229, lr_0 = 9.9838e-04
Loss = 7.2674e-01, PNorm = 34.3769, GNorm = 3.8106, lr_0 = 9.9568e-04
Loss = 7.0347e-01, PNorm = 34.4470, GNorm = 1.3749, lr_0 = 9.9299e-04
Loss = 7.0079e-01, PNorm = 34.5210, GNorm = 4.2403, lr_0 = 9.9031e-04
Loss = 7.0648e-01, PNorm = 34.6019, GNorm = 1.6134, lr_0 = 9.8764e-04
Validation rmse = 2.296716
Epoch 3
Loss = 5.3899e-01, PNorm = 34.6879, GNorm = 3.0793, lr_0 = 9.8497e-04
Loss = 6.3720e-01, PNorm = 34.7727, GNorm = 6.4392, lr_0 = 9.8231e-04
Loss = 6.5473e-01, PNorm = 34.8681, GNorm = 7.3244, lr_0 = 9.7966e-04
Loss = 7.3349e-01, PNorm = 34.9525, GNorm = 1.9132, lr_0 = 9.7701e-04
Validation rmse = 2.215242
Epoch 4
Loss = 5.7209e-01, PNorm = 35.0415, GNorm = 1.9388, lr_0 = 9.7437e-04
Loss = 5.0263e-01, PNorm = 35.1306, GNorm = 1.3372, lr_0 = 9.7174e-04
Loss = 5.8639e-01, PNorm = 35.2209, GNorm = 1.2831, lr_0 = 9.6912e-04
Loss = 5.4636e-01, PNorm = 35.3005, GNorm = 3.5045, lr_0 = 9.6650e-04
Validation rmse = 2.294464
Epoch 5
Loss = 5.6034e-01, PNorm = 35.4088, GNorm = 3.6730, lr_0 = 9.6363e-04
Loss = 4.4792e-01, PNorm = 35.5036, GNorm = 1.8053, lr_0 = 9.6102e-04
Loss = 4.4428e-01, PNorm = 35.5939, GNorm = 1.0000, lr_0 = 9.5843e-04
Loss = 4.7460e-01, PNorm = 35.6943, GNorm = 2.3641, lr_0 = 9.5584e-04
Loss = 5.8294e-01, PNorm = 35.7800, GNorm = 1.7019, lr_0 = 9.5326e-04
Validation rmse = 2.042546
Epoch 6
Loss = 4.2560e-01, PNorm = 35.8645, GNorm = 2.6716, lr_0 = 9.5068e-04
Loss = 4.5615e-01, PNorm = 35.9405, GNorm = 3.3561, lr_0 = 9.4812e-04
Loss = 4.2670e-01, PNorm = 36.0355, GNorm = 1.1244, lr_0 = 9.4556e-04
Loss = 4.4918e-01, PNorm = 36.1157, GNorm = 1.4910, lr_0 = 9.4300e-04
Validation rmse = 2.020596
Epoch 7
Loss = 4.3424e-01, PNorm = 36.2026, GNorm = 1.9303, lr_0 = 9.4046e-04
Loss = 4.3570e-01, PNorm = 36.2871, GNorm = 3.7217, lr_0 = 9.3792e-04
Loss = 3.7018e-01, PNorm = 36.3590, GNorm = 1.9126, lr_0 = 9.3538e-04
Loss = 3.3388e-01, PNorm = 36.4583, GNorm = 2.3156, lr_0 = 9.3286e-04
Loss = 4.2444e-01, PNorm = 36.5491, GNorm = 2.2230, lr_0 = 9.3034e-04
Validation rmse = 2.164157
Epoch 8
Loss = 4.4423e-01, PNorm = 36.6316, GNorm = 1.7380, lr_0 = 9.2782e-04
Loss = 4.7456e-01, PNorm = 36.7158, GNorm = 3.5710, lr_0 = 9.2532e-04
Loss = 3.8689e-01, PNorm = 36.8044, GNorm = 2.0425, lr_0 = 9.2282e-04
Loss = 3.9560e-01, PNorm = 36.8905, GNorm = 2.0195, lr_0 = 9.2033e-04
Validation rmse = 1.762409
Epoch 9
Loss = 2.9307e-01, PNorm = 36.9764, GNorm = 2.5832, lr_0 = 9.1784e-04
Loss = 2.7883e-01, PNorm = 37.0507, GNorm = 1.8297, lr_0 = 9.1536e-04
Loss = 2.7204e-01, PNorm = 37.1253, GNorm = 4.3101, lr_0 = 9.1289e-04
Loss = 3.8821e-01, PNorm = 37.1947, GNorm = 1.3556, lr_0 = 9.1042e-04
Validation rmse = 1.890131
Epoch 10
Loss = 3.3827e-01, PNorm = 37.2772, GNorm = 2.3500, lr_0 = 9.0772e-04
Loss = 2.9222e-01, PNorm = 37.3713, GNorm = 1.4675, lr_0 = 9.0527e-04
Loss = 3.3140e-01, PNorm = 37.4483, GNorm = 1.1702, lr_0 = 9.0282e-04
Loss = 2.7478e-01, PNorm = 37.5116, GNorm = 2.4918, lr_0 = 9.0038e-04
Loss = 3.3782e-01, PNorm = 37.5700, GNorm = 2.2323, lr_0 = 8.9795e-04
Validation rmse = 1.611155
Epoch 11
Loss = 2.3059e-01, PNorm = 37.6288, GNorm = 1.7991, lr_0 = 8.9553e-04
Loss = 2.4928e-01, PNorm = 37.6986, GNorm = 3.2850, lr_0 = 8.9311e-04
Loss = 3.6838e-01, PNorm = 37.7561, GNorm = 2.4774, lr_0 = 8.9070e-04
Loss = 2.6261e-01, PNorm = 37.8401, GNorm = 2.1072, lr_0 = 8.8829e-04
Validation rmse = 1.580700
Epoch 12
Loss = 2.1822e-01, PNorm = 37.9146, GNorm = 1.1629, lr_0 = 8.8589e-04
Loss = 2.1109e-01, PNorm = 37.9760, GNorm = 1.3003, lr_0 = 8.8350e-04
Loss = 2.5762e-01, PNorm = 38.0377, GNorm = 1.4094, lr_0 = 8.8111e-04
Loss = 2.7425e-01, PNorm = 38.1023, GNorm = 1.4618, lr_0 = 8.7873e-04
Validation rmse = 1.574259
Epoch 13
Loss = 1.7979e-01, PNorm = 38.1719, GNorm = 1.1415, lr_0 = 8.7636e-04
Loss = 2.0399e-01, PNorm = 38.2512, GNorm = 1.9893, lr_0 = 8.7399e-04
Loss = 2.4201e-01, PNorm = 38.3097, GNorm = 1.5730, lr_0 = 8.7163e-04
Loss = 2.7392e-01, PNorm = 38.3615, GNorm = 2.2468, lr_0 = 8.6928e-04
Loss = 2.4733e-01, PNorm = 38.4277, GNorm = 1.8590, lr_0 = 8.6693e-04
Validation rmse = 1.634862
Epoch 14
Loss = 2.1937e-01, PNorm = 38.4898, GNorm = 1.4560, lr_0 = 8.6436e-04
Loss = 2.2829e-01, PNorm = 38.5390, GNorm = 2.8368, lr_0 = 8.6202e-04
Loss = 2.7649e-01, PNorm = 38.5979, GNorm = 1.8623, lr_0 = 8.5969e-04
Loss = 2.7743e-01, PNorm = 38.6651, GNorm = 1.6016, lr_0 = 8.5737e-04
Validation rmse = 1.724311
Epoch 15
Loss = 1.9192e-01, PNorm = 38.7192, GNorm = 1.6535, lr_0 = 8.5506e-04
Loss = 2.1678e-01, PNorm = 38.7818, GNorm = 2.0300, lr_0 = 8.5275e-04
Loss = 1.9570e-01, PNorm = 38.8383, GNorm = 1.5681, lr_0 = 8.5044e-04
Loss = 2.2870e-01, PNorm = 38.8976, GNorm = 1.4335, lr_0 = 8.4815e-04
Loss = 2.8667e-01, PNorm = 38.9548, GNorm = 1.4009, lr_0 = 8.4586e-04
Validation rmse = 1.673527
Epoch 16
Loss = 2.1543e-01, PNorm = 39.0145, GNorm = 2.0636, lr_0 = 8.4357e-04
Loss = 2.4426e-01, PNorm = 39.0729, GNorm = 1.8114, lr_0 = 8.4129e-04
Loss = 2.1668e-01, PNorm = 39.1283, GNorm = 4.6271, lr_0 = 8.3902e-04
Loss = 2.1049e-01, PNorm = 39.1819, GNorm = 0.9196, lr_0 = 8.3675e-04
Validation rmse = 1.657975
Epoch 17
Loss = 2.1587e-01, PNorm = 39.2354, GNorm = 0.8699, lr_0 = 8.3449e-04
Loss = 1.6312e-01, PNorm = 39.2795, GNorm = 0.8398, lr_0 = 8.3224e-04
Loss = 1.7578e-01, PNorm = 39.3168, GNorm = 1.9251, lr_0 = 8.2999e-04
Loss = 2.0376e-01, PNorm = 39.3738, GNorm = 1.7559, lr_0 = 8.2775e-04
Validation rmse = 1.455395
Epoch 18
Loss = 1.6054e-01, PNorm = 39.4359, GNorm = 1.7447, lr_0 = 8.2552e-04
Loss = 2.4910e-01, PNorm = 39.4900, GNorm = 1.2236, lr_0 = 8.2329e-04
Loss = 1.6641e-01, PNorm = 39.5435, GNorm = 1.5590, lr_0 = 8.2106e-04
Loss = 1.3377e-01, PNorm = 39.5929, GNorm = 0.8838, lr_0 = 8.1885e-04
Loss = 1.8753e-01, PNorm = 39.6295, GNorm = 1.6893, lr_0 = 8.1663e-04
Validation rmse = 1.480899
Epoch 19
Loss = 1.5304e-01, PNorm = 39.6707, GNorm = 1.0458, lr_0 = 8.1421e-04
Loss = 1.8017e-01, PNorm = 39.7230, GNorm = 1.2131, lr_0 = 8.1201e-04
Loss = 1.7356e-01, PNorm = 39.7737, GNorm = 1.5309, lr_0 = 8.0982e-04
Loss = 1.5786e-01, PNorm = 39.8198, GNorm = 1.0746, lr_0 = 8.0763e-04
Validation rmse = 1.507335
Epoch 20
Loss = 1.6216e-01, PNorm = 39.8633, GNorm = 1.2845, lr_0 = 8.0545e-04
Loss = 1.5039e-01, PNorm = 39.9049, GNorm = 1.0378, lr_0 = 8.0327e-04
Loss = 1.8024e-01, PNorm = 39.9580, GNorm = 2.2691, lr_0 = 8.0110e-04
Loss = 1.4095e-01, PNorm = 39.9964, GNorm = 0.7219, lr_0 = 7.9894e-04
Validation rmse = 1.427950
Epoch 21
Loss = 1.1665e-01, PNorm = 40.0234, GNorm = 1.3130, lr_0 = 7.9678e-04
Loss = 1.3197e-01, PNorm = 40.0644, GNorm = 1.7404, lr_0 = 7.9463e-04
Loss = 1.2233e-01, PNorm = 40.1077, GNorm = 1.3719, lr_0 = 7.9248e-04
Loss = 1.9408e-01, PNorm = 40.1452, GNorm = 1.4684, lr_0 = 7.9034e-04
Loss = 1.6074e-01, PNorm = 40.1793, GNorm = 1.8578, lr_0 = 7.8821e-04
Validation rmse = 1.563834
Epoch 22
Loss = 1.3483e-01, PNorm = 40.2182, GNorm = 1.1379, lr_0 = 7.8608e-04
Loss = 1.1907e-01, PNorm = 40.2584, GNorm = 1.2946, lr_0 = 7.8396e-04
Loss = 1.4267e-01, PNorm = 40.2917, GNorm = 1.7774, lr_0 = 7.8184e-04
Loss = 1.5344e-01, PNorm = 40.3254, GNorm = 2.0018, lr_0 = 7.7973e-04
Validation rmse = 1.646574
Epoch 23
Loss = 1.6334e-01, PNorm = 40.3797, GNorm = 2.6043, lr_0 = 7.7741e-04
Loss = 1.4816e-01, PNorm = 40.4227, GNorm = 1.3780, lr_0 = 7.7531e-04
Loss = 1.6411e-01, PNorm = 40.4643, GNorm = 2.2731, lr_0 = 7.7322e-04
Loss = 1.3898e-01, PNorm = 40.5000, GNorm = 0.9146, lr_0 = 7.7113e-04
Loss = 1.2478e-01, PNorm = 40.5333, GNorm = 1.5603, lr_0 = 7.6905e-04
Validation rmse = 1.470818
Epoch 24
Loss = 1.4074e-01, PNorm = 40.5748, GNorm = 2.4880, lr_0 = 7.6697e-04
Loss = 1.2839e-01, PNorm = 40.6190, GNorm = 0.8216, lr_0 = 7.6490e-04
Loss = 1.2838e-01, PNorm = 40.6510, GNorm = 1.5595, lr_0 = 7.6283e-04
Loss = 1.2937e-01, PNorm = 40.6819, GNorm = 1.3630, lr_0 = 7.6077e-04
Validation rmse = 1.535161
Epoch 25
Loss = 1.3428e-01, PNorm = 40.7254, GNorm = 2.1258, lr_0 = 7.5872e-04
Loss = 1.2642e-01, PNorm = 40.7569, GNorm = 1.2215, lr_0 = 7.5667e-04
Loss = 1.0637e-01, PNorm = 40.7897, GNorm = 1.6656, lr_0 = 7.5462e-04
Loss = 1.6521e-01, PNorm = 40.8218, GNorm = 0.8982, lr_0 = 7.5259e-04
Validation rmse = 1.381196
Epoch 26
Loss = 1.5388e-01, PNorm = 40.8645, GNorm = 1.9231, lr_0 = 7.5055e-04
Loss = 1.1632e-01, PNorm = 40.9093, GNorm = 1.0953, lr_0 = 7.4853e-04
Loss = 1.3564e-01, PNorm = 40.9475, GNorm = 1.7855, lr_0 = 7.4650e-04
Loss = 1.0947e-01, PNorm = 40.9919, GNorm = 1.1322, lr_0 = 7.4449e-04
Loss = 1.3394e-01, PNorm = 41.0200, GNorm = 1.2918, lr_0 = 7.4248e-04
Validation rmse = 1.403324
Epoch 27
Loss = 1.1817e-01, PNorm = 41.0417, GNorm = 1.8162, lr_0 = 7.4047e-04
Loss = 1.0427e-01, PNorm = 41.0724, GNorm = 1.3943, lr_0 = 7.3847e-04
Loss = 1.0827e-01, PNorm = 41.1018, GNorm = 1.3497, lr_0 = 7.3648e-04
Loss = 1.1310e-01, PNorm = 41.1284, GNorm = 2.2258, lr_0 = 7.3449e-04
Validation rmse = 1.561119
Epoch 28
Loss = 1.1603e-01, PNorm = 41.1696, GNorm = 1.0980, lr_0 = 7.3231e-04
Loss = 1.4707e-01, PNorm = 41.2098, GNorm = 4.3717, lr_0 = 7.3033e-04
Loss = 1.0473e-01, PNorm = 41.2458, GNorm = 1.0991, lr_0 = 7.2836e-04
Loss = 8.8162e-02, PNorm = 41.2744, GNorm = 1.1591, lr_0 = 7.2639e-04
Validation rmse = 1.444926
Epoch 29
Loss = 8.4626e-02, PNorm = 41.2914, GNorm = 1.1287, lr_0 = 7.2443e-04
Loss = 9.2244e-02, PNorm = 41.3157, GNorm = 0.7299, lr_0 = 7.2247e-04
Loss = 1.2314e-01, PNorm = 41.3437, GNorm = 0.6497, lr_0 = 7.2052e-04
Loss = 1.0448e-01, PNorm = 41.3784, GNorm = 1.8702, lr_0 = 7.1857e-04
Loss = 1.2059e-01, PNorm = 41.4099, GNorm = 1.2937, lr_0 = 7.1663e-04
Validation rmse = 1.522455
Epoch 30
Loss = 7.6771e-02, PNorm = 41.4374, GNorm = 1.2020, lr_0 = 7.1470e-04
Loss = 9.6372e-02, PNorm = 41.4671, GNorm = 2.5040, lr_0 = 7.1277e-04
Loss = 1.3743e-01, PNorm = 41.5041, GNorm = 0.7593, lr_0 = 7.1084e-04
Loss = 1.0969e-01, PNorm = 41.5248, GNorm = 2.1178, lr_0 = 7.0892e-04
Validation rmse = 1.503427
Epoch 31
Loss = 1.2084e-01, PNorm = 41.5531, GNorm = 3.5932, lr_0 = 7.0701e-04
Loss = 1.2953e-01, PNorm = 41.5929, GNorm = 1.0971, lr_0 = 7.0510e-04
Loss = 9.9115e-02, PNorm = 41.6302, GNorm = 1.3904, lr_0 = 7.0319e-04
Loss = 8.7980e-02, PNorm = 41.6634, GNorm = 1.2668, lr_0 = 7.0130e-04
Loss = 1.1608e-01, PNorm = 41.6858, GNorm = 1.2875, lr_0 = 6.9940e-04
Loss = 5.3836e-02, PNorm = 41.6884, GNorm = 0.7911, lr_0 = 6.9921e-04
Validation rmse = 1.450303
Epoch 32
Loss = 8.5158e-02, PNorm = 41.7093, GNorm = 1.0511, lr_0 = 6.9732e-04
Loss = 8.9859e-02, PNorm = 41.7317, GNorm = 0.8014, lr_0 = 6.9544e-04
Loss = 7.4129e-02, PNorm = 41.7572, GNorm = 0.5931, lr_0 = 6.9356e-04
Loss = 1.2033e-01, PNorm = 41.7862, GNorm = 1.2523, lr_0 = 6.9169e-04
Validation rmse = 1.407210
Epoch 33
Loss = 7.1747e-02, PNorm = 41.8130, GNorm = 1.1590, lr_0 = 6.8982e-04
Loss = 1.1653e-01, PNorm = 41.8409, GNorm = 1.2277, lr_0 = 6.8796e-04
Loss = 8.6289e-02, PNorm = 41.8796, GNorm = 1.5575, lr_0 = 6.8610e-04
Loss = 8.5005e-02, PNorm = 41.9048, GNorm = 0.7759, lr_0 = 6.8425e-04
Validation rmse = 1.479393
Epoch 34
Loss = 7.8691e-02, PNorm = 41.9227, GNorm = 0.8177, lr_0 = 6.8240e-04
Loss = 1.3643e-01, PNorm = 41.9447, GNorm = 0.6023, lr_0 = 6.8056e-04
Loss = 7.7831e-02, PNorm = 41.9656, GNorm = 0.7570, lr_0 = 6.7872e-04
Loss = 8.2585e-02, PNorm = 41.9881, GNorm = 1.1988, lr_0 = 6.7688e-04
Loss = 6.6785e-02, PNorm = 42.0112, GNorm = 0.7302, lr_0 = 6.7506e-04
Validation rmse = 1.347465
Epoch 35
Loss = 6.0337e-02, PNorm = 42.0337, GNorm = 1.2993, lr_0 = 6.7323e-04
Loss = 7.1305e-02, PNorm = 42.0526, GNorm = 1.3164, lr_0 = 6.7141e-04
Loss = 1.1146e-01, PNorm = 42.0783, GNorm = 0.8116, lr_0 = 6.6960e-04
Loss = 9.6467e-02, PNorm = 42.0994, GNorm = 1.9345, lr_0 = 6.6779e-04
Validation rmse = 1.558783
Epoch 36
Loss = 1.4287e-01, PNorm = 42.1222, GNorm = 1.4846, lr_0 = 6.6599e-04
Loss = 9.7971e-02, PNorm = 42.1494, GNorm = 1.8980, lr_0 = 6.6419e-04
Loss = 7.1419e-02, PNorm = 42.1764, GNorm = 2.2795, lr_0 = 6.6240e-04
Loss = 9.9850e-02, PNorm = 42.1982, GNorm = 1.3780, lr_0 = 6.6061e-04
Validation rmse = 1.455864
Epoch 37
Loss = 5.8055e-02, PNorm = 42.2331, GNorm = 0.8145, lr_0 = 6.5865e-04
Loss = 7.3772e-02, PNorm = 42.2563, GNorm = 1.3130, lr_0 = 6.5687e-04
Loss = 6.5292e-02, PNorm = 42.2783, GNorm = 1.1692, lr_0 = 6.5509e-04
Loss = 1.0220e-01, PNorm = 42.2951, GNorm = 1.1222, lr_0 = 6.5332e-04
Loss = 7.1979e-02, PNorm = 42.3095, GNorm = 1.1739, lr_0 = 6.5156e-04
Validation rmse = 1.384163
Epoch 38
Loss = 4.5882e-02, PNorm = 42.3270, GNorm = 0.8915, lr_0 = 6.4980e-04
Loss = 7.7252e-02, PNorm = 42.3435, GNorm = 0.9587, lr_0 = 6.4804e-04
Loss = 7.8991e-02, PNorm = 42.3608, GNorm = 0.6391, lr_0 = 6.4629e-04
Loss = 9.7891e-02, PNorm = 42.3864, GNorm = 1.8662, lr_0 = 6.4455e-04
Validation rmse = 1.422602
Epoch 39
Loss = 5.6736e-02, PNorm = 42.4014, GNorm = 0.7185, lr_0 = 6.4281e-04
Loss = 7.4017e-02, PNorm = 42.4188, GNorm = 1.0846, lr_0 = 6.4107e-04
Loss = 5.7723e-02, PNorm = 42.4355, GNorm = 0.6446, lr_0 = 6.3934e-04
Loss = 8.7205e-02, PNorm = 42.4549, GNorm = 2.1631, lr_0 = 6.3761e-04
Loss = 8.2518e-02, PNorm = 42.4711, GNorm = 1.4463, lr_0 = 6.3589e-04
Validation rmse = 1.364789
Epoch 40
Loss = 5.6405e-02, PNorm = 42.4875, GNorm = 0.8749, lr_0 = 6.3417e-04
Loss = 7.4767e-02, PNorm = 42.4994, GNorm = 0.6900, lr_0 = 6.3246e-04
Loss = 6.5654e-02, PNorm = 42.5247, GNorm = 1.4667, lr_0 = 6.3075e-04
Loss = 9.3464e-02, PNorm = 42.5572, GNorm = 0.4862, lr_0 = 6.2905e-04
Validation rmse = 1.450920
Epoch 41
Loss = 7.1919e-02, PNorm = 42.5771, GNorm = 1.1259, lr_0 = 6.2718e-04
Loss = 8.7785e-02, PNorm = 42.6000, GNorm = 1.8306, lr_0 = 6.2549e-04
Loss = 7.4134e-02, PNorm = 42.6226, GNorm = 1.0636, lr_0 = 6.2380e-04
Loss = 5.4586e-02, PNorm = 42.6399, GNorm = 1.0698, lr_0 = 6.2211e-04
Validation rmse = 1.420080
Epoch 42
Loss = 6.0699e-02, PNorm = 42.6538, GNorm = 0.7473, lr_0 = 6.2043e-04
Loss = 5.0653e-02, PNorm = 42.6703, GNorm = 0.8459, lr_0 = 6.1876e-04
Loss = 8.6710e-02, PNorm = 42.6850, GNorm = 0.9692, lr_0 = 6.1709e-04
Loss = 6.4195e-02, PNorm = 42.7040, GNorm = 0.7055, lr_0 = 6.1542e-04
Loss = 6.0166e-02, PNorm = 42.7182, GNorm = 0.6492, lr_0 = 6.1376e-04
Validation rmse = 1.379469
Epoch 43
Loss = 5.8365e-02, PNorm = 42.7323, GNorm = 0.6476, lr_0 = 6.1210e-04
Loss = 6.6186e-02, PNorm = 42.7472, GNorm = 1.2167, lr_0 = 6.1045e-04
Loss = 8.4294e-02, PNorm = 42.7668, GNorm = 1.5269, lr_0 = 6.0880e-04
Loss = 5.4553e-02, PNorm = 42.7847, GNorm = 0.5105, lr_0 = 6.0715e-04
Validation rmse = 1.423028
Epoch 44
Loss = 6.9205e-02, PNorm = 42.8013, GNorm = 0.9130, lr_0 = 6.0551e-04
Loss = 6.9505e-02, PNorm = 42.8236, GNorm = 1.4327, lr_0 = 6.0388e-04
Loss = 5.5457e-02, PNorm = 42.8470, GNorm = 0.5556, lr_0 = 6.0225e-04
Loss = 5.5618e-02, PNorm = 42.8625, GNorm = 0.9124, lr_0 = 6.0062e-04
Loss = 9.0833e-02, PNorm = 42.8758, GNorm = 1.7223, lr_0 = 5.9900e-04
Validation rmse = 1.377848
Epoch 45
Loss = 6.9162e-02, PNorm = 42.8881, GNorm = 1.1861, lr_0 = 5.9738e-04
Loss = 7.6546e-02, PNorm = 42.9111, GNorm = 2.1540, lr_0 = 5.9577e-04
Loss = 6.7225e-02, PNorm = 42.9331, GNorm = 0.5903, lr_0 = 5.9416e-04
Loss = 6.3062e-02, PNorm = 42.9486, GNorm = 1.0380, lr_0 = 5.9255e-04
Validation rmse = 1.349604
Epoch 46
Loss = 5.7277e-02, PNorm = 42.9595, GNorm = 0.8006, lr_0 = 5.9079e-04
Loss = 5.6923e-02, PNorm = 42.9730, GNorm = 1.7674, lr_0 = 5.8920e-04
Loss = 6.0094e-02, PNorm = 42.9990, GNorm = 0.4261, lr_0 = 5.8761e-04
Loss = 1.0045e-01, PNorm = 43.0189, GNorm = 1.0833, lr_0 = 5.8602e-04
Validation rmse = 1.368067
Epoch 47
Loss = 3.8134e-02, PNorm = 43.0381, GNorm = 0.5925, lr_0 = 5.8444e-04
Loss = 6.6078e-02, PNorm = 43.0513, GNorm = 0.6043, lr_0 = 5.8286e-04
Loss = 7.1461e-02, PNorm = 43.0692, GNorm = 1.7201, lr_0 = 5.8128e-04
Loss = 6.1698e-02, PNorm = 43.0863, GNorm = 0.6602, lr_0 = 5.7971e-04
Loss = 5.8374e-02, PNorm = 43.1018, GNorm = 0.8239, lr_0 = 5.7815e-04
Validation rmse = 1.392626
Epoch 48
Loss = 6.0953e-02, PNorm = 43.1095, GNorm = 1.4279, lr_0 = 5.7659e-04
Loss = 5.8260e-02, PNorm = 43.1236, GNorm = 0.5826, lr_0 = 5.7503e-04
Loss = 6.2635e-02, PNorm = 43.1365, GNorm = 0.5913, lr_0 = 5.7348e-04
Loss = 5.9397e-02, PNorm = 43.1500, GNorm = 0.5890, lr_0 = 5.7193e-04
Validation rmse = 1.418132
Epoch 49
Loss = 6.0201e-02, PNorm = 43.1673, GNorm = 1.4058, lr_0 = 5.7038e-04
Loss = 5.9447e-02, PNorm = 43.1866, GNorm = 0.7805, lr_0 = 5.6884e-04
Loss = 5.4189e-02, PNorm = 43.1963, GNorm = 0.7404, lr_0 = 5.6731e-04
Loss = 5.3438e-02, PNorm = 43.2054, GNorm = 0.9059, lr_0 = 5.6577e-04
Validation rmse = 1.360501
Epoch 50
Loss = 5.3542e-02, PNorm = 43.2230, GNorm = 0.6069, lr_0 = 5.6425e-04
Loss = 4.8207e-02, PNorm = 43.2401, GNorm = 0.5311, lr_0 = 5.6272e-04
Loss = 4.0988e-02, PNorm = 43.2510, GNorm = 0.7657, lr_0 = 5.6120e-04
Loss = 5.0654e-02, PNorm = 43.2565, GNorm = 0.4234, lr_0 = 5.5969e-04
Loss = 6.2074e-02, PNorm = 43.2682, GNorm = 0.8001, lr_0 = 5.5817e-04
Validation rmse = 1.342833
Epoch 51
Loss = 4.4579e-02, PNorm = 43.2802, GNorm = 1.0967, lr_0 = 5.5652e-04
Loss = 4.5611e-02, PNorm = 43.2953, GNorm = 0.9231, lr_0 = 5.5501e-04
Loss = 5.8147e-02, PNorm = 43.3071, GNorm = 1.0739, lr_0 = 5.5351e-04
Loss = 5.9452e-02, PNorm = 43.3212, GNorm = 0.4480, lr_0 = 5.5202e-04
Validation rmse = 1.449785
Epoch 52
Loss = 5.0559e-02, PNorm = 43.3374, GNorm = 0.6249, lr_0 = 5.5053e-04
Loss = 4.0841e-02, PNorm = 43.3488, GNorm = 0.5320, lr_0 = 5.4904e-04
Loss = 5.1602e-02, PNorm = 43.3566, GNorm = 0.5861, lr_0 = 5.4756e-04
Loss = 5.8540e-02, PNorm = 43.3673, GNorm = 1.3438, lr_0 = 5.4608e-04
Loss = 4.8214e-02, PNorm = 43.3821, GNorm = 0.6216, lr_0 = 5.4461e-04
Validation rmse = 1.380842
Epoch 53
Loss = 4.0600e-02, PNorm = 43.3936, GNorm = 0.5345, lr_0 = 5.4313e-04
Loss = 5.2637e-02, PNorm = 43.4027, GNorm = 1.2512, lr_0 = 5.4167e-04
Loss = 4.7217e-02, PNorm = 43.4150, GNorm = 0.6274, lr_0 = 5.4020e-04
Loss = 6.1231e-02, PNorm = 43.4249, GNorm = 0.9240, lr_0 = 5.3875e-04
Validation rmse = 1.429372
Epoch 54
Loss = 6.6035e-02, PNorm = 43.4375, GNorm = 0.4000, lr_0 = 5.3729e-04
Loss = 5.4932e-02, PNorm = 43.4484, GNorm = 0.8153, lr_0 = 5.3584e-04
Loss = 3.6745e-02, PNorm = 43.4623, GNorm = 0.3975, lr_0 = 5.3439e-04
Loss = 5.2290e-02, PNorm = 43.4766, GNorm = 0.5782, lr_0 = 5.3295e-04
Validation rmse = 1.338652
Epoch 55
Loss = 3.7517e-02, PNorm = 43.4897, GNorm = 0.7097, lr_0 = 5.3137e-04
Loss = 4.5319e-02, PNorm = 43.5032, GNorm = 1.0803, lr_0 = 5.2993e-04
Loss = 4.8544e-02, PNorm = 43.5121, GNorm = 0.4358, lr_0 = 5.2850e-04
Loss = 4.2428e-02, PNorm = 43.5220, GNorm = 0.6565, lr_0 = 5.2707e-04
Loss = 5.5935e-02, PNorm = 43.5354, GNorm = 0.9246, lr_0 = 5.2565e-04
Validation rmse = 1.420053
Epoch 56
Loss = 3.1803e-02, PNorm = 43.5476, GNorm = 0.4408, lr_0 = 5.2423e-04
Loss = 3.8161e-02, PNorm = 43.5597, GNorm = 0.7522, lr_0 = 5.2281e-04
Loss = 6.9599e-02, PNorm = 43.5731, GNorm = 0.9774, lr_0 = 5.2140e-04
Loss = 4.5931e-02, PNorm = 43.5789, GNorm = 0.7607, lr_0 = 5.1999e-04
Validation rmse = 1.434487
Epoch 57
Loss = 3.3608e-02, PNorm = 43.5849, GNorm = 0.4929, lr_0 = 5.1859e-04
Loss = 5.8616e-02, PNorm = 43.5903, GNorm = 0.4502, lr_0 = 5.1719e-04
Loss = 4.5658e-02, PNorm = 43.5972, GNorm = 0.6728, lr_0 = 5.1579e-04
Loss = 3.6879e-02, PNorm = 43.6090, GNorm = 0.8671, lr_0 = 5.1440e-04
Validation rmse = 1.338637
Epoch 58
Loss = 6.8500e-02, PNorm = 43.6215, GNorm = 1.0488, lr_0 = 5.1301e-04
Loss = 5.1985e-02, PNorm = 43.6309, GNorm = 0.5284, lr_0 = 5.1162e-04
Loss = 4.3834e-02, PNorm = 43.6386, GNorm = 0.7423, lr_0 = 5.1024e-04
Loss = 4.5843e-02, PNorm = 43.6493, GNorm = 0.7787, lr_0 = 5.0886e-04
Loss = 3.4259e-02, PNorm = 43.6591, GNorm = 0.4769, lr_0 = 5.0749e-04
Validation rmse = 1.314488
Epoch 59
Loss = 4.7312e-02, PNorm = 43.6736, GNorm = 0.7562, lr_0 = 5.0612e-04
Loss = 3.9362e-02, PNorm = 43.6879, GNorm = 1.0469, lr_0 = 5.0475e-04
Loss = 4.7739e-02, PNorm = 43.6941, GNorm = 0.7560, lr_0 = 5.0339e-04
Loss = 5.6293e-02, PNorm = 43.7030, GNorm = 0.9860, lr_0 = 5.0203e-04
Validation rmse = 1.344887
Epoch 60
Loss = 4.2049e-02, PNorm = 43.7181, GNorm = 0.8465, lr_0 = 5.0054e-04
Loss = 3.9674e-02, PNorm = 43.7285, GNorm = 0.6638, lr_0 = 4.9919e-04
Loss = 3.4603e-02, PNorm = 43.7358, GNorm = 0.4169, lr_0 = 4.9784e-04
Loss = 4.5031e-02, PNorm = 43.7485, GNorm = 0.4407, lr_0 = 4.9649e-04
Loss = 5.7999e-02, PNorm = 43.7591, GNorm = 1.1861, lr_0 = 4.9515e-04
Validation rmse = 1.347256
Epoch 61
Loss = 3.8772e-02, PNorm = 43.7688, GNorm = 0.4965, lr_0 = 4.9381e-04
Loss = 3.9416e-02, PNorm = 43.7754, GNorm = 0.5385, lr_0 = 4.9248e-04
Loss = 5.7268e-02, PNorm = 43.7896, GNorm = 1.3449, lr_0 = 4.9115e-04
Loss = 4.5527e-02, PNorm = 43.8005, GNorm = 1.0844, lr_0 = 4.8982e-04
Validation rmse = 1.404254
Epoch 62
Loss = 3.0557e-02, PNorm = 43.8074, GNorm = 0.5006, lr_0 = 4.8850e-04
Loss = 4.0129e-02, PNorm = 43.8121, GNorm = 0.6955, lr_0 = 4.8718e-04
Loss = 4.0388e-02, PNorm = 43.8239, GNorm = 0.3668, lr_0 = 4.8587e-04
Loss = 4.8882e-02, PNorm = 43.8278, GNorm = 0.6730, lr_0 = 4.8455e-04
Validation rmse = 1.342003
Epoch 63
Loss = 2.8871e-02, PNorm = 43.8379, GNorm = 0.4388, lr_0 = 4.8324e-04
Loss = 4.4565e-02, PNorm = 43.8473, GNorm = 0.5281, lr_0 = 4.8194e-04
Loss = 3.2789e-02, PNorm = 43.8586, GNorm = 0.4621, lr_0 = 4.8064e-04
Loss = 4.1829e-02, PNorm = 43.8669, GNorm = 1.0208, lr_0 = 4.7934e-04
Loss = 4.5797e-02, PNorm = 43.8769, GNorm = 0.6578, lr_0 = 4.7805e-04
Validation rmse = 1.363107
Epoch 64
Loss = 5.9110e-02, PNorm = 43.8863, GNorm = 0.8777, lr_0 = 4.7663e-04
Loss = 2.7128e-02, PNorm = 43.8954, GNorm = 0.6035, lr_0 = 4.7534e-04
Loss = 2.6706e-02, PNorm = 43.9044, GNorm = 0.4399, lr_0 = 4.7405e-04
Loss = 4.0914e-02, PNorm = 43.9156, GNorm = 0.4682, lr_0 = 4.7277e-04
Validation rmse = 1.382834
Epoch 65
Loss = 4.3601e-02, PNorm = 43.9212, GNorm = 0.5757, lr_0 = 4.7150e-04
Loss = 4.2364e-02, PNorm = 43.9281, GNorm = 1.8830, lr_0 = 4.7022e-04
Loss = 4.6219e-02, PNorm = 43.9359, GNorm = 0.8603, lr_0 = 4.6895e-04
Loss = 4.8159e-02, PNorm = 43.9507, GNorm = 0.9441, lr_0 = 4.6769e-04
Validation rmse = 1.340166
Epoch 66
Loss = 1.2441e-01, PNorm = 43.9615, GNorm = 2.1646, lr_0 = 4.6642e-04
Loss = 5.3578e-02, PNorm = 43.9750, GNorm = 0.7348, lr_0 = 4.6516e-04
Loss = 3.8416e-02, PNorm = 43.9931, GNorm = 0.5057, lr_0 = 4.6391e-04
Loss = 4.2197e-02, PNorm = 44.0047, GNorm = 0.6161, lr_0 = 4.6265e-04
Loss = 3.1667e-02, PNorm = 44.0126, GNorm = 0.9523, lr_0 = 4.6141e-04
Validation rmse = 1.324206
Epoch 67
Loss = 4.3873e-02, PNorm = 44.0175, GNorm = 0.5159, lr_0 = 4.6016e-04
Loss = 3.1067e-02, PNorm = 44.0281, GNorm = 0.6993, lr_0 = 4.5892e-04
Loss = 3.2637e-02, PNorm = 44.0380, GNorm = 0.9155, lr_0 = 4.5768e-04
Loss = 4.5183e-02, PNorm = 44.0426, GNorm = 1.3702, lr_0 = 4.5644e-04
Validation rmse = 1.367588
Epoch 68
Loss = 3.7607e-02, PNorm = 44.0508, GNorm = 0.7609, lr_0 = 4.5521e-04
Loss = 3.7648e-02, PNorm = 44.0614, GNorm = 0.4718, lr_0 = 4.5398e-04
Loss = 4.0234e-02, PNorm = 44.0689, GNorm = 1.0013, lr_0 = 4.5275e-04
Loss = 3.8828e-02, PNorm = 44.0753, GNorm = 0.6982, lr_0 = 4.5153e-04
Loss = 4.2946e-02, PNorm = 44.0869, GNorm = 0.6638, lr_0 = 4.5031e-04
Loss = 3.0296e-02, PNorm = 44.0883, GNorm = 0.9067, lr_0 = 4.5019e-04
Validation rmse = 1.376032
Epoch 69
Loss = 4.3551e-02, PNorm = 44.0988, GNorm = 0.5479, lr_0 = 4.4897e-04
Loss = 4.4532e-02, PNorm = 44.1100, GNorm = 1.5026, lr_0 = 4.4776e-04
Loss = 3.5994e-02, PNorm = 44.1118, GNorm = 0.4195, lr_0 = 4.4655e-04
Loss = 3.6291e-02, PNorm = 44.1169, GNorm = 0.4705, lr_0 = 4.4534e-04
Validation rmse = 1.401601
Epoch 70
Loss = 3.0293e-02, PNorm = 44.1244, GNorm = 0.3768, lr_0 = 4.4414e-04
Loss = 3.3521e-02, PNorm = 44.1331, GNorm = 0.7613, lr_0 = 4.4294e-04
Loss = 3.5705e-02, PNorm = 44.1418, GNorm = 0.3946, lr_0 = 4.4175e-04
Loss = 4.8580e-02, PNorm = 44.1464, GNorm = 0.7863, lr_0 = 4.4055e-04
Validation rmse = 1.337759
Epoch 71
Loss = 2.6456e-02, PNorm = 44.1529, GNorm = 0.4663, lr_0 = 4.3936e-04
Loss = 3.1376e-02, PNorm = 44.1584, GNorm = 0.6496, lr_0 = 4.3818e-04
Loss = 2.9781e-02, PNorm = 44.1731, GNorm = 0.5439, lr_0 = 4.3699e-04
Loss = 4.3152e-02, PNorm = 44.1811, GNorm = 0.8958, lr_0 = 4.3581e-04
Loss = 4.4554e-02, PNorm = 44.1873, GNorm = 0.6020, lr_0 = 4.3464e-04
Validation rmse = 1.318312
Epoch 72
Loss = 4.5158e-02, PNorm = 44.1950, GNorm = 0.3026, lr_0 = 4.3346e-04
Loss = 4.0710e-02, PNorm = 44.1979, GNorm = 0.3804, lr_0 = 4.3229e-04
Loss = 2.8315e-02, PNorm = 44.2056, GNorm = 0.4662, lr_0 = 4.3112e-04
Loss = 3.5466e-02, PNorm = 44.2151, GNorm = 1.0456, lr_0 = 4.2996e-04
Validation rmse = 1.321246
Epoch 73
Loss = 4.1199e-02, PNorm = 44.2303, GNorm = 0.3971, lr_0 = 4.2868e-04
Loss = 3.5062e-02, PNorm = 44.2369, GNorm = 0.5537, lr_0 = 4.2752e-04
Loss = 3.0243e-02, PNorm = 44.2432, GNorm = 0.7743, lr_0 = 4.2637e-04
Loss = 2.9078e-02, PNorm = 44.2499, GNorm = 0.5433, lr_0 = 4.2522e-04
Validation rmse = 1.306348
Epoch 74
Loss = 2.4077e-02, PNorm = 44.2562, GNorm = 0.4577, lr_0 = 4.2407e-04
Loss = 2.4285e-02, PNorm = 44.2623, GNorm = 1.0093, lr_0 = 4.2292e-04
Loss = 2.9864e-02, PNorm = 44.2679, GNorm = 0.6591, lr_0 = 4.2178e-04
Loss = 3.7415e-02, PNorm = 44.2721, GNorm = 0.7062, lr_0 = 4.2064e-04
Loss = 4.2075e-02, PNorm = 44.2809, GNorm = 0.7278, lr_0 = 4.1951e-04
Validation rmse = 1.313982
Epoch 75
Loss = 4.0801e-02, PNorm = 44.2895, GNorm = 0.4782, lr_0 = 4.1837e-04
Loss = 2.6309e-02, PNorm = 44.2974, GNorm = 0.5115, lr_0 = 4.1724e-04
Loss = 4.5676e-02, PNorm = 44.3048, GNorm = 0.6567, lr_0 = 4.1612e-04
Loss = 3.5428e-02, PNorm = 44.3122, GNorm = 0.5783, lr_0 = 4.1499e-04
Validation rmse = 1.357861
Epoch 76
Loss = 3.3759e-02, PNorm = 44.3215, GNorm = 0.6388, lr_0 = 4.1387e-04
Loss = 2.8498e-02, PNorm = 44.3286, GNorm = 0.6321, lr_0 = 4.1275e-04
Loss = 3.7092e-02, PNorm = 44.3331, GNorm = 1.1861, lr_0 = 4.1164e-04
Loss = 4.3798e-02, PNorm = 44.3387, GNorm = 0.5772, lr_0 = 4.1053e-04
Loss = 3.0473e-02, PNorm = 44.3483, GNorm = 0.8974, lr_0 = 4.0942e-04
Validation rmse = 1.354441
Epoch 77
Loss = 2.1350e-02, PNorm = 44.3531, GNorm = 0.5284, lr_0 = 4.0831e-04
Loss = 3.8394e-02, PNorm = 44.3618, GNorm = 1.1065, lr_0 = 4.0721e-04
Loss = 5.2414e-02, PNorm = 44.3677, GNorm = 0.9539, lr_0 = 4.0611e-04
Loss = 3.3079e-02, PNorm = 44.3723, GNorm = 1.1466, lr_0 = 4.0501e-04
Validation rmse = 1.363668
Epoch 78
Loss = 2.8386e-02, PNorm = 44.3822, GNorm = 0.4411, lr_0 = 4.0381e-04
Loss = 3.4803e-02, PNorm = 44.3919, GNorm = 0.4114, lr_0 = 4.0272e-04
Loss = 3.6729e-02, PNorm = 44.3988, GNorm = 0.9835, lr_0 = 4.0163e-04
Loss = 3.3392e-02, PNorm = 44.4079, GNorm = 1.2882, lr_0 = 4.0055e-04
Validation rmse = 1.319291
Epoch 79
Loss = 3.7763e-02, PNorm = 44.4127, GNorm = 0.8878, lr_0 = 3.9947e-04
Loss = 2.1805e-02, PNorm = 44.4200, GNorm = 0.3268, lr_0 = 3.9839e-04
Loss = 3.7221e-02, PNorm = 44.4245, GNorm = 0.8349, lr_0 = 3.9731e-04
Loss = 3.1126e-02, PNorm = 44.4318, GNorm = 0.4057, lr_0 = 3.9624e-04
Loss = 3.7929e-02, PNorm = 44.4384, GNorm = 1.3328, lr_0 = 3.9517e-04
Validation rmse = 1.349067
Epoch 80
Loss = 2.5357e-02, PNorm = 44.4452, GNorm = 0.6533, lr_0 = 3.9410e-04
Loss = 3.3484e-02, PNorm = 44.4521, GNorm = 0.7027, lr_0 = 3.9304e-04
Loss = 3.9285e-02, PNorm = 44.4587, GNorm = 0.6763, lr_0 = 3.9197e-04
Loss = 3.3123e-02, PNorm = 44.4622, GNorm = 0.5642, lr_0 = 3.9092e-04
Validation rmse = 1.336971
Epoch 81
Loss = 2.9325e-02, PNorm = 44.4672, GNorm = 0.5131, lr_0 = 3.8986e-04
Loss = 2.8533e-02, PNorm = 44.4718, GNorm = 0.4473, lr_0 = 3.8881e-04
Loss = 2.4252e-02, PNorm = 44.4783, GNorm = 0.3724, lr_0 = 3.8776e-04
Loss = 3.3605e-02, PNorm = 44.4803, GNorm = 0.5094, lr_0 = 3.8671e-04
Validation rmse = 1.367863
Epoch 82
Loss = 1.9254e-02, PNorm = 44.4866, GNorm = 0.4208, lr_0 = 3.8556e-04
Loss = 2.1255e-02, PNorm = 44.4916, GNorm = 0.6213, lr_0 = 3.8452e-04
Loss = 2.3359e-02, PNorm = 44.4969, GNorm = 0.7898, lr_0 = 3.8348e-04
Loss = 3.3241e-02, PNorm = 44.5023, GNorm = 0.8508, lr_0 = 3.8245e-04
Loss = 4.1899e-02, PNorm = 44.5076, GNorm = 0.3527, lr_0 = 3.8141e-04
Validation rmse = 1.328750
Epoch 83
Loss = 2.8816e-02, PNorm = 44.5146, GNorm = 0.5940, lr_0 = 3.8038e-04
Loss = 2.4250e-02, PNorm = 44.5206, GNorm = 0.3472, lr_0 = 3.7936e-04
Loss = 2.6928e-02, PNorm = 44.5245, GNorm = 0.8554, lr_0 = 3.7833e-04
Loss = 3.2469e-02, PNorm = 44.5288, GNorm = 0.5944, lr_0 = 3.7731e-04
Validation rmse = 1.353134
Epoch 84
Loss = 2.8882e-02, PNorm = 44.5348, GNorm = 0.3353, lr_0 = 3.7629e-04
Loss = 1.8509e-02, PNorm = 44.5414, GNorm = 0.4706, lr_0 = 3.7527e-04
Loss = 2.5023e-02, PNorm = 44.5457, GNorm = 0.6637, lr_0 = 3.7426e-04
Loss = 5.3188e-02, PNorm = 44.5502, GNorm = 1.2095, lr_0 = 3.7325e-04
Loss = 3.0354e-02, PNorm = 44.5552, GNorm = 0.8363, lr_0 = 3.7224e-04
Validation rmse = 1.343341
Epoch 85
Loss = 1.8006e-02, PNorm = 44.5653, GNorm = 0.4924, lr_0 = 3.7124e-04
Loss = 2.9169e-02, PNorm = 44.5739, GNorm = 0.3636, lr_0 = 3.7023e-04
Loss = 3.1332e-02, PNorm = 44.5807, GNorm = 0.4033, lr_0 = 3.6923e-04
Loss = 3.9738e-02, PNorm = 44.5835, GNorm = 0.5476, lr_0 = 3.6824e-04
Validation rmse = 1.369207
Epoch 86
Loss = 3.9904e-02, PNorm = 44.5874, GNorm = 0.5942, lr_0 = 3.6724e-04
Loss = 2.3447e-02, PNorm = 44.5930, GNorm = 0.9716, lr_0 = 3.6625e-04
Loss = 2.9085e-02, PNorm = 44.5956, GNorm = 0.4415, lr_0 = 3.6526e-04
Loss = 3.1777e-02, PNorm = 44.6033, GNorm = 0.4746, lr_0 = 3.6427e-04
Validation rmse = 1.315383
Epoch 87
Loss = 1.9130e-02, PNorm = 44.6109, GNorm = 0.6913, lr_0 = 3.6319e-04
Loss = 1.5574e-02, PNorm = 44.6172, GNorm = 0.2911, lr_0 = 3.6221e-04
Loss = 4.7174e-02, PNorm = 44.6212, GNorm = 0.9892, lr_0 = 3.6123e-04
Loss = 1.9004e-02, PNorm = 44.6225, GNorm = 0.3326, lr_0 = 3.6026e-04
Loss = 2.4624e-02, PNorm = 44.6279, GNorm = 0.4990, lr_0 = 3.5928e-04
Validation rmse = 1.345209
Epoch 88
Loss = 1.9676e-02, PNorm = 44.6311, GNorm = 0.4598, lr_0 = 3.5831e-04
Loss = 2.2312e-02, PNorm = 44.6361, GNorm = 0.3040, lr_0 = 3.5735e-04
Loss = 3.2515e-02, PNorm = 44.6388, GNorm = 1.3840, lr_0 = 3.5638e-04
Loss = 2.6707e-02, PNorm = 44.6437, GNorm = 0.4765, lr_0 = 3.5542e-04
Validation rmse = 1.381330
Epoch 89
Loss = 2.0807e-02, PNorm = 44.6511, GNorm = 0.4731, lr_0 = 3.5446e-04
Loss = 1.9866e-02, PNorm = 44.6545, GNorm = 0.4287, lr_0 = 3.5350e-04
Loss = 3.4849e-02, PNorm = 44.6564, GNorm = 0.9203, lr_0 = 3.5255e-04
Loss = 2.1609e-02, PNorm = 44.6614, GNorm = 0.3775, lr_0 = 3.5159e-04
Loss = 3.6595e-02, PNorm = 44.6687, GNorm = 0.3826, lr_0 = 3.5064e-04
Validation rmse = 1.344543
Epoch 90
Loss = 2.9680e-02, PNorm = 44.6740, GNorm = 0.8206, lr_0 = 3.4970e-04
Loss = 2.8050e-02, PNorm = 44.6812, GNorm = 1.0576, lr_0 = 3.4875e-04
Loss = 2.3473e-02, PNorm = 44.6853, GNorm = 0.4094, lr_0 = 3.4781e-04
Loss = 3.4531e-02, PNorm = 44.6905, GNorm = 0.8493, lr_0 = 3.4687e-04
Validation rmse = 1.333696
Epoch 91
Loss = 2.9015e-02, PNorm = 44.6979, GNorm = 1.2288, lr_0 = 3.4584e-04
Loss = 2.0244e-02, PNorm = 44.7029, GNorm = 0.5650, lr_0 = 3.4491e-04
Loss = 3.3226e-02, PNorm = 44.7065, GNorm = 0.8113, lr_0 = 3.4398e-04
Loss = 3.0568e-02, PNorm = 44.7090, GNorm = 0.3468, lr_0 = 3.4305e-04
Validation rmse = 1.336700
Epoch 92
Loss = 2.5459e-02, PNorm = 44.7125, GNorm = 0.4900, lr_0 = 3.4212e-04
Loss = 3.9278e-02, PNorm = 44.7191, GNorm = 0.7239, lr_0 = 3.4120e-04
Loss = 2.5366e-02, PNorm = 44.7238, GNorm = 0.8607, lr_0 = 3.4027e-04
Loss = 2.3609e-02, PNorm = 44.7295, GNorm = 0.4014, lr_0 = 3.3936e-04
Loss = 2.0399e-02, PNorm = 44.7347, GNorm = 1.0897, lr_0 = 3.3844e-04
Validation rmse = 1.343437
Epoch 93
Loss = 2.9254e-02, PNorm = 44.7403, GNorm = 1.0771, lr_0 = 3.3753e-04
Loss = 2.5111e-02, PNorm = 44.7432, GNorm = 0.7574, lr_0 = 3.3661e-04
Loss = 2.4135e-02, PNorm = 44.7486, GNorm = 0.7122, lr_0 = 3.3570e-04
Loss = 2.8466e-02, PNorm = 44.7520, GNorm = 0.4068, lr_0 = 3.3480e-04
Validation rmse = 1.312199
Epoch 94
Loss = 3.2782e-02, PNorm = 44.7560, GNorm = 0.6110, lr_0 = 3.3389e-04
Loss = 2.0241e-02, PNorm = 44.7566, GNorm = 0.5232, lr_0 = 3.3299e-04
Loss = 2.0513e-02, PNorm = 44.7628, GNorm = 0.2568, lr_0 = 3.3209e-04
Loss = 2.2149e-02, PNorm = 44.7695, GNorm = 0.4004, lr_0 = 3.3120e-04
Validation rmse = 1.338231
Epoch 95
Loss = 2.8046e-02, PNorm = 44.7715, GNorm = 0.5790, lr_0 = 3.3030e-04
Loss = 4.3511e-02, PNorm = 44.7752, GNorm = 0.5933, lr_0 = 3.2941e-04
Loss = 1.8802e-02, PNorm = 44.7816, GNorm = 0.3943, lr_0 = 3.2852e-04
Loss = 2.4556e-02, PNorm = 44.7866, GNorm = 0.5124, lr_0 = 3.2763e-04
Loss = 1.9172e-02, PNorm = 44.7911, GNorm = 0.3566, lr_0 = 3.2675e-04
Validation rmse = 1.315277
Epoch 96
Loss = 2.6563e-02, PNorm = 44.7940, GNorm = 0.4172, lr_0 = 3.2578e-04
Loss = 2.3668e-02, PNorm = 44.7987, GNorm = 0.4741, lr_0 = 3.2490e-04
Loss = 3.0423e-02, PNorm = 44.8022, GNorm = 0.4117, lr_0 = 3.2402e-04
Loss = 2.0424e-02, PNorm = 44.8055, GNorm = 0.4676, lr_0 = 3.2314e-04
Validation rmse = 1.332873
Epoch 97
Loss = 3.2973e-02, PNorm = 44.8111, GNorm = 0.4111, lr_0 = 3.2227e-04
Loss = 1.5432e-02, PNorm = 44.8144, GNorm = 0.2864, lr_0 = 3.2140e-04
Loss = 2.2935e-02, PNorm = 44.8171, GNorm = 0.3146, lr_0 = 3.2053e-04
Loss = 2.2342e-02, PNorm = 44.8212, GNorm = 0.7074, lr_0 = 3.1967e-04
Loss = 4.0280e-02, PNorm = 44.8283, GNorm = 0.7893, lr_0 = 3.1880e-04
Validation rmse = 1.358341
Epoch 98
Loss = 2.2769e-02, PNorm = 44.8369, GNorm = 0.2639, lr_0 = 3.1794e-04
Loss = 2.9163e-02, PNorm = 44.8401, GNorm = 0.4855, lr_0 = 3.1708e-04
Loss = 1.9586e-02, PNorm = 44.8467, GNorm = 0.4137, lr_0 = 3.1623e-04
Loss = 2.4886e-02, PNorm = 44.8488, GNorm = 0.3713, lr_0 = 3.1537e-04
Validation rmse = 1.339760
Epoch 99
Loss = 1.3081e-02, PNorm = 44.8513, GNorm = 0.4550, lr_0 = 3.1452e-04
Loss = 1.8325e-02, PNorm = 44.8561, GNorm = 0.6627, lr_0 = 3.1367e-04
Loss = 2.4757e-02, PNorm = 44.8570, GNorm = 0.2770, lr_0 = 3.1283e-04
Loss = 2.7771e-02, PNorm = 44.8599, GNorm = 0.5941, lr_0 = 3.1198e-04
Validation rmse = 1.343125
Epoch 100
Loss = 1.1982e-02, PNorm = 44.8640, GNorm = 0.2590, lr_0 = 3.1114e-04
Loss = 3.1888e-02, PNorm = 44.8699, GNorm = 0.3302, lr_0 = 3.1030e-04
Loss = 2.5233e-02, PNorm = 44.8729, GNorm = 1.0084, lr_0 = 3.0946e-04
Loss = 2.2892e-02, PNorm = 44.8784, GNorm = 0.5786, lr_0 = 3.0862e-04
Loss = 2.4136e-02, PNorm = 44.8830, GNorm = 0.5621, lr_0 = 3.0779e-04
Validation rmse = 1.361124
Epoch 101
Loss = 3.1099e-02, PNorm = 44.8907, GNorm = 0.6807, lr_0 = 3.0688e-04
Loss = 2.5710e-02, PNorm = 44.8969, GNorm = 0.6290, lr_0 = 3.0605e-04
Loss = 2.7187e-02, PNorm = 44.9019, GNorm = 0.8490, lr_0 = 3.0522e-04
Loss = 3.0041e-02, PNorm = 44.9060, GNorm = 0.4958, lr_0 = 3.0440e-04
Validation rmse = 1.345357
Epoch 102
Loss = 1.7758e-02, PNorm = 44.9100, GNorm = 0.7797, lr_0 = 3.0357e-04
Loss = 2.4462e-02, PNorm = 44.9136, GNorm = 0.8888, lr_0 = 3.0275e-04
Loss = 2.2651e-02, PNorm = 44.9133, GNorm = 0.5548, lr_0 = 3.0194e-04
Loss = 2.5262e-02, PNorm = 44.9190, GNorm = 0.2962, lr_0 = 3.0112e-04
Validation rmse = 1.327265
Epoch 103
Loss = 1.1157e-02, PNorm = 44.9238, GNorm = 0.4107, lr_0 = 3.0031e-04
Loss = 1.6801e-02, PNorm = 44.9278, GNorm = 0.3257, lr_0 = 2.9950e-04
Loss = 2.5396e-02, PNorm = 44.9312, GNorm = 0.7284, lr_0 = 2.9869e-04
Loss = 3.2066e-02, PNorm = 44.9344, GNorm = 0.9206, lr_0 = 2.9788e-04
Loss = 2.2570e-02, PNorm = 44.9363, GNorm = 0.2724, lr_0 = 2.9708e-04
Validation rmse = 1.305218
Epoch 104
Loss = 2.8742e-02, PNorm = 44.9399, GNorm = 0.4676, lr_0 = 2.9627e-04
Loss = 2.2475e-02, PNorm = 44.9425, GNorm = 0.5446, lr_0 = 2.9547e-04
Loss = 2.7783e-02, PNorm = 44.9482, GNorm = 0.3913, lr_0 = 2.9468e-04
Loss = 2.1157e-02, PNorm = 44.9505, GNorm = 0.4523, lr_0 = 2.9388e-04
Validation rmse = 1.335237
Epoch 105
Loss = 4.2278e-02, PNorm = 44.9535, GNorm = 0.4268, lr_0 = 2.9301e-04
Loss = 1.7936e-02, PNorm = 44.9584, GNorm = 0.8465, lr_0 = 2.9222e-04
Loss = 1.8321e-02, PNorm = 44.9607, GNorm = 0.5894, lr_0 = 2.9143e-04
Loss = 1.8775e-02, PNorm = 44.9630, GNorm = 0.4543, lr_0 = 2.9064e-04
Loss = 2.7759e-02, PNorm = 44.9691, GNorm = 0.6926, lr_0 = 2.8985e-04
Validation rmse = 1.400422
Epoch 106
Loss = 2.1733e-02, PNorm = 44.9755, GNorm = 0.7674, lr_0 = 2.8907e-04
Loss = 3.6948e-02, PNorm = 44.9797, GNorm = 0.4611, lr_0 = 2.8829e-04
Loss = 1.9710e-02, PNorm = 44.9835, GNorm = 0.3367, lr_0 = 2.8751e-04
Loss = 2.0702e-02, PNorm = 44.9858, GNorm = 0.7151, lr_0 = 2.8674e-04
Validation rmse = 1.351094
Epoch 107
Loss = 1.5862e-02, PNorm = 44.9898, GNorm = 0.3871, lr_0 = 2.8596e-04
Loss = 1.4722e-02, PNorm = 44.9906, GNorm = 0.3381, lr_0 = 2.8519e-04
Loss = 1.8876e-02, PNorm = 44.9923, GNorm = 0.4533, lr_0 = 2.8442e-04
Loss = 3.5057e-02, PNorm = 44.9957, GNorm = 0.6648, lr_0 = 2.8365e-04
Validation rmse = 1.336908
Epoch 108
Loss = 1.2735e-02, PNorm = 44.9992, GNorm = 0.4091, lr_0 = 2.8288e-04
Loss = 1.3901e-02, PNorm = 45.0019, GNorm = 0.3761, lr_0 = 2.8212e-04
Loss = 3.1633e-02, PNorm = 45.0071, GNorm = 0.4829, lr_0 = 2.8136e-04
Loss = 2.5785e-02, PNorm = 45.0112, GNorm = 0.8599, lr_0 = 2.8060e-04
Loss = 2.7432e-02, PNorm = 45.0147, GNorm = 1.0184, lr_0 = 2.7984e-04
Validation rmse = 1.365201
Epoch 109
Loss = 2.0345e-02, PNorm = 45.0170, GNorm = 0.4827, lr_0 = 2.7908e-04
Loss = 3.1484e-02, PNorm = 45.0211, GNorm = 0.4631, lr_0 = 2.7833e-04
Loss = 1.7193e-02, PNorm = 45.0246, GNorm = 0.7452, lr_0 = 2.7758e-04
Loss = 1.7429e-02, PNorm = 45.0273, GNorm = 0.4917, lr_0 = 2.7683e-04
Validation rmse = 1.335245
Epoch 110
Loss = 1.8948e-02, PNorm = 45.0299, GNorm = 0.4245, lr_0 = 2.7601e-04
Loss = 1.7700e-02, PNorm = 45.0318, GNorm = 0.2470, lr_0 = 2.7526e-04
Loss = 1.3316e-02, PNorm = 45.0357, GNorm = 0.2729, lr_0 = 2.7452e-04
Loss = 3.4614e-02, PNorm = 45.0405, GNorm = 0.7781, lr_0 = 2.7378e-04
Validation rmse = 1.341781
Epoch 111
Loss = 9.3282e-02, PNorm = 45.0452, GNorm = 0.8050, lr_0 = 2.7304e-04
Loss = 1.5618e-02, PNorm = 45.0489, GNorm = 0.2824, lr_0 = 2.7230e-04
Loss = 1.6124e-02, PNorm = 45.0525, GNorm = 0.3060, lr_0 = 2.7156e-04
Loss = 1.8392e-02, PNorm = 45.0524, GNorm = 0.5010, lr_0 = 2.7083e-04
Loss = 2.5845e-02, PNorm = 45.0557, GNorm = 0.4163, lr_0 = 2.7010e-04
Validation rmse = 1.331465
Epoch 112
Loss = 2.0079e-02, PNorm = 45.0569, GNorm = 0.2893, lr_0 = 2.6937e-04
Loss = 3.2431e-02, PNorm = 45.0589, GNorm = 0.5107, lr_0 = 2.6864e-04
Loss = 1.7134e-02, PNorm = 45.0617, GNorm = 0.4925, lr_0 = 2.6792e-04
Loss = 1.3838e-02, PNorm = 45.0649, GNorm = 0.3333, lr_0 = 2.6719e-04
Validation rmse = 1.318495
Epoch 113
Loss = 1.6667e-02, PNorm = 45.0688, GNorm = 0.5144, lr_0 = 2.6647e-04
Loss = 1.4450e-02, PNorm = 45.0708, GNorm = 0.2800, lr_0 = 2.6575e-04
Loss = 2.3981e-02, PNorm = 45.0739, GNorm = 0.4466, lr_0 = 2.6503e-04
Loss = 2.0897e-02, PNorm = 45.0760, GNorm = 0.4113, lr_0 = 2.6432e-04
Loss = 2.5559e-02, PNorm = 45.0800, GNorm = 0.3826, lr_0 = 2.6361e-04
Loss = 1.3613e-02, PNorm = 45.0806, GNorm = 0.5559, lr_0 = 2.6353e-04
Validation rmse = 1.330060
Epoch 114
Loss = 1.1572e-02, PNorm = 45.0855, GNorm = 0.2202, lr_0 = 2.6282e-04
Loss = 2.6241e-02, PNorm = 45.0866, GNorm = 0.3267, lr_0 = 2.6211e-04
Loss = 2.6908e-02, PNorm = 45.0881, GNorm = 0.5104, lr_0 = 2.6140e-04
Loss = 1.7685e-02, PNorm = 45.0896, GNorm = 0.5171, lr_0 = 2.6070e-04
Validation rmse = 1.326166
Epoch 115
Loss = 1.2948e-02, PNorm = 45.0925, GNorm = 0.3907, lr_0 = 2.5999e-04
Loss = 2.3037e-02, PNorm = 45.0980, GNorm = 0.3986, lr_0 = 2.5929e-04
Loss = 1.3823e-02, PNorm = 45.1002, GNorm = 0.4055, lr_0 = 2.5859e-04
Loss = 2.1609e-02, PNorm = 45.1033, GNorm = 0.3886, lr_0 = 2.5789e-04
Validation rmse = 1.343882
Epoch 116
Loss = 8.4507e-03, PNorm = 45.1048, GNorm = 0.3438, lr_0 = 2.5720e-04
Loss = 1.3827e-02, PNorm = 45.1057, GNorm = 0.2790, lr_0 = 2.5650e-04
Loss = 4.0879e-02, PNorm = 45.1083, GNorm = 0.3752, lr_0 = 2.5581e-04
Loss = 1.3422e-02, PNorm = 45.1123, GNorm = 0.8525, lr_0 = 2.5512e-04
Loss = 1.7135e-02, PNorm = 45.1172, GNorm = 0.3472, lr_0 = 2.5443e-04
Validation rmse = 1.336328
Epoch 117
Loss = 1.1979e-02, PNorm = 45.1201, GNorm = 0.3282, lr_0 = 2.5374e-04
Loss = 2.6746e-02, PNorm = 45.1239, GNorm = 0.4272, lr_0 = 2.5306e-04
Loss = 2.4564e-02, PNorm = 45.1274, GNorm = 0.4221, lr_0 = 2.5237e-04
Loss = 1.3077e-02, PNorm = 45.1317, GNorm = 0.2305, lr_0 = 2.5169e-04
Validation rmse = 1.326288
Epoch 118
Loss = 3.4388e-02, PNorm = 45.1335, GNorm = 1.4195, lr_0 = 2.5101e-04
Loss = 1.7559e-02, PNorm = 45.1345, GNorm = 0.6503, lr_0 = 2.5033e-04
Loss = 2.1685e-02, PNorm = 45.1397, GNorm = 0.4059, lr_0 = 2.4966e-04
Loss = 1.7877e-02, PNorm = 45.1416, GNorm = 1.0399, lr_0 = 2.4898e-04
Validation rmse = 1.329919
Epoch 119
Loss = 3.2509e-02, PNorm = 45.1471, GNorm = 0.7335, lr_0 = 2.4824e-04
Loss = 2.7241e-02, PNorm = 45.1533, GNorm = 0.5711, lr_0 = 2.4757e-04
Loss = 2.1001e-02, PNorm = 45.1566, GNorm = 0.7667, lr_0 = 2.4691e-04
Loss = 1.3037e-02, PNorm = 45.1594, GNorm = 0.3727, lr_0 = 2.4624e-04
Loss = 1.7631e-02, PNorm = 45.1628, GNorm = 0.3280, lr_0 = 2.4557e-04
Validation rmse = 1.322689
Epoch 120
Loss = 3.1265e-02, PNorm = 45.1651, GNorm = 0.9183, lr_0 = 2.4491e-04
Loss = 1.9124e-02, PNorm = 45.1684, GNorm = 0.3823, lr_0 = 2.4425e-04
Loss = 2.2994e-02, PNorm = 45.1717, GNorm = 0.4704, lr_0 = 2.4359e-04
Loss = 1.6548e-02, PNorm = 45.1729, GNorm = 0.4430, lr_0 = 2.4293e-04
Validation rmse = 1.324956
Epoch 121
Loss = 1.0758e-02, PNorm = 45.1754, GNorm = 0.3983, lr_0 = 2.4227e-04
Loss = 3.1366e-02, PNorm = 45.1774, GNorm = 0.8533, lr_0 = 2.4162e-04
Loss = 1.0947e-02, PNorm = 45.1790, GNorm = 0.3581, lr_0 = 2.4097e-04
Loss = 1.8497e-02, PNorm = 45.1801, GNorm = 0.6146, lr_0 = 2.4032e-04
Loss = 1.8443e-02, PNorm = 45.1839, GNorm = 0.2792, lr_0 = 2.3967e-04
Validation rmse = 1.315110
Epoch 122
Loss = 2.2260e-02, PNorm = 45.1880, GNorm = 0.5912, lr_0 = 2.3902e-04
Loss = 1.2096e-02, PNorm = 45.1894, GNorm = 0.3380, lr_0 = 2.3838e-04
Loss = 2.5841e-02, PNorm = 45.1927, GNorm = 0.4054, lr_0 = 2.3773e-04
Loss = 1.8550e-02, PNorm = 45.1947, GNorm = 0.3445, lr_0 = 2.3709e-04
Validation rmse = 1.326969
Epoch 123
Loss = 1.4098e-02, PNorm = 45.1955, GNorm = 0.4214, lr_0 = 2.3639e-04
Loss = 2.2528e-02, PNorm = 45.1975, GNorm = 0.4027, lr_0 = 2.3575e-04
Loss = 2.4951e-02, PNorm = 45.2025, GNorm = 0.8757, lr_0 = 2.3511e-04
Loss = 1.3887e-02, PNorm = 45.2067, GNorm = 0.3057, lr_0 = 2.3447e-04
Validation rmse = 1.319300
Epoch 124
Loss = 1.2632e-02, PNorm = 45.2089, GNorm = 0.3731, lr_0 = 2.3384e-04
Loss = 2.5550e-02, PNorm = 45.2134, GNorm = 0.5010, lr_0 = 2.3321e-04
Loss = 1.5957e-02, PNorm = 45.2177, GNorm = 0.3503, lr_0 = 2.3258e-04
Loss = 1.3470e-02, PNorm = 45.2174, GNorm = 0.9649, lr_0 = 2.3195e-04
Loss = 2.0510e-02, PNorm = 45.2192, GNorm = 1.0475, lr_0 = 2.3133e-04
Validation rmse = 1.344953
Epoch 125
Loss = 1.9932e-02, PNorm = 45.2221, GNorm = 0.3759, lr_0 = 2.3070e-04
Loss = 2.0449e-02, PNorm = 45.2260, GNorm = 0.5886, lr_0 = 2.3008e-04
Loss = 2.6642e-02, PNorm = 45.2279, GNorm = 0.4402, lr_0 = 2.2946e-04
Loss = 1.4269e-02, PNorm = 45.2299, GNorm = 0.5453, lr_0 = 2.2884e-04
Validation rmse = 1.342917
Epoch 126
Loss = 7.8995e-03, PNorm = 45.2322, GNorm = 0.2913, lr_0 = 2.2822e-04
Loss = 1.3337e-02, PNorm = 45.2343, GNorm = 0.2754, lr_0 = 2.2760e-04
Loss = 2.4374e-02, PNorm = 45.2372, GNorm = 0.2425, lr_0 = 2.2699e-04
Loss = 1.3252e-02, PNorm = 45.2397, GNorm = 0.4614, lr_0 = 2.2637e-04
Loss = 3.1299e-02, PNorm = 45.2403, GNorm = 0.4642, lr_0 = 2.2576e-04
Validation rmse = 1.318935
Epoch 127
Loss = 2.3092e-02, PNorm = 45.2442, GNorm = 0.3578, lr_0 = 2.2515e-04
Loss = 1.4919e-02, PNorm = 45.2454, GNorm = 0.4129, lr_0 = 2.2455e-04
Loss = 2.3715e-02, PNorm = 45.2475, GNorm = 0.1997, lr_0 = 2.2394e-04
Loss = 1.5156e-02, PNorm = 45.2505, GNorm = 1.1712, lr_0 = 2.2333e-04
Validation rmse = 1.357250
Epoch 128
Loss = 1.2121e-02, PNorm = 45.2529, GNorm = 0.3291, lr_0 = 2.2267e-04
Loss = 1.5627e-02, PNorm = 45.2558, GNorm = 0.4438, lr_0 = 2.2207e-04
Loss = 2.2345e-02, PNorm = 45.2595, GNorm = 0.4838, lr_0 = 2.2147e-04
Loss = 2.5200e-02, PNorm = 45.2605, GNorm = 0.7442, lr_0 = 2.2087e-04
Validation rmse = 1.319322
Epoch 129
Loss = 1.0285e-02, PNorm = 45.2618, GNorm = 0.2401, lr_0 = 2.2027e-04
Loss = 1.4854e-02, PNorm = 45.2639, GNorm = 0.3878, lr_0 = 2.1968e-04
Loss = 9.7226e-03, PNorm = 45.2650, GNorm = 0.3065, lr_0 = 2.1909e-04
Loss = 3.0342e-02, PNorm = 45.2682, GNorm = 0.5509, lr_0 = 2.1849e-04
Loss = 2.1105e-02, PNorm = 45.2728, GNorm = 0.7481, lr_0 = 2.1790e-04
Validation rmse = 1.314954
Epoch 130
Loss = 1.1693e-02, PNorm = 45.2733, GNorm = 0.5143, lr_0 = 2.1732e-04
Loss = 2.1863e-02, PNorm = 45.2764, GNorm = 0.4586, lr_0 = 2.1673e-04
Loss = 2.2459e-02, PNorm = 45.2776, GNorm = 0.3659, lr_0 = 2.1614e-04
Loss = 1.5162e-02, PNorm = 45.2812, GNorm = 0.2702, lr_0 = 2.1556e-04
Validation rmse = 1.331780
Epoch 131
Loss = 3.1147e-02, PNorm = 45.2862, GNorm = 0.6518, lr_0 = 2.1498e-04
Loss = 1.0837e-02, PNorm = 45.2897, GNorm = 0.3374, lr_0 = 2.1440e-04
Loss = 2.0566e-02, PNorm = 45.2924, GNorm = 0.4149, lr_0 = 2.1382e-04
Loss = 2.1724e-02, PNorm = 45.2929, GNorm = 0.2797, lr_0 = 2.1324e-04
Validation rmse = 1.341292
Epoch 132
Loss = 1.1345e-02, PNorm = 45.2948, GNorm = 0.5879, lr_0 = 2.1261e-04
Loss = 1.6434e-02, PNorm = 45.2976, GNorm = 0.2944, lr_0 = 2.1203e-04
Loss = 1.3132e-02, PNorm = 45.2992, GNorm = 0.4283, lr_0 = 2.1146e-04
Loss = 1.3413e-02, PNorm = 45.3022, GNorm = 0.2739, lr_0 = 2.1089e-04
Loss = 2.7292e-02, PNorm = 45.3047, GNorm = 0.7116, lr_0 = 2.1032e-04
Validation rmse = 1.333815
Epoch 133
Loss = 9.7536e-03, PNorm = 45.3061, GNorm = 0.2613, lr_0 = 2.0975e-04
Loss = 2.1575e-02, PNorm = 45.3080, GNorm = 0.3405, lr_0 = 2.0919e-04
Loss = 1.9843e-02, PNorm = 45.3089, GNorm = 0.4789, lr_0 = 2.0862e-04
Loss = 2.4320e-02, PNorm = 45.3133, GNorm = 0.6261, lr_0 = 2.0806e-04
Validation rmse = 1.300801
Epoch 134
Loss = 3.5121e-02, PNorm = 45.3168, GNorm = 0.2500, lr_0 = 2.0749e-04
Loss = 2.9001e-02, PNorm = 45.3189, GNorm = 0.2883, lr_0 = 2.0693e-04
Loss = 1.3285e-02, PNorm = 45.3224, GNorm = 0.7025, lr_0 = 2.0638e-04
Loss = 1.5577e-02, PNorm = 45.3250, GNorm = 0.6953, lr_0 = 2.0582e-04
Loss = 1.6441e-02, PNorm = 45.3287, GNorm = 0.3819, lr_0 = 2.0526e-04
Validation rmse = 1.287096
Epoch 135
Loss = 1.5372e-02, PNorm = 45.3315, GNorm = 0.5580, lr_0 = 2.0471e-04
Loss = 2.4001e-02, PNorm = 45.3322, GNorm = 0.4411, lr_0 = 2.0416e-04
Loss = 1.4649e-02, PNorm = 45.3337, GNorm = 0.3955, lr_0 = 2.0360e-04
Loss = 1.8790e-02, PNorm = 45.3374, GNorm = 0.5548, lr_0 = 2.0305e-04
Validation rmse = 1.368909
Epoch 136
Loss = 3.0834e-02, PNorm = 45.3408, GNorm = 0.3252, lr_0 = 2.0251e-04
Loss = 1.2812e-02, PNorm = 45.3415, GNorm = 0.3062, lr_0 = 2.0196e-04
Loss = 2.0307e-02, PNorm = 45.3443, GNorm = 0.4028, lr_0 = 2.0141e-04
Loss = 1.4452e-02, PNorm = 45.3455, GNorm = 0.5947, lr_0 = 2.0087e-04
Validation rmse = 1.322854
Epoch 137
Loss = 6.6960e-03, PNorm = 45.3491, GNorm = 0.2672, lr_0 = 2.0027e-04
Loss = 1.5890e-02, PNorm = 45.3525, GNorm = 0.9215, lr_0 = 1.9973e-04
Loss = 2.0948e-02, PNorm = 45.3543, GNorm = 0.5344, lr_0 = 1.9919e-04
Loss = 1.6257e-02, PNorm = 45.3554, GNorm = 0.3016, lr_0 = 1.9865e-04
Loss = 1.0196e-02, PNorm = 45.3571, GNorm = 0.3698, lr_0 = 1.9812e-04
Validation rmse = 1.341000
Epoch 138
Loss = 2.2851e-02, PNorm = 45.3615, GNorm = 0.6596, lr_0 = 1.9758e-04
Loss = 1.2780e-02, PNorm = 45.3619, GNorm = 0.4104, lr_0 = 1.9705e-04
Loss = 1.2663e-02, PNorm = 45.3637, GNorm = 0.2374, lr_0 = 1.9652e-04
Loss = 2.1815e-02, PNorm = 45.3663, GNorm = 0.2638, lr_0 = 1.9599e-04
Validation rmse = 1.334645
Epoch 139
Loss = 2.0611e-02, PNorm = 45.3663, GNorm = 0.4136, lr_0 = 1.9546e-04
Loss = 1.2701e-02, PNorm = 45.3663, GNorm = 0.4589, lr_0 = 1.9493e-04
Loss = 1.6474e-02, PNorm = 45.3695, GNorm = 0.4284, lr_0 = 1.9440e-04
Loss = 2.3365e-02, PNorm = 45.3725, GNorm = 0.5081, lr_0 = 1.9388e-04
Validation rmse = 1.339356
Epoch 140
Loss = 9.9169e-03, PNorm = 45.3770, GNorm = 0.2284, lr_0 = 1.9335e-04
Loss = 2.2316e-02, PNorm = 45.3797, GNorm = 0.3184, lr_0 = 1.9283e-04
Loss = 1.8414e-02, PNorm = 45.3811, GNorm = 0.2118, lr_0 = 1.9231e-04
Loss = 1.3706e-02, PNorm = 45.3809, GNorm = 0.1463, lr_0 = 1.9179e-04
Loss = 1.1304e-02, PNorm = 45.3817, GNorm = 0.5035, lr_0 = 1.9127e-04
Validation rmse = 1.326352
Epoch 141
Loss = 3.0200e-02, PNorm = 45.3843, GNorm = 0.3005, lr_0 = 1.9070e-04
Loss = 1.3455e-02, PNorm = 45.3865, GNorm = 0.4396, lr_0 = 1.9019e-04
Loss = 9.6116e-03, PNorm = 45.3872, GNorm = 0.3236, lr_0 = 1.8968e-04
Loss = 1.5836e-02, PNorm = 45.3870, GNorm = 0.4623, lr_0 = 1.8916e-04
Validation rmse = 1.314833
Epoch 142
Loss = 2.9360e-02, PNorm = 45.3896, GNorm = 0.2776, lr_0 = 1.8865e-04
Loss = 1.2704e-02, PNorm = 45.3924, GNorm = 0.5623, lr_0 = 1.8814e-04
Loss = 9.9035e-03, PNorm = 45.3945, GNorm = 0.3468, lr_0 = 1.8764e-04
Loss = 2.4560e-02, PNorm = 45.3950, GNorm = 0.5081, lr_0 = 1.8713e-04
Loss = 1.0156e-02, PNorm = 45.3970, GNorm = 0.2179, lr_0 = 1.8662e-04
Validation rmse = 1.320325
Epoch 143
Loss = 2.0781e-02, PNorm = 45.3991, GNorm = 0.3782, lr_0 = 1.8612e-04
Loss = 2.0541e-02, PNorm = 45.4018, GNorm = 0.3410, lr_0 = 1.8562e-04
Loss = 1.2659e-02, PNorm = 45.4029, GNorm = 0.3885, lr_0 = 1.8512e-04
Loss = 1.3634e-02, PNorm = 45.4056, GNorm = 0.2828, lr_0 = 1.8462e-04
Validation rmse = 1.326867
Epoch 144
Loss = 1.9553e-02, PNorm = 45.4064, GNorm = 0.7925, lr_0 = 1.8412e-04
Loss = 1.7263e-02, PNorm = 45.4077, GNorm = 0.2526, lr_0 = 1.8362e-04
Loss = 1.2122e-02, PNorm = 45.4089, GNorm = 0.3565, lr_0 = 1.8312e-04
Loss = 1.8774e-02, PNorm = 45.4107, GNorm = 0.3063, lr_0 = 1.8263e-04
Validation rmse = 1.324802
Epoch 145
Loss = 1.1279e-02, PNorm = 45.4129, GNorm = 0.2719, lr_0 = 1.8214e-04
Loss = 1.3969e-02, PNorm = 45.4149, GNorm = 0.3265, lr_0 = 1.8164e-04
Loss = 2.4121e-02, PNorm = 45.4161, GNorm = 0.6535, lr_0 = 1.8115e-04
Loss = 7.7285e-03, PNorm = 45.4174, GNorm = 0.2648, lr_0 = 1.8066e-04
Loss = 2.1769e-02, PNorm = 45.4195, GNorm = 0.1436, lr_0 = 1.8018e-04
Validation rmse = 1.333243
Epoch 146
Loss = 8.7154e-03, PNorm = 45.4206, GNorm = 0.2942, lr_0 = 1.7964e-04
Loss = 1.1905e-02, PNorm = 45.4222, GNorm = 0.4283, lr_0 = 1.7916e-04
Loss = 2.0456e-02, PNorm = 45.4254, GNorm = 0.6401, lr_0 = 1.7867e-04
Loss = 1.7428e-02, PNorm = 45.4262, GNorm = 0.2992, lr_0 = 1.7819e-04
Validation rmse = 1.331254
Epoch 147
Loss = 2.7071e-02, PNorm = 45.4287, GNorm = 0.1951, lr_0 = 1.7771e-04
Loss = 1.0890e-02, PNorm = 45.4316, GNorm = 0.2331, lr_0 = 1.7723e-04
Loss = 1.4967e-02, PNorm = 45.4332, GNorm = 0.4210, lr_0 = 1.7675e-04
Loss = 2.2242e-02, PNorm = 45.4349, GNorm = 0.2997, lr_0 = 1.7627e-04
Validation rmse = 1.360618
Epoch 148
Loss = 1.5253e-02, PNorm = 45.4360, GNorm = 0.7866, lr_0 = 1.7580e-04
Loss = 1.0209e-02, PNorm = 45.4381, GNorm = 0.4055, lr_0 = 1.7532e-04
Loss = 1.6279e-02, PNorm = 45.4401, GNorm = 0.3193, lr_0 = 1.7485e-04
Loss = 1.3418e-02, PNorm = 45.4414, GNorm = 0.5666, lr_0 = 1.7438e-04
Loss = 2.5868e-02, PNorm = 45.4434, GNorm = 0.2976, lr_0 = 1.7390e-04
Validation rmse = 1.339887
Epoch 149
Loss = 1.9884e-02, PNorm = 45.4465, GNorm = 0.3545, lr_0 = 1.7343e-04
Loss = 1.6440e-02, PNorm = 45.4476, GNorm = 0.2090, lr_0 = 1.7297e-04
Loss = 1.1827e-02, PNorm = 45.4488, GNorm = 0.2976, lr_0 = 1.7250e-04
Loss = 2.1774e-02, PNorm = 45.4492, GNorm = 0.8391, lr_0 = 1.7203e-04
Validation rmse = 1.329479
Epoch 150
Loss = 1.1545e-02, PNorm = 45.4518, GNorm = 0.3938, lr_0 = 1.7157e-04
Loss = 1.1689e-02, PNorm = 45.4548, GNorm = 0.3900, lr_0 = 1.7111e-04
Loss = 1.9116e-02, PNorm = 45.4554, GNorm = 0.7003, lr_0 = 1.7064e-04
Loss = 1.3400e-02, PNorm = 45.4556, GNorm = 0.6582, lr_0 = 1.7018e-04
Loss = 2.2533e-02, PNorm = 45.4579, GNorm = 0.4222, lr_0 = 1.6972e-04
Loss = 1.1630e-02, PNorm = 45.4581, GNorm = 0.5395, lr_0 = 1.6968e-04
Validation rmse = 1.341882
Epoch 151
Loss = 1.4236e-02, PNorm = 45.4612, GNorm = 0.2699, lr_0 = 1.6922e-04
Loss = 1.3918e-02, PNorm = 45.4631, GNorm = 0.2652, lr_0 = 1.6876e-04
Loss = 1.7613e-02, PNorm = 45.4644, GNorm = 0.3422, lr_0 = 1.6831e-04
Loss = 2.0436e-02, PNorm = 45.4659, GNorm = 0.3109, lr_0 = 1.6785e-04
Validation rmse = 1.321388
Epoch 152
Loss = 1.1877e-02, PNorm = 45.4697, GNorm = 0.6623, lr_0 = 1.6740e-04
Loss = 1.2552e-02, PNorm = 45.4726, GNorm = 0.2887, lr_0 = 1.6695e-04
Loss = 1.3937e-02, PNorm = 45.4731, GNorm = 0.1883, lr_0 = 1.6649e-04
Loss = 2.9241e-02, PNorm = 45.4745, GNorm = 0.7282, lr_0 = 1.6604e-04
Validation rmse = 1.340766
Epoch 153
Loss = 9.1569e-03, PNorm = 45.4761, GNorm = 0.4805, lr_0 = 1.6560e-04
Loss = 1.4929e-02, PNorm = 45.4788, GNorm = 0.3957, lr_0 = 1.6515e-04
Loss = 2.2009e-02, PNorm = 45.4813, GNorm = 0.5313, lr_0 = 1.6470e-04
Loss = 1.7710e-02, PNorm = 45.4845, GNorm = 0.2549, lr_0 = 1.6426e-04
Loss = 1.1979e-02, PNorm = 45.4860, GNorm = 0.5134, lr_0 = 1.6381e-04
Validation rmse = 1.333540
Epoch 154
Loss = 1.8029e-02, PNorm = 45.4863, GNorm = 0.3727, lr_0 = 1.6337e-04
Loss = 9.6846e-03, PNorm = 45.4885, GNorm = 0.1815, lr_0 = 1.6293e-04
Loss = 1.7213e-02, PNorm = 45.4908, GNorm = 0.3620, lr_0 = 1.6249e-04
Loss = 1.1835e-02, PNorm = 45.4933, GNorm = 0.2787, lr_0 = 1.6205e-04
Validation rmse = 1.314779
Epoch 155
Loss = 1.3421e-02, PNorm = 45.4945, GNorm = 0.3887, lr_0 = 1.6157e-04
Loss = 1.7013e-02, PNorm = 45.4959, GNorm = 0.3882, lr_0 = 1.6113e-04
Loss = 1.0927e-02, PNorm = 45.4960, GNorm = 0.3048, lr_0 = 1.6070e-04
Loss = 1.0628e-02, PNorm = 45.4962, GNorm = 0.2585, lr_0 = 1.6027e-04
Validation rmse = 1.329347
Epoch 156
Loss = 1.5079e-02, PNorm = 45.4983, GNorm = 0.3959, lr_0 = 1.5983e-04
Loss = 1.0798e-02, PNorm = 45.4998, GNorm = 0.5620, lr_0 = 1.5940e-04
Loss = 1.2814e-02, PNorm = 45.5018, GNorm = 0.4719, lr_0 = 1.5897e-04
Loss = 2.1561e-02, PNorm = 45.5045, GNorm = 0.3846, lr_0 = 1.5854e-04
Loss = 1.1677e-02, PNorm = 45.5061, GNorm = 0.2140, lr_0 = 1.5811e-04
Validation rmse = 1.327369
Epoch 157
Loss = 1.2972e-02, PNorm = 45.5074, GNorm = 0.4836, lr_0 = 1.5769e-04
Loss = 7.1022e-03, PNorm = 45.5093, GNorm = 0.2241, lr_0 = 1.5726e-04
Loss = 1.7430e-02, PNorm = 45.5107, GNorm = 0.3688, lr_0 = 1.5683e-04
Loss = 1.5591e-02, PNorm = 45.5118, GNorm = 0.3451, lr_0 = 1.5641e-04
Validation rmse = 1.313909
Epoch 158
Loss = 1.1827e-02, PNorm = 45.5114, GNorm = 0.2729, lr_0 = 1.5599e-04
Loss = 1.1528e-02, PNorm = 45.5125, GNorm = 0.2826, lr_0 = 1.5557e-04
Loss = 1.0005e-02, PNorm = 45.5144, GNorm = 0.4361, lr_0 = 1.5515e-04
Loss = 1.8242e-02, PNorm = 45.5150, GNorm = 0.4476, lr_0 = 1.5473e-04
Loss = 1.9869e-02, PNorm = 45.5169, GNorm = 0.4734, lr_0 = 1.5431e-04
Validation rmse = 1.353580
Epoch 159
Loss = 1.4124e-02, PNorm = 45.5197, GNorm = 0.3429, lr_0 = 1.5389e-04
Loss = 2.0038e-02, PNorm = 45.5225, GNorm = 0.6154, lr_0 = 1.5348e-04
Loss = 1.4647e-02, PNorm = 45.5235, GNorm = 0.3642, lr_0 = 1.5306e-04
Loss = 8.4982e-03, PNorm = 45.5246, GNorm = 0.2466, lr_0 = 1.5265e-04
Validation rmse = 1.347318
Epoch 160
Loss = 9.0087e-03, PNorm = 45.5255, GNorm = 0.2158, lr_0 = 1.5220e-04
Loss = 1.1339e-02, PNorm = 45.5271, GNorm = 0.1779, lr_0 = 1.5179e-04
Loss = 2.5297e-02, PNorm = 45.5274, GNorm = 0.3482, lr_0 = 1.5138e-04
Loss = 1.2964e-02, PNorm = 45.5297, GNorm = 0.1791, lr_0 = 1.5097e-04
Validation rmse = 1.335167
Epoch 161
Loss = 4.7377e-03, PNorm = 45.5317, GNorm = 0.1889, lr_0 = 1.5056e-04
Loss = 1.7608e-02, PNorm = 45.5335, GNorm = 0.1210, lr_0 = 1.5015e-04
Loss = 1.4950e-02, PNorm = 45.5349, GNorm = 0.3687, lr_0 = 1.4975e-04
Loss = 1.4775e-02, PNorm = 45.5360, GNorm = 0.4672, lr_0 = 1.4934e-04
Loss = 9.6806e-03, PNorm = 45.5365, GNorm = 0.2754, lr_0 = 1.4894e-04
Validation rmse = 1.312182
Epoch 162
Loss = 1.1319e-02, PNorm = 45.5386, GNorm = 0.4338, lr_0 = 1.4854e-04
Loss = 1.9755e-02, PNorm = 45.5393, GNorm = 0.8224, lr_0 = 1.4814e-04
Loss = 8.6284e-03, PNorm = 45.5416, GNorm = 0.2420, lr_0 = 1.4774e-04
Loss = 1.5734e-02, PNorm = 45.5428, GNorm = 0.1913, lr_0 = 1.4734e-04
Validation rmse = 1.322035
Epoch 163
Loss = 1.0375e-02, PNorm = 45.5438, GNorm = 0.2890, lr_0 = 1.4694e-04
Loss = 1.9422e-02, PNorm = 45.5448, GNorm = 0.3961, lr_0 = 1.4654e-04
Loss = 1.7906e-02, PNorm = 45.5458, GNorm = 0.6079, lr_0 = 1.4615e-04
Loss = 1.3153e-02, PNorm = 45.5474, GNorm = 0.6848, lr_0 = 1.4575e-04
Validation rmse = 1.327863
Epoch 164
Loss = 1.1373e-02, PNorm = 45.5495, GNorm = 0.3154, lr_0 = 1.4532e-04
Loss = 1.0160e-02, PNorm = 45.5513, GNorm = 0.2590, lr_0 = 1.4493e-04
Loss = 2.3322e-02, PNorm = 45.5531, GNorm = 0.1303, lr_0 = 1.4453e-04
Loss = 7.8510e-03, PNorm = 45.5538, GNorm = 0.4002, lr_0 = 1.4414e-04
Loss = 1.3423e-02, PNorm = 45.5534, GNorm = 0.4688, lr_0 = 1.4375e-04
Validation rmse = 1.333033
Epoch 165
Loss = 1.7124e-02, PNorm = 45.5545, GNorm = 0.2581, lr_0 = 1.4337e-04
Loss = 7.7579e-03, PNorm = 45.5558, GNorm = 0.2087, lr_0 = 1.4298e-04
Loss = 1.9996e-02, PNorm = 45.5573, GNorm = 0.3465, lr_0 = 1.4259e-04
Loss = 1.2271e-02, PNorm = 45.5578, GNorm = 0.3993, lr_0 = 1.4221e-04
Validation rmse = 1.321793
Epoch 166
Loss = 5.0050e-03, PNorm = 45.5607, GNorm = 0.3292, lr_0 = 1.4182e-04
Loss = 1.9998e-02, PNorm = 45.5620, GNorm = 0.3112, lr_0 = 1.4144e-04
Loss = 1.0131e-02, PNorm = 45.5650, GNorm = 0.1977, lr_0 = 1.4106e-04
Loss = 1.4357e-02, PNorm = 45.5662, GNorm = 0.4750, lr_0 = 1.4068e-04
Loss = 1.0818e-02, PNorm = 45.5668, GNorm = 0.3136, lr_0 = 1.4030e-04
Validation rmse = 1.326222
Epoch 167
Loss = 1.2068e-02, PNorm = 45.5667, GNorm = 0.5209, lr_0 = 1.3992e-04
Loss = 1.1591e-02, PNorm = 45.5679, GNorm = 0.3997, lr_0 = 1.3954e-04
Loss = 2.3202e-02, PNorm = 45.5699, GNorm = 0.3306, lr_0 = 1.3916e-04
Loss = 1.4020e-02, PNorm = 45.5708, GNorm = 0.2288, lr_0 = 1.3879e-04
Validation rmse = 1.318089
Epoch 168
Loss = 1.0118e-02, PNorm = 45.5723, GNorm = 0.2186, lr_0 = 1.3841e-04
Loss = 1.2416e-02, PNorm = 45.5747, GNorm = 0.2810, lr_0 = 1.3804e-04
Loss = 2.3622e-02, PNorm = 45.5771, GNorm = 0.5434, lr_0 = 1.3767e-04
Loss = 9.0852e-03, PNorm = 45.5779, GNorm = 0.4003, lr_0 = 1.3730e-04
Validation rmse = 1.327950
Epoch 169
Loss = 1.4299e-02, PNorm = 45.5784, GNorm = 0.1947, lr_0 = 1.3689e-04
Loss = 9.7932e-03, PNorm = 45.5787, GNorm = 0.1942, lr_0 = 1.3652e-04
Loss = 7.6364e-03, PNorm = 45.5797, GNorm = 0.2996, lr_0 = 1.3615e-04
Loss = 2.1123e-02, PNorm = 45.5808, GNorm = 0.6781, lr_0 = 1.3578e-04
Loss = 1.4892e-02, PNorm = 45.5816, GNorm = 0.5659, lr_0 = 1.3541e-04
Validation rmse = 1.314051
Epoch 170
Loss = 6.4074e-03, PNorm = 45.5824, GNorm = 0.2718, lr_0 = 1.3505e-04
Loss = 1.0325e-02, PNorm = 45.5825, GNorm = 0.3233, lr_0 = 1.3468e-04
Loss = 2.3568e-02, PNorm = 45.5840, GNorm = 0.3572, lr_0 = 1.3432e-04
Loss = 1.2877e-02, PNorm = 45.5857, GNorm = 0.2627, lr_0 = 1.3396e-04
Validation rmse = 1.311649
Epoch 171
Loss = 2.9836e-02, PNorm = 45.5871, GNorm = 0.2841, lr_0 = 1.3360e-04
Loss = 1.1773e-02, PNorm = 45.5886, GNorm = 0.3710, lr_0 = 1.3323e-04
Loss = 1.3330e-02, PNorm = 45.5894, GNorm = 0.3121, lr_0 = 1.3288e-04
Loss = 1.1131e-02, PNorm = 45.5907, GNorm = 0.4685, lr_0 = 1.3252e-04
Loss = 9.1990e-03, PNorm = 45.5919, GNorm = 0.2303, lr_0 = 1.3216e-04
Validation rmse = 1.332057
Epoch 172
Loss = 5.9538e-03, PNorm = 45.5933, GNorm = 0.4051, lr_0 = 1.3180e-04
Loss = 1.1002e-02, PNorm = 45.5950, GNorm = 0.2536, lr_0 = 1.3145e-04
Loss = 8.8791e-03, PNorm = 45.5960, GNorm = 0.1962, lr_0 = 1.3109e-04
Loss = 2.0276e-02, PNorm = 45.5966, GNorm = 0.3129, lr_0 = 1.3074e-04
Validation rmse = 1.316670
Epoch 173
Loss = 1.1264e-02, PNorm = 45.5982, GNorm = 0.3086, lr_0 = 1.3035e-04
Loss = 1.5239e-02, PNorm = 45.5998, GNorm = 0.4166, lr_0 = 1.3000e-04
Loss = 1.6860e-02, PNorm = 45.6022, GNorm = 0.4510, lr_0 = 1.2964e-04
Loss = 1.0391e-02, PNorm = 45.6041, GNorm = 0.2741, lr_0 = 1.2929e-04
Validation rmse = 1.324193
Epoch 174
Loss = 9.9171e-03, PNorm = 45.6055, GNorm = 0.2399, lr_0 = 1.2895e-04
Loss = 1.3023e-02, PNorm = 45.6061, GNorm = 0.3303, lr_0 = 1.2860e-04
Loss = 7.5472e-03, PNorm = 45.6057, GNorm = 0.3337, lr_0 = 1.2825e-04
Loss = 1.5779e-02, PNorm = 45.6073, GNorm = 0.4766, lr_0 = 1.2790e-04
Loss = 1.5723e-02, PNorm = 45.6085, GNorm = 0.8624, lr_0 = 1.2756e-04
Validation rmse = 1.323021
Epoch 175
Loss = 8.7970e-03, PNorm = 45.6096, GNorm = 0.3595, lr_0 = 1.2721e-04
Loss = 7.0544e-03, PNorm = 45.6111, GNorm = 0.1527, lr_0 = 1.2687e-04
Loss = 2.0587e-02, PNorm = 45.6128, GNorm = 0.2234, lr_0 = 1.2653e-04
Loss = 1.0735e-02, PNorm = 45.6139, GNorm = 0.3411, lr_0 = 1.2619e-04
Validation rmse = 1.323001
Epoch 176
Loss = 8.2322e-03, PNorm = 45.6140, GNorm = 0.3636, lr_0 = 1.2584e-04
Loss = 1.9821e-02, PNorm = 45.6156, GNorm = 0.1819, lr_0 = 1.2551e-04
Loss = 1.0668e-02, PNorm = 45.6169, GNorm = 0.2279, lr_0 = 1.2517e-04
Loss = 1.0744e-02, PNorm = 45.6182, GNorm = 0.3974, lr_0 = 1.2483e-04
Validation rmse = 1.314682
Epoch 177
Loss = 4.1918e-03, PNorm = 45.6197, GNorm = 0.2146, lr_0 = 1.2449e-04
Loss = 7.0069e-03, PNorm = 45.6199, GNorm = 0.2458, lr_0 = 1.2415e-04
Loss = 2.1794e-02, PNorm = 45.6204, GNorm = 0.4665, lr_0 = 1.2382e-04
Loss = 1.7765e-02, PNorm = 45.6229, GNorm = 0.4521, lr_0 = 1.2348e-04
Loss = 1.1004e-02, PNorm = 45.6253, GNorm = 0.2202, lr_0 = 1.2315e-04
Validation rmse = 1.335932
Epoch 178
Loss = 7.9042e-03, PNorm = 45.6262, GNorm = 0.2520, lr_0 = 1.2279e-04
Loss = 7.9774e-03, PNorm = 45.6265, GNorm = 0.4052, lr_0 = 1.2245e-04
Loss = 1.4470e-02, PNorm = 45.6273, GNorm = 0.4737, lr_0 = 1.2212e-04
Loss = 2.3852e-02, PNorm = 45.6287, GNorm = 0.5489, lr_0 = 1.2179e-04
Validation rmse = 1.320303
Epoch 179
Loss = 8.6740e-03, PNorm = 45.6292, GNorm = 0.2535, lr_0 = 1.2146e-04
Loss = 5.5940e-03, PNorm = 45.6302, GNorm = 0.4390, lr_0 = 1.2114e-04
Loss = 1.0547e-02, PNorm = 45.6307, GNorm = 0.2368, lr_0 = 1.2081e-04
Loss = 9.2286e-03, PNorm = 45.6314, GNorm = 0.3479, lr_0 = 1.2048e-04
Loss = 2.7129e-02, PNorm = 45.6329, GNorm = 0.4958, lr_0 = 1.2016e-04
Validation rmse = 1.347331
Epoch 180
Loss = 1.3331e-02, PNorm = 45.6348, GNorm = 0.3560, lr_0 = 1.1983e-04
Loss = 1.0379e-02, PNorm = 45.6357, GNorm = 0.2609, lr_0 = 1.1951e-04
Loss = 2.0934e-02, PNorm = 45.6369, GNorm = 0.2348, lr_0 = 1.1919e-04
Loss = 8.3890e-03, PNorm = 45.6380, GNorm = 0.3092, lr_0 = 1.1886e-04
Validation rmse = 1.323530
Epoch 181
Loss = 7.5541e-03, PNorm = 45.6392, GNorm = 0.2883, lr_0 = 1.1854e-04
Loss = 7.6859e-03, PNorm = 45.6406, GNorm = 0.2735, lr_0 = 1.1822e-04
Loss = 2.1992e-02, PNorm = 45.6415, GNorm = 0.3211, lr_0 = 1.1790e-04
Loss = 9.2027e-03, PNorm = 45.6426, GNorm = 0.2516, lr_0 = 1.1759e-04
Validation rmse = 1.324614
Epoch 182
Loss = 1.1441e-02, PNorm = 45.6438, GNorm = 0.3805, lr_0 = 1.1724e-04
Loss = 1.3985e-02, PNorm = 45.6444, GNorm = 0.3961, lr_0 = 1.1692e-04
Loss = 9.0157e-03, PNorm = 45.6455, GNorm = 0.2013, lr_0 = 1.1660e-04
Loss = 1.5338e-02, PNorm = 45.6468, GNorm = 0.4894, lr_0 = 1.1629e-04
Loss = 9.7559e-03, PNorm = 45.6477, GNorm = 0.2138, lr_0 = 1.1598e-04
Validation rmse = 1.329408
Epoch 183
Loss = 1.5137e-02, PNorm = 45.6491, GNorm = 0.3236, lr_0 = 1.1566e-04
Loss = 1.5843e-02, PNorm = 45.6512, GNorm = 0.3543, lr_0 = 1.1535e-04
Loss = 1.2731e-02, PNorm = 45.6521, GNorm = 0.5694, lr_0 = 1.1504e-04
Loss = 1.0795e-02, PNorm = 45.6543, GNorm = 0.4358, lr_0 = 1.1473e-04
Validation rmse = 1.319376
Epoch 184
Loss = 8.4629e-03, PNorm = 45.6552, GNorm = 0.3192, lr_0 = 1.1442e-04
Loss = 1.0290e-02, PNorm = 45.6566, GNorm = 0.4195, lr_0 = 1.1411e-04
Loss = 2.3422e-02, PNorm = 45.6577, GNorm = 0.2074, lr_0 = 1.1380e-04
Loss = 1.1775e-02, PNorm = 45.6582, GNorm = 0.3698, lr_0 = 1.1349e-04
Validation rmse = 1.329590
Epoch 185
Loss = 3.4266e-03, PNorm = 45.6586, GNorm = 0.1448, lr_0 = 1.1319e-04
Loss = 1.1605e-02, PNorm = 45.6599, GNorm = 0.2653, lr_0 = 1.1288e-04
Loss = 9.6464e-03, PNorm = 45.6608, GNorm = 0.4758, lr_0 = 1.1258e-04
Loss = 1.0110e-02, PNorm = 45.6616, GNorm = 0.3428, lr_0 = 1.1227e-04
Loss = 1.9219e-02, PNorm = 45.6630, GNorm = 0.5184, lr_0 = 1.1197e-04
Validation rmse = 1.333797
Epoch 186
Loss = 1.4286e-02, PNorm = 45.6641, GNorm = 0.3620, lr_0 = 1.1167e-04
Loss = 8.9090e-03, PNorm = 45.6655, GNorm = 0.2920, lr_0 = 1.1136e-04
Loss = 1.0728e-02, PNorm = 45.6658, GNorm = 0.2712, lr_0 = 1.1106e-04
Loss = 9.9049e-03, PNorm = 45.6662, GNorm = 0.3961, lr_0 = 1.1076e-04
Validation rmse = 1.336483
Epoch 187
Loss = 5.2953e-03, PNorm = 45.6676, GNorm = 0.1867, lr_0 = 1.1043e-04
Loss = 1.1489e-02, PNorm = 45.6682, GNorm = 0.4337, lr_0 = 1.1014e-04
Loss = 1.9840e-02, PNorm = 45.6692, GNorm = 0.1796, lr_0 = 1.0984e-04
Loss = 1.2443e-02, PNorm = 45.6701, GNorm = 0.3895, lr_0 = 1.0954e-04
Loss = 7.3284e-03, PNorm = 45.6717, GNorm = 0.2466, lr_0 = 1.0925e-04
Validation rmse = 1.311511
Epoch 188
Loss = 1.4369e-02, PNorm = 45.6725, GNorm = 0.3918, lr_0 = 1.0895e-04
Loss = 8.6064e-03, PNorm = 45.6729, GNorm = 0.3543, lr_0 = 1.0866e-04
Loss = 7.6524e-03, PNorm = 45.6740, GNorm = 0.5833, lr_0 = 1.0836e-04
Loss = 1.5886e-02, PNorm = 45.6749, GNorm = 0.4648, lr_0 = 1.0807e-04
Validation rmse = 1.329452
Epoch 189
Loss = 6.8971e-03, PNorm = 45.6758, GNorm = 0.4398, lr_0 = 1.0778e-04
Loss = 1.6124e-02, PNorm = 45.6771, GNorm = 0.8102, lr_0 = 1.0749e-04
Loss = 1.1698e-02, PNorm = 45.6768, GNorm = 0.5029, lr_0 = 1.0720e-04
Loss = 1.7556e-02, PNorm = 45.6766, GNorm = 0.2692, lr_0 = 1.0691e-04
Validation rmse = 1.336346
Epoch 190
Loss = 5.2920e-03, PNorm = 45.6788, GNorm = 0.2139, lr_0 = 1.0662e-04
Loss = 1.6110e-02, PNorm = 45.6808, GNorm = 0.4057, lr_0 = 1.0633e-04
Loss = 9.2409e-03, PNorm = 45.6826, GNorm = 0.3004, lr_0 = 1.0604e-04
Loss = 1.7759e-02, PNorm = 45.6830, GNorm = 0.1403, lr_0 = 1.0576e-04
Loss = 6.5904e-03, PNorm = 45.6828, GNorm = 0.5818, lr_0 = 1.0547e-04
Validation rmse = 1.309923
Epoch 191
Loss = 1.2572e-02, PNorm = 45.6841, GNorm = 0.7503, lr_0 = 1.0516e-04
Loss = 1.6453e-02, PNorm = 45.6848, GNorm = 0.3508, lr_0 = 1.0487e-04
Loss = 6.5200e-03, PNorm = 45.6858, GNorm = 0.2643, lr_0 = 1.0459e-04
Loss = 9.7198e-03, PNorm = 45.6861, GNorm = 0.4319, lr_0 = 1.0431e-04
Validation rmse = 1.333881
Epoch 192
Loss = 9.6038e-03, PNorm = 45.6873, GNorm = 0.2707, lr_0 = 1.0403e-04
Loss = 7.7991e-03, PNorm = 45.6882, GNorm = 0.6180, lr_0 = 1.0375e-04
Loss = 2.3441e-02, PNorm = 45.6900, GNorm = 0.4645, lr_0 = 1.0347e-04
Loss = 8.2869e-03, PNorm = 45.6911, GNorm = 0.2335, lr_0 = 1.0319e-04
Validation rmse = 1.321430
Epoch 193
Loss = 3.0038e-03, PNorm = 45.6923, GNorm = 0.1396, lr_0 = 1.0291e-04
Loss = 6.5974e-03, PNorm = 45.6937, GNorm = 0.1846, lr_0 = 1.0263e-04
Loss = 6.8999e-03, PNorm = 45.6943, GNorm = 0.1747, lr_0 = 1.0235e-04
Loss = 1.5830e-02, PNorm = 45.6950, GNorm = 0.4040, lr_0 = 1.0208e-04
Loss = 1.8693e-02, PNorm = 45.6956, GNorm = 0.3881, lr_0 = 1.0180e-04
Validation rmse = 1.334898
Epoch 194
Loss = 8.9202e-03, PNorm = 45.6959, GNorm = 0.1896, lr_0 = 1.0153e-04
Loss = 1.3725e-02, PNorm = 45.6962, GNorm = 0.3781, lr_0 = 1.0125e-04
Loss = 1.2499e-02, PNorm = 45.6979, GNorm = 0.2262, lr_0 = 1.0098e-04
Loss = 1.2012e-02, PNorm = 45.6992, GNorm = 0.1542, lr_0 = 1.0071e-04
Validation rmse = 1.323900
Epoch 195
Loss = 3.4045e-02, PNorm = 45.7002, GNorm = 0.6537, lr_0 = 1.0043e-04
Loss = 6.3755e-03, PNorm = 45.7006, GNorm = 0.1500, lr_0 = 1.0016e-04
Loss = 1.0796e-02, PNorm = 45.7021, GNorm = 0.3051, lr_0 = 1.0000e-04
Loss = 5.6934e-03, PNorm = 45.7028, GNorm = 0.2849, lr_0 = 1.0000e-04
Loss = 1.4494e-02, PNorm = 45.7034, GNorm = 0.3055, lr_0 = 1.0000e-04
Loss = 3.1135e-02, PNorm = 45.7034, GNorm = 0.4948, lr_0 = 1.0000e-04
Validation rmse = 1.322868
Epoch 196
Loss = 9.9899e-03, PNorm = 45.7043, GNorm = 0.3654, lr_0 = 1.0000e-04
Loss = 5.0221e-03, PNorm = 45.7050, GNorm = 0.1876, lr_0 = 1.0000e-04
Loss = 1.5853e-02, PNorm = 45.7061, GNorm = 0.2646, lr_0 = 1.0000e-04
Loss = 1.6924e-02, PNorm = 45.7069, GNorm = 0.2980, lr_0 = 1.0000e-04
Validation rmse = 1.306555
Epoch 197
Loss = 1.7887e-02, PNorm = 45.7077, GNorm = 0.6004, lr_0 = 1.0000e-04
Loss = 1.2594e-02, PNorm = 45.7090, GNorm = 0.3521, lr_0 = 1.0000e-04
Loss = 6.7715e-03, PNorm = 45.7105, GNorm = 0.1465, lr_0 = 1.0000e-04
Loss = 1.0131e-02, PNorm = 45.7108, GNorm = 0.1733, lr_0 = 1.0000e-04
Validation rmse = 1.309459
Epoch 198
Loss = 6.9922e-03, PNorm = 45.7108, GNorm = 0.3073, lr_0 = 1.0000e-04
Loss = 6.7143e-03, PNorm = 45.7115, GNorm = 0.2742, lr_0 = 1.0000e-04
Loss = 8.6657e-03, PNorm = 45.7129, GNorm = 0.2372, lr_0 = 1.0000e-04
Loss = 1.5042e-02, PNorm = 45.7145, GNorm = 0.5272, lr_0 = 1.0000e-04
Loss = 1.6354e-02, PNorm = 45.7150, GNorm = 0.4302, lr_0 = 1.0000e-04
Validation rmse = 1.317454
Epoch 199
Loss = 1.6751e-02, PNorm = 45.7152, GNorm = 0.1909, lr_0 = 1.0000e-04
Loss = 7.8361e-03, PNorm = 45.7152, GNorm = 0.1338, lr_0 = 1.0000e-04
Loss = 8.2888e-03, PNorm = 45.7161, GNorm = 0.3616, lr_0 = 1.0000e-04
Loss = 1.0831e-02, PNorm = 45.7179, GNorm = 0.2051, lr_0 = 1.0000e-04
Validation rmse = 1.331224
Model 0 best validation rmse = 1.287096 on epoch 134
Loading pretrained parameter "encoder.encoder.0.cached_zero_vector".
Loading pretrained parameter "encoder.encoder.0.W_i.weight".
Loading pretrained parameter "encoder.encoder.0.W_h.weight".
Loading pretrained parameter "encoder.encoder.0.W_o.weight".
Loading pretrained parameter "encoder.encoder.0.W_o.bias".
Loading pretrained parameter "ffn.1.weight".
Loading pretrained parameter "ffn.1.bias".
Loading pretrained parameter "ffn.4.weight".
Loading pretrained parameter "ffn.4.bias".
Moving model to cuda
Model 0 test rmse = 1.118763
Ensemble test rmse = 1.118763
1-fold cross validation
	Seed 0 ==> test rmse = 1.118763
Overall test rmse = 1.118763 +/- 0.000000
Elapsed time = 0:03:29
