Command line
python /home/rxwangtw/miniconda3/envs/chemprop/bin/chemprop_train --data_path 2022_fold_0_train.csv --separate_test_path 2022_fold_0_test.csv --separate_val_path 2022_fold_0_valid.csv --save_dir model --save_preds --dataset_type regression --features_path train_catalandescriptor.csv --separate_val_features_path valid_catalandescriptor.csv --separate_test_features_path test_catalandescriptor.csv --epoch 200 --target_columns logsol --number_of_molecules 1 --smiles_columns smiles
Args
{'activation': 'ReLU',
 'adding_h': False,
 'aggregation': 'mean',
 'aggregation_norm': 100,
 'atom_descriptor_scaling': True,
 'atom_descriptors': None,
 'atom_descriptors_path': None,
 'atom_descriptors_size': 0,
 'atom_features_size': 0,
 'atom_messages': False,
 'batch_size': 50,
 'bias': False,
 'bias_solvent': False,
 'bond_feature_scaling': True,
 'bond_features_path': None,
 'bond_features_size': 0,
 'cache_cutoff': 10000,
 'checkpoint_dir': None,
 'checkpoint_frzn': None,
 'checkpoint_path': None,
 'checkpoint_paths': None,
 'class_balance': False,
 'config_path': None,
 'crossval_index_dir': None,
 'crossval_index_file': None,
 'crossval_index_sets': None,
 'cuda': True,
 'data_path': '2022_fold_0_train.csv',
 'data_weights_path': None,
 'dataset_type': 'regression',
 'depth': 3,
 'depth_solvent': 3,
 'device': device(type='cuda'),
 'dropout': 0.0,
 'empty_cache': False,
 'ensemble_size': 1,
 'epochs': 200,
 'evidential_regularization': 0,
 'explicit_h': False,
 'extra_metrics': [],
 'features_generator': None,
 'features_only': False,
 'features_path': ['train_catalandescriptor.csv'],
 'features_scaling': True,
 'features_size': None,
 'ffn_hidden_size': 300,
 'ffn_num_layers': 2,
 'final_lr': 0.0001,
 'folds_file': None,
 'freeze_first_only': False,
 'frzn_ffn_layers': 0,
 'gpu': None,
 'grad_clip': None,
 'hidden_size': 300,
 'hidden_size_solvent': 300,
 'ignore_columns': None,
 'init_lr': 0.0001,
 'log_frequency': 10,
 'loss_function': 'mse',
 'max_data_size': None,
 'max_lr': 0.001,
 'metric': 'rmse',
 'metrics': ['rmse'],
 'minimize_score': True,
 'mpn_shared': False,
 'multiclass_num_classes': 3,
 'no_atom_descriptor_scaling': False,
 'no_bond_features_scaling': False,
 'no_cache_mol': False,
 'no_cuda': False,
 'no_features_scaling': False,
 'num_folds': 1,
 'num_lrs': 1,
 'num_tasks': 1,
 'num_workers': 8,
 'number_of_molecules': 1,
 'overwrite_default_atom_features': False,
 'overwrite_default_bond_features': False,
 'phase_features_path': None,
 'pytorch_seed': 0,
 'quiet': False,
 'reaction': False,
 'reaction_mode': 'reac_diff',
 'reaction_solvent': False,
 'resume_experiment': False,
 'save_dir': 'model',
 'save_preds': True,
 'save_smiles_splits': False,
 'seed': 0,
 'separate_test_atom_descriptors_path': None,
 'separate_test_bond_features_path': None,
 'separate_test_features_path': ['test_catalandescriptor.csv'],
 'separate_test_path': '2022_fold_0_test.csv',
 'separate_test_phase_features_path': None,
 'separate_val_atom_descriptors_path': None,
 'separate_val_bond_features_path': None,
 'separate_val_features_path': ['valid_catalandescriptor.csv'],
 'separate_val_path': '2022_fold_0_valid.csv',
 'separate_val_phase_features_path': None,
 'show_individual_scores': False,
 'smiles_columns': ['smiles'],
 'spectra_activation': 'exp',
 'spectra_phase_mask_path': None,
 'spectra_target_floor': 1e-08,
 'split_key_molecule': 0,
 'split_sizes': [1.0, 0.0, 0.0],
 'split_type': 'random',
 'target_columns': ['logsol'],
 'target_weights': None,
 'task_names': ['logsol'],
 'test': False,
 'test_fold_index': None,
 'train_data_size': None,
 'undirected': False,
 'use_input_features': True,
 'val_fold_index': None,
 'warmup_epochs': 2.0}
Setting molecule featurization parameters to default.
Loading data
Number of tasks = 1
Fold 0
Splitting data with seed 0
Total size = 2,189 | train size = 2,189 | val size = 267 | test size = 273
Fitting scaler
Building model 0
MoleculeModel(
  (encoder): MPN(
    (encoder): ModuleList(
      (0): MPNEncoder(
        (dropout_layer): Dropout(p=0.0, inplace=False)
        (act_func): ReLU()
        (W_i): Linear(in_features=147, out_features=300, bias=False)
        (W_h): Linear(in_features=300, out_features=300, bias=False)
        (W_o): Linear(in_features=433, out_features=300, bias=True)
      )
    )
  )
  (ffn): Sequential(
    (0): Dropout(p=0.0, inplace=False)
    (1): Linear(in_features=305, out_features=300, bias=True)
    (2): ReLU()
    (3): Dropout(p=0.0, inplace=False)
    (4): Linear(in_features=300, out_features=1, bias=True)
  )
)
Number of parameters = 356,701
Moving model to cuda
Epoch 0
Loss = 9.3980e-01, PNorm = 34.0647, GNorm = 2.8495, lr_0 = 2.1512e-04
Loss = 9.2185e-01, PNorm = 34.0690, GNorm = 8.1951, lr_0 = 3.1977e-04
Loss = 8.8470e-01, PNorm = 34.0772, GNorm = 4.9468, lr_0 = 4.2442e-04
Loss = 9.5693e-01, PNorm = 34.0926, GNorm = 2.5329, lr_0 = 5.2907e-04
Validation rmse = 2.534080
Epoch 1
Loss = 7.7463e-01, PNorm = 34.1182, GNorm = 5.9277, lr_0 = 6.4419e-04
Loss = 8.0841e-01, PNorm = 34.1424, GNorm = 1.7411, lr_0 = 7.4884e-04
Loss = 7.8829e-01, PNorm = 34.1762, GNorm = 3.6979, lr_0 = 8.5349e-04
Loss = 8.2894e-01, PNorm = 34.2284, GNorm = 3.1418, lr_0 = 9.5814e-04
Validation rmse = 2.429679
Epoch 2
Loss = 8.6330e-01, PNorm = 34.2909, GNorm = 2.3848, lr_0 = 9.9838e-04
Loss = 6.7231e-01, PNorm = 34.3656, GNorm = 1.6633, lr_0 = 9.9568e-04
Loss = 6.7797e-01, PNorm = 34.4401, GNorm = 1.6187, lr_0 = 9.9299e-04
Loss = 7.1444e-01, PNorm = 34.5069, GNorm = 2.1906, lr_0 = 9.9031e-04
Loss = 7.9506e-01, PNorm = 34.5773, GNorm = 2.2324, lr_0 = 9.8764e-04
Validation rmse = 2.377558
Epoch 3
Loss = 5.6836e-01, PNorm = 34.6598, GNorm = 1.7883, lr_0 = 9.8497e-04
Loss = 6.1743e-01, PNorm = 34.7506, GNorm = 5.2531, lr_0 = 9.8231e-04
Loss = 5.9895e-01, PNorm = 34.8423, GNorm = 4.1911, lr_0 = 9.7966e-04
Loss = 6.8936e-01, PNorm = 34.9247, GNorm = 8.3001, lr_0 = 9.7701e-04
Validation rmse = 2.147077
Epoch 4
Loss = 5.6235e-01, PNorm = 34.9990, GNorm = 3.2157, lr_0 = 9.7437e-04
Loss = 5.2259e-01, PNorm = 35.0865, GNorm = 1.5585, lr_0 = 9.7174e-04
Loss = 5.7073e-01, PNorm = 35.1830, GNorm = 1.9190, lr_0 = 9.6912e-04
Loss = 5.6331e-01, PNorm = 35.2665, GNorm = 3.0224, lr_0 = 9.6650e-04
Validation rmse = 2.118671
Epoch 5
Loss = 4.6625e-01, PNorm = 35.3681, GNorm = 2.3505, lr_0 = 9.6363e-04
Loss = 4.6314e-01, PNorm = 35.4671, GNorm = 4.8129, lr_0 = 9.6102e-04
Loss = 4.6588e-01, PNorm = 35.5545, GNorm = 2.3326, lr_0 = 9.5843e-04
Loss = 4.8026e-01, PNorm = 35.6494, GNorm = 1.8942, lr_0 = 9.5584e-04
Loss = 5.9624e-01, PNorm = 35.7364, GNorm = 2.6234, lr_0 = 9.5326e-04
Validation rmse = 2.010944
Epoch 6
Loss = 4.5703e-01, PNorm = 35.8124, GNorm = 2.1850, lr_0 = 9.5068e-04
Loss = 4.6243e-01, PNorm = 35.8803, GNorm = 4.4720, lr_0 = 9.4812e-04
Loss = 4.3138e-01, PNorm = 35.9773, GNorm = 1.6999, lr_0 = 9.4556e-04
Loss = 4.7350e-01, PNorm = 36.0516, GNorm = 4.7035, lr_0 = 9.4300e-04
Validation rmse = 1.878306
Epoch 7
Loss = 4.8073e-01, PNorm = 36.1339, GNorm = 2.7449, lr_0 = 9.4046e-04
Loss = 4.6856e-01, PNorm = 36.2200, GNorm = 2.7839, lr_0 = 9.3792e-04
Loss = 3.7288e-01, PNorm = 36.2902, GNorm = 1.4849, lr_0 = 9.3538e-04
Loss = 3.4867e-01, PNorm = 36.3828, GNorm = 2.6704, lr_0 = 9.3286e-04
Loss = 4.4516e-01, PNorm = 36.4691, GNorm = 2.5667, lr_0 = 9.3034e-04
Validation rmse = 2.024322
Epoch 8
Loss = 4.4218e-01, PNorm = 36.5466, GNorm = 2.1955, lr_0 = 9.2782e-04
Loss = 4.6338e-01, PNorm = 36.6296, GNorm = 2.6614, lr_0 = 9.2532e-04
Loss = 3.8229e-01, PNorm = 36.7083, GNorm = 1.7986, lr_0 = 9.2282e-04
Loss = 3.9656e-01, PNorm = 36.7850, GNorm = 1.8637, lr_0 = 9.2033e-04
Validation rmse = 1.679207
Epoch 9
Loss = 2.8950e-01, PNorm = 36.8693, GNorm = 1.7331, lr_0 = 9.1784e-04
Loss = 2.8244e-01, PNorm = 36.9428, GNorm = 1.4047, lr_0 = 9.1536e-04
Loss = 3.0681e-01, PNorm = 37.0096, GNorm = 5.4591, lr_0 = 9.1289e-04
Loss = 4.3038e-01, PNorm = 37.0780, GNorm = 2.0848, lr_0 = 9.1042e-04
Validation rmse = 1.854371
Epoch 10
Loss = 4.5604e-01, PNorm = 37.1562, GNorm = 3.1278, lr_0 = 9.0772e-04
Loss = 3.0631e-01, PNorm = 37.2588, GNorm = 1.2386, lr_0 = 9.0527e-04
Loss = 3.4924e-01, PNorm = 37.3340, GNorm = 1.2655, lr_0 = 9.0282e-04
Loss = 3.0600e-01, PNorm = 37.3929, GNorm = 2.0341, lr_0 = 9.0038e-04
Loss = 3.4865e-01, PNorm = 37.4634, GNorm = 1.8282, lr_0 = 8.9795e-04
Validation rmse = 1.619620
Epoch 11
Loss = 2.5039e-01, PNorm = 37.5257, GNorm = 1.5856, lr_0 = 8.9553e-04
Loss = 2.8907e-01, PNorm = 37.5917, GNorm = 4.2573, lr_0 = 8.9311e-04
Loss = 3.6371e-01, PNorm = 37.6628, GNorm = 1.4076, lr_0 = 8.9070e-04
Loss = 2.7609e-01, PNorm = 37.7388, GNorm = 2.1845, lr_0 = 8.8829e-04
Validation rmse = 1.556230
Epoch 12
Loss = 2.4333e-01, PNorm = 37.7966, GNorm = 1.5990, lr_0 = 8.8589e-04
Loss = 2.3852e-01, PNorm = 37.8620, GNorm = 1.5705, lr_0 = 8.8350e-04
Loss = 3.0115e-01, PNorm = 37.9286, GNorm = 1.9235, lr_0 = 8.8111e-04
Loss = 2.8666e-01, PNorm = 37.9995, GNorm = 2.0972, lr_0 = 8.7873e-04
Validation rmse = 1.475528
Epoch 13
Loss = 1.9377e-01, PNorm = 38.0717, GNorm = 1.0525, lr_0 = 8.7636e-04
Loss = 2.3033e-01, PNorm = 38.1537, GNorm = 2.1819, lr_0 = 8.7399e-04
Loss = 2.5267e-01, PNorm = 38.2212, GNorm = 2.3484, lr_0 = 8.7163e-04
Loss = 2.6826e-01, PNorm = 38.2750, GNorm = 1.2242, lr_0 = 8.6928e-04
Loss = 2.5479e-01, PNorm = 38.3351, GNorm = 2.2091, lr_0 = 8.6693e-04
Validation rmse = 1.509638
Epoch 14
Loss = 2.2847e-01, PNorm = 38.3958, GNorm = 1.4304, lr_0 = 8.6436e-04
Loss = 2.2191e-01, PNorm = 38.4534, GNorm = 1.1902, lr_0 = 8.6202e-04
Loss = 2.7276e-01, PNorm = 38.5170, GNorm = 1.9453, lr_0 = 8.5969e-04
Loss = 3.0388e-01, PNorm = 38.5841, GNorm = 3.1421, lr_0 = 8.5737e-04
Validation rmse = 1.585865
Epoch 15
Loss = 2.0973e-01, PNorm = 38.6441, GNorm = 1.2262, lr_0 = 8.5506e-04
Loss = 2.4019e-01, PNorm = 38.7201, GNorm = 1.0091, lr_0 = 8.5275e-04
Loss = 1.9873e-01, PNorm = 38.7758, GNorm = 1.3465, lr_0 = 8.5044e-04
Loss = 2.3154e-01, PNorm = 38.8429, GNorm = 1.0736, lr_0 = 8.4815e-04
Loss = 2.8391e-01, PNorm = 38.8995, GNorm = 1.6790, lr_0 = 8.4586e-04
Validation rmse = 1.581182
Epoch 16
Loss = 2.3161e-01, PNorm = 38.9591, GNorm = 1.3738, lr_0 = 8.4357e-04
Loss = 2.6516e-01, PNorm = 39.0227, GNorm = 1.5881, lr_0 = 8.4129e-04
Loss = 2.2621e-01, PNorm = 39.0827, GNorm = 4.7284, lr_0 = 8.3902e-04
Loss = 1.9421e-01, PNorm = 39.1356, GNorm = 1.3351, lr_0 = 8.3675e-04
Validation rmse = 1.487263
Epoch 17
Loss = 2.0911e-01, PNorm = 39.1871, GNorm = 1.1512, lr_0 = 8.3449e-04
Loss = 1.6762e-01, PNorm = 39.2262, GNorm = 0.8501, lr_0 = 8.3224e-04
Loss = 1.7425e-01, PNorm = 39.2636, GNorm = 1.4210, lr_0 = 8.2999e-04
Loss = 2.2701e-01, PNorm = 39.3158, GNorm = 2.8525, lr_0 = 8.2775e-04
Validation rmse = 1.387247
Epoch 18
Loss = 1.6899e-01, PNorm = 39.3826, GNorm = 2.0145, lr_0 = 8.2552e-04
Loss = 2.7765e-01, PNorm = 39.4411, GNorm = 1.1831, lr_0 = 8.2329e-04
Loss = 1.9839e-01, PNorm = 39.5124, GNorm = 0.9166, lr_0 = 8.2106e-04
Loss = 1.6050e-01, PNorm = 39.5735, GNorm = 2.6590, lr_0 = 8.1885e-04
Loss = 2.0751e-01, PNorm = 39.6229, GNorm = 1.8997, lr_0 = 8.1663e-04
Validation rmse = 1.475043
Epoch 19
Loss = 1.5338e-01, PNorm = 39.6714, GNorm = 0.7852, lr_0 = 8.1421e-04
Loss = 1.9947e-01, PNorm = 39.7299, GNorm = 1.5518, lr_0 = 8.1201e-04
Loss = 1.8450e-01, PNorm = 39.7829, GNorm = 0.9389, lr_0 = 8.0982e-04
Loss = 1.6869e-01, PNorm = 39.8205, GNorm = 1.4523, lr_0 = 8.0763e-04
Validation rmse = 1.426616
Epoch 20
Loss = 1.8240e-01, PNorm = 39.8628, GNorm = 1.2599, lr_0 = 8.0545e-04
Loss = 1.5494e-01, PNorm = 39.9050, GNorm = 1.4162, lr_0 = 8.0327e-04
Loss = 1.8565e-01, PNorm = 39.9648, GNorm = 2.5362, lr_0 = 8.0110e-04
Loss = 1.4803e-01, PNorm = 40.0070, GNorm = 0.6920, lr_0 = 7.9894e-04
Validation rmse = 1.354047
Epoch 21
Loss = 1.2793e-01, PNorm = 40.0379, GNorm = 1.4116, lr_0 = 7.9678e-04
Loss = 1.3733e-01, PNorm = 40.0744, GNorm = 1.9965, lr_0 = 7.9463e-04
Loss = 1.4016e-01, PNorm = 40.1137, GNorm = 1.4476, lr_0 = 7.9248e-04
Loss = 1.9299e-01, PNorm = 40.1609, GNorm = 1.7315, lr_0 = 7.9034e-04
Loss = 1.7895e-01, PNorm = 40.1960, GNorm = 2.1698, lr_0 = 7.8821e-04
Validation rmse = 1.503609
Epoch 22
Loss = 1.5231e-01, PNorm = 40.2416, GNorm = 1.5354, lr_0 = 7.8608e-04
Loss = 1.3041e-01, PNorm = 40.2813, GNorm = 1.0047, lr_0 = 7.8396e-04
Loss = 1.5933e-01, PNorm = 40.3249, GNorm = 1.2309, lr_0 = 7.8184e-04
Loss = 1.4697e-01, PNorm = 40.3647, GNorm = 0.8402, lr_0 = 7.7973e-04
Validation rmse = 1.448772
Epoch 23
Loss = 1.4498e-01, PNorm = 40.4146, GNorm = 1.2338, lr_0 = 7.7741e-04
Loss = 1.4079e-01, PNorm = 40.4537, GNorm = 1.0746, lr_0 = 7.7531e-04
Loss = 1.7062e-01, PNorm = 40.4994, GNorm = 1.6677, lr_0 = 7.7322e-04
Loss = 1.4313e-01, PNorm = 40.5365, GNorm = 0.8108, lr_0 = 7.7113e-04
Loss = 1.2022e-01, PNorm = 40.5688, GNorm = 1.0419, lr_0 = 7.6905e-04
Validation rmse = 1.391251
Epoch 24
Loss = 1.5182e-01, PNorm = 40.6063, GNorm = 2.8384, lr_0 = 7.6697e-04
Loss = 1.3212e-01, PNorm = 40.6500, GNorm = 1.0197, lr_0 = 7.6490e-04
Loss = 1.3662e-01, PNorm = 40.6822, GNorm = 1.9740, lr_0 = 7.6283e-04
Loss = 1.3732e-01, PNorm = 40.7174, GNorm = 1.9223, lr_0 = 7.6077e-04
Validation rmse = 1.448461
Epoch 25
Loss = 1.4543e-01, PNorm = 40.7665, GNorm = 1.7606, lr_0 = 7.5872e-04
Loss = 1.3201e-01, PNorm = 40.8011, GNorm = 1.0891, lr_0 = 7.5667e-04
Loss = 1.1117e-01, PNorm = 40.8360, GNorm = 1.6559, lr_0 = 7.5462e-04
Loss = 1.7382e-01, PNorm = 40.8706, GNorm = 1.1118, lr_0 = 7.5259e-04
Validation rmse = 1.366613
Epoch 26
Loss = 1.3477e-01, PNorm = 40.9110, GNorm = 2.2085, lr_0 = 7.5055e-04
Loss = 1.0870e-01, PNorm = 40.9538, GNorm = 1.4308, lr_0 = 7.4853e-04
Loss = 1.3695e-01, PNorm = 40.9937, GNorm = 1.5618, lr_0 = 7.4650e-04
Loss = 1.1711e-01, PNorm = 41.0379, GNorm = 1.5110, lr_0 = 7.4449e-04
Loss = 1.3814e-01, PNorm = 41.0628, GNorm = 1.4352, lr_0 = 7.4248e-04
Validation rmse = 1.358611
Epoch 27
Loss = 1.2794e-01, PNorm = 41.0752, GNorm = 1.2478, lr_0 = 7.4047e-04
Loss = 1.0862e-01, PNorm = 41.1118, GNorm = 1.5539, lr_0 = 7.3847e-04
Loss = 1.0716e-01, PNorm = 41.1461, GNorm = 1.5326, lr_0 = 7.3648e-04
Loss = 1.1783e-01, PNorm = 41.1788, GNorm = 1.9040, lr_0 = 7.3449e-04
Validation rmse = 1.431156
Epoch 28
Loss = 1.1494e-01, PNorm = 41.2250, GNorm = 1.0068, lr_0 = 7.3231e-04
Loss = 1.5106e-01, PNorm = 41.2649, GNorm = 3.9482, lr_0 = 7.3033e-04
Loss = 1.0959e-01, PNorm = 41.3053, GNorm = 0.9908, lr_0 = 7.2836e-04
Loss = 1.0676e-01, PNorm = 41.3368, GNorm = 0.8543, lr_0 = 7.2639e-04
Validation rmse = 1.289289
Epoch 29
Loss = 1.1239e-01, PNorm = 41.3587, GNorm = 1.0444, lr_0 = 7.2443e-04
Loss = 9.8575e-02, PNorm = 41.3931, GNorm = 0.9246, lr_0 = 7.2247e-04
Loss = 1.2197e-01, PNorm = 41.4278, GNorm = 0.8436, lr_0 = 7.2052e-04
Loss = 1.0943e-01, PNorm = 41.4600, GNorm = 2.9270, lr_0 = 7.1857e-04
Loss = 1.1954e-01, PNorm = 41.4948, GNorm = 1.5238, lr_0 = 7.1663e-04
Validation rmse = 1.420396
Epoch 30
Loss = 7.5357e-02, PNorm = 41.5205, GNorm = 0.8570, lr_0 = 7.1470e-04
Loss = 8.5381e-02, PNorm = 41.5506, GNorm = 0.7694, lr_0 = 7.1277e-04
Loss = 1.3138e-01, PNorm = 41.5831, GNorm = 0.7056, lr_0 = 7.1084e-04
Loss = 1.1253e-01, PNorm = 41.6057, GNorm = 1.8759, lr_0 = 7.0892e-04
Validation rmse = 1.380047
Epoch 31
Loss = 1.3313e-01, PNorm = 41.6299, GNorm = 3.0181, lr_0 = 7.0701e-04
Loss = 1.2769e-01, PNorm = 41.6666, GNorm = 0.8414, lr_0 = 7.0510e-04
Loss = 9.2898e-02, PNorm = 41.7039, GNorm = 0.9999, lr_0 = 7.0319e-04
Loss = 8.9500e-02, PNorm = 41.7370, GNorm = 1.1382, lr_0 = 7.0130e-04
Loss = 1.1582e-01, PNorm = 41.7601, GNorm = 0.7611, lr_0 = 6.9940e-04
Loss = 5.9185e-02, PNorm = 41.7626, GNorm = 1.0732, lr_0 = 6.9921e-04
Validation rmse = 1.349451
Epoch 32
Loss = 8.3347e-02, PNorm = 41.7858, GNorm = 0.9867, lr_0 = 6.9732e-04
Loss = 9.2045e-02, PNorm = 41.8099, GNorm = 0.7186, lr_0 = 6.9544e-04
Loss = 7.8149e-02, PNorm = 41.8345, GNorm = 0.9455, lr_0 = 6.9356e-04
Loss = 1.3173e-01, PNorm = 41.8632, GNorm = 1.3501, lr_0 = 6.9169e-04
Validation rmse = 1.283327
Epoch 33
Loss = 6.9701e-02, PNorm = 41.8899, GNorm = 1.2479, lr_0 = 6.8982e-04
Loss = 1.1212e-01, PNorm = 41.9186, GNorm = 0.8891, lr_0 = 6.8796e-04
Loss = 9.1932e-02, PNorm = 41.9608, GNorm = 2.0580, lr_0 = 6.8610e-04
Loss = 9.9191e-02, PNorm = 41.9898, GNorm = 0.8380, lr_0 = 6.8425e-04
Validation rmse = 1.380142
Epoch 34
Loss = 8.7723e-02, PNorm = 42.0079, GNorm = 1.3938, lr_0 = 6.8240e-04
Loss = 1.3189e-01, PNorm = 42.0323, GNorm = 0.5884, lr_0 = 6.8056e-04
Loss = 7.4918e-02, PNorm = 42.0602, GNorm = 0.7621, lr_0 = 6.7872e-04
Loss = 8.3415e-02, PNorm = 42.0862, GNorm = 1.1195, lr_0 = 6.7688e-04
Loss = 6.4371e-02, PNorm = 42.1068, GNorm = 1.1576, lr_0 = 6.7506e-04
Validation rmse = 1.258636
Epoch 35
Loss = 6.2646e-02, PNorm = 42.1292, GNorm = 1.3381, lr_0 = 6.7323e-04
Loss = 7.6682e-02, PNorm = 42.1493, GNorm = 1.5127, lr_0 = 6.7141e-04
Loss = 1.0315e-01, PNorm = 42.1742, GNorm = 0.9787, lr_0 = 6.6960e-04
Loss = 9.5125e-02, PNorm = 42.1965, GNorm = 1.8220, lr_0 = 6.6779e-04
Validation rmse = 1.506104
Epoch 36
Loss = 1.1414e-01, PNorm = 42.2255, GNorm = 2.0315, lr_0 = 6.6599e-04
Loss = 8.6113e-02, PNorm = 42.2521, GNorm = 1.8248, lr_0 = 6.6419e-04
Loss = 7.1485e-02, PNorm = 42.2697, GNorm = 1.1245, lr_0 = 6.6240e-04
Loss = 1.0152e-01, PNorm = 42.2943, GNorm = 1.0035, lr_0 = 6.6061e-04
Validation rmse = 1.331868
Epoch 37
Loss = 6.5733e-02, PNorm = 42.3300, GNorm = 1.2498, lr_0 = 6.5865e-04
Loss = 6.3566e-02, PNorm = 42.3473, GNorm = 0.6832, lr_0 = 6.5687e-04
Loss = 6.3695e-02, PNorm = 42.3670, GNorm = 1.2997, lr_0 = 6.5509e-04
Loss = 1.1063e-01, PNorm = 42.3821, GNorm = 1.0425, lr_0 = 6.5332e-04
Loss = 7.9720e-02, PNorm = 42.4013, GNorm = 1.7327, lr_0 = 6.5156e-04
Validation rmse = 1.304496
Epoch 38
Loss = 5.3791e-02, PNorm = 42.4256, GNorm = 0.8522, lr_0 = 6.4980e-04
Loss = 8.0902e-02, PNorm = 42.4407, GNorm = 0.6208, lr_0 = 6.4804e-04
Loss = 8.2050e-02, PNorm = 42.4601, GNorm = 0.7400, lr_0 = 6.4629e-04
Loss = 8.6502e-02, PNorm = 42.4886, GNorm = 1.7110, lr_0 = 6.4455e-04
Validation rmse = 1.308469
Epoch 39
Loss = 5.9556e-02, PNorm = 42.5058, GNorm = 0.5799, lr_0 = 6.4281e-04
Loss = 7.0884e-02, PNorm = 42.5239, GNorm = 0.9438, lr_0 = 6.4107e-04
Loss = 6.2296e-02, PNorm = 42.5410, GNorm = 0.7826, lr_0 = 6.3934e-04
Loss = 9.3357e-02, PNorm = 42.5625, GNorm = 1.7838, lr_0 = 6.3761e-04
Loss = 6.9531e-02, PNorm = 42.5816, GNorm = 1.5220, lr_0 = 6.3589e-04
Validation rmse = 1.237899
Epoch 40
Loss = 5.5354e-02, PNorm = 42.5966, GNorm = 0.5508, lr_0 = 6.3417e-04
Loss = 7.4309e-02, PNorm = 42.6091, GNorm = 0.6396, lr_0 = 6.3246e-04
Loss = 6.4904e-02, PNorm = 42.6341, GNorm = 1.0955, lr_0 = 6.3075e-04
Loss = 8.0441e-02, PNorm = 42.6592, GNorm = 0.4573, lr_0 = 6.2905e-04
Validation rmse = 1.388980
Epoch 41
Loss = 8.8094e-02, PNorm = 42.6810, GNorm = 1.4583, lr_0 = 6.2718e-04
Loss = 8.8572e-02, PNorm = 42.7068, GNorm = 1.4806, lr_0 = 6.2549e-04
Loss = 8.7528e-02, PNorm = 42.7386, GNorm = 1.2199, lr_0 = 6.2380e-04
Loss = 5.5698e-02, PNorm = 42.7612, GNorm = 1.0293, lr_0 = 6.2211e-04
Validation rmse = 1.294209
Epoch 42
Loss = 6.6201e-02, PNorm = 42.7722, GNorm = 0.9409, lr_0 = 6.2043e-04
Loss = 5.4638e-02, PNorm = 42.7871, GNorm = 1.1889, lr_0 = 6.1876e-04
Loss = 8.4814e-02, PNorm = 42.8084, GNorm = 1.0922, lr_0 = 6.1709e-04
Loss = 6.3782e-02, PNorm = 42.8275, GNorm = 0.4570, lr_0 = 6.1542e-04
Loss = 6.2822e-02, PNorm = 42.8437, GNorm = 0.9668, lr_0 = 6.1376e-04
Validation rmse = 1.252965
Epoch 43
Loss = 5.9489e-02, PNorm = 42.8548, GNorm = 0.6215, lr_0 = 6.1210e-04
Loss = 5.9747e-02, PNorm = 42.8656, GNorm = 0.7803, lr_0 = 6.1045e-04
Loss = 7.9827e-02, PNorm = 42.8833, GNorm = 1.1689, lr_0 = 6.0880e-04
Loss = 6.1063e-02, PNorm = 42.8977, GNorm = 1.0448, lr_0 = 6.0715e-04
Validation rmse = 1.320786
Epoch 44
Loss = 7.7986e-02, PNorm = 42.9227, GNorm = 0.6937, lr_0 = 6.0551e-04
Loss = 6.2753e-02, PNorm = 42.9471, GNorm = 0.9818, lr_0 = 6.0388e-04
Loss = 5.6385e-02, PNorm = 42.9711, GNorm = 0.7871, lr_0 = 6.0225e-04
Loss = 5.4593e-02, PNorm = 42.9853, GNorm = 0.9921, lr_0 = 6.0062e-04
Loss = 8.2924e-02, PNorm = 42.9940, GNorm = 1.4343, lr_0 = 5.9900e-04
Validation rmse = 1.278051
Epoch 45
Loss = 6.6128e-02, PNorm = 43.0014, GNorm = 0.9244, lr_0 = 5.9738e-04
Loss = 7.0272e-02, PNorm = 43.0259, GNorm = 2.0248, lr_0 = 5.9577e-04
Loss = 6.6048e-02, PNorm = 43.0457, GNorm = 0.8073, lr_0 = 5.9416e-04
Loss = 5.8151e-02, PNorm = 43.0655, GNorm = 0.7529, lr_0 = 5.9255e-04
Validation rmse = 1.244396
Epoch 46
Loss = 4.9133e-02, PNorm = 43.0785, GNorm = 0.9598, lr_0 = 5.9079e-04
Loss = 5.8816e-02, PNorm = 43.0926, GNorm = 1.7596, lr_0 = 5.8920e-04
Loss = 5.4343e-02, PNorm = 43.1171, GNorm = 0.5285, lr_0 = 5.8761e-04
Loss = 1.0001e-01, PNorm = 43.1358, GNorm = 0.8883, lr_0 = 5.8602e-04
Validation rmse = 1.261742
Epoch 47
Loss = 4.3349e-02, PNorm = 43.1544, GNorm = 0.6265, lr_0 = 5.8444e-04
Loss = 6.4815e-02, PNorm = 43.1691, GNorm = 0.7806, lr_0 = 5.8286e-04
Loss = 6.6391e-02, PNorm = 43.1912, GNorm = 1.6528, lr_0 = 5.8128e-04
Loss = 5.9632e-02, PNorm = 43.2054, GNorm = 0.8066, lr_0 = 5.7971e-04
Loss = 5.2781e-02, PNorm = 43.2221, GNorm = 1.0863, lr_0 = 5.7815e-04
Validation rmse = 1.287683
Epoch 48
Loss = 5.5962e-02, PNorm = 43.2328, GNorm = 0.9324, lr_0 = 5.7659e-04
Loss = 5.4171e-02, PNorm = 43.2435, GNorm = 0.5365, lr_0 = 5.7503e-04
Loss = 6.2287e-02, PNorm = 43.2595, GNorm = 0.8393, lr_0 = 5.7348e-04
Loss = 5.7064e-02, PNorm = 43.2753, GNorm = 0.7094, lr_0 = 5.7193e-04
Validation rmse = 1.275106
Epoch 49
Loss = 5.1864e-02, PNorm = 43.2893, GNorm = 0.7321, lr_0 = 5.7038e-04
Loss = 5.0101e-02, PNorm = 43.3063, GNorm = 0.5372, lr_0 = 5.6884e-04
Loss = 4.9413e-02, PNorm = 43.3165, GNorm = 0.4344, lr_0 = 5.6731e-04
Loss = 5.4780e-02, PNorm = 43.3271, GNorm = 0.8195, lr_0 = 5.6577e-04
Validation rmse = 1.273909
Epoch 50
Loss = 4.9722e-02, PNorm = 43.3440, GNorm = 0.5723, lr_0 = 5.6425e-04
Loss = 5.0155e-02, PNorm = 43.3597, GNorm = 0.5019, lr_0 = 5.6272e-04
Loss = 3.8400e-02, PNorm = 43.3669, GNorm = 0.6399, lr_0 = 5.6120e-04
Loss = 4.9255e-02, PNorm = 43.3734, GNorm = 0.5518, lr_0 = 5.5969e-04
Loss = 6.0915e-02, PNorm = 43.3849, GNorm = 1.2260, lr_0 = 5.5817e-04
Validation rmse = 1.247410
Epoch 51
Loss = 4.2900e-02, PNorm = 43.3939, GNorm = 0.8769, lr_0 = 5.5652e-04
Loss = 4.1134e-02, PNorm = 43.4087, GNorm = 0.6600, lr_0 = 5.5501e-04
Loss = 5.3756e-02, PNorm = 43.4204, GNorm = 0.8589, lr_0 = 5.5351e-04
Loss = 5.4124e-02, PNorm = 43.4360, GNorm = 0.5574, lr_0 = 5.5202e-04
Validation rmse = 1.309621
Epoch 52
Loss = 4.9137e-02, PNorm = 43.4492, GNorm = 0.3779, lr_0 = 5.5053e-04
Loss = 3.8721e-02, PNorm = 43.4598, GNorm = 0.6337, lr_0 = 5.4904e-04
Loss = 4.7860e-02, PNorm = 43.4671, GNorm = 0.6261, lr_0 = 5.4756e-04
Loss = 5.5946e-02, PNorm = 43.4772, GNorm = 1.3468, lr_0 = 5.4608e-04
Loss = 4.5289e-02, PNorm = 43.4904, GNorm = 0.8187, lr_0 = 5.4461e-04
Validation rmse = 1.310538
Epoch 53
Loss = 3.8657e-02, PNorm = 43.4988, GNorm = 0.6891, lr_0 = 5.4313e-04
Loss = 4.5989e-02, PNorm = 43.5096, GNorm = 1.0879, lr_0 = 5.4167e-04
Loss = 4.6893e-02, PNorm = 43.5212, GNorm = 0.7166, lr_0 = 5.4020e-04
Loss = 6.4498e-02, PNorm = 43.5354, GNorm = 1.3033, lr_0 = 5.3875e-04
Validation rmse = 1.366764
Epoch 54
Loss = 7.2758e-02, PNorm = 43.5513, GNorm = 0.6469, lr_0 = 5.3729e-04
Loss = 5.3974e-02, PNorm = 43.5642, GNorm = 0.7741, lr_0 = 5.3584e-04
Loss = 4.0067e-02, PNorm = 43.5799, GNorm = 0.4693, lr_0 = 5.3439e-04
Loss = 4.5087e-02, PNorm = 43.5946, GNorm = 0.6780, lr_0 = 5.3295e-04
Validation rmse = 1.260735
Epoch 55
Loss = 3.5905e-02, PNorm = 43.6085, GNorm = 0.3696, lr_0 = 5.3137e-04
Loss = 4.2511e-02, PNorm = 43.6182, GNorm = 1.0669, lr_0 = 5.2993e-04
Loss = 4.8456e-02, PNorm = 43.6253, GNorm = 0.5043, lr_0 = 5.2850e-04
Loss = 4.3891e-02, PNorm = 43.6370, GNorm = 1.2064, lr_0 = 5.2707e-04
Loss = 5.3794e-02, PNorm = 43.6517, GNorm = 1.0586, lr_0 = 5.2565e-04
Validation rmse = 1.304629
Epoch 56
Loss = 3.3642e-02, PNorm = 43.6599, GNorm = 0.5420, lr_0 = 5.2423e-04
Loss = 3.4412e-02, PNorm = 43.6694, GNorm = 0.6771, lr_0 = 5.2281e-04
Loss = 6.1482e-02, PNorm = 43.6810, GNorm = 0.9640, lr_0 = 5.2140e-04
Loss = 4.5533e-02, PNorm = 43.6843, GNorm = 0.7825, lr_0 = 5.1999e-04
Validation rmse = 1.308479
Epoch 57
Loss = 3.6123e-02, PNorm = 43.6933, GNorm = 0.7236, lr_0 = 5.1859e-04
Loss = 5.0267e-02, PNorm = 43.7018, GNorm = 0.6633, lr_0 = 5.1719e-04
Loss = 3.8880e-02, PNorm = 43.7084, GNorm = 0.4383, lr_0 = 5.1579e-04
Loss = 3.4169e-02, PNorm = 43.7178, GNorm = 0.5453, lr_0 = 5.1440e-04
Validation rmse = 1.230690
Epoch 58
Loss = 6.5942e-02, PNorm = 43.7278, GNorm = 0.7573, lr_0 = 5.1301e-04
Loss = 4.4222e-02, PNorm = 43.7378, GNorm = 0.5536, lr_0 = 5.1162e-04
Loss = 4.0675e-02, PNorm = 43.7499, GNorm = 0.7714, lr_0 = 5.1024e-04
Loss = 4.1136e-02, PNorm = 43.7593, GNorm = 0.7853, lr_0 = 5.0886e-04
Loss = 3.0040e-02, PNorm = 43.7656, GNorm = 0.3980, lr_0 = 5.0749e-04
Validation rmse = 1.240972
Epoch 59
Loss = 4.2784e-02, PNorm = 43.7752, GNorm = 0.9972, lr_0 = 5.0612e-04
Loss = 3.5568e-02, PNorm = 43.7891, GNorm = 0.4601, lr_0 = 5.0475e-04
Loss = 3.9849e-02, PNorm = 43.7946, GNorm = 0.6167, lr_0 = 5.0339e-04
Loss = 4.9531e-02, PNorm = 43.8065, GNorm = 0.4981, lr_0 = 5.0203e-04
Validation rmse = 1.235446
Epoch 60
Loss = 2.9583e-02, PNorm = 43.8178, GNorm = 0.7342, lr_0 = 5.0054e-04
Loss = 3.9579e-02, PNorm = 43.8221, GNorm = 0.8588, lr_0 = 4.9919e-04
Loss = 3.3895e-02, PNorm = 43.8300, GNorm = 0.4284, lr_0 = 4.9784e-04
Loss = 4.8443e-02, PNorm = 43.8452, GNorm = 0.7330, lr_0 = 4.9649e-04
Loss = 5.5837e-02, PNorm = 43.8568, GNorm = 1.0721, lr_0 = 4.9515e-04
Validation rmse = 1.289096
Epoch 61
Loss = 3.4913e-02, PNorm = 43.8674, GNorm = 0.5132, lr_0 = 4.9381e-04
Loss = 3.5984e-02, PNorm = 43.8744, GNorm = 0.4206, lr_0 = 4.9248e-04
Loss = 5.1444e-02, PNorm = 43.8870, GNorm = 1.0640, lr_0 = 4.9115e-04
Loss = 4.3666e-02, PNorm = 43.8986, GNorm = 0.7461, lr_0 = 4.8982e-04
Validation rmse = 1.267896
Epoch 62
Loss = 3.0509e-02, PNorm = 43.9046, GNorm = 1.1145, lr_0 = 4.8850e-04
Loss = 3.9541e-02, PNorm = 43.9119, GNorm = 0.4853, lr_0 = 4.8718e-04
Loss = 3.5056e-02, PNorm = 43.9227, GNorm = 0.4542, lr_0 = 4.8587e-04
Loss = 4.5444e-02, PNorm = 43.9324, GNorm = 0.6037, lr_0 = 4.8455e-04
Validation rmse = 1.291495
Epoch 63
Loss = 2.7166e-02, PNorm = 43.9425, GNorm = 0.5447, lr_0 = 4.8324e-04
Loss = 3.6260e-02, PNorm = 43.9500, GNorm = 0.4952, lr_0 = 4.8194e-04
Loss = 2.6034e-02, PNorm = 43.9600, GNorm = 0.3514, lr_0 = 4.8064e-04
Loss = 4.2347e-02, PNorm = 43.9653, GNorm = 1.2099, lr_0 = 4.7934e-04
Loss = 3.9802e-02, PNorm = 43.9745, GNorm = 0.5022, lr_0 = 4.7805e-04
Validation rmse = 1.240586
Epoch 64
Loss = 5.6403e-02, PNorm = 43.9846, GNorm = 0.9138, lr_0 = 4.7663e-04
Loss = 2.7300e-02, PNorm = 43.9936, GNorm = 0.7758, lr_0 = 4.7534e-04
Loss = 2.5807e-02, PNorm = 44.0029, GNorm = 0.3916, lr_0 = 4.7405e-04
Loss = 4.0383e-02, PNorm = 44.0114, GNorm = 0.3420, lr_0 = 4.7277e-04
Validation rmse = 1.313352
Epoch 65
Loss = 4.6946e-02, PNorm = 44.0203, GNorm = 0.7453, lr_0 = 4.7150e-04
Loss = 4.2149e-02, PNorm = 44.0275, GNorm = 1.1299, lr_0 = 4.7022e-04
Loss = 4.1186e-02, PNorm = 44.0349, GNorm = 0.7495, lr_0 = 4.6895e-04
Loss = 3.8884e-02, PNorm = 44.0475, GNorm = 0.5316, lr_0 = 4.6769e-04
Validation rmse = 1.257093
Epoch 66
Loss = 9.9303e-02, PNorm = 44.0575, GNorm = 2.0715, lr_0 = 4.6642e-04
Loss = 4.5941e-02, PNorm = 44.0702, GNorm = 0.4609, lr_0 = 4.6516e-04
Loss = 3.2174e-02, PNorm = 44.0807, GNorm = 0.4982, lr_0 = 4.6391e-04
Loss = 4.0496e-02, PNorm = 44.0929, GNorm = 0.5006, lr_0 = 4.6265e-04
Loss = 2.9271e-02, PNorm = 44.1021, GNorm = 0.6089, lr_0 = 4.6141e-04
Validation rmse = 1.227279
Epoch 67
Loss = 3.7261e-02, PNorm = 44.1054, GNorm = 0.7242, lr_0 = 4.6016e-04
Loss = 2.7004e-02, PNorm = 44.1163, GNorm = 0.7532, lr_0 = 4.5892e-04
Loss = 2.3362e-02, PNorm = 44.1209, GNorm = 0.6558, lr_0 = 4.5768e-04
Loss = 3.6083e-02, PNorm = 44.1254, GNorm = 0.9842, lr_0 = 4.5644e-04
Validation rmse = 1.289862
Epoch 68
Loss = 2.9595e-02, PNorm = 44.1322, GNorm = 0.5784, lr_0 = 4.5521e-04
Loss = 3.3277e-02, PNorm = 44.1388, GNorm = 0.4731, lr_0 = 4.5398e-04
Loss = 3.7852e-02, PNorm = 44.1493, GNorm = 0.8025, lr_0 = 4.5275e-04
Loss = 3.5160e-02, PNorm = 44.1562, GNorm = 0.7903, lr_0 = 4.5153e-04
Loss = 3.2992e-02, PNorm = 44.1657, GNorm = 0.6260, lr_0 = 4.5031e-04
Loss = 3.2955e-02, PNorm = 44.1670, GNorm = 0.9642, lr_0 = 4.5019e-04
Validation rmse = 1.273345
Epoch 69
Loss = 3.4548e-02, PNorm = 44.1753, GNorm = 0.6024, lr_0 = 4.4897e-04
Loss = 3.7497e-02, PNorm = 44.1825, GNorm = 1.1242, lr_0 = 4.4776e-04
Loss = 3.2502e-02, PNorm = 44.1846, GNorm = 0.5195, lr_0 = 4.4655e-04
Loss = 3.0149e-02, PNorm = 44.1929, GNorm = 0.5509, lr_0 = 4.4534e-04
Validation rmse = 1.267773
Epoch 70
Loss = 2.7332e-02, PNorm = 44.1989, GNorm = 0.9376, lr_0 = 4.4414e-04
Loss = 2.8814e-02, PNorm = 44.2046, GNorm = 0.3353, lr_0 = 4.4294e-04
Loss = 3.2109e-02, PNorm = 44.2141, GNorm = 0.5356, lr_0 = 4.4175e-04
Loss = 3.8685e-02, PNorm = 44.2198, GNorm = 0.5791, lr_0 = 4.4055e-04
Validation rmse = 1.230806
Epoch 71
Loss = 2.0367e-02, PNorm = 44.2256, GNorm = 0.3741, lr_0 = 4.3936e-04
Loss = 2.6274e-02, PNorm = 44.2276, GNorm = 0.7614, lr_0 = 4.3818e-04
Loss = 2.3558e-02, PNorm = 44.2384, GNorm = 0.3666, lr_0 = 4.3699e-04
Loss = 3.8204e-02, PNorm = 44.2442, GNorm = 1.0535, lr_0 = 4.3581e-04
Loss = 4.0641e-02, PNorm = 44.2462, GNorm = 0.4086, lr_0 = 4.3464e-04
Validation rmse = 1.256039
Epoch 72
Loss = 3.9994e-02, PNorm = 44.2535, GNorm = 0.4457, lr_0 = 4.3346e-04
Loss = 3.6182e-02, PNorm = 44.2592, GNorm = 0.4024, lr_0 = 4.3229e-04
Loss = 2.4738e-02, PNorm = 44.2679, GNorm = 0.5486, lr_0 = 4.3112e-04
Loss = 2.9112e-02, PNorm = 44.2755, GNorm = 0.9202, lr_0 = 4.2996e-04
Validation rmse = 1.243417
Epoch 73
Loss = 3.6619e-02, PNorm = 44.2881, GNorm = 0.7707, lr_0 = 4.2868e-04
Loss = 3.3053e-02, PNorm = 44.2929, GNorm = 0.7239, lr_0 = 4.2752e-04
Loss = 2.5512e-02, PNorm = 44.2970, GNorm = 0.9413, lr_0 = 4.2637e-04
Loss = 2.7067e-02, PNorm = 44.3059, GNorm = 0.5145, lr_0 = 4.2522e-04
Validation rmse = 1.239652
Epoch 74
Loss = 2.0450e-02, PNorm = 44.3134, GNorm = 0.3931, lr_0 = 4.2407e-04
Loss = 2.1745e-02, PNorm = 44.3190, GNorm = 0.7614, lr_0 = 4.2292e-04
Loss = 2.8593e-02, PNorm = 44.3263, GNorm = 0.4957, lr_0 = 4.2178e-04
Loss = 3.5255e-02, PNorm = 44.3313, GNorm = 0.7340, lr_0 = 4.2064e-04
Loss = 3.5933e-02, PNorm = 44.3373, GNorm = 0.4881, lr_0 = 4.1951e-04
Validation rmse = 1.235687
Epoch 75
Loss = 3.5143e-02, PNorm = 44.3467, GNorm = 0.7669, lr_0 = 4.1837e-04
Loss = 2.7505e-02, PNorm = 44.3536, GNorm = 0.5045, lr_0 = 4.1724e-04
Loss = 3.7460e-02, PNorm = 44.3609, GNorm = 0.5999, lr_0 = 4.1612e-04
Loss = 2.8089e-02, PNorm = 44.3654, GNorm = 0.5075, lr_0 = 4.1499e-04
Validation rmse = 1.258575
Epoch 76
Loss = 2.6559e-02, PNorm = 44.3702, GNorm = 0.4000, lr_0 = 4.1387e-04
Loss = 2.4048e-02, PNorm = 44.3771, GNorm = 0.3913, lr_0 = 4.1275e-04
Loss = 3.3275e-02, PNorm = 44.3835, GNorm = 1.0079, lr_0 = 4.1164e-04
Loss = 4.2154e-02, PNorm = 44.3914, GNorm = 0.4268, lr_0 = 4.1053e-04
Loss = 2.9491e-02, PNorm = 44.4011, GNorm = 0.9566, lr_0 = 4.0942e-04
Validation rmse = 1.319854
Epoch 77
Loss = 2.5633e-02, PNorm = 44.4072, GNorm = 1.2304, lr_0 = 4.0831e-04
Loss = 4.4794e-02, PNorm = 44.4169, GNorm = 1.1264, lr_0 = 4.0721e-04
Loss = 5.4792e-02, PNorm = 44.4275, GNorm = 0.7443, lr_0 = 4.0611e-04
Loss = 2.6397e-02, PNorm = 44.4358, GNorm = 0.8808, lr_0 = 4.0501e-04
Validation rmse = 1.275845
Epoch 78
Loss = 3.2334e-02, PNorm = 44.4448, GNorm = 0.4781, lr_0 = 4.0381e-04
Loss = 2.8534e-02, PNorm = 44.4522, GNorm = 0.2319, lr_0 = 4.0272e-04
Loss = 3.1369e-02, PNorm = 44.4578, GNorm = 0.8127, lr_0 = 4.0163e-04
Loss = 2.7914e-02, PNorm = 44.4642, GNorm = 0.9649, lr_0 = 4.0055e-04
Validation rmse = 1.266675
Epoch 79
Loss = 3.3189e-02, PNorm = 44.4718, GNorm = 0.5650, lr_0 = 3.9947e-04
Loss = 2.2328e-02, PNorm = 44.4833, GNorm = 0.2882, lr_0 = 3.9839e-04
Loss = 3.2489e-02, PNorm = 44.4894, GNorm = 0.6457, lr_0 = 3.9731e-04
Loss = 2.7203e-02, PNorm = 44.4980, GNorm = 0.3859, lr_0 = 3.9624e-04
Loss = 3.3407e-02, PNorm = 44.5046, GNorm = 0.5827, lr_0 = 3.9517e-04
Validation rmse = 1.283002
Epoch 80
Loss = 2.0666e-02, PNorm = 44.5109, GNorm = 0.3734, lr_0 = 3.9410e-04
Loss = 2.9093e-02, PNorm = 44.5148, GNorm = 0.5224, lr_0 = 3.9304e-04
Loss = 3.5826e-02, PNorm = 44.5210, GNorm = 0.6884, lr_0 = 3.9197e-04
Loss = 2.8813e-02, PNorm = 44.5258, GNorm = 0.4291, lr_0 = 3.9092e-04
Validation rmse = 1.269666
Epoch 81
Loss = 2.2111e-02, PNorm = 44.5313, GNorm = 0.3141, lr_0 = 3.8986e-04
Loss = 2.6905e-02, PNorm = 44.5350, GNorm = 0.6272, lr_0 = 3.8881e-04
Loss = 2.1823e-02, PNorm = 44.5394, GNorm = 0.4194, lr_0 = 3.8776e-04
Loss = 3.2700e-02, PNorm = 44.5421, GNorm = 0.6326, lr_0 = 3.8671e-04
Validation rmse = 1.272138
Epoch 82
Loss = 1.3623e-02, PNorm = 44.5517, GNorm = 0.4557, lr_0 = 3.8556e-04
Loss = 2.4049e-02, PNorm = 44.5582, GNorm = 0.7602, lr_0 = 3.8452e-04
Loss = 2.3811e-02, PNorm = 44.5620, GNorm = 0.4862, lr_0 = 3.8348e-04
Loss = 2.4621e-02, PNorm = 44.5649, GNorm = 0.4824, lr_0 = 3.8245e-04
Loss = 3.5968e-02, PNorm = 44.5694, GNorm = 0.2721, lr_0 = 3.8141e-04
Validation rmse = 1.257960
Epoch 83
Loss = 2.0952e-02, PNorm = 44.5744, GNorm = 0.3545, lr_0 = 3.8038e-04
Loss = 2.1730e-02, PNorm = 44.5788, GNorm = 0.3790, lr_0 = 3.7936e-04
Loss = 2.2058e-02, PNorm = 44.5807, GNorm = 0.9880, lr_0 = 3.7833e-04
Loss = 2.5056e-02, PNorm = 44.5866, GNorm = 0.7972, lr_0 = 3.7731e-04
Validation rmse = 1.251294
Epoch 84
Loss = 2.8949e-02, PNorm = 44.5952, GNorm = 0.3820, lr_0 = 3.7629e-04
Loss = 1.7233e-02, PNorm = 44.6017, GNorm = 0.3948, lr_0 = 3.7527e-04
Loss = 2.2009e-02, PNorm = 44.6054, GNorm = 0.5266, lr_0 = 3.7426e-04
Loss = 4.3912e-02, PNorm = 44.6116, GNorm = 1.2475, lr_0 = 3.7325e-04
Loss = 2.5021e-02, PNorm = 44.6146, GNorm = 0.4294, lr_0 = 3.7224e-04
Validation rmse = 1.228976
Epoch 85
Loss = 1.6213e-02, PNorm = 44.6210, GNorm = 0.3744, lr_0 = 3.7124e-04
Loss = 2.3405e-02, PNorm = 44.6283, GNorm = 0.3014, lr_0 = 3.7023e-04
Loss = 2.7073e-02, PNorm = 44.6366, GNorm = 0.4564, lr_0 = 3.6923e-04
Loss = 3.3100e-02, PNorm = 44.6400, GNorm = 0.4047, lr_0 = 3.6824e-04
Validation rmse = 1.315969
Epoch 86
Loss = 3.1380e-02, PNorm = 44.6418, GNorm = 0.2931, lr_0 = 3.6724e-04
Loss = 1.8983e-02, PNorm = 44.6464, GNorm = 0.6184, lr_0 = 3.6625e-04
Loss = 2.1632e-02, PNorm = 44.6495, GNorm = 0.6175, lr_0 = 3.6526e-04
Loss = 2.9151e-02, PNorm = 44.6547, GNorm = 0.2906, lr_0 = 3.6427e-04
Validation rmse = 1.248370
Epoch 87
Loss = 1.4888e-02, PNorm = 44.6601, GNorm = 0.2548, lr_0 = 3.6319e-04
Loss = 1.2654e-02, PNorm = 44.6625, GNorm = 0.3095, lr_0 = 3.6221e-04
Loss = 4.0042e-02, PNorm = 44.6678, GNorm = 0.7422, lr_0 = 3.6123e-04
Loss = 2.1437e-02, PNorm = 44.6697, GNorm = 0.3854, lr_0 = 3.6026e-04
Loss = 2.3145e-02, PNorm = 44.6736, GNorm = 0.6385, lr_0 = 3.5928e-04
Validation rmse = 1.262336
Epoch 88
Loss = 1.8121e-02, PNorm = 44.6791, GNorm = 0.4410, lr_0 = 3.5831e-04
Loss = 1.9343e-02, PNorm = 44.6825, GNorm = 0.4497, lr_0 = 3.5735e-04
Loss = 2.8769e-02, PNorm = 44.6847, GNorm = 1.4672, lr_0 = 3.5638e-04
Loss = 2.1606e-02, PNorm = 44.6916, GNorm = 0.4016, lr_0 = 3.5542e-04
Validation rmse = 1.275645
Epoch 89
Loss = 1.6700e-02, PNorm = 44.6981, GNorm = 0.5019, lr_0 = 3.5446e-04
Loss = 2.2043e-02, PNorm = 44.7026, GNorm = 0.4377, lr_0 = 3.5350e-04
Loss = 2.9966e-02, PNorm = 44.7070, GNorm = 1.0193, lr_0 = 3.5255e-04
Loss = 1.9530e-02, PNorm = 44.7118, GNorm = 0.3294, lr_0 = 3.5159e-04
Loss = 2.9010e-02, PNorm = 44.7172, GNorm = 0.4504, lr_0 = 3.5064e-04
Validation rmse = 1.243172
Epoch 90
Loss = 1.9766e-02, PNorm = 44.7200, GNorm = 0.3488, lr_0 = 3.4970e-04
Loss = 2.4997e-02, PNorm = 44.7255, GNorm = 0.9611, lr_0 = 3.4875e-04
Loss = 2.0403e-02, PNorm = 44.7283, GNorm = 0.5535, lr_0 = 3.4781e-04
Loss = 3.1170e-02, PNorm = 44.7321, GNorm = 0.6780, lr_0 = 3.4687e-04
Validation rmse = 1.243835
Epoch 91
Loss = 2.5873e-02, PNorm = 44.7375, GNorm = 1.1142, lr_0 = 3.4584e-04
Loss = 1.7938e-02, PNorm = 44.7446, GNorm = 0.3683, lr_0 = 3.4491e-04
Loss = 2.9675e-02, PNorm = 44.7492, GNorm = 1.4198, lr_0 = 3.4398e-04
Loss = 2.3971e-02, PNorm = 44.7517, GNorm = 0.3322, lr_0 = 3.4305e-04
Validation rmse = 1.267340
Epoch 92
Loss = 2.8306e-02, PNorm = 44.7570, GNorm = 0.5235, lr_0 = 3.4212e-04
Loss = 3.3657e-02, PNorm = 44.7631, GNorm = 1.0597, lr_0 = 3.4120e-04
Loss = 2.2527e-02, PNorm = 44.7686, GNorm = 0.2907, lr_0 = 3.4027e-04
Loss = 2.0275e-02, PNorm = 44.7729, GNorm = 0.2767, lr_0 = 3.3936e-04
Loss = 1.7103e-02, PNorm = 44.7773, GNorm = 0.7251, lr_0 = 3.3844e-04
Validation rmse = 1.252223
Epoch 93
Loss = 2.5553e-02, PNorm = 44.7822, GNorm = 1.0210, lr_0 = 3.3753e-04
Loss = 2.1101e-02, PNorm = 44.7861, GNorm = 0.4083, lr_0 = 3.3661e-04
Loss = 1.9153e-02, PNorm = 44.7921, GNorm = 0.6965, lr_0 = 3.3570e-04
Loss = 2.4818e-02, PNorm = 44.7936, GNorm = 0.4218, lr_0 = 3.3480e-04
Validation rmse = 1.250415
Epoch 94
Loss = 2.2071e-02, PNorm = 44.7982, GNorm = 0.4474, lr_0 = 3.3389e-04
Loss = 1.8034e-02, PNorm = 44.8006, GNorm = 0.6237, lr_0 = 3.3299e-04
Loss = 1.7341e-02, PNorm = 44.8073, GNorm = 0.3105, lr_0 = 3.3209e-04
Loss = 2.3925e-02, PNorm = 44.8123, GNorm = 0.5040, lr_0 = 3.3120e-04
Validation rmse = 1.265334
Epoch 95
Loss = 2.2071e-02, PNorm = 44.8158, GNorm = 0.4056, lr_0 = 3.3030e-04
Loss = 3.6717e-02, PNorm = 44.8196, GNorm = 0.6626, lr_0 = 3.2941e-04
Loss = 1.6492e-02, PNorm = 44.8257, GNorm = 0.4849, lr_0 = 3.2852e-04
Loss = 2.0764e-02, PNorm = 44.8301, GNorm = 0.3949, lr_0 = 3.2763e-04
Loss = 1.6779e-02, PNorm = 44.8340, GNorm = 0.3683, lr_0 = 3.2675e-04
Validation rmse = 1.229476
Epoch 96
Loss = 2.5343e-02, PNorm = 44.8376, GNorm = 0.4187, lr_0 = 3.2578e-04
Loss = 2.0032e-02, PNorm = 44.8430, GNorm = 0.2608, lr_0 = 3.2490e-04
Loss = 2.2300e-02, PNorm = 44.8477, GNorm = 0.3503, lr_0 = 3.2402e-04
Loss = 1.9191e-02, PNorm = 44.8516, GNorm = 0.3431, lr_0 = 3.2314e-04
Validation rmse = 1.258177
Epoch 97
Loss = 3.1845e-02, PNorm = 44.8559, GNorm = 0.4246, lr_0 = 3.2227e-04
Loss = 1.4638e-02, PNorm = 44.8576, GNorm = 0.2739, lr_0 = 3.2140e-04
Loss = 1.9580e-02, PNorm = 44.8591, GNorm = 0.3925, lr_0 = 3.2053e-04
Loss = 1.9923e-02, PNorm = 44.8638, GNorm = 0.5216, lr_0 = 3.1967e-04
Loss = 2.9233e-02, PNorm = 44.8699, GNorm = 0.5802, lr_0 = 3.1880e-04
Validation rmse = 1.254102
Epoch 98
Loss = 2.1983e-02, PNorm = 44.8754, GNorm = 0.6398, lr_0 = 3.1794e-04
Loss = 2.6725e-02, PNorm = 44.8801, GNorm = 0.3498, lr_0 = 3.1708e-04
Loss = 1.6719e-02, PNorm = 44.8870, GNorm = 0.3153, lr_0 = 3.1623e-04
Loss = 2.1580e-02, PNorm = 44.8878, GNorm = 0.4534, lr_0 = 3.1537e-04
Validation rmse = 1.248067
Epoch 99
Loss = 1.2563e-02, PNorm = 44.8892, GNorm = 0.4699, lr_0 = 3.1452e-04
Loss = 1.5163e-02, PNorm = 44.8931, GNorm = 0.5598, lr_0 = 3.1367e-04
Loss = 2.2483e-02, PNorm = 44.8977, GNorm = 0.2929, lr_0 = 3.1283e-04
Loss = 2.4826e-02, PNorm = 44.9010, GNorm = 0.2939, lr_0 = 3.1198e-04
Validation rmse = 1.265902
Epoch 100
Loss = 1.0926e-02, PNorm = 44.9057, GNorm = 0.4618, lr_0 = 3.1114e-04
Loss = 2.9112e-02, PNorm = 44.9114, GNorm = 0.5980, lr_0 = 3.1030e-04
Loss = 2.1110e-02, PNorm = 44.9132, GNorm = 0.5920, lr_0 = 3.0946e-04
Loss = 1.8908e-02, PNorm = 44.9179, GNorm = 0.3360, lr_0 = 3.0862e-04
Loss = 1.7887e-02, PNorm = 44.9217, GNorm = 0.4963, lr_0 = 3.0779e-04
Validation rmse = 1.273732
Epoch 101
Loss = 2.6727e-02, PNorm = 44.9276, GNorm = 0.4110, lr_0 = 3.0688e-04
Loss = 2.0009e-02, PNorm = 44.9351, GNorm = 0.4794, lr_0 = 3.0605e-04
Loss = 2.3144e-02, PNorm = 44.9390, GNorm = 0.3304, lr_0 = 3.0522e-04
Loss = 2.5348e-02, PNorm = 44.9422, GNorm = 0.8061, lr_0 = 3.0440e-04
Validation rmse = 1.255082
Epoch 102
Loss = 2.0662e-02, PNorm = 44.9439, GNorm = 0.4747, lr_0 = 3.0357e-04
Loss = 2.1075e-02, PNorm = 44.9484, GNorm = 0.4133, lr_0 = 3.0275e-04
Loss = 2.1427e-02, PNorm = 44.9519, GNorm = 0.3801, lr_0 = 3.0194e-04
Loss = 1.8086e-02, PNorm = 44.9565, GNorm = 0.3887, lr_0 = 3.0112e-04
Validation rmse = 1.263011
Epoch 103
Loss = 9.9376e-03, PNorm = 44.9596, GNorm = 0.2562, lr_0 = 3.0031e-04
Loss = 1.3750e-02, PNorm = 44.9636, GNorm = 0.3079, lr_0 = 2.9950e-04
Loss = 2.3403e-02, PNorm = 44.9664, GNorm = 0.6820, lr_0 = 2.9869e-04
Loss = 2.5466e-02, PNorm = 44.9704, GNorm = 1.1205, lr_0 = 2.9788e-04
Loss = 1.8871e-02, PNorm = 44.9718, GNorm = 0.2855, lr_0 = 2.9708e-04
Validation rmse = 1.239277
Epoch 104
Loss = 2.3130e-02, PNorm = 44.9728, GNorm = 0.4997, lr_0 = 2.9627e-04
Loss = 1.9099e-02, PNorm = 44.9761, GNorm = 0.4802, lr_0 = 2.9547e-04
Loss = 2.3210e-02, PNorm = 44.9815, GNorm = 0.3105, lr_0 = 2.9468e-04
Loss = 1.9914e-02, PNorm = 44.9845, GNorm = 0.7345, lr_0 = 2.9388e-04
Validation rmse = 1.232480
Epoch 105
Loss = 3.4316e-02, PNorm = 44.9864, GNorm = 0.4544, lr_0 = 2.9301e-04
Loss = 1.7064e-02, PNorm = 44.9908, GNorm = 1.0341, lr_0 = 2.9222e-04
Loss = 1.5752e-02, PNorm = 44.9947, GNorm = 0.4353, lr_0 = 2.9143e-04
Loss = 1.7623e-02, PNorm = 44.9967, GNorm = 0.3847, lr_0 = 2.9064e-04
Loss = 2.4003e-02, PNorm = 45.0018, GNorm = 0.4779, lr_0 = 2.8985e-04
Validation rmse = 1.256145
Epoch 106
Loss = 1.6084e-02, PNorm = 45.0071, GNorm = 0.4619, lr_0 = 2.8907e-04
Loss = 3.2226e-02, PNorm = 45.0107, GNorm = 0.2354, lr_0 = 2.8829e-04
Loss = 1.8898e-02, PNorm = 45.0131, GNorm = 0.9014, lr_0 = 2.8751e-04
Loss = 1.8176e-02, PNorm = 45.0172, GNorm = 1.0182, lr_0 = 2.8674e-04
Validation rmse = 1.274829
Epoch 107
Loss = 1.3883e-02, PNorm = 45.0212, GNorm = 0.2758, lr_0 = 2.8596e-04
Loss = 1.3702e-02, PNorm = 45.0241, GNorm = 0.3791, lr_0 = 2.8519e-04
Loss = 1.4377e-02, PNorm = 45.0276, GNorm = 0.6195, lr_0 = 2.8442e-04
Loss = 3.0385e-02, PNorm = 45.0308, GNorm = 0.6411, lr_0 = 2.8365e-04
Validation rmse = 1.264326
Epoch 108
Loss = 1.3205e-02, PNorm = 45.0358, GNorm = 0.3705, lr_0 = 2.8288e-04
Loss = 1.0832e-02, PNorm = 45.0385, GNorm = 0.3159, lr_0 = 2.8212e-04
Loss = 2.5032e-02, PNorm = 45.0418, GNorm = 0.5013, lr_0 = 2.8136e-04
Loss = 2.2364e-02, PNorm = 45.0452, GNorm = 0.8327, lr_0 = 2.8060e-04
Loss = 2.2975e-02, PNorm = 45.0486, GNorm = 0.9530, lr_0 = 2.7984e-04
Validation rmse = 1.274923
Epoch 109
Loss = 1.6304e-02, PNorm = 45.0502, GNorm = 0.4018, lr_0 = 2.7908e-04
Loss = 2.5676e-02, PNorm = 45.0552, GNorm = 0.2626, lr_0 = 2.7833e-04
Loss = 1.2634e-02, PNorm = 45.0569, GNorm = 0.4143, lr_0 = 2.7758e-04
Loss = 1.7846e-02, PNorm = 45.0588, GNorm = 0.3995, lr_0 = 2.7683e-04
Validation rmse = 1.247343
Epoch 110
Loss = 1.8224e-02, PNorm = 45.0611, GNorm = 0.3407, lr_0 = 2.7601e-04
Loss = 1.4669e-02, PNorm = 45.0639, GNorm = 0.2455, lr_0 = 2.7526e-04
Loss = 1.0937e-02, PNorm = 45.0668, GNorm = 0.3994, lr_0 = 2.7452e-04
Loss = 3.1450e-02, PNorm = 45.0690, GNorm = 0.7036, lr_0 = 2.7378e-04
Validation rmse = 1.260185
Epoch 111
Loss = 7.5876e-02, PNorm = 45.0713, GNorm = 0.7584, lr_0 = 2.7304e-04
Loss = 1.4947e-02, PNorm = 45.0757, GNorm = 0.4930, lr_0 = 2.7230e-04
Loss = 1.6910e-02, PNorm = 45.0793, GNorm = 0.5698, lr_0 = 2.7156e-04
Loss = 1.5314e-02, PNorm = 45.0803, GNorm = 0.5757, lr_0 = 2.7083e-04
Loss = 2.2815e-02, PNorm = 45.0843, GNorm = 0.2479, lr_0 = 2.7010e-04
Validation rmse = 1.238462
Epoch 112
Loss = 1.7570e-02, PNorm = 45.0859, GNorm = 0.2984, lr_0 = 2.6937e-04
Loss = 2.7782e-02, PNorm = 45.0876, GNorm = 0.4784, lr_0 = 2.6864e-04
Loss = 1.4078e-02, PNorm = 45.0918, GNorm = 0.3616, lr_0 = 2.6792e-04
Loss = 1.3537e-02, PNorm = 45.0947, GNorm = 0.2529, lr_0 = 2.6719e-04
Validation rmse = 1.237237
Epoch 113
Loss = 2.1188e-02, PNorm = 45.0980, GNorm = 0.5546, lr_0 = 2.6647e-04
Loss = 1.3175e-02, PNorm = 45.1006, GNorm = 0.3435, lr_0 = 2.6575e-04
Loss = 2.3128e-02, PNorm = 45.1046, GNorm = 0.4662, lr_0 = 2.6503e-04
Loss = 1.4682e-02, PNorm = 45.1078, GNorm = 0.4047, lr_0 = 2.6432e-04
Loss = 2.2199e-02, PNorm = 45.1107, GNorm = 0.2920, lr_0 = 2.6361e-04
Loss = 1.3979e-02, PNorm = 45.1111, GNorm = 0.4144, lr_0 = 2.6353e-04
Validation rmse = 1.263632
Epoch 114
Loss = 9.0831e-03, PNorm = 45.1132, GNorm = 0.2810, lr_0 = 2.6282e-04
Loss = 2.0341e-02, PNorm = 45.1149, GNorm = 0.2723, lr_0 = 2.6211e-04
Loss = 2.4550e-02, PNorm = 45.1173, GNorm = 0.5437, lr_0 = 2.6140e-04
Loss = 1.7135e-02, PNorm = 45.1195, GNorm = 0.4762, lr_0 = 2.6070e-04
Validation rmse = 1.253283
Epoch 115
Loss = 1.1858e-02, PNorm = 45.1242, GNorm = 0.4455, lr_0 = 2.5999e-04
Loss = 2.1542e-02, PNorm = 45.1282, GNorm = 0.3027, lr_0 = 2.5929e-04
Loss = 1.1766e-02, PNorm = 45.1280, GNorm = 0.2640, lr_0 = 2.5859e-04
Loss = 1.9533e-02, PNorm = 45.1319, GNorm = 0.3259, lr_0 = 2.5789e-04
Validation rmse = 1.259861
Epoch 116
Loss = 1.0196e-02, PNorm = 45.1339, GNorm = 0.3485, lr_0 = 2.5720e-04
Loss = 1.2727e-02, PNorm = 45.1358, GNorm = 0.5302, lr_0 = 2.5650e-04
Loss = 3.4030e-02, PNorm = 45.1378, GNorm = 0.4895, lr_0 = 2.5581e-04
Loss = 1.2880e-02, PNorm = 45.1422, GNorm = 0.7371, lr_0 = 2.5512e-04
Loss = 1.3925e-02, PNorm = 45.1474, GNorm = 0.3499, lr_0 = 2.5443e-04
Validation rmse = 1.254209
Epoch 117
Loss = 1.0237e-02, PNorm = 45.1491, GNorm = 0.3559, lr_0 = 2.5374e-04
Loss = 2.4157e-02, PNorm = 45.1529, GNorm = 0.2818, lr_0 = 2.5306e-04
Loss = 2.1153e-02, PNorm = 45.1565, GNorm = 0.2819, lr_0 = 2.5237e-04
Loss = 1.0374e-02, PNorm = 45.1591, GNorm = 0.3012, lr_0 = 2.5169e-04
Validation rmse = 1.266211
Epoch 118
Loss = 2.7684e-02, PNorm = 45.1618, GNorm = 1.1672, lr_0 = 2.5101e-04
Loss = 1.6294e-02, PNorm = 45.1628, GNorm = 0.5355, lr_0 = 2.5033e-04
Loss = 1.6102e-02, PNorm = 45.1670, GNorm = 0.1886, lr_0 = 2.4966e-04
Loss = 1.3717e-02, PNorm = 45.1703, GNorm = 0.5880, lr_0 = 2.4898e-04
Validation rmse = 1.245368
Epoch 119
Loss = 2.4082e-02, PNorm = 45.1743, GNorm = 0.4404, lr_0 = 2.4824e-04
Loss = 2.3054e-02, PNorm = 45.1786, GNorm = 0.3736, lr_0 = 2.4757e-04
Loss = 2.0187e-02, PNorm = 45.1836, GNorm = 0.7399, lr_0 = 2.4691e-04
Loss = 1.0988e-02, PNorm = 45.1876, GNorm = 0.1575, lr_0 = 2.4624e-04
Loss = 1.3821e-02, PNorm = 45.1898, GNorm = 0.1741, lr_0 = 2.4557e-04
Validation rmse = 1.261587
Epoch 120
Loss = 2.0678e-02, PNorm = 45.1916, GNorm = 0.5596, lr_0 = 2.4491e-04
Loss = 1.8385e-02, PNorm = 45.1942, GNorm = 0.3416, lr_0 = 2.4425e-04
Loss = 1.9964e-02, PNorm = 45.1959, GNorm = 0.4906, lr_0 = 2.4359e-04
Loss = 1.4046e-02, PNorm = 45.1982, GNorm = 0.2750, lr_0 = 2.4293e-04
Validation rmse = 1.232797
Epoch 121
Loss = 9.2563e-03, PNorm = 45.1987, GNorm = 0.1847, lr_0 = 2.4227e-04
Loss = 2.7089e-02, PNorm = 45.2006, GNorm = 0.9827, lr_0 = 2.4162e-04
Loss = 9.1158e-03, PNorm = 45.2043, GNorm = 0.3339, lr_0 = 2.4097e-04
Loss = 1.7240e-02, PNorm = 45.2065, GNorm = 0.5360, lr_0 = 2.4032e-04
Loss = 1.5953e-02, PNorm = 45.2074, GNorm = 0.2870, lr_0 = 2.3967e-04
Validation rmse = 1.258621
Epoch 122
Loss = 1.8524e-02, PNorm = 45.2107, GNorm = 0.6686, lr_0 = 2.3902e-04
Loss = 1.3233e-02, PNorm = 45.2136, GNorm = 0.5265, lr_0 = 2.3838e-04
Loss = 2.3245e-02, PNorm = 45.2168, GNorm = 0.3317, lr_0 = 2.3773e-04
Loss = 1.4763e-02, PNorm = 45.2186, GNorm = 0.3929, lr_0 = 2.3709e-04
Validation rmse = 1.252446
Epoch 123
Loss = 1.2876e-02, PNorm = 45.2207, GNorm = 0.3775, lr_0 = 2.3639e-04
Loss = 2.0465e-02, PNorm = 45.2221, GNorm = 0.6172, lr_0 = 2.3575e-04
Loss = 1.9113e-02, PNorm = 45.2250, GNorm = 0.4656, lr_0 = 2.3511e-04
Loss = 1.0576e-02, PNorm = 45.2289, GNorm = 0.2011, lr_0 = 2.3447e-04
Validation rmse = 1.245507
Epoch 124
Loss = 1.2454e-02, PNorm = 45.2302, GNorm = 0.3489, lr_0 = 2.3384e-04
Loss = 2.2125e-02, PNorm = 45.2330, GNorm = 0.3238, lr_0 = 2.3321e-04
Loss = 1.4297e-02, PNorm = 45.2368, GNorm = 0.2148, lr_0 = 2.3258e-04
Loss = 1.1459e-02, PNorm = 45.2382, GNorm = 0.4177, lr_0 = 2.3195e-04
Loss = 1.7746e-02, PNorm = 45.2389, GNorm = 0.8480, lr_0 = 2.3133e-04
Validation rmse = 1.246366
Epoch 125
Loss = 1.6621e-02, PNorm = 45.2412, GNorm = 0.3314, lr_0 = 2.3070e-04
Loss = 1.8587e-02, PNorm = 45.2452, GNorm = 0.7016, lr_0 = 2.3008e-04
Loss = 2.1748e-02, PNorm = 45.2494, GNorm = 0.5014, lr_0 = 2.2946e-04
Loss = 1.5602e-02, PNorm = 45.2535, GNorm = 0.8375, lr_0 = 2.2884e-04
Validation rmse = 1.261548
Epoch 126
Loss = 9.4995e-03, PNorm = 45.2561, GNorm = 0.2053, lr_0 = 2.2822e-04
Loss = 1.2014e-02, PNorm = 45.2566, GNorm = 0.2547, lr_0 = 2.2760e-04
Loss = 2.0426e-02, PNorm = 45.2570, GNorm = 0.2796, lr_0 = 2.2699e-04
Loss = 1.1198e-02, PNorm = 45.2601, GNorm = 0.5523, lr_0 = 2.2637e-04
Loss = 2.3986e-02, PNorm = 45.2629, GNorm = 0.4000, lr_0 = 2.2576e-04
Validation rmse = 1.249812
Epoch 127
Loss = 1.8780e-02, PNorm = 45.2682, GNorm = 0.2497, lr_0 = 2.2515e-04
Loss = 1.4158e-02, PNorm = 45.2692, GNorm = 0.2895, lr_0 = 2.2455e-04
Loss = 2.0683e-02, PNorm = 45.2702, GNorm = 0.4043, lr_0 = 2.2394e-04
Loss = 1.1346e-02, PNorm = 45.2725, GNorm = 0.4556, lr_0 = 2.2333e-04
Validation rmse = 1.257189
Epoch 128
Loss = 9.3272e-03, PNorm = 45.2766, GNorm = 0.2738, lr_0 = 2.2267e-04
Loss = 1.2296e-02, PNorm = 45.2784, GNorm = 0.3013, lr_0 = 2.2207e-04
Loss = 2.0181e-02, PNorm = 45.2804, GNorm = 0.3568, lr_0 = 2.2147e-04
Loss = 2.0377e-02, PNorm = 45.2812, GNorm = 0.9455, lr_0 = 2.2087e-04
Validation rmse = 1.253931
Epoch 129
Loss = 1.0033e-02, PNorm = 45.2838, GNorm = 0.3362, lr_0 = 2.2027e-04
Loss = 1.5074e-02, PNorm = 45.2865, GNorm = 0.3072, lr_0 = 2.1968e-04
Loss = 9.9814e-03, PNorm = 45.2871, GNorm = 0.5184, lr_0 = 2.1909e-04
Loss = 2.5268e-02, PNorm = 45.2902, GNorm = 0.4988, lr_0 = 2.1849e-04
Loss = 1.3791e-02, PNorm = 45.2921, GNorm = 0.6518, lr_0 = 2.1790e-04
Validation rmse = 1.240280
Epoch 130
Loss = 1.0124e-02, PNorm = 45.2938, GNorm = 0.5974, lr_0 = 2.1732e-04
Loss = 1.7671e-02, PNorm = 45.2958, GNorm = 0.4115, lr_0 = 2.1673e-04
Loss = 1.9403e-02, PNorm = 45.2974, GNorm = 0.3406, lr_0 = 2.1614e-04
Loss = 1.4367e-02, PNorm = 45.3018, GNorm = 0.2203, lr_0 = 2.1556e-04
Validation rmse = 1.262961
Epoch 131
Loss = 2.7235e-02, PNorm = 45.3049, GNorm = 0.4807, lr_0 = 2.1498e-04
Loss = 1.0437e-02, PNorm = 45.3044, GNorm = 0.4114, lr_0 = 2.1440e-04
Loss = 1.4226e-02, PNorm = 45.3063, GNorm = 0.3894, lr_0 = 2.1382e-04
Loss = 1.7339e-02, PNorm = 45.3083, GNorm = 0.2124, lr_0 = 2.1324e-04
Validation rmse = 1.247849
Epoch 132
Loss = 7.3540e-03, PNorm = 45.3115, GNorm = 0.2730, lr_0 = 2.1261e-04
Loss = 1.1966e-02, PNorm = 45.3144, GNorm = 0.1850, lr_0 = 2.1203e-04
Loss = 1.2110e-02, PNorm = 45.3159, GNorm = 0.3377, lr_0 = 2.1146e-04
Loss = 1.0605e-02, PNorm = 45.3191, GNorm = 0.2330, lr_0 = 2.1089e-04
Loss = 2.3026e-02, PNorm = 45.3214, GNorm = 0.6561, lr_0 = 2.1032e-04
Validation rmse = 1.249799
Epoch 133
Loss = 8.2162e-03, PNorm = 45.3233, GNorm = 0.3395, lr_0 = 2.0975e-04
Loss = 1.7827e-02, PNorm = 45.3240, GNorm = 0.6434, lr_0 = 2.0919e-04
Loss = 1.5882e-02, PNorm = 45.3223, GNorm = 0.7368, lr_0 = 2.0862e-04
Loss = 2.0038e-02, PNorm = 45.3252, GNorm = 0.2622, lr_0 = 2.0806e-04
Validation rmse = 1.225611
Epoch 134
Loss = 2.6970e-02, PNorm = 45.3285, GNorm = 0.6700, lr_0 = 2.0749e-04
Loss = 2.0601e-02, PNorm = 45.3325, GNorm = 0.6171, lr_0 = 2.0693e-04
Loss = 1.0498e-02, PNorm = 45.3349, GNorm = 0.3620, lr_0 = 2.0638e-04
Loss = 1.4791e-02, PNorm = 45.3370, GNorm = 0.3513, lr_0 = 2.0582e-04
Loss = 1.5175e-02, PNorm = 45.3383, GNorm = 0.4030, lr_0 = 2.0526e-04
Validation rmse = 1.233116
Epoch 135
Loss = 1.3238e-02, PNorm = 45.3400, GNorm = 0.3556, lr_0 = 2.0471e-04
Loss = 1.9479e-02, PNorm = 45.3423, GNorm = 0.4384, lr_0 = 2.0416e-04
Loss = 1.2199e-02, PNorm = 45.3443, GNorm = 0.4368, lr_0 = 2.0360e-04
Loss = 1.6796e-02, PNorm = 45.3482, GNorm = 0.6926, lr_0 = 2.0305e-04
Validation rmse = 1.293006
Epoch 136
Loss = 2.4198e-02, PNorm = 45.3523, GNorm = 0.3651, lr_0 = 2.0251e-04
Loss = 1.3849e-02, PNorm = 45.3542, GNorm = 0.4857, lr_0 = 2.0196e-04
Loss = 1.7758e-02, PNorm = 45.3553, GNorm = 0.3322, lr_0 = 2.0141e-04
Loss = 1.0374e-02, PNorm = 45.3562, GNorm = 0.3511, lr_0 = 2.0087e-04
Validation rmse = 1.252074
Epoch 137
Loss = 5.4086e-03, PNorm = 45.3594, GNorm = 0.2691, lr_0 = 2.0027e-04
Loss = 1.2497e-02, PNorm = 45.3613, GNorm = 0.3209, lr_0 = 1.9973e-04
Loss = 1.7869e-02, PNorm = 45.3623, GNorm = 0.4013, lr_0 = 1.9919e-04
Loss = 1.2044e-02, PNorm = 45.3643, GNorm = 0.2823, lr_0 = 1.9865e-04
Loss = 7.5170e-03, PNorm = 45.3664, GNorm = 0.2130, lr_0 = 1.9812e-04
Validation rmse = 1.270650
Epoch 138
Loss = 1.8365e-02, PNorm = 45.3700, GNorm = 0.4283, lr_0 = 1.9758e-04
Loss = 1.2317e-02, PNorm = 45.3717, GNorm = 0.3270, lr_0 = 1.9705e-04
Loss = 1.1251e-02, PNorm = 45.3748, GNorm = 0.2647, lr_0 = 1.9652e-04
Loss = 1.8569e-02, PNorm = 45.3785, GNorm = 0.3008, lr_0 = 1.9599e-04
Validation rmse = 1.237836
Epoch 139
Loss = 1.8088e-02, PNorm = 45.3783, GNorm = 0.2867, lr_0 = 1.9546e-04
Loss = 8.9754e-03, PNorm = 45.3795, GNorm = 0.3031, lr_0 = 1.9493e-04
Loss = 1.4594e-02, PNorm = 45.3819, GNorm = 0.3158, lr_0 = 1.9440e-04
Loss = 1.9119e-02, PNorm = 45.3844, GNorm = 0.3671, lr_0 = 1.9388e-04
Validation rmse = 1.256824
Epoch 140
Loss = 7.0686e-03, PNorm = 45.3858, GNorm = 0.2734, lr_0 = 1.9335e-04
Loss = 1.8545e-02, PNorm = 45.3868, GNorm = 0.3448, lr_0 = 1.9283e-04
Loss = 1.6495e-02, PNorm = 45.3880, GNorm = 0.3002, lr_0 = 1.9231e-04
Loss = 1.0067e-02, PNorm = 45.3886, GNorm = 0.1854, lr_0 = 1.9179e-04
Loss = 9.7282e-03, PNorm = 45.3907, GNorm = 0.4675, lr_0 = 1.9127e-04
Validation rmse = 1.244688
Epoch 141
Loss = 2.5975e-02, PNorm = 45.3935, GNorm = 0.3215, lr_0 = 1.9070e-04
Loss = 1.2645e-02, PNorm = 45.3958, GNorm = 0.3772, lr_0 = 1.9019e-04
Loss = 8.3959e-03, PNorm = 45.3969, GNorm = 0.4405, lr_0 = 1.8968e-04
Loss = 1.2551e-02, PNorm = 45.3967, GNorm = 0.5293, lr_0 = 1.8916e-04
Validation rmse = 1.238099
Epoch 142
Loss = 2.2598e-02, PNorm = 45.3990, GNorm = 0.3459, lr_0 = 1.8865e-04
Loss = 1.0177e-02, PNorm = 45.4009, GNorm = 0.2562, lr_0 = 1.8814e-04
Loss = 1.0805e-02, PNorm = 45.4031, GNorm = 0.2937, lr_0 = 1.8764e-04
Loss = 2.1066e-02, PNorm = 45.4042, GNorm = 0.7036, lr_0 = 1.8713e-04
Loss = 8.0833e-03, PNorm = 45.4053, GNorm = 0.3867, lr_0 = 1.8662e-04
Validation rmse = 1.260827
Epoch 143
Loss = 1.5343e-02, PNorm = 45.4076, GNorm = 0.2872, lr_0 = 1.8612e-04
Loss = 1.6789e-02, PNorm = 45.4094, GNorm = 0.2346, lr_0 = 1.8562e-04
Loss = 1.1376e-02, PNorm = 45.4095, GNorm = 0.3175, lr_0 = 1.8512e-04
Loss = 1.0783e-02, PNorm = 45.4116, GNorm = 0.4159, lr_0 = 1.8462e-04
Validation rmse = 1.252776
Epoch 144
Loss = 1.6639e-02, PNorm = 45.4120, GNorm = 0.6962, lr_0 = 1.8412e-04
Loss = 1.4194e-02, PNorm = 45.4142, GNorm = 0.2337, lr_0 = 1.8362e-04
Loss = 1.1153e-02, PNorm = 45.4163, GNorm = 0.3255, lr_0 = 1.8312e-04
Loss = 1.6552e-02, PNorm = 45.4178, GNorm = 0.3039, lr_0 = 1.8263e-04
Validation rmse = 1.245142
Epoch 145
Loss = 9.8039e-03, PNorm = 45.4193, GNorm = 0.3161, lr_0 = 1.8214e-04
Loss = 1.1015e-02, PNorm = 45.4207, GNorm = 0.2388, lr_0 = 1.8164e-04
Loss = 2.0723e-02, PNorm = 45.4228, GNorm = 0.4529, lr_0 = 1.8115e-04
Loss = 6.4641e-03, PNorm = 45.4242, GNorm = 0.3212, lr_0 = 1.8066e-04
Loss = 1.7684e-02, PNorm = 45.4257, GNorm = 0.2259, lr_0 = 1.8018e-04
Validation rmse = 1.251761
Epoch 146
Loss = 6.6879e-03, PNorm = 45.4277, GNorm = 0.3128, lr_0 = 1.7964e-04
Loss = 9.8889e-03, PNorm = 45.4282, GNorm = 0.3649, lr_0 = 1.7916e-04
Loss = 1.7223e-02, PNorm = 45.4308, GNorm = 0.6889, lr_0 = 1.7867e-04
Loss = 1.3288e-02, PNorm = 45.4333, GNorm = 0.2139, lr_0 = 1.7819e-04
Validation rmse = 1.289371
Epoch 147
Loss = 2.0140e-02, PNorm = 45.4361, GNorm = 0.2158, lr_0 = 1.7771e-04
Loss = 8.4044e-03, PNorm = 45.4391, GNorm = 0.2767, lr_0 = 1.7723e-04
Loss = 1.4072e-02, PNorm = 45.4398, GNorm = 0.4369, lr_0 = 1.7675e-04
Loss = 1.8869e-02, PNorm = 45.4407, GNorm = 0.2165, lr_0 = 1.7627e-04
Validation rmse = 1.252250
Epoch 148
Loss = 9.3914e-03, PNorm = 45.4413, GNorm = 0.4358, lr_0 = 1.7580e-04
Loss = 8.6691e-03, PNorm = 45.4426, GNorm = 0.2350, lr_0 = 1.7532e-04
Loss = 1.3658e-02, PNorm = 45.4437, GNorm = 0.4120, lr_0 = 1.7485e-04
Loss = 1.2477e-02, PNorm = 45.4454, GNorm = 0.4530, lr_0 = 1.7438e-04
Loss = 1.9949e-02, PNorm = 45.4482, GNorm = 0.3158, lr_0 = 1.7390e-04
Validation rmse = 1.252120
Epoch 149
Loss = 1.7792e-02, PNorm = 45.4526, GNorm = 0.2780, lr_0 = 1.7343e-04
Loss = 1.3648e-02, PNorm = 45.4538, GNorm = 0.2849, lr_0 = 1.7297e-04
Loss = 9.4205e-03, PNorm = 45.4551, GNorm = 0.2090, lr_0 = 1.7250e-04
Loss = 1.8494e-02, PNorm = 45.4552, GNorm = 0.7475, lr_0 = 1.7203e-04
Validation rmse = 1.258860
Epoch 150
Loss = 1.0810e-02, PNorm = 45.4553, GNorm = 0.2942, lr_0 = 1.7157e-04
Loss = 9.5986e-03, PNorm = 45.4582, GNorm = 0.3574, lr_0 = 1.7111e-04
Loss = 1.6686e-02, PNorm = 45.4592, GNorm = 0.5740, lr_0 = 1.7064e-04
Loss = 1.0087e-02, PNorm = 45.4598, GNorm = 0.5352, lr_0 = 1.7018e-04
Loss = 1.8602e-02, PNorm = 45.4615, GNorm = 0.3812, lr_0 = 1.6972e-04
Loss = 7.5878e-03, PNorm = 45.4620, GNorm = 0.3961, lr_0 = 1.6968e-04
Validation rmse = 1.274894
Epoch 151
Loss = 1.0762e-02, PNorm = 45.4654, GNorm = 0.2017, lr_0 = 1.6922e-04
Loss = 1.4025e-02, PNorm = 45.4658, GNorm = 0.2304, lr_0 = 1.6876e-04
Loss = 1.6266e-02, PNorm = 45.4671, GNorm = 0.2341, lr_0 = 1.6831e-04
Loss = 1.7429e-02, PNorm = 45.4684, GNorm = 0.3353, lr_0 = 1.6785e-04
Validation rmse = 1.240137
Epoch 152
Loss = 1.1299e-02, PNorm = 45.4714, GNorm = 0.4696, lr_0 = 1.6740e-04
Loss = 1.1812e-02, PNorm = 45.4739, GNorm = 0.2750, lr_0 = 1.6695e-04
Loss = 1.0996e-02, PNorm = 45.4744, GNorm = 0.1973, lr_0 = 1.6649e-04
Loss = 2.3472e-02, PNorm = 45.4774, GNorm = 0.6472, lr_0 = 1.6604e-04
Validation rmse = 1.254595
Epoch 153
Loss = 7.8429e-03, PNorm = 45.4802, GNorm = 0.4374, lr_0 = 1.6560e-04
Loss = 9.8376e-03, PNorm = 45.4822, GNorm = 0.3654, lr_0 = 1.6515e-04
Loss = 1.7500e-02, PNorm = 45.4830, GNorm = 0.7122, lr_0 = 1.6470e-04
Loss = 1.9060e-02, PNorm = 45.4854, GNorm = 0.3440, lr_0 = 1.6426e-04
Loss = 1.1314e-02, PNorm = 45.4862, GNorm = 0.2629, lr_0 = 1.6381e-04
Validation rmse = 1.248185
Epoch 154
Loss = 1.2760e-02, PNorm = 45.4880, GNorm = 0.2144, lr_0 = 1.6337e-04
Loss = 9.3331e-03, PNorm = 45.4903, GNorm = 0.3169, lr_0 = 1.6293e-04
Loss = 1.6665e-02, PNorm = 45.4914, GNorm = 0.3341, lr_0 = 1.6249e-04
Loss = 1.0007e-02, PNorm = 45.4922, GNorm = 0.3614, lr_0 = 1.6205e-04
Validation rmse = 1.240367
Epoch 155
Loss = 1.0779e-02, PNorm = 45.4944, GNorm = 0.3258, lr_0 = 1.6157e-04
Loss = 1.2667e-02, PNorm = 45.4963, GNorm = 0.3689, lr_0 = 1.6113e-04
Loss = 1.0318e-02, PNorm = 45.4980, GNorm = 0.2263, lr_0 = 1.6070e-04
Loss = 8.8110e-03, PNorm = 45.4986, GNorm = 0.1679, lr_0 = 1.6027e-04
Validation rmse = 1.252892
Epoch 156
Loss = 2.6355e-02, PNorm = 45.4996, GNorm = 0.4953, lr_0 = 1.5983e-04
Loss = 7.5026e-03, PNorm = 45.5010, GNorm = 0.4027, lr_0 = 1.5940e-04
Loss = 1.0064e-02, PNorm = 45.5029, GNorm = 0.2236, lr_0 = 1.5897e-04
Loss = 1.6367e-02, PNorm = 45.5038, GNorm = 0.2441, lr_0 = 1.5854e-04
Loss = 9.6644e-03, PNorm = 45.5056, GNorm = 0.1597, lr_0 = 1.5811e-04
Validation rmse = 1.265489
Epoch 157
Loss = 1.0401e-02, PNorm = 45.5077, GNorm = 0.4535, lr_0 = 1.5769e-04
Loss = 7.6229e-03, PNorm = 45.5099, GNorm = 0.4542, lr_0 = 1.5726e-04
Loss = 1.7032e-02, PNorm = 45.5110, GNorm = 0.5042, lr_0 = 1.5683e-04
Loss = 1.4094e-02, PNorm = 45.5130, GNorm = 0.4802, lr_0 = 1.5641e-04
Validation rmse = 1.243767
Epoch 158
Loss = 1.0498e-02, PNorm = 45.5140, GNorm = 0.2800, lr_0 = 1.5599e-04
Loss = 1.1020e-02, PNorm = 45.5142, GNorm = 0.3011, lr_0 = 1.5557e-04
Loss = 8.0311e-03, PNorm = 45.5154, GNorm = 0.3891, lr_0 = 1.5515e-04
Loss = 1.6719e-02, PNorm = 45.5164, GNorm = 0.4991, lr_0 = 1.5473e-04
Loss = 1.6037e-02, PNorm = 45.5183, GNorm = 0.2206, lr_0 = 1.5431e-04
Validation rmse = 1.276615
Epoch 159
Loss = 1.0750e-02, PNorm = 45.5210, GNorm = 0.3245, lr_0 = 1.5389e-04
Loss = 1.7466e-02, PNorm = 45.5236, GNorm = 0.3536, lr_0 = 1.5348e-04
Loss = 1.2624e-02, PNorm = 45.5248, GNorm = 0.3958, lr_0 = 1.5306e-04
Loss = 6.8256e-03, PNorm = 45.5259, GNorm = 0.4201, lr_0 = 1.5265e-04
Validation rmse = 1.262693
Epoch 160
Loss = 1.0516e-02, PNorm = 45.5266, GNorm = 0.3062, lr_0 = 1.5220e-04
Loss = 9.2417e-03, PNorm = 45.5282, GNorm = 0.2174, lr_0 = 1.5179e-04
Loss = 2.0509e-02, PNorm = 45.5290, GNorm = 0.2872, lr_0 = 1.5138e-04
Loss = 1.0986e-02, PNorm = 45.5308, GNorm = 0.3975, lr_0 = 1.5097e-04
Validation rmse = 1.253254
Epoch 161
Loss = 4.5738e-03, PNorm = 45.5316, GNorm = 0.2145, lr_0 = 1.5056e-04
Loss = 1.6301e-02, PNorm = 45.5333, GNorm = 0.2533, lr_0 = 1.5015e-04
Loss = 1.1188e-02, PNorm = 45.5344, GNorm = 0.3179, lr_0 = 1.4975e-04
Loss = 1.3083e-02, PNorm = 45.5364, GNorm = 0.3554, lr_0 = 1.4934e-04
Loss = 8.5108e-03, PNorm = 45.5369, GNorm = 0.2766, lr_0 = 1.4894e-04
Validation rmse = 1.247875
Epoch 162
Loss = 9.4081e-03, PNorm = 45.5381, GNorm = 0.5235, lr_0 = 1.4854e-04
Loss = 1.6307e-02, PNorm = 45.5390, GNorm = 0.9152, lr_0 = 1.4814e-04
Loss = 7.2657e-03, PNorm = 45.5414, GNorm = 0.2556, lr_0 = 1.4774e-04
Loss = 1.4528e-02, PNorm = 45.5425, GNorm = 0.1719, lr_0 = 1.4734e-04
Validation rmse = 1.248908
Epoch 163
Loss = 9.7889e-03, PNorm = 45.5433, GNorm = 0.2986, lr_0 = 1.4694e-04
Loss = 1.6780e-02, PNorm = 45.5447, GNorm = 0.4588, lr_0 = 1.4654e-04
Loss = 1.3545e-02, PNorm = 45.5461, GNorm = 0.3575, lr_0 = 1.4615e-04
Loss = 1.1750e-02, PNorm = 45.5482, GNorm = 0.5006, lr_0 = 1.4575e-04
Validation rmse = 1.264643
Epoch 164
Loss = 1.1119e-02, PNorm = 45.5504, GNorm = 0.3016, lr_0 = 1.4532e-04
Loss = 7.2450e-03, PNorm = 45.5512, GNorm = 0.3126, lr_0 = 1.4493e-04
Loss = 2.1208e-02, PNorm = 45.5525, GNorm = 0.2941, lr_0 = 1.4453e-04
Loss = 6.6551e-03, PNorm = 45.5517, GNorm = 0.3076, lr_0 = 1.4414e-04
Loss = 1.1757e-02, PNorm = 45.5515, GNorm = 0.2873, lr_0 = 1.4375e-04
Validation rmse = 1.247592
Epoch 165
Loss = 1.4419e-02, PNorm = 45.5535, GNorm = 0.2189, lr_0 = 1.4337e-04
Loss = 6.3863e-03, PNorm = 45.5558, GNorm = 0.2195, lr_0 = 1.4298e-04
Loss = 1.7253e-02, PNorm = 45.5572, GNorm = 0.2677, lr_0 = 1.4259e-04
Loss = 1.1618e-02, PNorm = 45.5574, GNorm = 0.2273, lr_0 = 1.4221e-04
Validation rmse = 1.258854
Epoch 166
Loss = 6.3765e-03, PNorm = 45.5599, GNorm = 0.1765, lr_0 = 1.4182e-04
Loss = 1.8668e-02, PNorm = 45.5617, GNorm = 0.3526, lr_0 = 1.4144e-04
Loss = 8.1167e-03, PNorm = 45.5638, GNorm = 0.4824, lr_0 = 1.4106e-04
Loss = 1.1490e-02, PNorm = 45.5649, GNorm = 0.4537, lr_0 = 1.4068e-04
Loss = 9.8504e-03, PNorm = 45.5648, GNorm = 0.2429, lr_0 = 1.4030e-04
Validation rmse = 1.266925
Epoch 167
Loss = 9.9396e-03, PNorm = 45.5646, GNorm = 0.2578, lr_0 = 1.3992e-04
Loss = 1.0575e-02, PNorm = 45.5658, GNorm = 0.3878, lr_0 = 1.3954e-04
Loss = 1.9858e-02, PNorm = 45.5681, GNorm = 0.2523, lr_0 = 1.3916e-04
Loss = 1.1145e-02, PNorm = 45.5691, GNorm = 0.2714, lr_0 = 1.3879e-04
Validation rmse = 1.255926
Epoch 168
Loss = 7.7536e-03, PNorm = 45.5700, GNorm = 0.3655, lr_0 = 1.3841e-04
Loss = 1.0088e-02, PNorm = 45.5715, GNorm = 0.1877, lr_0 = 1.3804e-04
Loss = 1.9318e-02, PNorm = 45.5734, GNorm = 0.6409, lr_0 = 1.3767e-04
Loss = 9.8413e-03, PNorm = 45.5753, GNorm = 0.2268, lr_0 = 1.3730e-04
Validation rmse = 1.277152
Epoch 169
Loss = 1.0207e-02, PNorm = 45.5765, GNorm = 0.1686, lr_0 = 1.3689e-04
Loss = 9.2579e-03, PNorm = 45.5782, GNorm = 0.2638, lr_0 = 1.3652e-04
Loss = 6.8452e-03, PNorm = 45.5796, GNorm = 0.2346, lr_0 = 1.3615e-04
Loss = 1.9055e-02, PNorm = 45.5799, GNorm = 0.5507, lr_0 = 1.3578e-04
Loss = 1.1495e-02, PNorm = 45.5809, GNorm = 0.3830, lr_0 = 1.3541e-04
Validation rmse = 1.252098
Epoch 170
Loss = 5.3258e-03, PNorm = 45.5806, GNorm = 0.2296, lr_0 = 1.3505e-04
Loss = 9.1121e-03, PNorm = 45.5810, GNorm = 0.3187, lr_0 = 1.3468e-04
Loss = 1.8945e-02, PNorm = 45.5825, GNorm = 0.4193, lr_0 = 1.3432e-04
Loss = 1.3167e-02, PNorm = 45.5842, GNorm = 0.3030, lr_0 = 1.3396e-04
Validation rmse = 1.240107
Epoch 171
Loss = 2.4748e-02, PNorm = 45.5856, GNorm = 0.3444, lr_0 = 1.3360e-04
Loss = 9.7724e-03, PNorm = 45.5869, GNorm = 0.2468, lr_0 = 1.3323e-04
Loss = 1.1643e-02, PNorm = 45.5873, GNorm = 0.1389, lr_0 = 1.3288e-04
Loss = 8.9819e-03, PNorm = 45.5893, GNorm = 0.3396, lr_0 = 1.3252e-04
Loss = 1.0587e-02, PNorm = 45.5902, GNorm = 0.1513, lr_0 = 1.3216e-04
Validation rmse = 1.251152
Epoch 172
Loss = 5.2204e-03, PNorm = 45.5912, GNorm = 0.4353, lr_0 = 1.3180e-04
Loss = 1.1594e-02, PNorm = 45.5926, GNorm = 0.2348, lr_0 = 1.3145e-04
Loss = 7.3061e-03, PNorm = 45.5945, GNorm = 0.2160, lr_0 = 1.3109e-04
Loss = 1.5811e-02, PNorm = 45.5954, GNorm = 0.2483, lr_0 = 1.3074e-04
Validation rmse = 1.255852
Epoch 173
Loss = 8.6169e-03, PNorm = 45.5966, GNorm = 0.2488, lr_0 = 1.3035e-04
Loss = 1.2177e-02, PNorm = 45.5977, GNorm = 0.3278, lr_0 = 1.3000e-04
Loss = 1.3418e-02, PNorm = 45.5991, GNorm = 0.5804, lr_0 = 1.2964e-04
Loss = 8.4891e-03, PNorm = 45.6011, GNorm = 0.3287, lr_0 = 1.2929e-04
Validation rmse = 1.256002
Epoch 174
Loss = 8.3281e-03, PNorm = 45.6029, GNorm = 0.2186, lr_0 = 1.2895e-04
Loss = 1.0442e-02, PNorm = 45.6030, GNorm = 0.3242, lr_0 = 1.2860e-04
Loss = 6.1178e-03, PNorm = 45.6029, GNorm = 0.2702, lr_0 = 1.2825e-04
Loss = 1.3594e-02, PNorm = 45.6039, GNorm = 0.3923, lr_0 = 1.2790e-04
Loss = 1.4082e-02, PNorm = 45.6057, GNorm = 0.3745, lr_0 = 1.2756e-04
Validation rmse = 1.247513
Epoch 175
Loss = 8.5870e-03, PNorm = 45.6070, GNorm = 0.4215, lr_0 = 1.2721e-04
Loss = 6.1610e-03, PNorm = 45.6072, GNorm = 0.1759, lr_0 = 1.2687e-04
Loss = 1.6799e-02, PNorm = 45.6081, GNorm = 0.1463, lr_0 = 1.2653e-04
Loss = 9.1669e-03, PNorm = 45.6101, GNorm = 0.2246, lr_0 = 1.2619e-04
Validation rmse = 1.265714
Epoch 176
Loss = 5.5154e-03, PNorm = 45.6102, GNorm = 0.2924, lr_0 = 1.2584e-04
Loss = 1.6885e-02, PNorm = 45.6121, GNorm = 0.2727, lr_0 = 1.2551e-04
Loss = 1.0794e-02, PNorm = 45.6132, GNorm = 0.2543, lr_0 = 1.2517e-04
Loss = 8.3424e-03, PNorm = 45.6139, GNorm = 0.2096, lr_0 = 1.2483e-04
Validation rmse = 1.261471
Epoch 177
Loss = 3.5615e-03, PNorm = 45.6158, GNorm = 0.1732, lr_0 = 1.2449e-04
Loss = 6.5343e-03, PNorm = 45.6164, GNorm = 0.3506, lr_0 = 1.2415e-04
Loss = 1.6456e-02, PNorm = 45.6173, GNorm = 0.4360, lr_0 = 1.2382e-04
Loss = 1.5111e-02, PNorm = 45.6196, GNorm = 0.4345, lr_0 = 1.2348e-04
Loss = 8.6222e-03, PNorm = 45.6212, GNorm = 0.3144, lr_0 = 1.2315e-04
Validation rmse = 1.251859
Epoch 178
Loss = 6.9308e-03, PNorm = 45.6224, GNorm = 0.1950, lr_0 = 1.2279e-04
Loss = 6.3388e-03, PNorm = 45.6230, GNorm = 0.3525, lr_0 = 1.2245e-04
Loss = 1.1845e-02, PNorm = 45.6234, GNorm = 0.2584, lr_0 = 1.2212e-04
Loss = 2.0751e-02, PNorm = 45.6245, GNorm = 0.3209, lr_0 = 1.2179e-04
Validation rmse = 1.259449
Epoch 179
Loss = 6.3206e-03, PNorm = 45.6250, GNorm = 0.3015, lr_0 = 1.2146e-04
Loss = 5.0726e-03, PNorm = 45.6252, GNorm = 0.2669, lr_0 = 1.2114e-04
Loss = 1.0346e-02, PNorm = 45.6265, GNorm = 0.4017, lr_0 = 1.2081e-04
Loss = 7.6528e-03, PNorm = 45.6272, GNorm = 0.2745, lr_0 = 1.2048e-04
Loss = 2.2091e-02, PNorm = 45.6283, GNorm = 0.3278, lr_0 = 1.2016e-04
Validation rmse = 1.271246
Epoch 180
Loss = 1.1725e-02, PNorm = 45.6308, GNorm = 0.1576, lr_0 = 1.1983e-04
Loss = 7.0068e-03, PNorm = 45.6315, GNorm = 0.2686, lr_0 = 1.1951e-04
Loss = 1.7172e-02, PNorm = 45.6323, GNorm = 0.2047, lr_0 = 1.1919e-04
Loss = 7.6981e-03, PNorm = 45.6334, GNorm = 0.1800, lr_0 = 1.1886e-04
Validation rmse = 1.257282
Epoch 181
Loss = 5.1141e-03, PNorm = 45.6353, GNorm = 0.4025, lr_0 = 1.1854e-04
Loss = 7.4481e-03, PNorm = 45.6357, GNorm = 0.2347, lr_0 = 1.1822e-04
Loss = 1.6453e-02, PNorm = 45.6369, GNorm = 0.1702, lr_0 = 1.1790e-04
Loss = 8.1777e-03, PNorm = 45.6377, GNorm = 0.2769, lr_0 = 1.1759e-04
Validation rmse = 1.266496
Epoch 182
Loss = 1.0581e-02, PNorm = 45.6390, GNorm = 0.2823, lr_0 = 1.1724e-04
Loss = 1.1561e-02, PNorm = 45.6395, GNorm = 0.4647, lr_0 = 1.1692e-04
Loss = 8.7778e-03, PNorm = 45.6411, GNorm = 0.3376, lr_0 = 1.1660e-04
Loss = 1.2624e-02, PNorm = 45.6422, GNorm = 0.3229, lr_0 = 1.1629e-04
Loss = 7.6351e-03, PNorm = 45.6421, GNorm = 0.1822, lr_0 = 1.1598e-04
Validation rmse = 1.253915
Epoch 183
Loss = 1.1659e-02, PNorm = 45.6427, GNorm = 0.4263, lr_0 = 1.1566e-04
Loss = 1.2517e-02, PNorm = 45.6446, GNorm = 0.2764, lr_0 = 1.1535e-04
Loss = 1.2979e-02, PNorm = 45.6455, GNorm = 0.4874, lr_0 = 1.1504e-04
Loss = 8.5292e-03, PNorm = 45.6477, GNorm = 0.4136, lr_0 = 1.1473e-04
Validation rmse = 1.248852
Epoch 184
Loss = 6.5638e-03, PNorm = 45.6482, GNorm = 0.2735, lr_0 = 1.1442e-04
Loss = 8.1837e-03, PNorm = 45.6497, GNorm = 0.1482, lr_0 = 1.1411e-04
Loss = 1.9207e-02, PNorm = 45.6501, GNorm = 0.2090, lr_0 = 1.1380e-04
Loss = 1.1940e-02, PNorm = 45.6510, GNorm = 0.4751, lr_0 = 1.1349e-04
Validation rmse = 1.276824
Epoch 185
Loss = 2.9831e-03, PNorm = 45.6521, GNorm = 0.2623, lr_0 = 1.1319e-04
Loss = 9.0954e-03, PNorm = 45.6532, GNorm = 0.2503, lr_0 = 1.1288e-04
Loss = 7.8869e-03, PNorm = 45.6539, GNorm = 0.1561, lr_0 = 1.1258e-04
Loss = 8.8370e-03, PNorm = 45.6545, GNorm = 0.2906, lr_0 = 1.1227e-04
Loss = 1.6694e-02, PNorm = 45.6556, GNorm = 0.3239, lr_0 = 1.1197e-04
Validation rmse = 1.253898
Epoch 186
Loss = 1.2173e-02, PNorm = 45.6571, GNorm = 0.2296, lr_0 = 1.1167e-04
Loss = 6.6908e-03, PNorm = 45.6579, GNorm = 0.2619, lr_0 = 1.1136e-04
Loss = 1.0529e-02, PNorm = 45.6584, GNorm = 0.2141, lr_0 = 1.1106e-04
Loss = 7.8911e-03, PNorm = 45.6588, GNorm = 0.2971, lr_0 = 1.1076e-04
Validation rmse = 1.267583
Epoch 187
Loss = 3.9364e-03, PNorm = 45.6605, GNorm = 0.2039, lr_0 = 1.1043e-04
Loss = 8.4522e-03, PNorm = 45.6616, GNorm = 0.3105, lr_0 = 1.1014e-04
Loss = 1.6775e-02, PNorm = 45.6619, GNorm = 0.2372, lr_0 = 1.0984e-04
Loss = 1.2081e-02, PNorm = 45.6619, GNorm = 0.2834, lr_0 = 1.0954e-04
Loss = 6.6344e-03, PNorm = 45.6634, GNorm = 0.1716, lr_0 = 1.0925e-04
Validation rmse = 1.254718
Epoch 188
Loss = 1.4091e-02, PNorm = 45.6641, GNorm = 0.2266, lr_0 = 1.0895e-04
Loss = 7.3519e-03, PNorm = 45.6646, GNorm = 0.3171, lr_0 = 1.0866e-04
Loss = 6.2143e-03, PNorm = 45.6662, GNorm = 0.4688, lr_0 = 1.0836e-04
Loss = 1.2207e-02, PNorm = 45.6667, GNorm = 0.2206, lr_0 = 1.0807e-04
Validation rmse = 1.253595
Epoch 189
Loss = 4.5941e-03, PNorm = 45.6663, GNorm = 0.3429, lr_0 = 1.0778e-04
Loss = 1.3625e-02, PNorm = 45.6668, GNorm = 0.7277, lr_0 = 1.0749e-04
Loss = 1.0569e-02, PNorm = 45.6675, GNorm = 0.2977, lr_0 = 1.0720e-04
Loss = 1.4086e-02, PNorm = 45.6680, GNorm = 0.2244, lr_0 = 1.0691e-04
Validation rmse = 1.272885
Epoch 190
Loss = 3.7877e-03, PNorm = 45.6697, GNorm = 0.1442, lr_0 = 1.0662e-04
Loss = 1.4129e-02, PNorm = 45.6714, GNorm = 0.5339, lr_0 = 1.0633e-04
Loss = 6.4274e-03, PNorm = 45.6729, GNorm = 0.2772, lr_0 = 1.0604e-04
Loss = 1.5272e-02, PNorm = 45.6735, GNorm = 0.2730, lr_0 = 1.0576e-04
Loss = 6.7840e-03, PNorm = 45.6746, GNorm = 0.4659, lr_0 = 1.0547e-04
Validation rmse = 1.248307
Epoch 191
Loss = 1.1626e-02, PNorm = 45.6763, GNorm = 0.6685, lr_0 = 1.0516e-04
Loss = 1.4898e-02, PNorm = 45.6773, GNorm = 0.2798, lr_0 = 1.0487e-04
Loss = 6.4290e-03, PNorm = 45.6779, GNorm = 0.2681, lr_0 = 1.0459e-04
Loss = 7.4119e-03, PNorm = 45.6781, GNorm = 0.2011, lr_0 = 1.0431e-04
Validation rmse = 1.264485
Epoch 192
Loss = 7.0032e-03, PNorm = 45.6790, GNorm = 0.2388, lr_0 = 1.0403e-04
Loss = 5.6546e-03, PNorm = 45.6807, GNorm = 0.5057, lr_0 = 1.0375e-04
Loss = 1.8240e-02, PNorm = 45.6822, GNorm = 0.3712, lr_0 = 1.0347e-04
Loss = 8.8376e-03, PNorm = 45.6836, GNorm = 0.2156, lr_0 = 1.0319e-04
Validation rmse = 1.268078
Epoch 193
Loss = 3.6329e-03, PNorm = 45.6835, GNorm = 0.2635, lr_0 = 1.0291e-04
Loss = 6.8353e-03, PNorm = 45.6840, GNorm = 0.1998, lr_0 = 1.0263e-04
Loss = 5.2318e-03, PNorm = 45.6851, GNorm = 0.1442, lr_0 = 1.0235e-04
Loss = 1.3111e-02, PNorm = 45.6858, GNorm = 0.4555, lr_0 = 1.0208e-04
Loss = 1.6384e-02, PNorm = 45.6861, GNorm = 0.3212, lr_0 = 1.0180e-04
Validation rmse = 1.260163
Epoch 194
Loss = 1.0126e-02, PNorm = 45.6874, GNorm = 0.1667, lr_0 = 1.0153e-04
Loss = 1.2278e-02, PNorm = 45.6883, GNorm = 0.2923, lr_0 = 1.0125e-04
Loss = 1.1285e-02, PNorm = 45.6901, GNorm = 0.2099, lr_0 = 1.0098e-04
Loss = 8.6887e-03, PNorm = 45.6909, GNorm = 0.1757, lr_0 = 1.0071e-04
Validation rmse = 1.262111
Epoch 195
Loss = 2.9161e-02, PNorm = 45.6916, GNorm = 0.6685, lr_0 = 1.0043e-04
Loss = 6.3253e-03, PNorm = 45.6911, GNorm = 0.2038, lr_0 = 1.0016e-04
Loss = 8.9508e-03, PNorm = 45.6921, GNorm = 0.4044, lr_0 = 1.0000e-04
Loss = 5.2767e-03, PNorm = 45.6925, GNorm = 0.2963, lr_0 = 1.0000e-04
Loss = 1.2722e-02, PNorm = 45.6935, GNorm = 0.1878, lr_0 = 1.0000e-04
Loss = 2.0705e-02, PNorm = 45.6936, GNorm = 0.3600, lr_0 = 1.0000e-04
Validation rmse = 1.252081
Epoch 196
Loss = 7.7713e-03, PNorm = 45.6941, GNorm = 0.2279, lr_0 = 1.0000e-04
Loss = 4.7721e-03, PNorm = 45.6949, GNorm = 0.1206, lr_0 = 1.0000e-04
Loss = 1.3952e-02, PNorm = 45.6965, GNorm = 0.2254, lr_0 = 1.0000e-04
Loss = 1.2642e-02, PNorm = 45.6973, GNorm = 0.3535, lr_0 = 1.0000e-04
Validation rmse = 1.247327
Epoch 197
Loss = 1.3535e-02, PNorm = 45.6981, GNorm = 0.4856, lr_0 = 1.0000e-04
Loss = 1.0794e-02, PNorm = 45.7001, GNorm = 0.3541, lr_0 = 1.0000e-04
Loss = 6.3339e-03, PNorm = 45.7014, GNorm = 0.2050, lr_0 = 1.0000e-04
Loss = 8.3512e-03, PNorm = 45.7011, GNorm = 0.1511, lr_0 = 1.0000e-04
Validation rmse = 1.249181
Epoch 198
Loss = 6.1518e-03, PNorm = 45.7010, GNorm = 0.3993, lr_0 = 1.0000e-04
Loss = 5.0689e-03, PNorm = 45.7014, GNorm = 0.3785, lr_0 = 1.0000e-04
Loss = 6.6911e-03, PNorm = 45.7025, GNorm = 0.2719, lr_0 = 1.0000e-04
Loss = 1.2753e-02, PNorm = 45.7036, GNorm = 0.5510, lr_0 = 1.0000e-04
Loss = 1.4341e-02, PNorm = 45.7037, GNorm = 0.3011, lr_0 = 1.0000e-04
Validation rmse = 1.256382
Epoch 199
Loss = 1.3524e-02, PNorm = 45.7046, GNorm = 0.2975, lr_0 = 1.0000e-04
Loss = 7.0895e-03, PNorm = 45.7054, GNorm = 0.1655, lr_0 = 1.0000e-04
Loss = 6.3338e-03, PNorm = 45.7060, GNorm = 0.2889, lr_0 = 1.0000e-04
Loss = 7.5037e-03, PNorm = 45.7069, GNorm = 0.2405, lr_0 = 1.0000e-04
Validation rmse = 1.268277
Model 0 best validation rmse = 1.225611 on epoch 133
Loading pretrained parameter "encoder.encoder.0.cached_zero_vector".
Loading pretrained parameter "encoder.encoder.0.W_i.weight".
Loading pretrained parameter "encoder.encoder.0.W_h.weight".
Loading pretrained parameter "encoder.encoder.0.W_o.weight".
Loading pretrained parameter "encoder.encoder.0.W_o.bias".
Loading pretrained parameter "ffn.1.weight".
Loading pretrained parameter "ffn.1.bias".
Loading pretrained parameter "ffn.4.weight".
Loading pretrained parameter "ffn.4.bias".
Moving model to cuda
Model 0 test rmse = 1.111832
Ensemble test rmse = 1.111832
1-fold cross validation
	Seed 0 ==> test rmse = 1.111832
Overall test rmse = 1.111832 +/- 0.000000
Elapsed time = 0:03:29
